[2025-09-03 16:55:15] 执行单次数据抓取
[2025-09-03 16:55:15] 开始执行爬虫任务
[2025-09-03 16:55:52] 爬虫任务执行成功
[2025-09-03 16:55:52] 爬虫任务结束
[2025-09-03 18:02:57] 自动爬虫调度器启动（智能调度模式）
[2025-09-03 18:02:57] 执行初始数据抓取
[2025-09-03 18:02:57] 开始执行爬虫任务
[2025-09-03 18:03:13] 获取到新数据 - 期号: 114049867, 开奖时间: 18:00
[2025-09-03 18:03:13] 最新数据已保存到 data/latest_data.json
[2025-09-03 18:03:13] 开奖时间已过，立即进行下次抓取
[2025-09-03 18:03:13] 安排 5 秒后进行下次抓取
[2025-09-03 18:03:13] 爬虫任务执行成功
[2025-09-03 18:03:13] 爬虫任务结束
[2025-09-03 18:03:18] 开始执行爬虫任务
[2025-09-03 18:03:34] 暂无新数据，当前期号: 114049867
[2025-09-03 18:03:34] 安排 60 秒后进行下次抓取
[2025-09-03 18:03:34] 爬虫任务执行成功
[2025-09-03 18:03:34] 爬虫任务结束
[2025-09-03 18:04:34] 开始执行爬虫任务
[2025-09-03 18:04:52] 暂无新数据，当前期号: 114049867
[2025-09-03 18:04:52] 安排 60 秒后进行下次抓取
[2025-09-03 18:04:52] 爬虫任务执行成功
[2025-09-03 18:04:52] 爬虫任务结束
[2025-09-03 18:05:52] 开始执行爬虫任务
[2025-09-03 18:06:10] 暂无新数据，当前期号: 114049867
[2025-09-03 18:06:10] 安排 60 秒后进行下次抓取
[2025-09-03 18:06:10] 爬虫任务执行成功
[2025-09-03 18:06:10] 爬虫任务结束
[2025-09-03 18:07:10] 开始执行爬虫任务
[2025-09-03 18:07:24] 获取到新数据 - 期号: 114049868, 开奖时间: 18:05
[2025-09-03 18:07:24] 最新数据已保存到 data/latest_data.json
[2025-09-03 18:07:24] 开奖时间已过，立即进行下次抓取
[2025-09-03 18:07:24] 安排 5 秒后进行下次抓取
[2025-09-03 18:07:24] 爬虫任务执行成功
[2025-09-03 18:07:24] 爬虫任务结束
[2025-09-03 18:07:29] 开始执行爬虫任务
[2025-09-03 18:07:44] 暂无新数据，当前期号: 114049868
[2025-09-03 18:07:44] 安排 60 秒后进行下次抓取
[2025-09-03 18:07:44] 爬虫任务执行成功
[2025-09-03 18:07:44] 爬虫任务结束
[2025-09-03 18:08:44] 开始执行爬虫任务
[2025-09-03 18:09:00] 暂无新数据，当前期号: 114049868
[2025-09-03 18:09:00] 安排 60 秒后进行下次抓取
[2025-09-03 18:09:00] 爬虫任务执行成功
[2025-09-03 18:09:00] 爬虫任务结束
[2025-09-03 18:10:00] 开始执行爬虫任务
[2025-09-03 18:10:14] 暂无新数据，当前期号: 114049868
[2025-09-03 18:10:14] 安排 60 秒后进行下次抓取
[2025-09-03 18:10:14] 爬虫任务执行成功
[2025-09-03 18:10:14] 爬虫任务结束
[2025-09-03 18:11:14] 开始执行爬虫任务
[2025-09-03 18:11:28] 获取到新数据 - 期号: 114049869, 开奖时间: 18:10
[2025-09-03 18:11:28] 最新数据已保存到 data/latest_data.json
[2025-09-03 18:11:28] 开奖时间: 18:10:00, 下次抓取时间: 18:12:20, 等待 51 秒
[2025-09-03 18:11:28] 安排 51 秒后进行下次抓取
[2025-09-03 18:11:28] 爬虫任务执行成功
[2025-09-03 18:11:28] 爬虫任务结束
[2025-09-03 18:12:19] 开始执行爬虫任务
[2025-09-03 18:12:34] 暂无新数据，当前期号: 114049869
[2025-09-03 18:12:34] 安排 60 秒后进行下次抓取
[2025-09-03 18:12:34] 爬虫任务执行成功
[2025-09-03 18:12:34] 爬虫任务结束
[2025-09-03 18:13:34] 开始执行爬虫任务
[2025-09-03 18:13:49] 暂无新数据，当前期号: 114049869
[2025-09-03 18:13:49] 安排 60 秒后进行下次抓取
[2025-09-03 18:13:49] 爬虫任务执行成功
[2025-09-03 18:13:49] 爬虫任务结束
[2025-09-03 18:14:49] 开始执行爬虫任务
[2025-09-03 18:15:15] 暂无新数据，当前期号: 114049869
[2025-09-03 18:15:15] 安排 60 秒后进行下次抓取
[2025-09-03 18:15:15] 爬虫任务执行成功
[2025-09-03 18:15:15] 爬虫任务结束
[2025-09-03 18:16:15] 开始执行爬虫任务
[2025-09-03 18:16:33] 获取到新数据 - 期号: 114049870, 开奖时间: 18:15
[2025-09-03 18:16:33] 最新数据已保存到 data/latest_data.json
[2025-09-03 18:16:33] 开奖时间: 18:15:00, 下次抓取时间: 18:17:20, 等待 46 秒
[2025-09-03 18:16:33] 安排 46 秒后进行下次抓取
[2025-09-03 18:16:33] 爬虫任务执行成功
[2025-09-03 18:16:33] 爬虫任务结束
[2025-09-03 18:17:19] 开始执行爬虫任务
[2025-09-03 18:17:52] 暂无新数据，当前期号: 114049870
[2025-09-03 18:17:52] 安排 60 秒后进行下次抓取
[2025-09-03 18:17:52] 爬虫任务执行成功
[2025-09-03 18:17:52] 爬虫任务结束
[2025-09-03 18:18:51] 开始执行爬虫任务
[2025-09-03 18:19:08] 暂无新数据，当前期号: 114049870
[2025-09-03 18:19:08] 安排 60 秒后进行下次抓取
[2025-09-03 18:19:08] 爬虫任务执行成功
[2025-09-03 18:19:08] 爬虫任务结束
[2025-09-03 18:20:08] 开始执行爬虫任务
[2025-09-03 18:20:26] 暂无新数据，当前期号: 114049870
[2025-09-03 18:20:26] 安排 60 秒后进行下次抓取
[2025-09-03 18:20:26] 爬虫任务执行成功
[2025-09-03 18:20:26] 爬虫任务结束
[2025-09-03 18:21:26] 开始执行爬虫任务
[2025-09-03 18:22:14] 获取到新数据 - 期号: 114049871, 开奖时间: 18:20
[2025-09-03 18:22:14] 最新数据已保存到 data/latest_data.json
[2025-09-03 18:22:14] 开奖时间: 18:20:00, 下次抓取时间: 18:22:20, 等待 5 秒
[2025-09-03 18:22:14] 安排 5 秒后进行下次抓取
[2025-09-03 18:22:14] 爬虫任务执行成功
[2025-09-03 18:22:14] 爬虫任务结束
[2025-09-03 18:22:19] 开始执行爬虫任务
[2025-09-03 18:22:36] 暂无新数据，当前期号: 114049871
[2025-09-03 18:22:36] 安排 60 秒后进行下次抓取
[2025-09-03 18:22:36] 爬虫任务执行成功
[2025-09-03 18:22:36] 爬虫任务结束
[2025-09-03 18:23:36] 开始执行爬虫任务
[2025-09-03 18:23:51] 暂无新数据，当前期号: 114049871
[2025-09-03 18:23:51] 安排 60 秒后进行下次抓取
[2025-09-03 18:23:51] 爬虫任务执行成功
[2025-09-03 18:23:51] 爬虫任务结束
[2025-09-03 18:24:51] 开始执行爬虫任务
[2025-09-03 18:25:07] 暂无新数据，当前期号: 114049871
[2025-09-03 18:25:07] 安排 60 秒后进行下次抓取
[2025-09-03 18:25:07] 爬虫任务执行成功
[2025-09-03 18:25:07] 爬虫任务结束
[2025-09-03 18:26:07] 开始执行爬虫任务
[2025-09-03 18:26:22] 获取到新数据 - 期号: 114049872, 开奖时间: 18:25
[2025-09-03 18:26:22] 最新数据已保存到 data/latest_data.json
[2025-09-03 18:26:22] 开奖时间: 18:25:00, 下次抓取时间: 18:27:20, 等待 57 秒
[2025-09-03 18:26:22] 安排 57 秒后进行下次抓取
[2025-09-03 18:26:22] 爬虫任务执行成功
[2025-09-03 18:26:22] 爬虫任务结束
[2025-09-03 18:27:19] 开始执行爬虫任务
[2025-09-03 18:27:35] 暂无新数据，当前期号: 114049872
[2025-09-03 18:27:35] 安排 60 秒后进行下次抓取
[2025-09-03 18:27:35] 爬虫任务执行成功
[2025-09-03 18:27:35] 爬虫任务结束
[2025-09-03 18:28:35] 开始执行爬虫任务
[2025-09-03 18:28:57] 暂无新数据，当前期号: 114049872
[2025-09-03 18:28:57] 安排 60 秒后进行下次抓取
[2025-09-03 18:28:57] 爬虫任务执行成功
[2025-09-03 18:28:57] 爬虫任务结束
[2025-09-03 18:29:57] 开始执行爬虫任务
[2025-09-03 18:30:11] 暂无新数据，当前期号: 114049872
[2025-09-03 18:30:11] 安排 60 秒后进行下次抓取
[2025-09-03 18:30:11] 爬虫任务执行成功
[2025-09-03 18:30:11] 爬虫任务结束
[2025-09-03 18:31:11] 开始执行爬虫任务
[2025-09-03 18:31:38] 获取到新数据 - 期号: 114049873, 开奖时间: 18:30
[2025-09-03 18:31:38] 最新数据已保存到 data/latest_data.json
[2025-09-03 18:31:38] 开奖时间: 18:30:00, 下次抓取时间: 18:32:20, 等待 41 秒
[2025-09-03 18:31:38] 安排 41 秒后进行下次抓取
[2025-09-03 18:31:38] 爬虫任务执行成功
[2025-09-03 18:31:38] 爬虫任务结束
[2025-09-03 18:32:19] 开始执行爬虫任务
[2025-09-03 18:32:35] 暂无新数据，当前期号: 114049873
[2025-09-03 18:32:35] 安排 60 秒后进行下次抓取
[2025-09-03 18:32:35] 爬虫任务执行成功
[2025-09-03 18:32:35] 爬虫任务结束
[2025-09-03 18:33:35] 开始执行爬虫任务
[2025-09-03 18:33:59] 暂无新数据，当前期号: 114049873
[2025-09-03 18:33:59] 安排 60 秒后进行下次抓取
[2025-09-03 18:33:59] 爬虫任务执行成功
[2025-09-03 18:33:59] 爬虫任务结束
[2025-09-03 18:34:59] 开始执行爬虫任务
[2025-09-03 18:35:16] 暂无新数据，当前期号: 114049873
[2025-09-03 18:35:16] 安排 60 秒后进行下次抓取
[2025-09-03 18:35:16] 爬虫任务执行成功
[2025-09-03 18:35:16] 爬虫任务结束
[2025-09-03 18:36:16] 开始执行爬虫任务
[2025-09-03 18:36:33] 暂无新数据，当前期号: 114049873
[2025-09-03 18:36:33] 安排 60 秒后进行下次抓取
[2025-09-03 18:36:33] 爬虫任务执行成功
[2025-09-03 18:36:33] 爬虫任务结束
[2025-09-03 18:36:45] 收到停止信号，正在关闭调度器
[2025-09-03 18:36:45] 自动爬虫调度器已停止
[2025-09-03 18:36:47] 自动爬虫调度器启动（传统模式）
[2025-09-03 18:36:47] 定时任务已设置: 每1分钟执行一次（传统模式）
[2025-09-03 18:36:47] 执行初始数据抓取
[2025-09-03 18:36:47] 开始执行爬虫任务
[2025-09-03 18:37:02] 获取到新数据 - 期号: 114049873, 开奖时间: 18:30
[2025-09-03 18:37:02] 最新数据已保存到 data/latest_data.json
[2025-09-03 18:37:02] 爬虫任务执行成功
[2025-09-03 18:37:02] 爬虫任务结束
[2025-09-03 18:38:02] 开始执行爬虫任务
[2025-09-03 18:38:23] 获取到新数据 - 期号: 114049874, 开奖时间: 18:35
[2025-09-03 18:38:23] 最新数据已保存到 data/latest_data.json
[2025-09-03 18:38:23] 爬虫任务执行成功
[2025-09-03 18:38:23] 爬虫任务结束
[2025-09-03 18:39:23] 开始执行爬虫任务
[2025-09-03 18:39:42] 暂无新数据，当前期号: 114049874
[2025-09-03 18:39:42] 爬虫任务执行成功
[2025-09-03 18:39:42] 爬虫任务结束
[2025-09-03 18:40:42] 开始执行爬虫任务
[2025-09-03 18:41:02] 暂无新数据，当前期号: 114049874
[2025-09-03 18:41:02] 爬虫任务执行成功
[2025-09-03 18:41:02] 爬虫任务结束
[2025-09-03 18:42:02] 开始执行爬虫任务
[2025-09-03 18:42:47] 获取到新数据 - 期号: 114049875, 开奖时间: 18:40
[2025-09-03 18:42:47] 最新数据已保存到 data/latest_data.json
[2025-09-03 18:42:47] 爬虫任务执行成功
[2025-09-03 18:42:47] 爬虫任务结束
[2025-09-03 18:43:47] 开始执行爬虫任务
[2025-09-03 18:44:01] 暂无新数据，当前期号: 114049875
[2025-09-03 18:44:01] 爬虫任务执行成功
[2025-09-03 18:44:01] 爬虫任务结束
[2025-09-03 18:45:01] 开始执行爬虫任务
[2025-09-03 18:45:14] 暂无新数据，当前期号: 114049875
[2025-09-03 18:45:14] 爬虫任务执行成功
[2025-09-03 18:45:14] 爬虫任务结束
[2025-09-03 18:46:14] 开始执行爬虫任务
[2025-09-03 18:46:27] 暂无新数据，当前期号: 114049875
[2025-09-03 18:46:27] 爬虫任务执行成功
[2025-09-03 18:46:27] 爬虫任务结束
[2025-09-03 18:47:27] 开始执行爬虫任务
[2025-09-03 18:47:42] 获取到新数据 - 期号: 114049876, 开奖时间: 18:45
[2025-09-03 18:47:42] 最新数据已保存到 data/latest_data.json
[2025-09-03 18:47:42] 爬虫任务执行成功
[2025-09-03 18:47:42] 爬虫任务结束
[2025-09-03 18:48:42] 开始执行爬虫任务
[2025-09-03 18:48:57] 暂无新数据，当前期号: 114049876
[2025-09-03 18:48:57] 爬虫任务执行成功
[2025-09-03 18:48:57] 爬虫任务结束
[2025-09-03 18:49:57] 开始执行爬虫任务
[2025-09-03 18:50:13] 暂无新数据，当前期号: 114049876
[2025-09-03 18:50:13] 爬虫任务执行成功
[2025-09-03 18:50:13] 爬虫任务结束
[2025-09-03 18:50:46] 收到停止信号，正在关闭调度器
[2025-09-03 18:50:46] 自动爬虫调度器已停止
[2025-09-03 18:50:48] 自动爬虫调度器启动（传统模式）
[2025-09-03 18:50:48] 定时任务已设置: 每1分钟执行一次（传统模式）
[2025-09-03 18:50:48] 执行初始数据抓取
[2025-09-03 18:50:48] 开始执行爬虫任务
[2025-09-03 18:51:27] 成功抓取今日完整数据，共 141 条记录
[2025-09-03 18:51:27] 获取到新数据 - 期号: 114049876, 开奖时间: 18:45
[2025-09-03 18:51:27] 爬虫任务执行成功
[2025-09-03 18:51:27] 爬虫任务结束
[2025-09-03 18:51:57] 开始执行爬虫任务
[2025-09-03 18:52:39] 成功抓取今日完整数据，共 141 条记录
[2025-09-03 18:52:39] 暂无新数据，当前期号: 114049876
[2025-09-03 18:52:39] 爬虫任务执行成功
[2025-09-03 18:52:39] 爬虫任务结束
[2025-09-03 18:53:39] 开始执行爬虫任务
[2025-09-03 18:54:26] 成功抓取今日完整数据，共 100 条记录
[2025-09-03 18:54:26] 获取到新数据 - 期号: 114049877, 开奖时间: 18:50
[2025-09-03 18:54:26] 爬虫任务执行成功
[2025-09-03 18:54:26] 爬虫任务结束
[2025-09-03 18:55:26] 开始执行爬虫任务
[2025-09-03 18:56:06] 成功抓取今日完整数据，共 142 条记录
[2025-09-03 18:56:06] 暂无新数据，当前期号: 114049877
[2025-09-03 18:56:06] 爬虫任务执行成功
[2025-09-03 18:56:06] 爬虫任务结束
[2025-09-03 18:57:06] 开始执行爬虫任务
[2025-09-03 18:57:44] 成功抓取今日完整数据，共 143 条记录
[2025-09-03 18:57:44] 获取到新数据 - 期号: 114049878, 开奖时间: 18:55
[2025-09-03 18:57:44] 爬虫任务执行成功
[2025-09-03 18:57:44] 爬虫任务结束
[2025-09-03 18:58:44] 开始执行爬虫任务
[2025-09-03 18:59:24] 成功抓取今日完整数据，共 143 条记录
[2025-09-03 18:59:24] 暂无新数据，当前期号: 114049878
[2025-09-03 18:59:24] 爬虫任务执行成功
[2025-09-03 18:59:24] 爬虫任务结束
[2025-09-03 19:00:24] 开始执行爬虫任务
[2025-09-03 19:00:49] 爬虫任务结束
[2025-09-03 19:00:49] 收到停止信号，正在关闭调度器
[2025-09-03 19:00:49] 自动爬虫调度器已停止
[2025-09-03 19:00:51] 自动爬虫调度器启动（传统模式）
[2025-09-03 19:00:51] 定时任务已设置: 每1分钟执行一次（传统模式）
[2025-09-03 19:00:51] 执行初始数据抓取
[2025-09-03 19:00:51] 开始执行爬虫任务
[2025-09-03 19:01:31] 成功抓取今日完整数据，共 143 条记录
[2025-09-03 19:01:31] 获取到新数据 - 期号: 114049878, 开奖时间: 18:55
[2025-09-03 19:01:31] 爬虫任务执行成功
[2025-09-03 19:01:31] 爬虫任务结束
[2025-09-03 19:02:01] 开始执行爬虫任务
[2025-09-03 19:02:43] 成功抓取今日完整数据，共 144 条记录
[2025-09-03 19:02:43] 获取到新数据 - 期号: 114049879, 开奖时间: 19:00
[2025-09-03 19:02:43] 爬虫任务执行成功
[2025-09-03 19:02:43] 爬虫任务结束
[2025-09-03 19:03:43] 开始执行爬虫任务
[2025-09-03 19:04:25] 成功抓取今日完整数据，共 94 条记录
[2025-09-03 19:04:25] 暂无新数据，当前期号: 114049879
[2025-09-03 19:04:25] 爬虫任务执行成功
[2025-09-03 19:04:25] 爬虫任务结束
[2025-09-03 19:05:25] 开始执行爬虫任务
[2025-09-03 19:06:05] 成功抓取今日完整数据，共 144 条记录
[2025-09-03 19:06:05] 暂无新数据，当前期号: 114049879
[2025-09-03 19:06:05] 爬虫任务执行成功
[2025-09-03 19:06:05] 爬虫任务结束
[2025-09-03 19:07:05] 开始执行爬虫任务
[2025-09-03 19:07:46] 成功抓取今日完整数据，共 145 条记录
[2025-09-03 19:07:46] 获取到新数据 - 期号: 114049880, 开奖时间: 19:05
[2025-09-03 19:07:46] 爬虫任务执行成功
[2025-09-03 19:07:46] 爬虫任务结束
[2025-09-03 19:08:46] 开始执行爬虫任务
[2025-09-03 19:09:30] 成功抓取今日完整数据，共 145 条记录
[2025-09-03 19:09:30] 暂无新数据，当前期号: 114049880
[2025-09-03 19:09:30] 爬虫任务执行成功
[2025-09-03 19:09:30] 爬虫任务结束
[2025-09-03 19:10:30] 开始执行爬虫任务
[2025-09-03 19:11:10] 成功抓取今日完整数据，共 146 条记录
[2025-09-03 19:11:10] 获取到新数据 - 期号: 114049881, 开奖时间: 19:10
[2025-09-03 19:11:10] 爬虫任务执行成功
[2025-09-03 19:11:10] 爬虫任务结束
[2025-09-03 19:12:10] 开始执行爬虫任务
[2025-09-03 19:12:50] 成功抓取今日完整数据，共 146 条记录
[2025-09-03 19:12:50] 暂无新数据，当前期号: 114049881
[2025-09-03 19:12:50] 爬虫任务执行成功
[2025-09-03 19:12:50] 爬虫任务结束
[2025-09-03 19:13:50] 开始执行爬虫任务
[2025-09-03 19:14:30] 成功抓取今日完整数据，共 146 条记录
[2025-09-03 19:14:30] 暂无新数据，当前期号: 114049881
[2025-09-03 19:14:30] 爬虫任务执行成功
[2025-09-03 19:14:30] 爬虫任务结束
[2025-09-03 19:15:30] 开始执行爬虫任务
[2025-09-03 19:16:11] 成功抓取今日完整数据，共 146 条记录
[2025-09-03 19:16:11] 暂无新数据，当前期号: 114049881
[2025-09-03 19:16:11] 爬虫任务执行成功
[2025-09-03 19:16:11] 爬虫任务结束
[2025-09-03 19:17:11] 开始执行爬虫任务
[2025-09-03 19:17:49] 成功抓取今日完整数据，共 146 条记录
[2025-09-03 19:17:49] 暂无新数据，当前期号: 114049881
[2025-09-03 19:17:49] 爬虫任务执行成功
[2025-09-03 19:17:49] 爬虫任务结束
[2025-09-03 19:18:49] 开始执行爬虫任务
[2025-09-03 19:19:29] 成功抓取今日完整数据，共 147 条记录
[2025-09-03 19:19:29] 获取到新数据 - 期号: 114049882, 开奖时间: 19:15
[2025-09-03 19:19:29] 爬虫任务执行成功
[2025-09-03 19:19:29] 爬虫任务结束
[2025-09-03 19:20:29] 开始执行爬虫任务
[2025-09-03 19:21:14] 成功抓取今日完整数据，共 100 条记录
[2025-09-03 19:21:14] 暂无新数据，当前期号: 114049882
[2025-09-03 19:21:14] 爬虫任务执行成功
[2025-09-03 19:21:14] 爬虫任务结束
[2025-09-03 19:22:14] 开始执行爬虫任务
[2025-09-03 19:22:55] 成功抓取今日完整数据，共 148 条记录
[2025-09-03 19:22:55] 获取到新数据 - 期号: 114049883, 开奖时间: 19:20
[2025-09-03 19:22:55] 爬虫任务执行成功
[2025-09-03 19:22:55] 爬虫任务结束
[2025-09-03 19:23:55] 开始执行爬虫任务
[2025-09-03 19:24:35] 成功抓取今日完整数据，共 148 条记录
[2025-09-03 19:24:35] 暂无新数据，当前期号: 114049883
[2025-09-03 19:24:35] 爬虫任务执行成功
[2025-09-03 19:24:35] 爬虫任务结束
[2025-09-03 19:25:35] 开始执行爬虫任务
[2025-09-03 19:26:13] 成功抓取今日完整数据，共 148 条记录
[2025-09-03 19:26:13] 暂无新数据，当前期号: 114049883
[2025-09-03 19:26:13] 爬虫任务执行成功
[2025-09-03 19:26:13] 爬虫任务结束
[2025-09-03 19:27:13] 开始执行爬虫任务
[2025-09-03 19:27:54] 成功抓取今日完整数据，共 149 条记录
[2025-09-03 19:27:54] 获取到新数据 - 期号: 114049884, 开奖时间: 19:25
[2025-09-03 19:27:54] 爬虫任务执行成功
[2025-09-03 19:27:54] 爬虫任务结束
[2025-09-03 19:28:54] 开始执行爬虫任务
[2025-09-03 19:29:36] 成功抓取今日完整数据，共 149 条记录
[2025-09-03 19:29:36] 暂无新数据，当前期号: 114049884
[2025-09-03 19:29:36] 爬虫任务执行成功
[2025-09-03 19:29:36] 爬虫任务结束
[2025-09-03 19:30:36] 开始执行爬虫任务
[2025-09-03 19:31:18] 成功抓取今日完整数据，共 149 条记录
[2025-09-03 19:31:18] 暂无新数据，当前期号: 114049884
[2025-09-03 19:31:18] 爬虫任务执行成功
[2025-09-03 19:31:18] 爬虫任务结束
[2025-09-03 19:32:18] 开始执行爬虫任务
[2025-09-03 19:33:01] 成功抓取今日完整数据，共 150 条记录
[2025-09-03 19:33:01] 获取到新数据 - 期号: 114049885, 开奖时间: 19:30
[2025-09-03 19:33:01] 爬虫任务执行成功
[2025-09-03 19:33:01] 爬虫任务结束
[2025-09-03 19:34:01] 开始执行爬虫任务
[2025-09-03 19:34:41] 成功抓取今日完整数据，共 150 条记录
[2025-09-03 19:34:41] 暂无新数据，当前期号: 114049885
[2025-09-03 19:34:41] 爬虫任务执行成功
[2025-09-03 19:34:41] 爬虫任务结束
[2025-09-03 19:35:41] 开始执行爬虫任务
[2025-09-03 19:36:26] 成功抓取今日完整数据，共 149 条记录
[2025-09-03 19:36:26] 暂无新数据，当前期号: 114049885
[2025-09-03 19:36:26] 爬虫任务执行成功
[2025-09-03 19:36:26] 爬虫任务结束
[2025-09-03 19:37:26] 开始执行爬虫任务
[2025-09-03 19:38:09] 爬虫任务结束
[2025-09-03 19:38:09] 收到停止信号，正在关闭调度器
[2025-09-03 19:38:09] 自动爬虫调度器已停止
[2025-09-03 19:38:11] 自动爬虫调度器启动（传统模式，运行时间：7:05-23:59）
[2025-09-03 19:38:11] 执行初始数据抓取
[2025-09-03 19:38:11] 开始执行爬虫任务
[2025-09-03 19:38:56] 成功抓取今日完整数据，共 150 条记录
[2025-09-03 19:38:56] 获取到新数据 - 期号: 114049886, 开奖时间: 19:35
[2025-09-03 19:38:56] 爬虫任务执行成功
[2025-09-03 19:38:56] 爬虫任务结束
[2025-09-03 19:38:56] 定时任务已设置: 每59秒执行一次（传统模式，运行时间：7:05-23:59）
[2025-09-03 19:39:56] 定时任务已设置: 每56秒执行一次（传统模式，运行时间：7:05-23:59）
[2025-09-03 19:40:56] 定时任务已设置: 每51秒执行一次（传统模式，运行时间：7:05-23:59）
[2025-09-03 19:41:56] 定时任务已设置: 每45秒执行一次（传统模式，运行时间：7:05-23:59）
[2025-09-03 19:42:46] 开始执行爬虫任务
[2025-09-03 19:43:33] 成功抓取今日完整数据，共 152 条记录
[2025-09-03 19:43:33] 获取到新数据 - 期号: 114049887, 开奖时间: 19:40
[2025-09-03 19:43:33] 爬虫任务执行成功
[2025-09-03 19:43:33] 爬虫任务结束
[2025-09-03 19:43:43] 定时任务已设置: 每50秒执行一次（传统模式，运行时间：7:05-23:59）
[2025-09-03 19:44:33] 开始执行爬虫任务
[2025-09-03 19:45:23] 成功抓取今日完整数据，共 152 条记录
[2025-09-03 19:45:23] 暂无新数据，当前期号: 114049887
[2025-09-03 19:45:23] 爬虫任务执行成功
[2025-09-03 19:45:23] 爬虫任务结束
[2025-09-03 19:45:33] 定时任务已设置: 每41秒执行一次（传统模式，运行时间：7:05-23:59）
[2025-09-03 19:46:23] 开始执行爬虫任务
[2025-09-03 19:47:13] 成功抓取今日完整数据，共 103 条记录
[2025-09-03 19:47:13] 获取到新数据 - 期号: 114049888, 开奖时间: 19:45
[2025-09-03 19:47:13] 爬虫任务执行成功
[2025-09-03 19:47:13] 爬虫任务结束
[2025-09-03 19:47:23] 定时任务已设置: 每44秒执行一次（传统模式，运行时间：7:05-23:59）
[2025-09-03 19:48:13] 开始执行爬虫任务
[2025-09-03 19:49:07] 成功抓取今日完整数据，共 150 条记录
[2025-09-03 19:49:07] 暂无新数据，当前期号: 114049888
[2025-09-03 19:49:07] 爬虫任务执行成功
[2025-09-03 19:49:07] 爬虫任务结束
[2025-09-03 19:49:17] 定时任务已设置: 每33秒执行一次（传统模式，运行时间：7:05-23:59）
[2025-09-03 19:49:57] 开始执行爬虫任务
[2025-09-03 19:51:03] 成功抓取今日完整数据，共 153 条记录
[2025-09-03 19:51:03] 暂无新数据，当前期号: 114049888
[2025-09-03 19:51:03] 爬虫任务执行成功
[2025-09-03 19:51:03] 爬虫任务结束
[2025-09-03 19:51:13] 定时任务已设置: 每34秒执行一次（传统模式，运行时间：7:05-23:59）
[2025-09-03 19:51:53] 开始执行爬虫任务
[2025-09-03 19:55:47] 成功抓取今日完整数据，共 154 条记录
[2025-09-03 19:55:47] 获取到新数据 - 期号: 114049889, 开奖时间: 19:50
[2025-09-03 19:55:47] 爬虫任务执行成功
[2025-09-03 19:55:47] 爬虫任务结束
[2025-09-03 19:55:57] 定时任务已设置: 每58秒执行一次（传统模式，运行时间：7:05-23:59）
[2025-09-03 19:56:57] 定时任务已设置: 每55秒执行一次（传统模式，运行时间：7:05-23:59）
[2025-09-03 19:57:57] 定时任务已设置: 每54秒执行一次（传统模式，运行时间：7:05-23:59）
[2025-09-03 19:58:57] 定时任务已设置: 每57秒执行一次（传统模式，运行时间：7:05-23:59）
[2025-09-03 19:59:57] 定时任务已设置: 每53秒执行一次（传统模式，运行时间：7:05-23:59）
[2025-09-03 20:00:57] 定时任务已设置: 每57秒执行一次（传统模式，运行时间：7:05-23:59）
[2025-09-03 20:01:57] 定时任务已设置: 每57秒执行一次（传统模式，运行时间：7:05-23:59）
[2025-09-03 20:02:57] 定时任务已设置: 每59秒执行一次（传统模式，运行时间：7:05-23:59）
[2025-09-03 20:03:57] 定时任务已设置: 每36秒执行一次（传统模式，运行时间：7:05-23:59）
[2025-09-03 20:04:37] 开始执行爬虫任务
[2025-09-03 20:05:29] 成功抓取今日完整数据，共 156 条记录
[2025-09-03 20:05:29] 获取到新数据 - 期号: 114049891, 开奖时间: 20:00
[2025-09-03 20:05:29] 爬虫任务执行成功
[2025-09-03 20:05:29] 爬虫任务结束
[2025-09-03 20:05:39] 定时任务已设置: 每60秒执行一次（传统模式，运行时间：7:05-23:59）
[2025-09-03 20:06:39] 定时任务已设置: 每44秒执行一次（传统模式，运行时间：7:05-23:59）
[2025-09-03 20:07:29] 开始执行爬虫任务
[2025-09-03 20:08:15] 成功抓取今日完整数据，共 157 条记录
[2025-09-03 20:08:15] 获取到新数据 - 期号: 114049892, 开奖时间: 20:05
[2025-09-03 20:08:15] 爬虫任务执行成功
[2025-09-03 20:08:15] 爬虫任务结束
[2025-09-03 20:08:25] 定时任务已设置: 每59秒执行一次（传统模式，运行时间：7:05-23:59）
[2025-09-03 20:09:25] 定时任务已设置: 每58秒执行一次（传统模式，运行时间：7:05-23:59）
[2025-09-03 20:10:25] 定时任务已设置: 每36秒执行一次（传统模式，运行时间：7:05-23:59）
[2025-09-03 20:11:05] 开始执行爬虫任务
[2025-09-03 20:11:53] 成功抓取今日完整数据，共 157 条记录
[2025-09-03 20:11:53] 暂无新数据，当前期号: 114049892
[2025-09-03 20:11:53] 爬虫任务执行成功
[2025-09-03 20:11:53] 爬虫任务结束
[2025-09-03 20:12:03] 定时任务已设置: 每33秒执行一次（传统模式，运行时间：7:05-23:59）
[2025-09-03 20:12:43] 开始执行爬虫任务
[2025-09-03 20:13:32] 成功抓取今日完整数据，共 158 条记录
[2025-09-03 20:13:32] 获取到新数据 - 期号: 114049893, 开奖时间: 20:10
[2025-09-03 20:13:32] 爬虫任务执行成功
[2025-09-03 20:13:32] 爬虫任务结束
[2025-09-03 20:13:42] 定时任务已设置: 每53秒执行一次（传统模式，运行时间：7:05-23:59）
[2025-09-03 20:14:42] 定时任务已设置: 每40秒执行一次（传统模式，运行时间：7:05-23:59）
[2025-09-03 20:15:22] 开始执行爬虫任务
[2025-09-03 20:16:08] 成功抓取今日完整数据，共 158 条记录
[2025-09-03 20:16:08] 暂无新数据，当前期号: 114049893
[2025-09-03 20:16:08] 爬虫任务执行成功
[2025-09-03 20:16:08] 爬虫任务结束
[2025-09-03 20:16:18] 定时任务已设置: 每57秒执行一次（传统模式，运行时间：7:05-23:59）
[2025-09-03 20:17:18] 定时任务已设置: 每39秒执行一次（传统模式，运行时间：7:05-23:59）
[2025-09-03 20:17:58] 开始执行爬虫任务
[2025-09-03 20:18:44] 成功抓取今日完整数据，共 159 条记录
[2025-09-03 20:18:44] 获取到新数据 - 期号: 114049894, 开奖时间: 20:15
[2025-09-03 20:18:44] 爬虫任务执行成功
[2025-09-03 20:18:44] 爬虫任务结束
[2025-09-03 20:18:54] 定时任务已设置: 每60秒执行一次（传统模式，运行时间：7:05-23:59）
[2025-09-03 20:19:54] 定时任务已设置: 每53秒执行一次（传统模式，运行时间：7:05-23:59）
[2025-09-03 20:20:54] 定时任务已设置: 每44秒执行一次（传统模式，运行时间：7:05-23:59）
[2025-09-03 20:21:44] 开始执行爬虫任务
[2025-09-03 20:22:30] 成功抓取今日完整数据，共 160 条记录
[2025-09-03 20:22:30] 获取到新数据 - 期号: 114049895, 开奖时间: 20:20
[2025-09-03 20:22:30] 爬虫任务执行成功
[2025-09-03 20:22:30] 爬虫任务结束
[2025-09-03 20:22:40] 定时任务已设置: 每50秒执行一次（传统模式，运行时间：7:05-23:59）
[2025-09-03 20:23:30] 开始执行爬虫任务
[2025-09-03 20:24:15] 成功抓取今日完整数据，共 160 条记录
[2025-09-03 20:24:15] 暂无新数据，当前期号: 114049895
[2025-09-03 20:24:15] 爬虫任务执行成功
[2025-09-03 20:24:15] 爬虫任务结束
[2025-09-03 20:24:25] 定时任务已设置: 每52秒执行一次（传统模式，运行时间：7:05-23:59）
[2025-09-03 20:25:25] 定时任务已设置: 每34秒执行一次（传统模式，运行时间：7:05-23:59）
[2025-09-03 20:26:05] 开始执行爬虫任务
[2025-09-03 20:26:50] 成功抓取今日完整数据，共 160 条记录
[2025-09-03 20:26:50] 暂无新数据，当前期号: 114049895
[2025-09-03 20:26:50] 爬虫任务执行成功
[2025-09-03 20:26:50] 爬虫任务结束
[2025-09-03 20:27:00] 定时任务已设置: 每46秒执行一次（传统模式，运行时间：7:05-23:59）
[2025-09-03 20:27:50] 开始执行爬虫任务
[2025-09-03 20:28:36] 成功抓取今日完整数据，共 161 条记录
[2025-09-03 20:28:36] 获取到新数据 - 期号: 114049896, 开奖时间: 20:25
[2025-09-03 20:28:36] 爬虫任务执行成功
[2025-09-03 20:28:36] 爬虫任务结束
[2025-09-03 20:28:46] 定时任务已设置: 每48秒执行一次（传统模式，运行时间：7:05-23:59）
[2025-09-03 20:29:36] 开始执行爬虫任务
[2025-09-03 20:30:25] 成功抓取今日完整数据，共 161 条记录
[2025-09-03 20:30:25] 暂无新数据，当前期号: 114049896
[2025-09-03 20:30:25] 爬虫任务执行成功
[2025-09-03 20:30:25] 爬虫任务结束
[2025-09-03 20:30:35] 定时任务已设置: 每35秒执行一次（传统模式，运行时间：7:05-23:59）
[2025-09-03 20:31:15] 开始执行爬虫任务
[2025-09-03 20:32:08] 成功抓取今日完整数据，共 150 条记录
[2025-09-03 20:32:08] 获取到新数据 - 期号: 114049897, 开奖时间: 20:30
[2025-09-03 20:32:08] 爬虫任务执行成功
[2025-09-03 20:32:08] 爬虫任务结束
[2025-09-03 20:32:18] 定时任务已设置: 每58秒执行一次（传统模式，运行时间：7:05-23:59）
[2025-09-03 20:33:18] 定时任务已设置: 每33秒执行一次（传统模式，运行时间：7:05-23:59）
[2025-09-03 20:33:58] 开始执行爬虫任务
[2025-09-03 20:34:48] 成功抓取今日完整数据，共 112 条记录
[2025-09-03 20:34:48] 暂无新数据，当前期号: 114049897
[2025-09-03 20:34:48] 爬虫任务执行成功
[2025-09-03 20:34:48] 爬虫任务结束
[2025-09-03 20:34:58] 定时任务已设置: 每46秒执行一次（传统模式，运行时间：7:05-23:59）
[2025-09-03 20:35:48] 开始执行爬虫任务
[2025-09-03 20:36:35] 成功抓取今日完整数据，共 163 条记录
[2025-09-03 20:36:35] 获取到新数据 - 期号: 114049898, 开奖时间: 20:35
[2025-09-03 20:36:35] 爬虫任务执行成功
[2025-09-03 20:36:35] 爬虫任务结束
[2025-09-03 20:36:45] 定时任务已设置: 每40秒执行一次（传统模式，运行时间：7:05-23:59）
[2025-09-03 20:37:25] 开始执行爬虫任务
[2025-09-03 20:38:15] 成功抓取今日完整数据，共 113 条记录
[2025-09-03 20:38:15] 暂无新数据，当前期号: 114049898
[2025-09-03 20:38:15] 爬虫任务执行成功
[2025-09-03 20:38:15] 爬虫任务结束
[2025-09-03 20:38:25] 定时任务已设置: 每54秒执行一次（传统模式，运行时间：7:05-23:59）
[2025-09-03 20:39:25] 定时任务已设置: 每52秒执行一次（传统模式，运行时间：7:05-23:59）
[2025-09-03 20:40:25] 定时任务已设置: 每60秒执行一次（传统模式，运行时间：7:05-23:59）
[2025-09-03 20:41:25] 定时任务已设置: 每57秒执行一次（传统模式，运行时间：7:05-23:59）
[2025-09-03 20:42:25] 定时任务已设置: 每43秒执行一次（传统模式，运行时间：7:05-23:59）
[2025-09-03 20:42:31] 收到停止信号，正在关闭调度器
[2025-09-03 20:42:31] 自动爬虫调度器已停止
[2025-09-03 20:42:33] 自动爬虫调度器启动（传统模式，运行时间：7:05-23:59）
[2025-09-03 20:42:33] 执行初始数据抓取
[2025-09-03 20:42:33] 开始执行爬虫任务
[2025-09-03 20:42:55] 爬虫任务结束
[2025-09-03 20:44:18] 自动爬虫调度器启动（传统模式，运行时间：7:05-23:59）
[2025-09-03 20:44:18] 执行初始数据抓取
[2025-09-03 20:44:18] 开始执行爬虫任务
[2025-09-03 20:45:12] 成功抓取今日完整数据，共 114 条记录
[2025-09-03 20:45:12] 获取到新数据 - 期号: 114049899, 开奖时间: 20:40
[2025-09-03 20:45:12] 爬虫任务执行成功
[2025-09-03 20:45:12] 爬虫任务结束
[2025-09-03 20:45:12] 定时任务已设置: 每56秒执行一次（传统模式，运行时间：7:05-23:59）
[2025-09-03 20:46:12] 定时任务已设置: 每40秒执行一次（传统模式，运行时间：7:05-23:59）
[2025-09-03 20:46:52] 开始执行爬虫任务
[2025-09-03 20:47:47] 成功抓取今日完整数据，共 100 条记录
[2025-09-03 20:47:47] 获取到新数据 - 期号: 114049900, 开奖时间: 20:45
[2025-09-03 20:47:47] 爬虫任务执行成功
[2025-09-03 20:47:47] 爬虫任务结束
[2025-09-03 20:47:57] 定时任务已设置: 每54秒执行一次（传统模式，运行时间：7:05-23:59）
