[2025-09-09 12:08:02] 开始执行爬虫任务
[2025-09-09 12:08:30] 成功抓取今日完整数据，共 61 条记录
[2025-09-09 12:08:30] 获取到新数据 - 期号: 114051014, 开奖时间: 12:05
[2025-09-09 12:08:30] 开奖时间已过，立即进行下次抓取
[2025-09-09 12:08:30] 安排 5 秒后进行下次抓取（12:08:35）
[2025-09-09 12:08:30] 爬虫任务执行成功
[2025-09-09 12:08:30] 爬虫任务结束
[2025-09-09 12:08:35] 开始执行爬虫任务
[2025-09-09 12:09:01] 成功抓取今日完整数据，共 61 条记录
[2025-09-09 12:09:01] 暂无新数据，当前期号: 114051014
[2025-09-09 12:09:01] 安排 60 秒后进行下次抓取（12:10:01）
[2025-09-09 12:09:01] 爬虫任务执行成功
[2025-09-09 12:09:01] 爬虫任务结束
[2025-09-09 12:10:01] 开始执行爬虫任务
[2025-09-09 12:10:30] 成功抓取今日完整数据，共 50 条记录
[2025-09-09 12:10:30] 暂无新数据，当前期号: 114051014
[2025-09-09 12:10:30] 安排 60 秒后进行下次抓取（12:11:30）
[2025-09-09 12:10:30] 爬虫任务执行成功
[2025-09-09 12:10:33] 爬虫任务结束
[2025-09-09 12:11:30] 开始执行爬虫任务
[2025-09-09 12:11:57] 成功抓取今日完整数据，共 62 条记录
[2025-09-09 12:11:57] 获取到新数据 - 期号: 114051015, 开奖时间: 12:10
[2025-09-09 12:11:57] 开奖时间: 12:10:00, 下次抓取时间: 12:12:20, 等待 22 秒
[2025-09-09 12:11:57] 安排 22 秒后进行下次抓取（12:12:19）
[2025-09-09 12:11:57] 爬虫任务执行成功
[2025-09-09 12:11:57] 爬虫任务结束
[2025-09-09 12:12:19] 开始执行爬虫任务
[2025-09-09 12:12:45] 成功抓取今日完整数据，共 62 条记录
[2025-09-09 12:12:45] 暂无新数据，当前期号: 114051015
[2025-09-09 12:12:45] 安排 60 秒后进行下次抓取（12:13:45）
[2025-09-09 12:12:45] 爬虫任务执行成功
[2025-09-09 12:12:45] 爬虫任务结束
[2025-09-09 12:20:06] 开始执行爬虫任务
[2025-09-09 12:20:38] 成功抓取今日完整数据，共 63 条记录
[2025-09-09 12:20:38] 获取到新数据 - 期号: 114051016, 开奖时间: 12:15
[2025-09-09 12:20:38] 开奖时间已过，立即进行下次抓取
[2025-09-09 12:20:38] 安排 5 秒后进行下次抓取（12:20:43）
[2025-09-09 12:20:38] 爬虫任务执行成功
[2025-09-09 12:20:38] 爬虫任务结束
[2025-09-09 12:20:43] 开始执行爬虫任务
[2025-09-09 12:24:33] 成功抓取今日完整数据，共 50 条记录
[2025-09-09 12:24:33] 暂无新数据，当前期号: 114051016
[2025-09-09 12:24:33] 安排 60 秒后进行下次抓取（12:25:33）
[2025-09-09 12:24:33] 爬虫任务执行成功
[2025-09-09 12:24:34] 爬虫任务结束
[2025-09-09 12:28:57] 开始执行爬虫任务
[2025-09-09 12:29:23] 成功抓取今日完整数据，共 65 条记录
[2025-09-09 12:29:23] 获取到新数据 - 期号: 114051018, 开奖时间: 12:25
[2025-09-09 12:29:23] 开奖时间已过，立即进行下次抓取
[2025-09-09 12:29:23] 安排 5 秒后进行下次抓取（12:29:28）
[2025-09-09 12:29:23] 爬虫任务执行成功
[2025-09-09 12:29:23] 爬虫任务结束
[2025-09-09 12:29:28] 开始执行爬虫任务
[2025-09-09 12:33:19] 成功抓取今日完整数据，共 50 条记录
[2025-09-09 12:33:19] 暂无新数据，当前期号: 114051018
[2025-09-09 12:33:19] 安排 60 秒后进行下次抓取（12:34:19）
[2025-09-09 12:33:19] 爬虫任务执行成功
[2025-09-09 12:33:19] 爬虫任务结束
[2025-09-09 13:10:15] 开始执行爬虫任务
[2025-09-09 13:10:43] 成功抓取今日完整数据，共 73 条记录
[2025-09-09 13:10:43] 获取到新数据 - 期号: 114051026, 开奖时间: 13:05
[2025-09-09 13:10:43] 开奖时间已过，立即进行下次抓取
[2025-09-09 13:10:43] 安排 5 秒后进行下次抓取（13:10:48）
[2025-09-09 13:10:43] 爬虫任务执行成功
[2025-09-09 13:10:43] 爬虫任务结束
[2025-09-09 13:10:48] 开始执行爬虫任务
[2025-09-09 13:11:15] 成功抓取今日完整数据，共 74 条记录
[2025-09-09 13:11:15] 获取到新数据 - 期号: 114051027, 开奖时间: 13:10
[2025-09-09 13:11:15] 开奖时间: 13:10:00, 下次抓取时间: 13:12:20, 等待 64 秒
[2025-09-09 13:11:15] 安排 64 秒后进行下次抓取（13:12:19）
[2025-09-09 13:11:15] 爬虫任务执行成功
[2025-09-09 13:11:15] 爬虫任务结束
[2025-09-09 13:12:19] 开始执行爬虫任务
[2025-09-09 13:12:46] 成功抓取今日完整数据，共 74 条记录
[2025-09-09 13:12:46] 暂无新数据，当前期号: 114051027
[2025-09-09 13:12:46] 安排 60 秒后进行下次抓取（13:13:46）
[2025-09-09 13:12:46] 爬虫任务执行成功
[2025-09-09 13:12:46] 爬虫任务结束
[2025-09-09 13:13:46] 开始执行爬虫任务
[2025-09-09 13:14:13] 成功抓取今日完整数据，共 74 条记录
[2025-09-09 13:14:13] 暂无新数据，当前期号: 114051027
[2025-09-09 13:14:13] 安排 60 秒后进行下次抓取（13:15:13）
[2025-09-09 13:14:13] 爬虫任务执行成功
[2025-09-09 13:14:13] 爬虫任务结束
[2025-09-09 13:15:13] 开始执行爬虫任务
[2025-09-09 13:15:39] 成功抓取今日完整数据，共 74 条记录
[2025-09-09 13:15:39] 暂无新数据，当前期号: 114051027
[2025-09-09 13:15:39] 安排 60 秒后进行下次抓取（13:16:39）
[2025-09-09 13:15:39] 爬虫任务执行成功
[2025-09-09 13:15:39] 爬虫任务结束
[2025-09-09 13:16:39] 开始执行爬虫任务
[2025-09-09 13:17:07] 成功抓取今日完整数据，共 75 条记录
[2025-09-09 13:17:07] 获取到新数据 - 期号: 114051028, 开奖时间: 13:15
[2025-09-09 13:17:07] 开奖时间: 13:15:00, 下次抓取时间: 13:17:20, 等待 12 秒
[2025-09-09 13:17:07] 安排 12 秒后进行下次抓取（13:17:19）
[2025-09-09 13:17:07] 爬虫任务执行成功
[2025-09-09 13:17:07] 爬虫任务结束
[2025-09-09 13:17:19] 开始执行爬虫任务
[2025-09-09 13:17:44] 成功抓取今日完整数据，共 75 条记录
[2025-09-09 13:17:44] 暂无新数据，当前期号: 114051028
[2025-09-09 13:17:44] 安排 60 秒后进行下次抓取（13:18:44）
[2025-09-09 13:17:44] 爬虫任务执行成功
[2025-09-09 13:17:44] 爬虫任务结束
[2025-09-09 13:18:44] 开始执行爬虫任务
[2025-09-09 13:19:11] 成功抓取今日完整数据，共 75 条记录
[2025-09-09 13:19:11] 暂无新数据，当前期号: 114051028
[2025-09-09 13:19:11] 安排 60 秒后进行下次抓取（13:20:11）
[2025-09-09 13:19:11] 爬虫任务执行成功
[2025-09-09 13:19:11] 爬虫任务结束
[2025-09-09 13:20:11] 开始执行爬虫任务
[2025-09-09 13:20:37] 成功抓取今日完整数据，共 75 条记录
[2025-09-09 13:20:37] 暂无新数据，当前期号: 114051028
[2025-09-09 13:20:37] 安排 60 秒后进行下次抓取（13:21:37）
[2025-09-09 13:20:37] 爬虫任务执行成功
[2025-09-09 13:20:37] 爬虫任务结束
[2025-09-09 13:21:37] 开始执行爬虫任务
[2025-09-09 13:22:03] 成功抓取今日完整数据，共 75 条记录
[2025-09-09 13:22:03] 暂无新数据，当前期号: 114051028
[2025-09-09 13:22:03] 安排 60 秒后进行下次抓取（13:23:03）
[2025-09-09 13:22:03] 爬虫任务执行成功
[2025-09-09 13:22:03] 爬虫任务结束
[2025-09-09 13:23:03] 开始执行爬虫任务
[2025-09-09 13:23:29] 成功抓取今日完整数据，共 76 条记录
[2025-09-09 13:23:29] 获取到新数据 - 期号: 114051029, 开奖时间: 13:20
[2025-09-09 13:23:29] 开奖时间已过，立即进行下次抓取
[2025-09-09 13:23:29] 安排 5 秒后进行下次抓取（13:23:34）
[2025-09-09 13:23:29] 爬虫任务执行成功
[2025-09-09 13:23:29] 爬虫任务结束
[2025-09-09 13:23:34] 开始执行爬虫任务
[2025-09-09 13:24:01] 成功抓取今日完整数据，共 76 条记录
[2025-09-09 13:24:01] 暂无新数据，当前期号: 114051029
[2025-09-09 13:24:01] 安排 60 秒后进行下次抓取（13:25:01）
[2025-09-09 13:24:01] 爬虫任务执行成功
[2025-09-09 13:24:01] 爬虫任务结束
[2025-09-09 13:25:01] 开始执行爬虫任务
[2025-09-09 13:25:28] 成功抓取今日完整数据，共 76 条记录
[2025-09-09 13:25:28] 暂无新数据，当前期号: 114051029
[2025-09-09 13:25:28] 安排 60 秒后进行下次抓取（13:26:28）
[2025-09-09 13:25:28] 爬虫任务执行成功
[2025-09-09 13:25:28] 爬虫任务结束
[2025-09-09 13:26:28] 开始执行爬虫任务
[2025-09-09 13:26:55] 成功抓取今日完整数据，共 76 条记录
[2025-09-09 13:26:55] 暂无新数据，当前期号: 114051029
[2025-09-09 13:26:55] 安排 60 秒后进行下次抓取（13:27:55）
[2025-09-09 13:26:55] 爬虫任务执行成功
[2025-09-09 13:26:55] 爬虫任务结束
[2025-09-09 13:27:55] 开始执行爬虫任务
[2025-09-09 13:28:22] 成功抓取今日完整数据，共 77 条记录
[2025-09-09 13:28:22] 获取到新数据 - 期号: 114051030, 开奖时间: 13:25
[2025-09-09 13:28:22] 开奖时间已过，立即进行下次抓取
[2025-09-09 13:28:22] 安排 5 秒后进行下次抓取（13:28:27）
[2025-09-09 13:28:22] 爬虫任务执行成功
[2025-09-09 13:28:22] 爬虫任务结束
[2025-09-09 13:28:27] 开始执行爬虫任务
[2025-09-09 13:28:54] 成功抓取今日完整数据，共 77 条记录
[2025-09-09 13:28:54] 暂无新数据，当前期号: 114051030
[2025-09-09 13:28:54] 安排 60 秒后进行下次抓取（13:29:54）
[2025-09-09 13:28:54] 爬虫任务执行成功
[2025-09-09 13:28:54] 爬虫任务结束
[2025-09-09 13:29:54] 开始执行爬虫任务
[2025-09-09 13:30:21] 成功抓取今日完整数据，共 77 条记录
[2025-09-09 13:30:21] 暂无新数据，当前期号: 114051030
[2025-09-09 13:30:21] 安排 60 秒后进行下次抓取（13:31:21）
[2025-09-09 13:30:21] 爬虫任务执行成功
[2025-09-09 13:30:21] 爬虫任务结束
[2025-09-09 13:31:21] 开始执行爬虫任务
[2025-09-09 13:31:49] 成功抓取今日完整数据，共 77 条记录
[2025-09-09 13:31:49] 暂无新数据，当前期号: 114051030
[2025-09-09 13:31:49] 安排 60 秒后进行下次抓取（13:32:49）
[2025-09-09 13:31:49] 爬虫任务执行成功
[2025-09-09 13:31:49] 爬虫任务结束
[2025-09-09 13:32:49] 开始执行爬虫任务
[2025-09-09 13:33:17] 成功抓取今日完整数据，共 78 条记录
[2025-09-09 13:33:17] 获取到新数据 - 期号: 114051031, 开奖时间: 13:30
[2025-09-09 13:33:17] 开奖时间已过，立即进行下次抓取
[2025-09-09 13:33:17] 安排 5 秒后进行下次抓取（13:33:22）
[2025-09-09 13:33:17] 爬虫任务执行成功
[2025-09-09 13:33:17] 爬虫任务结束
[2025-09-09 13:33:22] 开始执行爬虫任务
[2025-09-09 13:33:49] 成功抓取今日完整数据，共 78 条记录
[2025-09-09 13:33:49] 暂无新数据，当前期号: 114051031
[2025-09-09 13:33:49] 安排 60 秒后进行下次抓取（13:34:49）
[2025-09-09 13:33:49] 爬虫任务执行成功
[2025-09-09 13:33:50] 爬虫任务结束
[2025-09-09 13:34:49] 开始执行爬虫任务
[2025-09-09 13:35:18] 成功抓取今日完整数据，共 78 条记录
[2025-09-09 13:35:18] 暂无新数据，当前期号: 114051031
[2025-09-09 13:35:18] 安排 60 秒后进行下次抓取（13:36:18）
[2025-09-09 13:35:18] 爬虫任务执行成功
[2025-09-09 13:35:18] 爬虫任务结束
[2025-09-09 13:36:18] 开始执行爬虫任务
[2025-09-09 13:36:46] 成功抓取今日完整数据，共 78 条记录
[2025-09-09 13:36:46] 暂无新数据，当前期号: 114051031
[2025-09-09 13:36:46] 安排 60 秒后进行下次抓取（13:37:46）
[2025-09-09 13:36:46] 爬虫任务执行成功
[2025-09-09 13:36:46] 爬虫任务结束
[2025-09-09 13:37:46] 开始执行爬虫任务
[2025-09-09 13:38:12] 成功抓取今日完整数据，共 79 条记录
[2025-09-09 13:38:12] 获取到新数据 - 期号: 114051032, 开奖时间: 13:35
[2025-09-09 13:38:12] 开奖时间已过，立即进行下次抓取
[2025-09-09 13:38:12] 安排 5 秒后进行下次抓取（13:38:17）
[2025-09-09 13:38:12] 爬虫任务执行成功
[2025-09-09 13:38:12] 爬虫任务结束
[2025-09-09 13:38:17] 开始执行爬虫任务
[2025-09-09 13:38:44] 成功抓取今日完整数据，共 79 条记录
[2025-09-09 13:38:44] 暂无新数据，当前期号: 114051032
[2025-09-09 13:38:44] 安排 60 秒后进行下次抓取（13:39:44）
[2025-09-09 13:38:44] 爬虫任务执行成功
[2025-09-09 13:38:44] 爬虫任务结束
[2025-09-09 13:39:44] 开始执行爬虫任务
[2025-09-09 13:40:12] 成功抓取今日完整数据，共 79 条记录
[2025-09-09 13:40:12] 暂无新数据，当前期号: 114051032
[2025-09-09 13:40:12] 安排 60 秒后进行下次抓取（13:41:12）
[2025-09-09 13:40:12] 爬虫任务执行成功
[2025-09-09 13:40:12] 爬虫任务结束
[2025-09-09 13:41:12] 开始执行爬虫任务
[2025-09-09 13:41:39] 成功抓取今日完整数据，共 80 条记录
[2025-09-09 13:41:39] 获取到新数据 - 期号: 114051033, 开奖时间: 13:40
[2025-09-09 13:41:39] 开奖时间: 13:40:00, 下次抓取时间: 13:42:20, 等待 40 秒
[2025-09-09 13:41:39] 安排 40 秒后进行下次抓取（13:42:19）
[2025-09-09 13:41:39] 爬虫任务执行成功
[2025-09-09 13:41:39] 爬虫任务结束
[2025-09-09 13:42:19] 开始执行爬虫任务
[2025-09-09 13:42:46] 成功抓取今日完整数据，共 80 条记录
[2025-09-09 13:42:46] 暂无新数据，当前期号: 114051033
[2025-09-09 13:42:46] 安排 60 秒后进行下次抓取（13:43:46）
[2025-09-09 13:42:46] 爬虫任务执行成功
[2025-09-09 13:42:46] 爬虫任务结束
[2025-09-09 13:43:46] 开始执行爬虫任务
[2025-09-09 13:44:12] 成功抓取今日完整数据，共 80 条记录
[2025-09-09 13:44:12] 暂无新数据，当前期号: 114051033
[2025-09-09 13:44:12] 安排 60 秒后进行下次抓取（13:45:12）
[2025-09-09 13:44:12] 爬虫任务执行成功
[2025-09-09 13:44:12] 爬虫任务结束
[2025-09-09 13:45:12] 开始执行爬虫任务
[2025-09-09 13:45:40] 成功抓取今日完整数据，共 80 条记录
[2025-09-09 13:45:40] 暂无新数据，当前期号: 114051033
[2025-09-09 13:45:40] 安排 60 秒后进行下次抓取（13:46:40）
[2025-09-09 13:45:40] 爬虫任务执行成功
[2025-09-09 13:45:40] 爬虫任务结束
[2025-09-09 13:46:40] 开始执行爬虫任务
[2025-09-09 13:47:08] 成功抓取今日完整数据，共 81 条记录
[2025-09-09 13:47:08] 获取到新数据 - 期号: 114051034, 开奖时间: 13:45
[2025-09-09 13:47:08] 开奖时间: 13:45:00, 下次抓取时间: 13:47:20, 等待 11 秒
[2025-09-09 13:47:08] 安排 11 秒后进行下次抓取（13:47:19）
[2025-09-09 13:47:08] 爬虫任务执行成功
[2025-09-09 13:47:08] 爬虫任务结束
[2025-09-09 13:47:19] 开始执行爬虫任务
[2025-09-09 13:47:46] 成功抓取今日完整数据，共 81 条记录
[2025-09-09 13:47:46] 暂无新数据，当前期号: 114051034
[2025-09-09 13:47:46] 安排 60 秒后进行下次抓取（13:48:46）
[2025-09-09 13:47:46] 爬虫任务执行成功
[2025-09-09 13:47:46] 爬虫任务结束
[2025-09-09 13:48:46] 开始执行爬虫任务
[2025-09-09 13:49:13] 成功抓取今日完整数据，共 81 条记录
[2025-09-09 13:49:13] 暂无新数据，当前期号: 114051034
[2025-09-09 13:49:13] 安排 60 秒后进行下次抓取（13:50:13）
[2025-09-09 13:49:13] 爬虫任务执行成功
[2025-09-09 13:49:13] 爬虫任务结束
[2025-09-09 13:50:13] 开始执行爬虫任务
[2025-09-09 13:50:40] 成功抓取今日完整数据，共 81 条记录
[2025-09-09 13:50:40] 暂无新数据，当前期号: 114051034
[2025-09-09 13:50:40] 安排 60 秒后进行下次抓取（13:51:40）
[2025-09-09 13:50:40] 爬虫任务执行成功
[2025-09-09 13:50:40] 爬虫任务结束
[2025-09-09 13:51:40] 开始执行爬虫任务
[2025-09-09 13:52:09] 成功抓取今日完整数据，共 82 条记录
[2025-09-09 13:52:09] 获取到新数据 - 期号: 114051035, 开奖时间: 13:50
[2025-09-09 13:52:09] 开奖时间: 13:50:00, 下次抓取时间: 13:52:20, 等待 10 秒
[2025-09-09 13:52:09] 安排 10 秒后进行下次抓取（13:52:19）
[2025-09-09 13:52:09] 爬虫任务执行成功
[2025-09-09 13:52:09] 爬虫任务结束
[2025-09-09 13:52:19] 开始执行爬虫任务
[2025-09-09 13:52:45] 成功抓取今日完整数据，共 82 条记录
[2025-09-09 13:52:45] 暂无新数据，当前期号: 114051035
[2025-09-09 13:52:45] 安排 60 秒后进行下次抓取（13:53:45）
[2025-09-09 13:52:45] 爬虫任务执行成功
[2025-09-09 13:52:45] 爬虫任务结束
[2025-09-09 13:53:45] 开始执行爬虫任务
[2025-09-09 13:54:13] 成功抓取今日完整数据，共 82 条记录
[2025-09-09 13:54:13] 暂无新数据，当前期号: 114051035
[2025-09-09 13:54:13] 安排 60 秒后进行下次抓取（13:55:13）
[2025-09-09 13:54:13] 爬虫任务执行成功
[2025-09-09 13:54:13] 爬虫任务结束
[2025-09-09 13:55:13] 开始执行爬虫任务
[2025-09-09 13:55:42] 成功抓取今日完整数据，共 82 条记录
[2025-09-09 13:55:42] 暂无新数据，当前期号: 114051035
[2025-09-09 13:55:42] 安排 60 秒后进行下次抓取（13:56:42）
[2025-09-09 13:55:42] 爬虫任务执行成功
[2025-09-09 13:55:42] 爬虫任务结束
[2025-09-09 13:56:42] 开始执行爬虫任务
[2025-09-09 13:57:11] 成功抓取今日完整数据，共 83 条记录
[2025-09-09 13:57:11] 获取到新数据 - 期号: 114051036, 开奖时间: 13:55
[2025-09-09 13:57:11] 开奖时间: 13:55:00, 下次抓取时间: 13:57:20, 等待 8 秒
[2025-09-09 13:57:11] 安排 8 秒后进行下次抓取（13:57:19）
[2025-09-09 13:57:11] 爬虫任务执行成功
[2025-09-09 13:57:11] 爬虫任务结束
[2025-09-09 13:57:19] 开始执行爬虫任务
[2025-09-09 13:57:47] 成功抓取今日完整数据，共 83 条记录
[2025-09-09 13:57:47] 暂无新数据，当前期号: 114051036
[2025-09-09 13:57:47] 安排 60 秒后进行下次抓取（13:58:47）
[2025-09-09 13:57:47] 爬虫任务执行成功
[2025-09-09 13:57:47] 爬虫任务结束
[2025-09-09 13:58:47] 开始执行爬虫任务
[2025-09-09 13:59:14] 成功抓取今日完整数据，共 83 条记录
[2025-09-09 13:59:14] 暂无新数据，当前期号: 114051036
[2025-09-09 13:59:14] 安排 60 秒后进行下次抓取（14:00:14）
[2025-09-09 13:59:14] 爬虫任务执行成功
[2025-09-09 13:59:14] 爬虫任务结束
[2025-09-09 14:00:14] 开始执行爬虫任务
[2025-09-09 14:00:42] 成功抓取今日完整数据，共 83 条记录
[2025-09-09 14:00:42] 暂无新数据，当前期号: 114051036
[2025-09-09 14:00:42] 安排 60 秒后进行下次抓取（14:01:42）
[2025-09-09 14:00:42] 爬虫任务执行成功
[2025-09-09 14:00:42] 爬虫任务结束
[2025-09-09 14:01:42] 开始执行爬虫任务
[2025-09-09 14:02:11] 成功抓取今日完整数据，共 84 条记录
[2025-09-09 14:02:11] 获取到新数据 - 期号: 114051037, 开奖时间: 14:00
[2025-09-09 14:02:11] 开奖时间: 14:00:00, 下次抓取时间: 14:02:20, 等待 8 秒
[2025-09-09 14:02:11] 安排 8 秒后进行下次抓取（14:02:19）
[2025-09-09 14:02:11] 爬虫任务执行成功
[2025-09-09 14:02:11] 爬虫任务结束
[2025-09-09 14:02:19] 开始执行爬虫任务
[2025-09-09 14:02:47] 成功抓取今日完整数据，共 84 条记录
[2025-09-09 14:02:47] 暂无新数据，当前期号: 114051037
[2025-09-09 14:02:47] 安排 60 秒后进行下次抓取（14:03:47）
[2025-09-09 14:02:47] 爬虫任务执行成功
[2025-09-09 14:02:47] 爬虫任务结束
[2025-09-09 14:03:47] 开始执行爬虫任务
[2025-09-09 14:04:15] 成功抓取今日完整数据，共 84 条记录
[2025-09-09 14:04:15] 暂无新数据，当前期号: 114051037
[2025-09-09 14:04:15] 安排 60 秒后进行下次抓取（14:05:15）
[2025-09-09 14:04:15] 爬虫任务执行成功
[2025-09-09 14:04:15] 爬虫任务结束
[2025-09-09 14:05:15] 开始执行爬虫任务
[2025-09-09 14:05:43] 成功抓取今日完整数据，共 84 条记录
[2025-09-09 14:05:43] 暂无新数据，当前期号: 114051037
[2025-09-09 14:05:43] 安排 60 秒后进行下次抓取（14:06:43）
[2025-09-09 14:05:43] 爬虫任务执行成功
[2025-09-09 14:05:43] 爬虫任务结束
[2025-09-09 14:06:43] 开始执行爬虫任务
[2025-09-09 14:07:11] 成功抓取今日完整数据，共 84 条记录
[2025-09-09 14:07:11] 暂无新数据，当前期号: 114051037
[2025-09-09 14:07:11] 安排 60 秒后进行下次抓取（14:08:11）
[2025-09-09 14:07:11] 爬虫任务执行成功
[2025-09-09 14:07:11] 爬虫任务结束
[2025-09-09 14:08:11] 开始执行爬虫任务
[2025-09-09 14:08:38] 成功抓取今日完整数据，共 85 条记录
[2025-09-09 14:08:38] 获取到新数据 - 期号: 114051038, 开奖时间: 14:05
[2025-09-09 14:08:38] 开奖时间已过，立即进行下次抓取
[2025-09-09 14:08:38] 安排 5 秒后进行下次抓取（14:08:43）
[2025-09-09 14:08:38] 爬虫任务执行成功
[2025-09-09 14:08:38] 爬虫任务结束
[2025-09-09 14:08:43] 开始执行爬虫任务
[2025-09-09 14:09:11] 成功抓取今日完整数据，共 85 条记录
[2025-09-09 14:09:11] 暂无新数据，当前期号: 114051038
[2025-09-09 14:09:11] 安排 60 秒后进行下次抓取（14:10:11）
[2025-09-09 14:09:11] 爬虫任务执行成功
[2025-09-09 14:09:11] 爬虫任务结束
[2025-09-09 14:10:11] 开始执行爬虫任务
[2025-09-09 14:10:39] 成功抓取今日完整数据，共 85 条记录
[2025-09-09 14:10:39] 暂无新数据，当前期号: 114051038
[2025-09-09 14:10:39] 安排 60 秒后进行下次抓取（14:11:39）
[2025-09-09 14:10:39] 爬虫任务执行成功
[2025-09-09 14:10:39] 爬虫任务结束
[2025-09-09 14:11:39] 开始执行爬虫任务
[2025-09-09 14:12:08] 成功抓取今日完整数据，共 86 条记录
[2025-09-09 14:12:08] 获取到新数据 - 期号: 114051039, 开奖时间: 14:10
[2025-09-09 14:12:08] 开奖时间: 14:10:00, 下次抓取时间: 14:12:20, 等待 11 秒
[2025-09-09 14:12:08] 安排 11 秒后进行下次抓取（14:12:19）
[2025-09-09 14:12:08] 爬虫任务执行成功
[2025-09-09 14:12:08] 爬虫任务结束
[2025-09-09 14:12:19] 开始执行爬虫任务
[2025-09-09 14:12:47] 成功抓取今日完整数据，共 86 条记录
[2025-09-09 14:12:47] 暂无新数据，当前期号: 114051039
[2025-09-09 14:12:47] 安排 60 秒后进行下次抓取（14:13:47）
[2025-09-09 14:12:47] 爬虫任务执行成功
[2025-09-09 14:12:47] 爬虫任务结束
[2025-09-09 14:13:47] 开始执行爬虫任务
[2025-09-09 14:14:15] 成功抓取今日完整数据，共 86 条记录
[2025-09-09 14:14:15] 暂无新数据，当前期号: 114051039
[2025-09-09 14:14:15] 安排 60 秒后进行下次抓取（14:15:15）
[2025-09-09 14:14:15] 爬虫任务执行成功
[2025-09-09 14:14:15] 爬虫任务结束
[2025-09-09 14:15:15] 开始执行爬虫任务
[2025-09-09 14:15:44] 成功抓取今日完整数据，共 86 条记录
[2025-09-09 14:15:44] 暂无新数据，当前期号: 114051039
[2025-09-09 14:15:44] 安排 60 秒后进行下次抓取（14:16:44）
[2025-09-09 14:15:44] 爬虫任务执行成功
[2025-09-09 14:15:44] 爬虫任务结束
[2025-09-09 14:16:44] 开始执行爬虫任务
[2025-09-09 14:17:12] 成功抓取今日完整数据，共 87 条记录
[2025-09-09 14:17:12] 获取到新数据 - 期号: 114051040, 开奖时间: 14:15
[2025-09-09 14:17:12] 开奖时间: 14:15:00, 下次抓取时间: 14:17:20, 等待 7 秒
[2025-09-09 14:17:12] 安排 7 秒后进行下次抓取（14:17:19）
[2025-09-09 14:17:12] 爬虫任务执行成功
[2025-09-09 14:17:12] 爬虫任务结束
[2025-09-09 14:17:19] 开始执行爬虫任务
[2025-09-09 14:17:46] 成功抓取今日完整数据，共 87 条记录
[2025-09-09 14:17:46] 暂无新数据，当前期号: 114051040
[2025-09-09 14:17:46] 安排 60 秒后进行下次抓取（14:18:46）
[2025-09-09 14:17:46] 爬虫任务执行成功
[2025-09-09 14:17:46] 爬虫任务结束
[2025-09-09 14:18:46] 开始执行爬虫任务
[2025-09-09 14:19:13] 成功抓取今日完整数据，共 87 条记录
[2025-09-09 14:19:13] 暂无新数据，当前期号: 114051040
[2025-09-09 14:19:13] 安排 60 秒后进行下次抓取（14:20:13）
[2025-09-09 14:19:13] 爬虫任务执行成功
[2025-09-09 14:19:13] 爬虫任务结束
[2025-09-09 14:20:13] 开始执行爬虫任务
[2025-09-09 14:20:41] 成功抓取今日完整数据，共 87 条记录
[2025-09-09 14:20:41] 暂无新数据，当前期号: 114051040
[2025-09-09 14:20:41] 安排 60 秒后进行下次抓取（14:21:41）
[2025-09-09 14:20:41] 爬虫任务执行成功
[2025-09-09 14:20:41] 爬虫任务结束
[2025-09-09 14:21:41] 开始执行爬虫任务
[2025-09-09 14:22:09] 成功抓取今日完整数据，共 87 条记录
[2025-09-09 14:22:09] 暂无新数据，当前期号: 114051040
[2025-09-09 14:22:09] 安排 60 秒后进行下次抓取（14:23:09）
[2025-09-09 14:22:09] 爬虫任务执行成功
[2025-09-09 14:22:09] 爬虫任务结束
[2025-09-09 14:23:09] 开始执行爬虫任务
[2025-09-09 14:23:35] 成功抓取今日完整数据，共 88 条记录
[2025-09-09 14:23:35] 获取到新数据 - 期号: 114051041, 开奖时间: 14:20
[2025-09-09 14:23:35] 开奖时间已过，立即进行下次抓取
[2025-09-09 14:23:35] 安排 5 秒后进行下次抓取（14:23:40）
[2025-09-09 14:23:35] 爬虫任务执行成功
[2025-09-09 14:23:35] 爬虫任务结束
[2025-09-09 14:23:40] 开始执行爬虫任务
[2025-09-09 14:24:08] 成功抓取今日完整数据，共 88 条记录
[2025-09-09 14:24:08] 暂无新数据，当前期号: 114051041
[2025-09-09 14:24:08] 安排 60 秒后进行下次抓取（14:25:08）
[2025-09-09 14:24:08] 爬虫任务执行成功
[2025-09-09 14:24:08] 爬虫任务结束
[2025-09-09 14:25:08] 开始执行爬虫任务
[2025-09-09 14:25:36] 成功抓取今日完整数据，共 88 条记录
[2025-09-09 14:25:36] 暂无新数据，当前期号: 114051041
[2025-09-09 14:25:36] 安排 60 秒后进行下次抓取（14:26:36）
[2025-09-09 14:25:36] 爬虫任务执行成功
[2025-09-09 14:25:36] 爬虫任务结束
[2025-09-09 14:26:36] 开始执行爬虫任务
[2025-09-09 14:27:04] 成功抓取今日完整数据，共 89 条记录
[2025-09-09 14:27:04] 获取到新数据 - 期号: 114051042, 开奖时间: 14:25
[2025-09-09 14:27:04] 开奖时间: 14:25:00, 下次抓取时间: 14:27:20, 等待 15 秒
[2025-09-09 14:27:04] 安排 15 秒后进行下次抓取（14:27:19）
[2025-09-09 14:27:04] 爬虫任务执行成功
[2025-09-09 14:27:04] 爬虫任务结束
[2025-09-09 14:27:19] 开始执行爬虫任务
[2025-09-09 14:27:47] 成功抓取今日完整数据，共 89 条记录
[2025-09-09 14:27:47] 暂无新数据，当前期号: 114051042
[2025-09-09 14:27:47] 安排 60 秒后进行下次抓取（14:28:47）
[2025-09-09 14:27:47] 爬虫任务执行成功
[2025-09-09 14:27:47] 爬虫任务结束
[2025-09-09 14:28:47] 开始执行爬虫任务
[2025-09-09 14:29:15] 成功抓取今日完整数据，共 89 条记录
[2025-09-09 14:29:15] 暂无新数据，当前期号: 114051042
[2025-09-09 14:29:15] 安排 60 秒后进行下次抓取（14:30:15）
[2025-09-09 14:29:15] 爬虫任务执行成功
[2025-09-09 14:29:15] 爬虫任务结束
[2025-09-09 14:30:15] 开始执行爬虫任务
[2025-09-09 14:30:43] 成功抓取今日完整数据，共 89 条记录
[2025-09-09 14:30:43] 暂无新数据，当前期号: 114051042
[2025-09-09 14:30:43] 安排 60 秒后进行下次抓取（14:31:43）
[2025-09-09 14:30:43] 爬虫任务执行成功
[2025-09-09 14:30:43] 爬虫任务结束
[2025-09-09 14:31:43] 开始执行爬虫任务
[2025-09-09 14:32:11] 成功抓取今日完整数据，共 90 条记录
[2025-09-09 14:32:11] 获取到新数据 - 期号: 114051043, 开奖时间: 14:30
[2025-09-09 14:32:11] 开奖时间: 14:30:00, 下次抓取时间: 14:32:20, 等待 8 秒
[2025-09-09 14:32:11] 安排 8 秒后进行下次抓取（14:32:19）
[2025-09-09 14:32:11] 爬虫任务执行成功
[2025-09-09 14:32:11] 爬虫任务结束
[2025-09-09 14:32:19] 开始执行爬虫任务
[2025-09-09 14:32:47] 成功抓取今日完整数据，共 90 条记录
[2025-09-09 14:32:47] 暂无新数据，当前期号: 114051043
[2025-09-09 14:32:47] 安排 60 秒后进行下次抓取（14:33:47）
[2025-09-09 14:32:47] 爬虫任务执行成功
[2025-09-09 14:32:47] 爬虫任务结束
[2025-09-09 14:33:47] 开始执行爬虫任务
[2025-09-09 14:34:15] 成功抓取今日完整数据，共 90 条记录
[2025-09-09 14:34:15] 暂无新数据，当前期号: 114051043
[2025-09-09 14:34:15] 安排 60 秒后进行下次抓取（14:35:15）
[2025-09-09 14:34:15] 爬虫任务执行成功
[2025-09-09 14:34:15] 爬虫任务结束
[2025-09-09 14:35:15] 开始执行爬虫任务
[2025-09-09 14:35:43] 成功抓取今日完整数据，共 90 条记录
[2025-09-09 14:35:43] 暂无新数据，当前期号: 114051043
[2025-09-09 14:35:43] 安排 60 秒后进行下次抓取（14:36:43）
[2025-09-09 14:35:43] 爬虫任务执行成功
[2025-09-09 14:35:43] 爬虫任务结束
[2025-09-09 14:36:43] 开始执行爬虫任务
[2025-09-09 14:37:11] 成功抓取今日完整数据，共 91 条记录
[2025-09-09 14:37:11] 获取到新数据 - 期号: 114051044, 开奖时间: 14:35
[2025-09-09 14:37:11] 开奖时间: 14:35:00, 下次抓取时间: 14:37:20, 等待 8 秒
[2025-09-09 14:37:11] 安排 8 秒后进行下次抓取（14:37:19）
[2025-09-09 14:37:11] 爬虫任务执行成功
[2025-09-09 14:37:11] 爬虫任务结束
[2025-09-09 14:37:19] 开始执行爬虫任务
[2025-09-09 14:37:47] 成功抓取今日完整数据，共 91 条记录
[2025-09-09 14:37:47] 暂无新数据，当前期号: 114051044
[2025-09-09 14:37:47] 安排 60 秒后进行下次抓取（14:38:47）
[2025-09-09 14:37:47] 爬虫任务执行成功
[2025-09-09 14:37:47] 爬虫任务结束
[2025-09-09 14:38:47] 开始执行爬虫任务
[2025-09-09 14:39:15] 成功抓取今日完整数据，共 91 条记录
[2025-09-09 14:39:15] 暂无新数据，当前期号: 114051044
[2025-09-09 14:39:15] 安排 60 秒后进行下次抓取（14:40:15）
[2025-09-09 14:39:15] 爬虫任务执行成功
[2025-09-09 14:39:15] 爬虫任务结束
[2025-09-09 14:40:15] 开始执行爬虫任务
[2025-09-09 14:40:43] 成功抓取今日完整数据，共 91 条记录
[2025-09-09 14:40:43] 暂无新数据，当前期号: 114051044
[2025-09-09 14:40:43] 安排 60 秒后进行下次抓取（14:41:43）
[2025-09-09 14:40:43] 爬虫任务执行成功
[2025-09-09 14:40:44] 爬虫任务结束
[2025-09-09 14:41:44] 开始执行爬虫任务
[2025-09-09 14:42:11] 成功抓取今日完整数据，共 92 条记录
[2025-09-09 14:42:11] 获取到新数据 - 期号: 114051045, 开奖时间: 14:40
[2025-09-09 14:42:11] 开奖时间: 14:40:00, 下次抓取时间: 14:42:20, 等待 8 秒
[2025-09-09 14:42:11] 安排 8 秒后进行下次抓取（14:42:19）
[2025-09-09 14:42:11] 爬虫任务执行成功
[2025-09-09 14:42:11] 爬虫任务结束
[2025-09-09 14:42:19] 开始执行爬虫任务
[2025-09-09 14:42:47] 成功抓取今日完整数据，共 92 条记录
[2025-09-09 14:42:47] 暂无新数据，当前期号: 114051045
[2025-09-09 14:42:47] 安排 60 秒后进行下次抓取（14:43:47）
[2025-09-09 14:42:47] 爬虫任务执行成功
[2025-09-09 14:42:47] 爬虫任务结束
[2025-09-09 14:43:47] 开始执行爬虫任务
[2025-09-09 14:44:15] 成功抓取今日完整数据，共 92 条记录
[2025-09-09 14:44:15] 暂无新数据，当前期号: 114051045
[2025-09-09 14:44:15] 安排 60 秒后进行下次抓取（14:45:15）
[2025-09-09 14:44:15] 爬虫任务执行成功
[2025-09-09 14:44:15] 爬虫任务结束
[2025-09-09 14:45:15] 开始执行爬虫任务
[2025-09-09 14:45:42] 成功抓取今日完整数据，共 92 条记录
[2025-09-09 14:45:42] 暂无新数据，当前期号: 114051045
[2025-09-09 14:45:42] 安排 60 秒后进行下次抓取（14:46:42）
[2025-09-09 14:45:42] 爬虫任务执行成功
[2025-09-09 14:45:42] 爬虫任务结束
[2025-09-09 14:46:42] 开始执行爬虫任务
[2025-09-09 14:47:10] 成功抓取今日完整数据，共 92 条记录
[2025-09-09 14:47:10] 暂无新数据，当前期号: 114051045
[2025-09-09 14:47:10] 安排 60 秒后进行下次抓取（14:48:10）
[2025-09-09 14:47:10] 爬虫任务执行成功
[2025-09-09 14:47:10] 爬虫任务结束
[2025-09-09 14:48:10] 开始执行爬虫任务
[2025-09-09 14:48:37] 成功抓取今日完整数据，共 93 条记录
[2025-09-09 14:48:37] 获取到新数据 - 期号: 114051046, 开奖时间: 14:45
[2025-09-09 14:48:37] 开奖时间已过，立即进行下次抓取
[2025-09-09 14:48:37] 安排 5 秒后进行下次抓取（14:48:42）
[2025-09-09 14:48:37] 爬虫任务执行成功
[2025-09-09 14:48:37] 爬虫任务结束
[2025-09-09 14:48:42] 开始执行爬虫任务
[2025-09-09 14:49:10] 成功抓取今日完整数据，共 93 条记录
[2025-09-09 14:49:10] 暂无新数据，当前期号: 114051046
[2025-09-09 14:49:10] 安排 60 秒后进行下次抓取（14:50:10）
[2025-09-09 14:49:10] 爬虫任务执行成功
[2025-09-09 14:49:10] 爬虫任务结束
[2025-09-09 14:50:10] 开始执行爬虫任务
[2025-09-09 14:50:38] 成功抓取今日完整数据，共 93 条记录
[2025-09-09 14:50:38] 暂无新数据，当前期号: 114051046
[2025-09-09 14:50:38] 安排 60 秒后进行下次抓取（14:51:38）
[2025-09-09 14:50:38] 爬虫任务执行成功
[2025-09-09 14:50:38] 爬虫任务结束
[2025-09-09 14:51:38] 开始执行爬虫任务
[2025-09-09 14:52:04] 成功抓取今日完整数据，共 94 条记录
[2025-09-09 14:52:04] 获取到新数据 - 期号: 114051047, 开奖时间: 14:50
[2025-09-09 14:52:04] 开奖时间: 14:50:00, 下次抓取时间: 14:52:20, 等待 15 秒
[2025-09-09 14:52:04] 安排 15 秒后进行下次抓取（14:52:19）
[2025-09-09 14:52:04] 爬虫任务执行成功
[2025-09-09 14:52:04] 爬虫任务结束
[2025-09-09 14:52:19] 开始执行爬虫任务
[2025-09-09 14:52:46] 成功抓取今日完整数据，共 94 条记录
[2025-09-09 14:52:46] 暂无新数据，当前期号: 114051047
[2025-09-09 14:52:46] 安排 60 秒后进行下次抓取（14:53:46）
[2025-09-09 14:52:46] 爬虫任务执行成功
[2025-09-09 14:52:46] 爬虫任务结束
[2025-09-09 14:53:46] 开始执行爬虫任务
[2025-09-09 14:54:12] 成功抓取今日完整数据，共 94 条记录
[2025-09-09 14:54:12] 暂无新数据，当前期号: 114051047
[2025-09-09 14:54:12] 安排 60 秒后进行下次抓取（14:55:12）
[2025-09-09 14:54:12] 爬虫任务执行成功
[2025-09-09 14:54:12] 爬虫任务结束
[2025-09-09 14:55:12] 开始执行爬虫任务
[2025-09-09 14:55:40] 成功抓取今日完整数据，共 94 条记录
[2025-09-09 14:55:40] 暂无新数据，当前期号: 114051047
[2025-09-09 14:55:40] 安排 60 秒后进行下次抓取（14:56:40）
[2025-09-09 14:55:40] 爬虫任务执行成功
[2025-09-09 14:55:40] 爬虫任务结束
[2025-09-09 14:56:40] 开始执行爬虫任务
[2025-09-09 14:57:08] 成功抓取今日完整数据，共 94 条记录
[2025-09-09 14:57:08] 暂无新数据，当前期号: 114051047
[2025-09-09 14:57:08] 安排 60 秒后进行下次抓取（14:58:08）
[2025-09-09 14:57:08] 爬虫任务执行成功
[2025-09-09 14:57:08] 爬虫任务结束
[2025-09-09 14:58:08] 开始执行爬虫任务
[2025-09-09 14:58:36] 成功抓取今日完整数据，共 95 条记录
[2025-09-09 14:58:36] 获取到新数据 - 期号: 114051048, 开奖时间: 14:55
[2025-09-09 14:58:36] 开奖时间已过，立即进行下次抓取
[2025-09-09 14:58:36] 安排 5 秒后进行下次抓取（14:58:41）
[2025-09-09 14:58:36] 爬虫任务执行成功
[2025-09-09 14:58:36] 爬虫任务结束
[2025-09-09 14:58:41] 开始执行爬虫任务
[2025-09-09 14:59:08] 成功抓取今日完整数据，共 95 条记录
[2025-09-09 14:59:08] 暂无新数据，当前期号: 114051048
[2025-09-09 14:59:08] 安排 60 秒后进行下次抓取（15:00:08）
[2025-09-09 14:59:08] 爬虫任务执行成功
[2025-09-09 14:59:08] 爬虫任务结束
[2025-09-09 15:00:08] 开始执行爬虫任务
[2025-09-09 15:00:36] 成功抓取今日完整数据，共 95 条记录
[2025-09-09 15:00:36] 暂无新数据，当前期号: 114051048
[2025-09-09 15:00:36] 安排 60 秒后进行下次抓取（15:01:36）
[2025-09-09 15:00:36] 爬虫任务执行成功
[2025-09-09 15:00:36] 爬虫任务结束
[2025-09-09 15:01:36] 开始执行爬虫任务
[2025-09-09 15:02:04] 成功抓取今日完整数据，共 96 条记录
[2025-09-09 15:02:04] 获取到新数据 - 期号: 114051049, 开奖时间: 15:00
[2025-09-09 15:02:04] 开奖时间: 15:00:00, 下次抓取时间: 15:02:20, 等待 15 秒
[2025-09-09 15:02:04] 安排 15 秒后进行下次抓取（15:02:19）
[2025-09-09 15:02:04] 爬虫任务执行成功
[2025-09-09 15:02:04] 爬虫任务结束
[2025-09-09 15:02:19] 开始执行爬虫任务
[2025-09-09 15:02:46] 成功抓取今日完整数据，共 96 条记录
[2025-09-09 15:02:46] 暂无新数据，当前期号: 114051049
[2025-09-09 15:02:46] 安排 60 秒后进行下次抓取（15:03:46）
[2025-09-09 15:02:46] 爬虫任务执行成功
[2025-09-09 15:02:46] 爬虫任务结束
[2025-09-09 15:03:46] 开始执行爬虫任务
[2025-09-09 15:04:14] 成功抓取今日完整数据，共 96 条记录
[2025-09-09 15:04:14] 暂无新数据，当前期号: 114051049
[2025-09-09 15:04:14] 安排 60 秒后进行下次抓取（15:05:14）
[2025-09-09 15:04:14] 爬虫任务执行成功
[2025-09-09 15:04:14] 爬虫任务结束
[2025-09-09 15:05:14] 开始执行爬虫任务
[2025-09-09 15:05:41] 成功抓取今日完整数据，共 96 条记录
[2025-09-09 15:05:41] 暂无新数据，当前期号: 114051049
[2025-09-09 15:05:41] 安排 60 秒后进行下次抓取（15:06:41）
[2025-09-09 15:05:41] 爬虫任务执行成功
[2025-09-09 15:05:41] 爬虫任务结束
[2025-09-09 15:06:41] 开始执行爬虫任务
[2025-09-09 15:07:10] 成功抓取今日完整数据，共 97 条记录
[2025-09-09 15:07:10] 获取到新数据 - 期号: 114051050, 开奖时间: 15:05
[2025-09-09 15:07:10] 开奖时间: 15:05:00, 下次抓取时间: 15:07:20, 等待 9 秒
[2025-09-09 15:07:10] 安排 9 秒后进行下次抓取（15:07:19）
[2025-09-09 15:07:10] 爬虫任务执行成功
[2025-09-09 15:07:10] 爬虫任务结束
[2025-09-09 15:07:19] 开始执行爬虫任务
[2025-09-09 15:07:47] 成功抓取今日完整数据，共 97 条记录
[2025-09-09 15:07:47] 暂无新数据，当前期号: 114051050
[2025-09-09 15:07:47] 安排 60 秒后进行下次抓取（15:08:47）
[2025-09-09 15:07:47] 爬虫任务执行成功
[2025-09-09 15:07:47] 爬虫任务结束
[2025-09-09 15:08:47] 开始执行爬虫任务
[2025-09-09 15:09:14] 成功抓取今日完整数据，共 97 条记录
[2025-09-09 15:09:14] 暂无新数据，当前期号: 114051050
[2025-09-09 15:09:14] 安排 60 秒后进行下次抓取（15:10:14）
[2025-09-09 15:09:14] 爬虫任务执行成功
[2025-09-09 15:09:14] 爬虫任务结束
[2025-09-09 15:10:14] 开始执行爬虫任务
[2025-09-09 15:10:43] 成功抓取今日完整数据，共 97 条记录
[2025-09-09 15:10:43] 暂无新数据，当前期号: 114051050
[2025-09-09 15:10:43] 安排 60 秒后进行下次抓取（15:11:43）
[2025-09-09 15:10:43] 爬虫任务执行成功
[2025-09-09 15:10:43] 爬虫任务结束
[2025-09-09 15:11:43] 开始执行爬虫任务
[2025-09-09 15:12:11] 成功抓取今日完整数据，共 98 条记录
[2025-09-09 15:12:11] 获取到新数据 - 期号: 114051051, 开奖时间: 15:10
[2025-09-09 15:12:11] 开奖时间: 15:10:00, 下次抓取时间: 15:12:20, 等待 8 秒
[2025-09-09 15:12:11] 安排 8 秒后进行下次抓取（15:12:19）
[2025-09-09 15:12:11] 爬虫任务执行成功
[2025-09-09 15:12:11] 爬虫任务结束
[2025-09-09 15:12:19] 开始执行爬虫任务
[2025-09-09 15:12:47] 成功抓取今日完整数据，共 98 条记录
[2025-09-09 15:12:47] 暂无新数据，当前期号: 114051051
[2025-09-09 15:12:47] 安排 60 秒后进行下次抓取（15:13:47）
[2025-09-09 15:12:47] 爬虫任务执行成功
[2025-09-09 15:12:47] 爬虫任务结束
[2025-09-09 15:13:47] 开始执行爬虫任务
[2025-09-09 15:14:15] 成功抓取今日完整数据，共 98 条记录
[2025-09-09 15:14:15] 暂无新数据，当前期号: 114051051
[2025-09-09 15:14:15] 安排 60 秒后进行下次抓取（15:15:15）
[2025-09-09 15:14:15] 爬虫任务执行成功
[2025-09-09 15:14:15] 爬虫任务结束
[2025-09-09 15:15:15] 开始执行爬虫任务
[2025-09-09 15:15:43] 成功抓取今日完整数据，共 98 条记录
[2025-09-09 15:15:43] 暂无新数据，当前期号: 114051051
[2025-09-09 15:15:43] 安排 60 秒后进行下次抓取（15:16:43）
[2025-09-09 15:15:43] 爬虫任务执行成功
[2025-09-09 15:15:43] 爬虫任务结束
[2025-09-09 15:16:43] 开始执行爬虫任务
[2025-09-09 15:17:11] 成功抓取今日完整数据，共 99 条记录
[2025-09-09 15:17:11] 获取到新数据 - 期号: 114051052, 开奖时间: 15:15
[2025-09-09 15:17:11] 开奖时间: 15:15:00, 下次抓取时间: 15:17:20, 等待 8 秒
[2025-09-09 15:17:11] 安排 8 秒后进行下次抓取（15:17:19）
[2025-09-09 15:17:11] 爬虫任务执行成功
[2025-09-09 15:17:12] 爬虫任务结束
[2025-09-09 15:17:19] 开始执行爬虫任务
[2025-09-09 15:17:46] 成功抓取今日完整数据，共 99 条记录
[2025-09-09 15:17:46] 暂无新数据，当前期号: 114051052
[2025-09-09 15:17:46] 安排 60 秒后进行下次抓取（15:18:46）
[2025-09-09 15:17:46] 爬虫任务执行成功
[2025-09-09 15:17:46] 爬虫任务结束
[2025-09-09 15:18:46] 开始执行爬虫任务
[2025-09-09 15:19:14] 成功抓取今日完整数据，共 99 条记录
[2025-09-09 15:19:14] 暂无新数据，当前期号: 114051052
[2025-09-09 15:19:14] 安排 60 秒后进行下次抓取（15:20:14）
[2025-09-09 15:19:14] 爬虫任务执行成功
[2025-09-09 15:19:15] 爬虫任务结束
[2025-09-09 15:20:14] 开始执行爬虫任务
[2025-09-09 15:20:43] 成功抓取今日完整数据，共 99 条记录
[2025-09-09 15:20:43] 暂无新数据，当前期号: 114051052
[2025-09-09 15:20:43] 安排 60 秒后进行下次抓取（15:21:43）
[2025-09-09 15:20:43] 爬虫任务执行成功
[2025-09-09 15:20:43] 爬虫任务结束
[2025-09-09 15:21:43] 开始执行爬虫任务
[2025-09-09 15:22:12] 成功抓取今日完整数据，共 100 条记录
[2025-09-09 15:22:12] 获取到新数据 - 期号: 114051053, 开奖时间: 15:20
[2025-09-09 15:22:12] 开奖时间: 15:20:00, 下次抓取时间: 15:22:20, 等待 7 秒
[2025-09-09 15:22:12] 安排 7 秒后进行下次抓取（15:22:19）
[2025-09-09 15:22:12] 爬虫任务执行成功
[2025-09-09 15:22:12] 爬虫任务结束
[2025-09-09 15:22:19] 开始执行爬虫任务
[2025-09-09 15:22:47] 成功抓取今日完整数据，共 100 条记录
[2025-09-09 15:22:47] 暂无新数据，当前期号: 114051053
[2025-09-09 15:22:47] 安排 60 秒后进行下次抓取（15:23:47）
[2025-09-09 15:22:47] 爬虫任务执行成功
[2025-09-09 15:22:47] 爬虫任务结束
[2025-09-09 15:23:47] 开始执行爬虫任务
[2025-09-09 15:24:14] 成功抓取今日完整数据，共 100 条记录
[2025-09-09 15:24:14] 暂无新数据，当前期号: 114051053
[2025-09-09 15:24:14] 安排 60 秒后进行下次抓取（15:25:14）
[2025-09-09 15:24:14] 爬虫任务执行成功
[2025-09-09 15:24:14] 爬虫任务结束
[2025-09-09 15:25:14] 开始执行爬虫任务
[2025-09-09 15:25:43] 成功抓取今日完整数据，共 100 条记录
[2025-09-09 15:25:43] 暂无新数据，当前期号: 114051053
[2025-09-09 15:25:43] 安排 60 秒后进行下次抓取（15:26:43）
[2025-09-09 15:25:43] 爬虫任务执行成功
[2025-09-09 15:25:43] 爬虫任务结束
[2025-09-09 15:26:43] 开始执行爬虫任务
[2025-09-09 15:27:18] 成功抓取今日完整数据，共 99 条记录
[2025-09-09 15:27:18] 暂无新数据，当前期号: 114051053
[2025-09-09 15:27:18] 安排 60 秒后进行下次抓取（15:28:18）
[2025-09-09 15:27:18] 爬虫任务执行成功
[2025-09-09 15:27:18] 爬虫任务结束
[2025-09-09 15:28:18] 开始执行爬虫任务
[2025-09-09 15:28:52] 成功抓取今日完整数据，共 100 条记录
[2025-09-09 15:28:52] 获取到新数据 - 期号: 114051054, 开奖时间: 15:25
[2025-09-09 15:28:52] 开奖时间已过，立即进行下次抓取
[2025-09-09 15:28:52] 安排 5 秒后进行下次抓取（15:28:57）
[2025-09-09 15:28:52] 爬虫任务执行成功
[2025-09-09 15:28:52] 爬虫任务结束
[2025-09-09 15:28:57] 开始执行爬虫任务
[2025-09-09 15:29:32] 成功抓取今日完整数据，共 100 条记录
[2025-09-09 15:29:32] 暂无新数据，当前期号: 114051054
[2025-09-09 15:29:32] 安排 60 秒后进行下次抓取（15:30:32）
[2025-09-09 15:29:32] 爬虫任务执行成功
[2025-09-09 15:29:32] 爬虫任务结束
[2025-09-09 15:30:32] 开始执行爬虫任务
[2025-09-09 15:31:07] 成功抓取今日完整数据，共 100 条记录
[2025-09-09 15:31:07] 暂无新数据，当前期号: 114051054
[2025-09-09 15:31:07] 安排 60 秒后进行下次抓取（15:32:07）
[2025-09-09 15:31:07] 爬虫任务执行成功
[2025-09-09 15:31:07] 爬虫任务结束
[2025-09-09 15:32:07] 开始执行爬虫任务
[2025-09-09 15:32:42] 成功抓取今日完整数据，共 102 条记录
[2025-09-09 15:32:42] 获取到新数据 - 期号: 114051055, 开奖时间: 15:30
[2025-09-09 15:32:42] 开奖时间已过，立即进行下次抓取
[2025-09-09 15:32:42] 安排 5 秒后进行下次抓取（15:32:47）
[2025-09-09 15:32:42] 爬虫任务执行成功
[2025-09-09 15:32:42] 爬虫任务结束
[2025-09-09 15:32:47] 开始执行爬虫任务
[2025-09-09 15:33:21] 成功抓取今日完整数据，共 102 条记录
[2025-09-09 15:33:21] 暂无新数据，当前期号: 114051055
[2025-09-09 15:33:21] 安排 60 秒后进行下次抓取（15:34:21）
[2025-09-09 15:33:21] 爬虫任务执行成功
[2025-09-09 15:33:21] 爬虫任务结束
[2025-09-09 15:34:21] 开始执行爬虫任务
[2025-09-09 15:34:56] 成功抓取今日完整数据，共 102 条记录
[2025-09-09 15:34:56] 暂无新数据，当前期号: 114051055
[2025-09-09 15:34:56] 安排 60 秒后进行下次抓取（15:35:56）
[2025-09-09 15:34:56] 爬虫任务执行成功
[2025-09-09 15:34:56] 爬虫任务结束
[2025-09-09 15:35:56] 开始执行爬虫任务
[2025-09-09 15:36:30] 成功抓取今日完整数据，共 102 条记录
[2025-09-09 15:36:30] 暂无新数据，当前期号: 114051055
[2025-09-09 15:36:30] 安排 60 秒后进行下次抓取（15:37:30）
[2025-09-09 15:36:30] 爬虫任务执行成功
[2025-09-09 15:36:30] 爬虫任务结束
[2025-09-09 15:37:30] 开始执行爬虫任务
[2025-09-09 15:38:05] 成功抓取今日完整数据，共 103 条记录
[2025-09-09 15:38:05] 获取到新数据 - 期号: 114051056, 开奖时间: 15:35
[2025-09-09 15:38:05] 开奖时间已过，立即进行下次抓取
[2025-09-09 15:38:05] 安排 5 秒后进行下次抓取（15:38:10）
[2025-09-09 15:38:05] 爬虫任务执行成功
[2025-09-09 15:38:05] 爬虫任务结束
[2025-09-09 15:38:10] 开始执行爬虫任务
[2025-09-09 15:38:45] 成功抓取今日完整数据，共 103 条记录
[2025-09-09 15:38:45] 暂无新数据，当前期号: 114051056
[2025-09-09 15:38:45] 安排 60 秒后进行下次抓取（15:39:45）
[2025-09-09 15:38:45] 爬虫任务执行成功
[2025-09-09 15:38:45] 爬虫任务结束
[2025-09-09 15:39:45] 开始执行爬虫任务
[2025-09-09 15:40:22] 成功抓取今日完整数据，共 103 条记录
[2025-09-09 15:40:22] 暂无新数据，当前期号: 114051056
[2025-09-09 15:40:22] 安排 60 秒后进行下次抓取（15:41:22）
[2025-09-09 15:40:22] 爬虫任务执行成功
[2025-09-09 15:40:22] 爬虫任务结束
[2025-09-09 15:41:22] 开始执行爬虫任务
[2025-09-09 15:41:58] 成功抓取今日完整数据，共 104 条记录
[2025-09-09 15:41:58] 获取到新数据 - 期号: 114051057, 开奖时间: 15:40
[2025-09-09 15:41:58] 开奖时间: 15:40:00, 下次抓取时间: 15:42:20, 等待 21 秒
[2025-09-09 15:41:58] 安排 21 秒后进行下次抓取（15:42:19）
[2025-09-09 15:41:58] 爬虫任务执行成功
[2025-09-09 15:41:58] 爬虫任务结束
[2025-09-09 15:42:19] 开始执行爬虫任务
[2025-09-09 15:42:54] 成功抓取今日完整数据，共 104 条记录
[2025-09-09 15:42:54] 暂无新数据，当前期号: 114051057
[2025-09-09 15:42:54] 安排 60 秒后进行下次抓取（15:43:54）
[2025-09-09 15:42:54] 爬虫任务执行成功
[2025-09-09 15:42:54] 爬虫任务结束
[2025-09-09 15:43:54] 开始执行爬虫任务
[2025-09-09 15:44:29] 成功抓取今日完整数据，共 104 条记录
[2025-09-09 15:44:29] 暂无新数据，当前期号: 114051057
[2025-09-09 15:44:29] 安排 60 秒后进行下次抓取（15:45:29）
[2025-09-09 15:44:29] 爬虫任务执行成功
[2025-09-09 15:44:29] 爬虫任务结束
[2025-09-09 15:45:29] 开始执行爬虫任务
[2025-09-09 15:46:04] 成功抓取今日完整数据，共 104 条记录
[2025-09-09 15:46:04] 暂无新数据，当前期号: 114051057
[2025-09-09 15:46:04] 安排 60 秒后进行下次抓取（15:47:04）
[2025-09-09 15:46:04] 爬虫任务执行成功
[2025-09-09 15:46:04] 爬虫任务结束
[2025-09-09 15:47:04] 开始执行爬虫任务
[2025-09-09 15:47:40] 成功抓取今日完整数据，共 105 条记录
[2025-09-09 15:47:40] 获取到新数据 - 期号: 114051058, 开奖时间: 15:45
[2025-09-09 15:47:40] 开奖时间已过，立即进行下次抓取
[2025-09-09 15:47:40] 安排 5 秒后进行下次抓取（15:47:45）
[2025-09-09 15:47:40] 爬虫任务执行成功
[2025-09-09 15:47:40] 爬虫任务结束
[2025-09-09 15:47:45] 开始执行爬虫任务
[2025-09-09 15:48:20] 成功抓取今日完整数据，共 105 条记录
[2025-09-09 15:48:20] 暂无新数据，当前期号: 114051058
[2025-09-09 15:48:20] 安排 60 秒后进行下次抓取（15:49:20）
[2025-09-09 15:48:20] 爬虫任务执行成功
[2025-09-09 15:48:20] 爬虫任务结束
[2025-09-09 15:49:20] 开始执行爬虫任务
[2025-09-09 15:49:55] 成功抓取今日完整数据，共 105 条记录
[2025-09-09 15:49:55] 暂无新数据，当前期号: 114051058
[2025-09-09 15:49:55] 安排 60 秒后进行下次抓取（15:50:55）
[2025-09-09 15:49:55] 爬虫任务执行成功
[2025-09-09 15:49:55] 爬虫任务结束
[2025-09-09 15:50:55] 开始执行爬虫任务
[2025-09-09 15:51:30] 成功抓取今日完整数据，共 106 条记录
[2025-09-09 15:51:30] 获取到新数据 - 期号: 114051059, 开奖时间: 15:50
[2025-09-09 15:51:30] 开奖时间: 15:50:00, 下次抓取时间: 15:52:20, 等待 49 秒
[2025-09-09 15:51:30] 安排 49 秒后进行下次抓取（15:52:19）
[2025-09-09 15:51:30] 爬虫任务执行成功
[2025-09-09 15:51:30] 爬虫任务结束
[2025-09-09 15:52:19] 开始执行爬虫任务
[2025-09-09 15:52:55] 成功抓取今日完整数据，共 106 条记录
[2025-09-09 15:52:55] 暂无新数据，当前期号: 114051059
[2025-09-09 15:52:55] 安排 60 秒后进行下次抓取（15:53:55）
[2025-09-09 15:52:55] 爬虫任务执行成功
[2025-09-09 15:52:55] 爬虫任务结束
[2025-09-09 15:53:55] 开始执行爬虫任务
[2025-09-09 15:54:30] 成功抓取今日完整数据，共 106 条记录
[2025-09-09 15:54:30] 暂无新数据，当前期号: 114051059
[2025-09-09 15:54:30] 安排 60 秒后进行下次抓取（15:55:30）
[2025-09-09 15:54:30] 爬虫任务执行成功
[2025-09-09 15:54:30] 爬虫任务结束
[2025-09-09 15:55:30] 开始执行爬虫任务
[2025-09-09 15:56:05] 成功抓取今日完整数据，共 106 条记录
[2025-09-09 15:56:05] 暂无新数据，当前期号: 114051059
[2025-09-09 15:56:05] 安排 60 秒后进行下次抓取（15:57:05）
[2025-09-09 15:56:05] 爬虫任务执行成功
[2025-09-09 15:56:05] 爬虫任务结束
[2025-09-09 15:57:05] 开始执行爬虫任务
[2025-09-09 15:57:41] 成功抓取今日完整数据，共 107 条记录
[2025-09-09 15:57:41] 获取到新数据 - 期号: 114051060, 开奖时间: 15:55
[2025-09-09 15:57:41] 开奖时间已过，立即进行下次抓取
[2025-09-09 15:57:41] 安排 5 秒后进行下次抓取（15:57:46）
[2025-09-09 15:57:41] 爬虫任务执行成功
[2025-09-09 15:57:41] 爬虫任务结束
[2025-09-09 15:57:46] 开始执行爬虫任务
[2025-09-09 15:58:22] 成功抓取今日完整数据，共 107 条记录
[2025-09-09 15:58:22] 暂无新数据，当前期号: 114051060
[2025-09-09 15:58:22] 安排 60 秒后进行下次抓取（15:59:22）
[2025-09-09 15:58:22] 爬虫任务执行成功
[2025-09-09 15:58:22] 爬虫任务结束
[2025-09-09 15:59:22] 开始执行爬虫任务
[2025-09-09 15:59:57] 成功抓取今日完整数据，共 107 条记录
[2025-09-09 15:59:57] 暂无新数据，当前期号: 114051060
[2025-09-09 15:59:57] 安排 60 秒后进行下次抓取（16:00:57）
[2025-09-09 15:59:57] 爬虫任务执行成功
[2025-09-09 15:59:57] 爬虫任务结束
[2025-09-09 16:00:57] 开始执行爬虫任务
[2025-09-09 16:01:32] 成功抓取今日完整数据，共 107 条记录
[2025-09-09 16:01:32] 暂无新数据，当前期号: 114051060
[2025-09-09 16:01:32] 安排 60 秒后进行下次抓取（16:02:32）
[2025-09-09 16:01:32] 爬虫任务执行成功
[2025-09-09 16:01:32] 爬虫任务结束
[2025-09-09 16:02:32] 开始执行爬虫任务
[2025-09-09 16:03:08] 成功抓取今日完整数据，共 108 条记录
[2025-09-09 16:03:08] 获取到新数据 - 期号: 114051061, 开奖时间: 16:00
[2025-09-09 16:03:08] 开奖时间已过，立即进行下次抓取
[2025-09-09 16:03:08] 安排 5 秒后进行下次抓取（16:03:13）
[2025-09-09 16:03:08] 爬虫任务执行成功
[2025-09-09 16:03:08] 爬虫任务结束
[2025-09-09 16:03:13] 开始执行爬虫任务
[2025-09-09 16:03:48] 成功抓取今日完整数据，共 108 条记录
[2025-09-09 16:03:48] 暂无新数据，当前期号: 114051061
[2025-09-09 16:03:48] 安排 60 秒后进行下次抓取（16:04:48）
[2025-09-09 16:03:48] 爬虫任务执行成功
[2025-09-09 16:03:48] 爬虫任务结束
[2025-09-09 16:04:48] 开始执行爬虫任务
[2025-09-09 16:05:26] 成功抓取今日完整数据，共 108 条记录
[2025-09-09 16:05:26] 暂无新数据，当前期号: 114051061
[2025-09-09 16:05:26] 安排 60 秒后进行下次抓取（16:06:26）
[2025-09-09 16:05:26] 爬虫任务执行成功
[2025-09-09 16:05:26] 爬虫任务结束
[2025-09-09 16:06:26] 开始执行爬虫任务
[2025-09-09 16:07:01] 成功抓取今日完整数据，共 108 条记录
[2025-09-09 16:07:01] 暂无新数据，当前期号: 114051061
[2025-09-09 16:07:01] 安排 60 秒后进行下次抓取（16:08:01）
[2025-09-09 16:07:01] 爬虫任务执行成功
[2025-09-09 16:07:01] 爬虫任务结束
[2025-09-09 16:08:01] 开始执行爬虫任务
[2025-09-09 16:08:37] 成功抓取今日完整数据，共 109 条记录
[2025-09-09 16:08:37] 获取到新数据 - 期号: 114051062, 开奖时间: 16:05
[2025-09-09 16:08:37] 开奖时间已过，立即进行下次抓取
[2025-09-09 16:08:37] 安排 5 秒后进行下次抓取（16:08:42）
[2025-09-09 16:08:37] 爬虫任务执行成功
[2025-09-09 16:08:37] 爬虫任务结束
[2025-09-09 16:08:42] 开始执行爬虫任务
[2025-09-09 16:09:18] 成功抓取今日完整数据，共 109 条记录
[2025-09-09 16:09:18] 暂无新数据，当前期号: 114051062
[2025-09-09 16:09:18] 安排 60 秒后进行下次抓取（16:10:18）
[2025-09-09 16:09:18] 爬虫任务执行成功
[2025-09-09 16:09:18] 爬虫任务结束
[2025-09-09 16:10:18] 开始执行爬虫任务
[2025-09-09 16:10:53] 成功抓取今日完整数据，共 109 条记录
[2025-09-09 16:10:53] 暂无新数据，当前期号: 114051062
[2025-09-09 16:10:53] 安排 60 秒后进行下次抓取（16:11:53）
[2025-09-09 16:10:53] 爬虫任务执行成功
[2025-09-09 16:10:53] 爬虫任务结束
[2025-09-09 16:11:53] 开始执行爬虫任务
[2025-09-09 16:12:29] 成功抓取今日完整数据，共 110 条记录
[2025-09-09 16:12:29] 获取到新数据 - 期号: 114051063, 开奖时间: 16:10
[2025-09-09 16:12:29] 开奖时间已过，立即进行下次抓取
[2025-09-09 16:12:29] 安排 5 秒后进行下次抓取（16:12:34）
[2025-09-09 16:12:29] 爬虫任务执行成功
[2025-09-09 16:12:29] 爬虫任务结束
[2025-09-09 16:12:34] 开始执行爬虫任务
[2025-09-09 16:13:09] 成功抓取今日完整数据，共 110 条记录
[2025-09-09 16:13:09] 暂无新数据，当前期号: 114051063
[2025-09-09 16:13:09] 安排 60 秒后进行下次抓取（16:14:09）
[2025-09-09 16:13:09] 爬虫任务执行成功
[2025-09-09 16:13:10] 爬虫任务结束
[2025-09-09 16:14:09] 开始执行爬虫任务
[2025-09-09 16:14:45] 成功抓取今日完整数据，共 110 条记录
[2025-09-09 16:14:45] 暂无新数据，当前期号: 114051063
[2025-09-09 16:14:45] 安排 60 秒后进行下次抓取（16:15:45）
[2025-09-09 16:14:45] 爬虫任务执行成功
[2025-09-09 16:14:45] 爬虫任务结束
[2025-09-09 16:15:45] 开始执行爬虫任务
[2025-09-09 16:16:22] 成功抓取今日完整数据，共 110 条记录
[2025-09-09 16:16:22] 暂无新数据，当前期号: 114051063
[2025-09-09 16:16:22] 安排 60 秒后进行下次抓取（16:17:22）
[2025-09-09 16:16:22] 爬虫任务执行成功
[2025-09-09 16:16:22] 爬虫任务结束
[2025-09-09 16:17:22] 开始执行爬虫任务
[2025-09-09 16:17:58] 成功抓取今日完整数据，共 111 条记录
[2025-09-09 16:17:58] 获取到新数据 - 期号: 114051064, 开奖时间: 16:15
[2025-09-09 16:17:58] 开奖时间已过，立即进行下次抓取
[2025-09-09 16:17:58] 安排 5 秒后进行下次抓取（16:18:03）
[2025-09-09 16:17:58] 爬虫任务执行成功
[2025-09-09 16:17:58] 爬虫任务结束
[2025-09-09 16:18:03] 开始执行爬虫任务
[2025-09-09 16:18:38] 成功抓取今日完整数据，共 111 条记录
[2025-09-09 16:18:38] 暂无新数据，当前期号: 114051064
[2025-09-09 16:18:38] 安排 60 秒后进行下次抓取（16:19:38）
[2025-09-09 16:18:38] 爬虫任务执行成功
[2025-09-09 16:18:38] 爬虫任务结束
[2025-09-09 16:19:38] 开始执行爬虫任务
[2025-09-09 16:20:15] 成功抓取今日完整数据，共 111 条记录
[2025-09-09 16:20:15] 暂无新数据，当前期号: 114051064
[2025-09-09 16:20:15] 安排 60 秒后进行下次抓取（16:21:15）
[2025-09-09 16:20:15] 爬虫任务执行成功
[2025-09-09 16:20:15] 爬虫任务结束
[2025-09-09 16:21:15] 开始执行爬虫任务
[2025-09-09 16:21:51] 成功抓取今日完整数据，共 111 条记录
[2025-09-09 16:21:51] 暂无新数据，当前期号: 114051064
[2025-09-09 16:21:51] 安排 60 秒后进行下次抓取（16:22:51）
[2025-09-09 16:21:51] 爬虫任务执行成功
[2025-09-09 16:21:51] 爬虫任务结束
[2025-09-09 16:22:51] 开始执行爬虫任务
[2025-09-09 16:23:27] 成功抓取今日完整数据，共 112 条记录
[2025-09-09 16:23:27] 获取到新数据 - 期号: 114051065, 开奖时间: 16:20
[2025-09-09 16:23:27] 开奖时间已过，立即进行下次抓取
[2025-09-09 16:23:27] 安排 5 秒后进行下次抓取（16:23:32）
[2025-09-09 16:23:27] 爬虫任务执行成功
[2025-09-09 16:23:27] 爬虫任务结束
[2025-09-09 16:23:32] 开始执行爬虫任务
[2025-09-09 16:24:08] 成功抓取今日完整数据，共 112 条记录
[2025-09-09 16:24:08] 暂无新数据，当前期号: 114051065
[2025-09-09 16:24:08] 安排 60 秒后进行下次抓取（16:25:08）
[2025-09-09 16:24:08] 爬虫任务执行成功
[2025-09-09 16:24:08] 爬虫任务结束
[2025-09-09 16:25:08] 开始执行爬虫任务
[2025-09-09 16:25:42] 成功抓取今日完整数据，共 112 条记录
[2025-09-09 16:25:42] 暂无新数据，当前期号: 114051065
[2025-09-09 16:25:42] 安排 60 秒后进行下次抓取（16:26:42）
[2025-09-09 16:25:42] 爬虫任务执行成功
[2025-09-09 16:25:42] 爬虫任务结束
[2025-09-09 16:26:42] 开始执行爬虫任务
[2025-09-09 16:27:18] 成功抓取今日完整数据，共 113 条记录
[2025-09-09 16:27:18] 获取到新数据 - 期号: 114051066, 开奖时间: 16:25
[2025-09-09 16:27:18] 开奖时间: 16:25:00, 下次抓取时间: 16:27:20, 等待 1 秒
[2025-09-09 16:27:18] 安排 1 秒后进行下次抓取（16:27:19）
[2025-09-09 16:27:18] 爬虫任务执行成功
[2025-09-09 16:27:18] 爬虫任务结束
[2025-09-09 16:27:19] 开始执行爬虫任务
[2025-09-09 16:27:55] 成功抓取今日完整数据，共 113 条记录
[2025-09-09 16:27:55] 暂无新数据，当前期号: 114051066
[2025-09-09 16:27:55] 安排 60 秒后进行下次抓取（16:28:55）
[2025-09-09 16:27:55] 爬虫任务执行成功
[2025-09-09 16:27:55] 爬虫任务结束
[2025-09-09 16:28:55] 开始执行爬虫任务
[2025-09-09 16:29:30] 成功抓取今日完整数据，共 113 条记录
[2025-09-09 16:29:30] 暂无新数据，当前期号: 114051066
[2025-09-09 16:29:30] 安排 60 秒后进行下次抓取（16:30:30）
[2025-09-09 16:29:30] 爬虫任务执行成功
[2025-09-09 16:29:30] 爬虫任务结束
[2025-09-09 16:30:30] 开始执行爬虫任务
[2025-09-09 16:31:07] 成功抓取今日完整数据，共 113 条记录
[2025-09-09 16:31:07] 暂无新数据，当前期号: 114051066
[2025-09-09 16:31:07] 安排 60 秒后进行下次抓取（16:32:07）
[2025-09-09 16:31:07] 爬虫任务执行成功
[2025-09-09 16:31:07] 爬虫任务结束
[2025-09-09 16:32:07] 开始执行爬虫任务
[2025-09-09 16:32:42] 成功抓取今日完整数据，共 114 条记录
[2025-09-09 16:32:42] 获取到新数据 - 期号: 114051067, 开奖时间: 16:30
[2025-09-09 16:32:42] 开奖时间已过，立即进行下次抓取
[2025-09-09 16:32:42] 安排 5 秒后进行下次抓取（16:32:47）
[2025-09-09 16:32:42] 爬虫任务执行成功
[2025-09-09 16:32:42] 爬虫任务结束
[2025-09-09 16:32:47] 开始执行爬虫任务
[2025-09-09 16:33:22] 成功抓取今日完整数据，共 114 条记录
[2025-09-09 16:33:22] 暂无新数据，当前期号: 114051067
[2025-09-09 16:33:22] 安排 60 秒后进行下次抓取（16:34:22）
[2025-09-09 16:33:22] 爬虫任务执行成功
[2025-09-09 16:33:22] 爬虫任务结束
[2025-09-09 16:34:22] 开始执行爬虫任务
[2025-09-09 16:34:57] 成功抓取今日完整数据，共 114 条记录
[2025-09-09 16:34:57] 暂无新数据，当前期号: 114051067
[2025-09-09 16:34:57] 安排 60 秒后进行下次抓取（16:35:57）
[2025-09-09 16:34:57] 爬虫任务执行成功
[2025-09-09 16:34:57] 爬虫任务结束
[2025-09-09 16:35:57] 开始执行爬虫任务
[2025-09-09 16:36:34] 成功抓取今日完整数据，共 115 条记录
[2025-09-09 16:36:34] 获取到新数据 - 期号: 114051068, 开奖时间: 16:35
[2025-09-09 16:36:34] 开奖时间: 16:35:00, 下次抓取时间: 16:37:20, 等待 45 秒
[2025-09-09 16:36:34] 安排 45 秒后进行下次抓取（16:37:19）
[2025-09-09 16:36:34] 爬虫任务执行成功
[2025-09-09 16:36:34] 爬虫任务结束
[2025-09-09 16:37:19] 开始执行爬虫任务
[2025-09-09 16:37:55] 成功抓取今日完整数据，共 115 条记录
[2025-09-09 16:37:55] 暂无新数据，当前期号: 114051068
[2025-09-09 16:37:55] 安排 60 秒后进行下次抓取（16:38:55）
[2025-09-09 16:37:55] 爬虫任务执行成功
[2025-09-09 16:37:55] 爬虫任务结束
[2025-09-09 16:38:55] 开始执行爬虫任务
[2025-09-09 16:39:30] 成功抓取今日完整数据，共 115 条记录
[2025-09-09 16:39:30] 暂无新数据，当前期号: 114051068
[2025-09-09 16:39:30] 安排 60 秒后进行下次抓取（16:40:30）
[2025-09-09 16:39:30] 爬虫任务执行成功
[2025-09-09 16:39:31] 爬虫任务结束
[2025-09-09 16:40:30] 开始执行爬虫任务
[2025-09-09 16:41:06] 成功抓取今日完整数据，共 115 条记录
[2025-09-09 16:41:06] 暂无新数据，当前期号: 114051068
[2025-09-09 16:41:06] 安排 60 秒后进行下次抓取（16:42:06）
[2025-09-09 16:41:06] 爬虫任务执行成功
[2025-09-09 16:41:07] 爬虫任务结束
[2025-09-09 16:42:06] 开始执行爬虫任务
[2025-09-09 16:42:43] 成功抓取今日完整数据，共 116 条记录
[2025-09-09 16:42:43] 获取到新数据 - 期号: 114051069, 开奖时间: 16:40
[2025-09-09 16:42:43] 开奖时间已过，立即进行下次抓取
[2025-09-09 16:42:43] 安排 5 秒后进行下次抓取（16:42:48）
[2025-09-09 16:42:43] 爬虫任务执行成功
[2025-09-09 16:42:43] 爬虫任务结束
[2025-09-09 16:42:48] 开始执行爬虫任务
[2025-09-09 16:43:23] 成功抓取今日完整数据，共 116 条记录
[2025-09-09 16:43:23] 暂无新数据，当前期号: 114051069
[2025-09-09 16:43:23] 安排 60 秒后进行下次抓取（16:44:23）
[2025-09-09 16:43:23] 爬虫任务执行成功
[2025-09-09 16:43:23] 爬虫任务结束
[2025-09-09 16:44:23] 开始执行爬虫任务
[2025-09-09 16:44:58] 成功抓取今日完整数据，共 116 条记录
[2025-09-09 16:44:58] 暂无新数据，当前期号: 114051069
[2025-09-09 16:44:58] 安排 60 秒后进行下次抓取（16:45:58）
[2025-09-09 16:44:58] 爬虫任务执行成功
[2025-09-09 16:44:58] 爬虫任务结束
[2025-09-09 16:45:58] 开始执行爬虫任务
[2025-09-09 16:46:34] 成功抓取今日完整数据，共 117 条记录
[2025-09-09 16:46:34] 获取到新数据 - 期号: 114051070, 开奖时间: 16:45
[2025-09-09 16:46:34] 开奖时间: 16:45:00, 下次抓取时间: 16:47:20, 等待 45 秒
[2025-09-09 16:46:34] 安排 45 秒后进行下次抓取（16:47:19）
[2025-09-09 16:46:34] 爬虫任务执行成功
[2025-09-09 16:46:34] 爬虫任务结束
[2025-09-09 16:47:19] 开始执行爬虫任务
[2025-09-09 16:47:53] 成功抓取今日完整数据，共 117 条记录
[2025-09-09 16:47:53] 暂无新数据，当前期号: 114051070
[2025-09-09 16:47:53] 安排 60 秒后进行下次抓取（16:48:53）
[2025-09-09 16:47:53] 爬虫任务执行成功
[2025-09-09 16:47:53] 爬虫任务结束
[2025-09-09 16:48:53] 开始执行爬虫任务
[2025-09-09 16:49:29] 成功抓取今日完整数据，共 117 条记录
[2025-09-09 16:49:29] 暂无新数据，当前期号: 114051070
[2025-09-09 16:49:29] 安排 60 秒后进行下次抓取（16:50:29）
[2025-09-09 16:49:29] 爬虫任务执行成功
[2025-09-09 16:49:29] 爬虫任务结束
[2025-09-09 16:50:29] 开始执行爬虫任务
[2025-09-09 16:51:04] 成功抓取今日完整数据，共 117 条记录
[2025-09-09 16:51:04] 暂无新数据，当前期号: 114051070
[2025-09-09 16:51:04] 安排 60 秒后进行下次抓取（16:52:04）
[2025-09-09 16:51:04] 爬虫任务执行成功
[2025-09-09 16:51:04] 爬虫任务结束
[2025-09-09 16:52:04] 开始执行爬虫任务
[2025-09-09 16:52:40] 成功抓取今日完整数据，共 118 条记录
[2025-09-09 16:52:40] 获取到新数据 - 期号: 114051071, 开奖时间: 16:50
[2025-09-09 16:52:40] 开奖时间已过，立即进行下次抓取
[2025-09-09 16:52:40] 安排 5 秒后进行下次抓取（16:52:45）
[2025-09-09 16:52:40] 爬虫任务执行成功
[2025-09-09 16:52:40] 爬虫任务结束
[2025-09-09 16:52:45] 开始执行爬虫任务
[2025-09-09 16:53:20] 成功抓取今日完整数据，共 118 条记录
[2025-09-09 16:53:20] 暂无新数据，当前期号: 114051071
[2025-09-09 16:53:20] 安排 60 秒后进行下次抓取（16:54:20）
[2025-09-09 16:53:20] 爬虫任务执行成功
[2025-09-09 16:53:20] 爬虫任务结束
[2025-09-09 16:54:20] 开始执行爬虫任务
[2025-09-09 16:54:56] 成功抓取今日完整数据，共 118 条记录
[2025-09-09 16:54:56] 暂无新数据，当前期号: 114051071
[2025-09-09 16:54:56] 安排 60 秒后进行下次抓取（16:55:56）
[2025-09-09 16:54:56] 爬虫任务执行成功
[2025-09-09 16:54:56] 爬虫任务结束
[2025-09-09 16:55:56] 开始执行爬虫任务
[2025-09-09 16:56:31] 成功抓取今日完整数据，共 118 条记录
[2025-09-09 16:56:31] 暂无新数据，当前期号: 114051071
[2025-09-09 16:56:31] 安排 60 秒后进行下次抓取（16:57:31）
[2025-09-09 16:56:31] 爬虫任务执行成功
[2025-09-09 16:56:31] 爬虫任务结束
[2025-09-09 16:57:31] 开始执行爬虫任务
[2025-09-09 16:58:07] 成功抓取今日完整数据，共 119 条记录
[2025-09-09 16:58:07] 获取到新数据 - 期号: 114051072, 开奖时间: 16:55
[2025-09-09 16:58:07] 开奖时间已过，立即进行下次抓取
[2025-09-09 16:58:07] 安排 5 秒后进行下次抓取（16:58:12）
[2025-09-09 16:58:07] 爬虫任务执行成功
[2025-09-09 16:58:07] 爬虫任务结束
[2025-09-09 16:58:12] 开始执行爬虫任务
[2025-09-09 16:58:48] 成功抓取今日完整数据，共 119 条记录
[2025-09-09 16:58:48] 暂无新数据，当前期号: 114051072
[2025-09-09 16:58:48] 安排 60 秒后进行下次抓取（16:59:48）
[2025-09-09 16:58:48] 爬虫任务执行成功
[2025-09-09 16:58:48] 爬虫任务结束
[2025-09-09 16:59:48] 开始执行爬虫任务
[2025-09-09 17:00:25] 成功抓取今日完整数据，共 119 条记录
[2025-09-09 17:00:25] 暂无新数据，当前期号: 114051072
[2025-09-09 17:00:25] 安排 60 秒后进行下次抓取（17:01:25）
[2025-09-09 17:00:25] 爬虫任务执行成功
[2025-09-09 17:00:25] 爬虫任务结束
[2025-09-09 17:01:25] 开始执行爬虫任务
[2025-09-09 17:02:01] 成功抓取今日完整数据，共 120 条记录
[2025-09-09 17:02:01] 获取到新数据 - 期号: 114051073, 开奖时间: 17:00
[2025-09-09 17:02:01] 开奖时间: 17:00:00, 下次抓取时间: 17:02:20, 等待 18 秒
[2025-09-09 17:02:01] 安排 18 秒后进行下次抓取（17:02:19）
[2025-09-09 17:02:01] 爬虫任务执行成功
[2025-09-09 17:02:01] 爬虫任务结束
[2025-09-09 17:02:19] 开始执行爬虫任务
[2025-09-09 17:02:55] 成功抓取今日完整数据，共 120 条记录
[2025-09-09 17:02:55] 暂无新数据，当前期号: 114051073
[2025-09-09 17:02:55] 安排 60 秒后进行下次抓取（17:03:55）
[2025-09-09 17:02:55] 爬虫任务执行成功
[2025-09-09 17:02:55] 爬虫任务结束
[2025-09-09 17:03:55] 开始执行爬虫任务
[2025-09-09 17:04:31] 成功抓取今日完整数据，共 120 条记录
[2025-09-09 17:04:31] 暂无新数据，当前期号: 114051073
[2025-09-09 17:04:31] 安排 60 秒后进行下次抓取（17:05:31）
[2025-09-09 17:04:31] 爬虫任务执行成功
[2025-09-09 17:04:31] 爬虫任务结束
[2025-09-09 17:05:31] 开始执行爬虫任务
[2025-09-09 17:06:09] 成功抓取今日完整数据，共 120 条记录
[2025-09-09 17:06:09] 暂无新数据，当前期号: 114051073
[2025-09-09 17:06:09] 安排 60 秒后进行下次抓取（17:07:09）
[2025-09-09 17:06:09] 爬虫任务执行成功
[2025-09-09 17:06:09] 爬虫任务结束
[2025-09-09 17:07:09] 开始执行爬虫任务
[2025-09-09 17:07:43] 成功抓取今日完整数据，共 121 条记录
[2025-09-09 17:07:43] 获取到新数据 - 期号: 114051074, 开奖时间: 17:05
[2025-09-09 17:07:43] 开奖时间已过，立即进行下次抓取
[2025-09-09 17:07:43] 安排 5 秒后进行下次抓取（17:07:48）
[2025-09-09 17:07:43] 爬虫任务执行成功
[2025-09-09 17:07:43] 爬虫任务结束
[2025-09-09 17:07:48] 开始执行爬虫任务
[2025-09-09 17:08:24] 成功抓取今日完整数据，共 121 条记录
[2025-09-09 17:08:24] 暂无新数据，当前期号: 114051074
[2025-09-09 17:08:24] 安排 60 秒后进行下次抓取（17:09:24）
[2025-09-09 17:08:24] 爬虫任务执行成功
[2025-09-09 17:08:24] 爬虫任务结束
[2025-09-09 17:09:24] 开始执行爬虫任务
[2025-09-09 17:10:01] 成功抓取今日完整数据，共 121 条记录
[2025-09-09 17:10:01] 暂无新数据，当前期号: 114051074
[2025-09-09 17:10:01] 安排 60 秒后进行下次抓取（17:11:01）
[2025-09-09 17:10:01] 爬虫任务执行成功
[2025-09-09 17:10:01] 爬虫任务结束
[2025-09-09 17:11:01] 开始执行爬虫任务
[2025-09-09 17:11:36] 成功抓取今日完整数据，共 121 条记录
[2025-09-09 17:11:36] 暂无新数据，当前期号: 114051074
[2025-09-09 17:11:36] 安排 60 秒后进行下次抓取（17:12:36）
[2025-09-09 17:11:36] 爬虫任务执行成功
[2025-09-09 17:11:36] 爬虫任务结束
[2025-09-09 17:12:36] 开始执行爬虫任务
[2025-09-09 17:13:12] 成功抓取今日完整数据，共 122 条记录
[2025-09-09 17:13:12] 获取到新数据 - 期号: 114051075, 开奖时间: 17:10
[2025-09-09 17:13:12] 开奖时间已过，立即进行下次抓取
[2025-09-09 17:13:12] 安排 5 秒后进行下次抓取（17:13:17）
[2025-09-09 17:13:12] 爬虫任务执行成功
[2025-09-09 17:13:12] 爬虫任务结束
[2025-09-09 17:13:17] 开始执行爬虫任务
[2025-09-09 17:13:53] 成功抓取今日完整数据，共 122 条记录
[2025-09-09 17:13:53] 暂无新数据，当前期号: 114051075
[2025-09-09 17:13:53] 安排 60 秒后进行下次抓取（17:14:53）
[2025-09-09 17:13:53] 爬虫任务执行成功
[2025-09-09 17:13:53] 爬虫任务结束
[2025-09-09 17:14:53] 开始执行爬虫任务
[2025-09-09 17:15:31] 成功抓取今日完整数据，共 122 条记录
[2025-09-09 17:15:31] 暂无新数据，当前期号: 114051075
[2025-09-09 17:15:31] 安排 60 秒后进行下次抓取（17:16:31）
[2025-09-09 17:15:31] 爬虫任务执行成功
[2025-09-09 17:15:31] 爬虫任务结束
[2025-09-09 17:16:31] 开始执行爬虫任务
[2025-09-09 17:17:07] 成功抓取今日完整数据，共 123 条记录
[2025-09-09 17:17:07] 获取到新数据 - 期号: 114051076, 开奖时间: 17:15
[2025-09-09 17:17:07] 开奖时间: 17:15:00, 下次抓取时间: 17:17:20, 等待 12 秒
[2025-09-09 17:17:07] 安排 12 秒后进行下次抓取（17:17:19）
[2025-09-09 17:17:07] 爬虫任务执行成功
[2025-09-09 17:17:07] 爬虫任务结束
[2025-09-09 17:17:19] 开始执行爬虫任务
[2025-09-09 17:17:55] 成功抓取今日完整数据，共 123 条记录
[2025-09-09 17:17:55] 暂无新数据，当前期号: 114051076
[2025-09-09 17:17:55] 安排 60 秒后进行下次抓取（17:18:55）
[2025-09-09 17:17:55] 爬虫任务执行成功
[2025-09-09 17:17:55] 爬虫任务结束
[2025-09-09 17:18:55] 开始执行爬虫任务
[2025-09-09 17:19:33] 成功抓取今日完整数据，共 123 条记录
[2025-09-09 17:19:33] 暂无新数据，当前期号: 114051076
[2025-09-09 17:19:33] 安排 60 秒后进行下次抓取（17:20:33）
[2025-09-09 17:19:33] 爬虫任务执行成功
[2025-09-09 17:19:33] 爬虫任务结束
[2025-09-09 17:20:33] 开始执行爬虫任务
[2025-09-09 17:21:09] 成功抓取今日完整数据，共 123 条记录
[2025-09-09 17:21:09] 暂无新数据，当前期号: 114051076
[2025-09-09 17:21:09] 安排 60 秒后进行下次抓取（17:22:09）
[2025-09-09 17:21:09] 爬虫任务执行成功
[2025-09-09 17:21:09] 爬虫任务结束
[2025-09-09 17:22:09] 开始执行爬虫任务
[2025-09-09 17:22:45] 成功抓取今日完整数据，共 124 条记录
[2025-09-09 17:22:45] 获取到新数据 - 期号: 114051077, 开奖时间: 17:20
[2025-09-09 17:22:45] 开奖时间已过，立即进行下次抓取
[2025-09-09 17:22:45] 安排 5 秒后进行下次抓取（17:22:50）
[2025-09-09 17:22:45] 爬虫任务执行成功
[2025-09-09 17:22:45] 爬虫任务结束
[2025-09-09 17:22:50] 开始执行爬虫任务
[2025-09-09 17:23:27] 成功抓取今日完整数据，共 124 条记录
[2025-09-09 17:23:27] 暂无新数据，当前期号: 114051077
[2025-09-09 17:23:27] 安排 60 秒后进行下次抓取（17:24:27）
[2025-09-09 17:23:27] 爬虫任务执行成功
[2025-09-09 17:23:27] 爬虫任务结束
[2025-09-09 17:24:27] 开始执行爬虫任务
[2025-09-09 17:25:03] 成功抓取今日完整数据，共 124 条记录
[2025-09-09 17:25:03] 暂无新数据，当前期号: 114051077
[2025-09-09 17:25:03] 安排 60 秒后进行下次抓取（17:26:03）
[2025-09-09 17:25:03] 爬虫任务执行成功
[2025-09-09 17:25:03] 爬虫任务结束
[2025-09-09 17:26:03] 开始执行爬虫任务
[2025-09-09 17:26:38] 成功抓取今日完整数据，共 125 条记录
[2025-09-09 17:26:38] 获取到新数据 - 期号: 114051078, 开奖时间: 17:25
[2025-09-09 17:26:38] 开奖时间: 17:25:00, 下次抓取时间: 17:27:20, 等待 41 秒
[2025-09-09 17:26:38] 安排 41 秒后进行下次抓取（17:27:19）
[2025-09-09 17:26:38] 爬虫任务执行成功
[2025-09-09 17:26:38] 爬虫任务结束
[2025-09-09 17:27:19] 开始执行爬虫任务
[2025-09-09 17:27:55] 成功抓取今日完整数据，共 125 条记录
[2025-09-09 17:27:55] 暂无新数据，当前期号: 114051078
[2025-09-09 17:27:55] 安排 60 秒后进行下次抓取（17:28:55）
[2025-09-09 17:27:55] 爬虫任务执行成功
[2025-09-09 17:27:55] 爬虫任务结束
[2025-09-09 17:28:55] 开始执行爬虫任务
[2025-09-09 17:29:32] 成功抓取今日完整数据，共 125 条记录
[2025-09-09 17:29:32] 暂无新数据，当前期号: 114051078
[2025-09-09 17:29:32] 安排 60 秒后进行下次抓取（17:30:32）
[2025-09-09 17:29:32] 爬虫任务执行成功
[2025-09-09 17:29:32] 爬虫任务结束
[2025-09-09 17:30:32] 开始执行爬虫任务
[2025-09-09 17:31:08] 成功抓取今日完整数据，共 125 条记录
[2025-09-09 17:31:08] 暂无新数据，当前期号: 114051078
[2025-09-09 17:31:08] 安排 60 秒后进行下次抓取（17:32:08）
[2025-09-09 17:31:08] 爬虫任务执行成功
[2025-09-09 17:31:08] 爬虫任务结束
[2025-09-09 17:32:08] 开始执行爬虫任务
[2025-09-09 17:32:43] 成功抓取今日完整数据，共 126 条记录
[2025-09-09 17:32:43] 获取到新数据 - 期号: 114051079, 开奖时间: 17:30
[2025-09-09 17:32:43] 开奖时间已过，立即进行下次抓取
[2025-09-09 17:32:43] 安排 5 秒后进行下次抓取（17:32:48）
[2025-09-09 17:32:43] 爬虫任务执行成功
[2025-09-09 17:32:43] 爬虫任务结束
[2025-09-09 17:32:48] 开始执行爬虫任务
[2025-09-09 17:33:25] 成功抓取今日完整数据，共 126 条记录
[2025-09-09 17:33:25] 暂无新数据，当前期号: 114051079
[2025-09-09 17:33:25] 安排 60 秒后进行下次抓取（17:34:25）
[2025-09-09 17:33:25] 爬虫任务执行成功
[2025-09-09 17:33:25] 爬虫任务结束
[2025-09-09 17:34:25] 开始执行爬虫任务
[2025-09-09 17:35:01] 成功抓取今日完整数据，共 126 条记录
[2025-09-09 17:35:01] 暂无新数据，当前期号: 114051079
[2025-09-09 17:35:01] 安排 60 秒后进行下次抓取（17:36:01）
[2025-09-09 17:35:01] 爬虫任务执行成功
[2025-09-09 17:35:01] 爬虫任务结束
[2025-09-09 17:36:01] 开始执行爬虫任务
[2025-09-09 17:36:37] 成功抓取今日完整数据，共 126 条记录
[2025-09-09 17:36:37] 暂无新数据，当前期号: 114051079
[2025-09-09 17:36:37] 安排 60 秒后进行下次抓取（17:37:37）
[2025-09-09 17:36:37] 爬虫任务执行成功
[2025-09-09 17:36:37] 爬虫任务结束
[2025-09-09 17:37:37] 开始执行爬虫任务
[2025-09-09 17:38:13] 成功抓取今日完整数据，共 127 条记录
[2025-09-09 17:38:13] 获取到新数据 - 期号: 114051080, 开奖时间: 17:35
[2025-09-09 17:38:13] 开奖时间已过，立即进行下次抓取
[2025-09-09 17:38:13] 安排 5 秒后进行下次抓取（17:38:18）
[2025-09-09 17:38:13] 爬虫任务执行成功
[2025-09-09 17:38:13] 爬虫任务结束
[2025-09-09 17:38:18] 开始执行爬虫任务
[2025-09-09 17:38:55] 成功抓取今日完整数据，共 127 条记录
[2025-09-09 17:38:55] 暂无新数据，当前期号: 114051080
[2025-09-09 17:38:55] 安排 60 秒后进行下次抓取（17:39:55）
[2025-09-09 17:38:55] 爬虫任务执行成功
[2025-09-09 17:38:55] 爬虫任务结束
[2025-09-09 17:39:55] 开始执行爬虫任务
[2025-09-09 17:40:33] 成功抓取今日完整数据，共 127 条记录
[2025-09-09 17:40:33] 暂无新数据，当前期号: 114051080
[2025-09-09 17:40:33] 安排 60 秒后进行下次抓取（17:41:33）
[2025-09-09 17:40:33] 爬虫任务执行成功
[2025-09-09 17:40:33] 爬虫任务结束
[2025-09-09 17:41:33] 开始执行爬虫任务
[2025-09-09 17:42:10] 成功抓取今日完整数据，共 128 条记录
[2025-09-09 17:42:10] 获取到新数据 - 期号: 114051081, 开奖时间: 17:40
[2025-09-09 17:42:10] 开奖时间: 17:40:00, 下次抓取时间: 17:42:20, 等待 9 秒
[2025-09-09 17:42:10] 安排 9 秒后进行下次抓取（17:42:19）
[2025-09-09 17:42:10] 爬虫任务执行成功
[2025-09-09 17:42:10] 爬虫任务结束
[2025-09-09 17:42:19] 开始执行爬虫任务
[2025-09-09 17:42:55] 成功抓取今日完整数据，共 128 条记录
[2025-09-09 17:42:55] 暂无新数据，当前期号: 114051081
[2025-09-09 17:42:55] 安排 60 秒后进行下次抓取（17:43:55）
[2025-09-09 17:42:55] 爬虫任务执行成功
[2025-09-09 17:42:55] 爬虫任务结束
[2025-09-09 17:43:55] 开始执行爬虫任务
[2025-09-09 17:44:32] 成功抓取今日完整数据，共 128 条记录
[2025-09-09 17:44:32] 暂无新数据，当前期号: 114051081
[2025-09-09 17:44:32] 安排 60 秒后进行下次抓取（17:45:32）
[2025-09-09 17:44:32] 爬虫任务执行成功
[2025-09-09 17:44:32] 爬虫任务结束
[2025-09-09 17:45:32] 开始执行爬虫任务
[2025-09-09 17:46:08] 成功抓取今日完整数据，共 128 条记录
[2025-09-09 17:46:08] 暂无新数据，当前期号: 114051081
[2025-09-09 17:46:08] 安排 60 秒后进行下次抓取（17:47:08）
[2025-09-09 17:46:08] 爬虫任务执行成功
[2025-09-09 17:46:08] 爬虫任务结束
[2025-09-09 17:47:08] 开始执行爬虫任务
[2025-09-09 17:47:45] 成功抓取今日完整数据，共 129 条记录
[2025-09-09 17:47:45] 获取到新数据 - 期号: 114051082, 开奖时间: 17:45
[2025-09-09 17:47:45] 开奖时间已过，立即进行下次抓取
[2025-09-09 17:47:45] 安排 5 秒后进行下次抓取（17:47:50）
[2025-09-09 17:47:45] 爬虫任务执行成功
[2025-09-09 17:47:45] 爬虫任务结束
[2025-09-09 17:47:50] 开始执行爬虫任务
[2025-09-09 17:48:26] 成功抓取今日完整数据，共 129 条记录
[2025-09-09 17:48:26] 暂无新数据，当前期号: 114051082
[2025-09-09 17:48:26] 安排 60 秒后进行下次抓取（17:49:26）
[2025-09-09 17:48:26] 爬虫任务执行成功
[2025-09-09 17:48:26] 爬虫任务结束
[2025-09-09 17:49:26] 开始执行爬虫任务
[2025-09-09 17:50:09] 成功抓取今日完整数据，共 129 条记录
[2025-09-09 17:50:09] 暂无新数据，当前期号: 114051082
[2025-09-09 17:50:09] 安排 60 秒后进行下次抓取（17:51:09）
[2025-09-09 17:50:09] 爬虫任务执行成功
[2025-09-09 17:50:09] 爬虫任务结束
[2025-09-09 17:51:09] 开始执行爬虫任务
[2025-09-09 17:51:47] 成功抓取今日完整数据，共 129 条记录
[2025-09-09 17:51:47] 暂无新数据，当前期号: 114051082
[2025-09-09 17:51:47] 安排 60 秒后进行下次抓取（17:52:47）
[2025-09-09 17:51:47] 爬虫任务执行成功
[2025-09-09 17:51:47] 爬虫任务结束
[2025-09-09 17:52:47] 开始执行爬虫任务
[2025-09-09 17:53:25] 成功抓取今日完整数据，共 130 条记录
[2025-09-09 17:53:25] 获取到新数据 - 期号: 114051083, 开奖时间: 17:50
[2025-09-09 17:53:25] 开奖时间已过，立即进行下次抓取
[2025-09-09 17:53:25] 安排 5 秒后进行下次抓取（17:53:30）
[2025-09-09 17:53:25] 爬虫任务执行成功
[2025-09-09 17:53:25] 爬虫任务结束
[2025-09-09 17:53:30] 开始执行爬虫任务
[2025-09-09 17:54:11] 成功抓取今日完整数据，共 130 条记录
[2025-09-09 17:54:11] 暂无新数据，当前期号: 114051083
[2025-09-09 17:54:11] 安排 60 秒后进行下次抓取（17:55:11）
[2025-09-09 17:54:11] 爬虫任务执行成功
[2025-09-09 17:54:11] 爬虫任务结束
[2025-09-09 17:55:11] 开始执行爬虫任务
[2025-09-09 17:55:52] 成功抓取今日完整数据，共 130 条记录
[2025-09-09 17:55:52] 暂无新数据，当前期号: 114051083
[2025-09-09 17:55:52] 安排 60 秒后进行下次抓取（17:56:52）
[2025-09-09 17:55:52] 爬虫任务执行成功
[2025-09-09 17:55:52] 爬虫任务结束
[2025-09-09 17:56:52] 开始执行爬虫任务
[2025-09-09 17:57:28] 成功抓取今日完整数据，共 131 条记录
[2025-09-09 17:57:28] 获取到新数据 - 期号: 114051084, 开奖时间: 17:55
[2025-09-09 17:57:28] 开奖时间已过，立即进行下次抓取
[2025-09-09 17:57:28] 安排 5 秒后进行下次抓取（17:57:33）
[2025-09-09 17:57:28] 爬虫任务执行成功
[2025-09-09 17:57:28] 爬虫任务结束
[2025-09-09 17:57:33] 开始执行爬虫任务
[2025-09-09 17:58:10] 成功抓取今日完整数据，共 131 条记录
[2025-09-09 17:58:10] 暂无新数据，当前期号: 114051084
[2025-09-09 17:58:10] 安排 60 秒后进行下次抓取（17:59:10）
[2025-09-09 17:58:10] 爬虫任务执行成功
[2025-09-09 17:58:10] 爬虫任务结束
[2025-09-09 17:59:10] 开始执行爬虫任务
[2025-09-09 17:59:53] 成功抓取今日完整数据，共 131 条记录
[2025-09-09 17:59:53] 暂无新数据，当前期号: 114051084
[2025-09-09 17:59:53] 安排 60 秒后进行下次抓取（18:00:53）
[2025-09-09 17:59:53] 爬虫任务执行成功
[2025-09-09 17:59:53] 爬虫任务结束
[2025-09-09 18:00:53] 开始执行爬虫任务
[2025-09-09 18:01:32] 成功抓取今日完整数据，共 132 条记录
[2025-09-09 18:01:32] 获取到新数据 - 期号: 114051085, 开奖时间: 18:00
[2025-09-09 18:01:32] 开奖时间: 18:00:00, 下次抓取时间: 18:02:20, 等待 47 秒
[2025-09-09 18:01:32] 安排 47 秒后进行下次抓取（18:02:19）
[2025-09-09 18:01:32] 爬虫任务执行成功
[2025-09-09 18:01:32] 爬虫任务结束
[2025-09-09 18:02:19] 开始执行爬虫任务
[2025-09-09 18:02:59] 成功抓取今日完整数据，共 82 条记录
[2025-09-09 18:02:59] 暂无新数据，当前期号: 114051085
[2025-09-09 18:02:59] 安排 60 秒后进行下次抓取（18:03:59）
[2025-09-09 18:02:59] 爬虫任务执行成功
[2025-09-09 18:02:59] 爬虫任务结束
[2025-09-09 18:03:59] 开始执行爬虫任务
[2025-09-09 18:04:39] 成功抓取今日完整数据，共 132 条记录
[2025-09-09 18:04:39] 暂无新数据，当前期号: 114051085
[2025-09-09 18:04:39] 安排 60 秒后进行下次抓取（18:05:39）
[2025-09-09 18:04:39] 爬虫任务执行成功
[2025-09-09 18:04:39] 爬虫任务结束
[2025-09-09 18:05:39] 开始执行爬虫任务
[2025-09-09 18:06:18] 成功抓取今日完整数据，共 132 条记录
[2025-09-09 18:06:18] 暂无新数据，当前期号: 114051085
[2025-09-09 18:06:18] 安排 60 秒后进行下次抓取（18:07:18）
[2025-09-09 18:06:18] 爬虫任务执行成功
[2025-09-09 18:06:18] 爬虫任务结束
[2025-09-09 18:07:18] 开始执行爬虫任务
[2025-09-09 18:07:57] 成功抓取今日完整数据，共 133 条记录
[2025-09-09 18:07:57] 获取到新数据 - 期号: 114051086, 开奖时间: 18:05
[2025-09-09 18:07:57] 开奖时间已过，立即进行下次抓取
[2025-09-09 18:07:57] 安排 5 秒后进行下次抓取（18:08:02）
[2025-09-09 18:07:57] 爬虫任务执行成功
[2025-09-09 18:07:57] 爬虫任务结束
[2025-09-09 18:08:02] 开始执行爬虫任务
[2025-09-09 18:08:39] 成功抓取今日完整数据，共 133 条记录
[2025-09-09 18:08:39] 暂无新数据，当前期号: 114051086
[2025-09-09 18:08:39] 安排 60 秒后进行下次抓取（18:09:39）
[2025-09-09 18:08:39] 爬虫任务执行成功
[2025-09-09 18:08:39] 爬虫任务结束
[2025-09-09 18:09:39] 开始执行爬虫任务
[2025-09-09 18:10:26] 成功抓取今日完整数据，共 133 条记录
[2025-09-09 18:10:26] 暂无新数据，当前期号: 114051086
[2025-09-09 18:10:26] 安排 60 秒后进行下次抓取（18:11:26）
[2025-09-09 18:10:26] 爬虫任务执行成功
[2025-09-09 18:10:26] 爬虫任务结束
[2025-09-09 18:11:26] 开始执行爬虫任务
[2025-09-09 18:12:11] 成功抓取今日完整数据，共 100 条记录
[2025-09-09 18:12:11] 获取到新数据 - 期号: 114051087, 开奖时间: 18:10
[2025-09-09 18:12:11] 开奖时间: 18:10:00, 下次抓取时间: 18:12:20, 等待 8 秒
[2025-09-09 18:12:11] 安排 8 秒后进行下次抓取（18:12:19）
[2025-09-09 18:12:11] 爬虫任务执行成功
[2025-09-09 18:12:11] 爬虫任务结束
[2025-09-09 18:12:19] 开始执行爬虫任务
[2025-09-09 18:13:02] 成功抓取今日完整数据，共 134 条记录
[2025-09-09 18:13:02] 暂无新数据，当前期号: 114051087
[2025-09-09 18:13:02] 安排 60 秒后进行下次抓取（18:14:02）
[2025-09-09 18:13:02] 爬虫任务执行成功
[2025-09-09 18:13:02] 爬虫任务结束
[2025-09-09 18:14:02] 开始执行爬虫任务
[2025-09-09 18:14:38] 成功抓取今日完整数据，共 134 条记录
[2025-09-09 18:14:38] 暂无新数据，当前期号: 114051087
[2025-09-09 18:14:38] 安排 60 秒后进行下次抓取（18:15:38）
[2025-09-09 18:14:38] 爬虫任务执行成功
[2025-09-09 18:14:38] 爬虫任务结束
[2025-09-09 18:15:38] 开始执行爬虫任务
[2025-09-09 18:16:17] 成功抓取今日完整数据，共 134 条记录
[2025-09-09 18:16:17] 暂无新数据，当前期号: 114051087
[2025-09-09 18:16:17] 安排 60 秒后进行下次抓取（18:17:17）
[2025-09-09 18:16:17] 爬虫任务执行成功
[2025-09-09 18:16:17] 爬虫任务结束
[2025-09-09 18:17:17] 开始执行爬虫任务
[2025-09-09 18:17:57] 成功抓取今日完整数据，共 135 条记录
[2025-09-09 18:17:57] 获取到新数据 - 期号: 114051088, 开奖时间: 18:15
[2025-09-09 18:17:57] 开奖时间已过，立即进行下次抓取
[2025-09-09 18:17:57] 安排 5 秒后进行下次抓取（18:18:02）
[2025-09-09 18:17:57] 爬虫任务执行成功
[2025-09-09 18:17:57] 爬虫任务结束
[2025-09-09 18:18:02] 开始执行爬虫任务
[2025-09-09 18:18:43] 成功抓取今日完整数据，共 135 条记录
[2025-09-09 18:18:43] 暂无新数据，当前期号: 114051088
[2025-09-09 18:18:43] 安排 60 秒后进行下次抓取（18:19:43）
[2025-09-09 18:18:43] 爬虫任务执行成功
[2025-09-09 18:18:43] 爬虫任务结束
[2025-09-09 18:19:43] 开始执行爬虫任务
[2025-09-09 18:20:24] 成功抓取今日完整数据，共 135 条记录
[2025-09-09 18:20:24] 暂无新数据，当前期号: 114051088
[2025-09-09 18:20:24] 安排 60 秒后进行下次抓取（18:21:24）
[2025-09-09 18:20:24] 爬虫任务执行成功
[2025-09-09 18:20:24] 爬虫任务结束
[2025-09-09 18:21:24] 开始执行爬虫任务
[2025-09-09 18:22:00] 成功抓取今日完整数据，共 135 条记录
[2025-09-09 18:22:00] 暂无新数据，当前期号: 114051088
[2025-09-09 18:22:00] 安排 60 秒后进行下次抓取（18:23:00）
[2025-09-09 18:22:00] 爬虫任务执行成功
[2025-09-09 18:22:00] 爬虫任务结束
[2025-09-09 18:23:00] 开始执行爬虫任务
[2025-09-09 18:23:37] 成功抓取今日完整数据，共 136 条记录
[2025-09-09 18:23:37] 获取到新数据 - 期号: 114051089, 开奖时间: 18:20
[2025-09-09 18:23:37] 开奖时间已过，立即进行下次抓取
[2025-09-09 18:23:37] 安排 5 秒后进行下次抓取（18:23:42）
[2025-09-09 18:23:37] 爬虫任务执行成功
[2025-09-09 18:23:37] 爬虫任务结束
[2025-09-09 18:23:42] 开始执行爬虫任务
[2025-09-09 18:24:19] 成功抓取今日完整数据，共 136 条记录
[2025-09-09 18:24:19] 暂无新数据，当前期号: 114051089
[2025-09-09 18:24:19] 安排 60 秒后进行下次抓取（18:25:19）
[2025-09-09 18:24:19] 爬虫任务执行成功
[2025-09-09 18:24:19] 爬虫任务结束
[2025-09-09 18:25:19] 开始执行爬虫任务
[2025-09-09 18:25:55] 成功抓取今日完整数据，共 136 条记录
[2025-09-09 18:25:55] 暂无新数据，当前期号: 114051089
[2025-09-09 18:25:55] 安排 60 秒后进行下次抓取（18:26:55）
[2025-09-09 18:25:55] 爬虫任务执行成功
[2025-09-09 18:25:55] 爬虫任务结束
[2025-09-09 18:26:55] 开始执行爬虫任务
[2025-09-09 18:27:32] 成功抓取今日完整数据，共 137 条记录
[2025-09-09 18:27:32] 获取到新数据 - 期号: 114051090, 开奖时间: 18:25
[2025-09-09 18:27:32] 开奖时间已过，立即进行下次抓取
[2025-09-09 18:27:32] 安排 5 秒后进行下次抓取（18:27:37）
[2025-09-09 18:27:32] 爬虫任务执行成功
[2025-09-09 18:27:32] 爬虫任务结束
[2025-09-09 18:27:37] 开始执行爬虫任务
[2025-09-09 18:28:14] 成功抓取今日完整数据，共 137 条记录
[2025-09-09 18:28:14] 暂无新数据，当前期号: 114051090
[2025-09-09 18:28:14] 安排 60 秒后进行下次抓取（18:29:14）
[2025-09-09 18:28:14] 爬虫任务执行成功
[2025-09-09 18:28:14] 爬虫任务结束
[2025-09-09 18:29:14] 开始执行爬虫任务
[2025-09-09 18:29:50] 成功抓取今日完整数据，共 137 条记录
[2025-09-09 18:29:50] 暂无新数据，当前期号: 114051090
[2025-09-09 18:29:50] 安排 60 秒后进行下次抓取（18:30:50）
[2025-09-09 18:29:50] 爬虫任务执行成功
[2025-09-09 18:29:50] 爬虫任务结束
[2025-09-09 18:30:50] 开始执行爬虫任务
[2025-09-09 18:31:27] 成功抓取今日完整数据，共 137 条记录
[2025-09-09 18:31:27] 暂无新数据，当前期号: 114051090
[2025-09-09 18:31:27] 安排 60 秒后进行下次抓取（18:32:27）
[2025-09-09 18:31:27] 爬虫任务执行成功
[2025-09-09 18:31:27] 爬虫任务结束
[2025-09-09 18:32:27] 开始执行爬虫任务
[2025-09-09 18:33:04] 成功抓取今日完整数据，共 138 条记录
[2025-09-09 18:33:04] 获取到新数据 - 期号: 114051091, 开奖时间: 18:30
[2025-09-09 18:33:04] 开奖时间已过，立即进行下次抓取
[2025-09-09 18:33:04] 安排 5 秒后进行下次抓取（18:33:09）
[2025-09-09 18:33:04] 爬虫任务执行成功
[2025-09-09 18:33:04] 爬虫任务结束
[2025-09-09 18:33:09] 开始执行爬虫任务
[2025-09-09 18:33:44] 成功抓取今日完整数据，共 138 条记录
[2025-09-09 18:33:44] 暂无新数据，当前期号: 114051091
[2025-09-09 18:33:44] 安排 60 秒后进行下次抓取（18:34:44）
[2025-09-09 18:33:44] 爬虫任务执行成功
[2025-09-09 18:33:44] 爬虫任务结束
[2025-09-09 18:34:44] 开始执行爬虫任务
[2025-09-09 18:35:23] 成功抓取今日完整数据，共 138 条记录
[2025-09-09 18:35:23] 暂无新数据，当前期号: 114051091
[2025-09-09 18:35:23] 安排 60 秒后进行下次抓取（18:36:23）
[2025-09-09 18:35:23] 爬虫任务执行成功
[2025-09-09 18:35:23] 爬虫任务结束
[2025-09-09 18:36:23] 开始执行爬虫任务
[2025-09-09 18:36:58] 成功抓取今日完整数据，共 138 条记录
[2025-09-09 18:36:58] 暂无新数据，当前期号: 114051091
[2025-09-09 18:36:58] 安排 60 秒后进行下次抓取（18:37:58）
[2025-09-09 18:36:58] 爬虫任务执行成功
[2025-09-09 18:36:58] 爬虫任务结束
[2025-09-09 18:37:58] 开始执行爬虫任务
[2025-09-09 18:38:36] 成功抓取今日完整数据，共 139 条记录
[2025-09-09 18:38:36] 获取到新数据 - 期号: 114051092, 开奖时间: 18:35
[2025-09-09 18:38:36] 开奖时间已过，立即进行下次抓取
[2025-09-09 18:38:36] 安排 5 秒后进行下次抓取（18:38:41）
[2025-09-09 18:38:36] 爬虫任务执行成功
[2025-09-09 18:38:36] 爬虫任务结束
[2025-09-09 18:38:41] 开始执行爬虫任务
[2025-09-09 18:39:19] 成功抓取今日完整数据，共 139 条记录
[2025-09-09 18:39:19] 暂无新数据，当前期号: 114051092
[2025-09-09 18:39:19] 安排 60 秒后进行下次抓取（18:40:19）
[2025-09-09 18:39:19] 爬虫任务执行成功
[2025-09-09 18:39:19] 爬虫任务结束
[2025-09-09 18:40:19] 开始执行爬虫任务
[2025-09-09 18:40:57] 成功抓取今日完整数据，共 139 条记录
[2025-09-09 18:40:57] 暂无新数据，当前期号: 114051092
[2025-09-09 18:40:57] 安排 60 秒后进行下次抓取（18:41:57）
[2025-09-09 18:40:57] 爬虫任务执行成功
[2025-09-09 18:40:57] 爬虫任务结束
[2025-09-09 18:41:57] 开始执行爬虫任务
[2025-09-09 18:42:38] 成功抓取今日完整数据，共 140 条记录
[2025-09-09 18:42:38] 获取到新数据 - 期号: 114051093, 开奖时间: 18:40
[2025-09-09 18:42:38] 开奖时间已过，立即进行下次抓取
[2025-09-09 18:42:38] 安排 5 秒后进行下次抓取（18:42:43）
[2025-09-09 18:42:38] 爬虫任务执行成功
[2025-09-09 18:42:38] 爬虫任务结束
[2025-09-09 18:42:43] 开始执行爬虫任务
[2025-09-09 18:43:24] 成功抓取今日完整数据，共 140 条记录
[2025-09-09 18:43:24] 暂无新数据，当前期号: 114051093
[2025-09-09 18:43:24] 安排 60 秒后进行下次抓取（18:44:24）
[2025-09-09 18:43:24] 爬虫任务执行成功
[2025-09-09 18:43:24] 爬虫任务结束
[2025-09-09 18:44:24] 开始执行爬虫任务
[2025-09-09 18:45:04] 成功抓取今日完整数据，共 140 条记录
[2025-09-09 18:45:04] 暂无新数据，当前期号: 114051093
[2025-09-09 18:45:04] 安排 60 秒后进行下次抓取（18:46:04）
[2025-09-09 18:45:04] 爬虫任务执行成功
[2025-09-09 18:45:04] 爬虫任务结束
[2025-09-09 18:46:04] 开始执行爬虫任务
[2025-09-09 18:46:43] 成功抓取今日完整数据，共 140 条记录
[2025-09-09 18:46:43] 暂无新数据，当前期号: 114051093
[2025-09-09 18:46:43] 安排 60 秒后进行下次抓取（18:47:43）
[2025-09-09 18:46:43] 爬虫任务执行成功
[2025-09-09 18:46:43] 爬虫任务结束
[2025-09-09 18:47:43] 开始执行爬虫任务
[2025-09-09 18:48:20] 成功抓取今日完整数据，共 141 条记录
[2025-09-09 18:48:20] 获取到新数据 - 期号: 114051094, 开奖时间: 18:45
[2025-09-09 18:48:20] 开奖时间已过，立即进行下次抓取
[2025-09-09 18:48:20] 安排 5 秒后进行下次抓取（18:48:25）
[2025-09-09 18:48:20] 爬虫任务执行成功
[2025-09-09 18:48:20] 爬虫任务结束
[2025-09-09 18:48:25] 开始执行爬虫任务
[2025-09-09 18:49:01] 成功抓取今日完整数据，共 141 条记录
[2025-09-09 18:49:01] 暂无新数据，当前期号: 114051094
[2025-09-09 18:49:01] 安排 60 秒后进行下次抓取（18:50:01）
[2025-09-09 18:49:01] 爬虫任务执行成功
[2025-09-09 18:49:01] 爬虫任务结束
[2025-09-09 18:50:01] 开始执行爬虫任务
[2025-09-09 18:50:40] 成功抓取今日完整数据，共 141 条记录
[2025-09-09 18:50:40] 暂无新数据，当前期号: 114051094
[2025-09-09 18:50:40] 安排 60 秒后进行下次抓取（18:51:40）
[2025-09-09 18:50:40] 爬虫任务执行成功
[2025-09-09 18:50:40] 爬虫任务结束
[2025-09-09 18:51:40] 开始执行爬虫任务
[2025-09-09 18:52:21] 成功抓取今日完整数据，共 142 条记录
[2025-09-09 18:52:21] 获取到新数据 - 期号: 114051095, 开奖时间: 18:50
[2025-09-09 18:52:21] 开奖时间已过，立即进行下次抓取
[2025-09-09 18:52:21] 安排 5 秒后进行下次抓取（18:52:26）
[2025-09-09 18:52:21] 爬虫任务执行成功
[2025-09-09 18:52:21] 爬虫任务结束
[2025-09-09 18:52:26] 开始执行爬虫任务
[2025-09-09 18:53:04] 成功抓取今日完整数据，共 142 条记录
[2025-09-09 18:53:04] 暂无新数据，当前期号: 114051095
[2025-09-09 18:53:04] 安排 60 秒后进行下次抓取（18:54:04）
[2025-09-09 18:53:04] 爬虫任务执行成功
[2025-09-09 18:53:04] 爬虫任务结束
[2025-09-09 18:54:04] 开始执行爬虫任务
[2025-09-09 18:54:43] 成功抓取今日完整数据，共 142 条记录
[2025-09-09 18:54:43] 暂无新数据，当前期号: 114051095
[2025-09-09 18:54:43] 安排 60 秒后进行下次抓取（18:55:43）
[2025-09-09 18:54:43] 爬虫任务执行成功
[2025-09-09 18:54:43] 爬虫任务结束
[2025-09-09 18:55:43] 开始执行爬虫任务
[2025-09-09 18:56:25] 成功抓取今日完整数据，共 142 条记录
[2025-09-09 18:56:25] 暂无新数据，当前期号: 114051095
[2025-09-09 18:56:25] 安排 60 秒后进行下次抓取（18:57:25）
[2025-09-09 18:56:25] 爬虫任务执行成功
[2025-09-09 18:56:26] 爬虫任务结束
[2025-09-09 18:57:25] 开始执行爬虫任务
[2025-09-09 18:58:06] 成功抓取今日完整数据，共 143 条记录
[2025-09-09 18:58:06] 获取到新数据 - 期号: 114051096, 开奖时间: 18:55
[2025-09-09 18:58:06] 开奖时间已过，立即进行下次抓取
[2025-09-09 18:58:06] 安排 5 秒后进行下次抓取（18:58:11）
[2025-09-09 18:58:06] 爬虫任务执行成功
[2025-09-09 18:58:06] 爬虫任务结束
[2025-09-09 18:58:11] 开始执行爬虫任务
[2025-09-09 18:58:49] 成功抓取今日完整数据，共 143 条记录
[2025-09-09 18:58:49] 暂无新数据，当前期号: 114051096
[2025-09-09 18:58:49] 安排 60 秒后进行下次抓取（18:59:49）
[2025-09-09 18:58:49] 爬虫任务执行成功
[2025-09-09 18:58:50] 爬虫任务结束
[2025-09-09 18:59:49] 开始执行爬虫任务
[2025-09-09 19:00:29] 成功抓取今日完整数据，共 143 条记录
[2025-09-09 19:00:29] 暂无新数据，当前期号: 114051096
[2025-09-09 19:00:29] 安排 60 秒后进行下次抓取（19:01:29）
[2025-09-09 19:00:29] 爬虫任务执行成功
[2025-09-09 19:00:29] 爬虫任务结束
[2025-09-09 19:01:29] 开始执行爬虫任务
[2025-09-09 19:02:06] 成功抓取今日完整数据，共 143 条记录
[2025-09-09 19:02:06] 暂无新数据，当前期号: 114051096
[2025-09-09 19:02:06] 安排 60 秒后进行下次抓取（19:03:06）
[2025-09-09 19:02:06] 爬虫任务执行成功
[2025-09-09 19:02:06] 爬虫任务结束
[2025-09-09 19:03:06] 开始执行爬虫任务
[2025-09-09 19:03:43] 成功抓取今日完整数据，共 144 条记录
[2025-09-09 19:03:43] 获取到新数据 - 期号: 114051097, 开奖时间: 19:00
[2025-09-09 19:03:43] 开奖时间已过，立即进行下次抓取
[2025-09-09 19:03:43] 安排 5 秒后进行下次抓取（19:03:48）
[2025-09-09 19:03:43] 爬虫任务执行成功
[2025-09-09 19:03:43] 爬虫任务结束
[2025-09-09 19:03:48] 开始执行爬虫任务
[2025-09-09 19:04:25] 成功抓取今日完整数据，共 144 条记录
[2025-09-09 19:04:25] 暂无新数据，当前期号: 114051097
[2025-09-09 19:04:25] 安排 60 秒后进行下次抓取（19:05:25）
[2025-09-09 19:04:25] 爬虫任务执行成功
[2025-09-09 19:04:25] 爬虫任务结束
[2025-09-09 19:05:25] 开始执行爬虫任务
[2025-09-09 19:06:02] 成功抓取今日完整数据，共 144 条记录
[2025-09-09 19:06:02] 暂无新数据，当前期号: 114051097
[2025-09-09 19:06:02] 安排 60 秒后进行下次抓取（19:07:02）
[2025-09-09 19:06:02] 爬虫任务执行成功
[2025-09-09 19:06:02] 爬虫任务结束
[2025-09-09 19:07:02] 开始执行爬虫任务
[2025-09-09 19:07:38] 成功抓取今日完整数据，共 145 条记录
[2025-09-09 19:07:38] 获取到新数据 - 期号: 114051098, 开奖时间: 19:05
[2025-09-09 19:07:38] 开奖时间已过，立即进行下次抓取
[2025-09-09 19:07:38] 安排 5 秒后进行下次抓取（19:07:43）
[2025-09-09 19:07:38] 爬虫任务执行成功
[2025-09-09 19:07:38] 爬虫任务结束
[2025-09-09 19:07:43] 开始执行爬虫任务
[2025-09-09 19:08:21] 成功抓取今日完整数据，共 145 条记录
[2025-09-09 19:08:21] 暂无新数据，当前期号: 114051098
[2025-09-09 19:08:21] 安排 60 秒后进行下次抓取（19:09:21）
[2025-09-09 19:08:21] 爬虫任务执行成功
[2025-09-09 19:08:21] 爬虫任务结束
[2025-09-09 19:09:21] 开始执行爬虫任务
[2025-09-09 19:09:58] 成功抓取今日完整数据，共 145 条记录
[2025-09-09 19:09:58] 暂无新数据，当前期号: 114051098
[2025-09-09 19:09:58] 安排 60 秒后进行下次抓取（19:10:58）
[2025-09-09 19:09:58] 爬虫任务执行成功
[2025-09-09 19:09:58] 爬虫任务结束
[2025-09-09 19:10:58] 开始执行爬虫任务
[2025-09-09 19:11:35] 成功抓取今日完整数据，共 146 条记录
[2025-09-09 19:11:35] 获取到新数据 - 期号: 114051099, 开奖时间: 19:10
[2025-09-09 19:11:35] 开奖时间: 19:10:00, 下次抓取时间: 19:12:20, 等待 44 秒
[2025-09-09 19:11:35] 安排 44 秒后进行下次抓取（19:12:19）
[2025-09-09 19:11:35] 爬虫任务执行成功
[2025-09-09 19:11:35] 爬虫任务结束
[2025-09-09 19:12:19] 开始执行爬虫任务
[2025-09-09 19:12:56] 成功抓取今日完整数据，共 146 条记录
[2025-09-09 19:12:56] 暂无新数据，当前期号: 114051099
[2025-09-09 19:12:56] 安排 60 秒后进行下次抓取（19:13:56）
[2025-09-09 19:12:56] 爬虫任务执行成功
[2025-09-09 19:12:57] 爬虫任务结束
[2025-09-09 19:13:56] 开始执行爬虫任务
[2025-09-09 19:14:34] 成功抓取今日完整数据，共 146 条记录
[2025-09-09 19:14:34] 暂无新数据，当前期号: 114051099
[2025-09-09 19:14:34] 安排 60 秒后进行下次抓取（19:15:34）
[2025-09-09 19:14:34] 爬虫任务执行成功
[2025-09-09 19:14:34] 爬虫任务结束
[2025-09-09 19:15:34] 开始执行爬虫任务
[2025-09-09 19:16:11] 成功抓取今日完整数据，共 146 条记录
[2025-09-09 19:16:11] 暂无新数据，当前期号: 114051099
[2025-09-09 19:16:11] 安排 60 秒后进行下次抓取（19:17:11）
[2025-09-09 19:16:11] 爬虫任务执行成功
[2025-09-09 19:16:11] 爬虫任务结束
[2025-09-09 19:17:11] 开始执行爬虫任务
[2025-09-09 19:17:48] 成功抓取今日完整数据，共 147 条记录
[2025-09-09 19:17:48] 获取到新数据 - 期号: 114051100, 开奖时间: 19:15
[2025-09-09 19:17:48] 开奖时间已过，立即进行下次抓取
[2025-09-09 19:17:48] 安排 5 秒后进行下次抓取（19:17:53）
[2025-09-09 19:17:48] 爬虫任务执行成功
[2025-09-09 19:17:48] 爬虫任务结束
[2025-09-09 19:17:53] 开始执行爬虫任务
[2025-09-09 19:18:29] 成功抓取今日完整数据，共 147 条记录
[2025-09-09 19:18:29] 暂无新数据，当前期号: 114051100
[2025-09-09 19:18:29] 安排 60 秒后进行下次抓取（19:19:29）
[2025-09-09 19:18:29] 爬虫任务执行成功
[2025-09-09 19:18:29] 爬虫任务结束
[2025-09-09 19:19:29] 开始执行爬虫任务
[2025-09-09 19:20:07] 成功抓取今日完整数据，共 147 条记录
[2025-09-09 19:20:07] 暂无新数据，当前期号: 114051100
[2025-09-09 19:20:07] 安排 60 秒后进行下次抓取（19:21:07）
[2025-09-09 19:20:07] 爬虫任务执行成功
[2025-09-09 19:20:07] 爬虫任务结束
[2025-09-09 19:21:07] 开始执行爬虫任务
[2025-09-09 19:21:44] 成功抓取今日完整数据，共 147 条记录
[2025-09-09 19:21:44] 暂无新数据，当前期号: 114051100
[2025-09-09 19:21:44] 安排 60 秒后进行下次抓取（19:22:44）
[2025-09-09 19:21:44] 爬虫任务执行成功
[2025-09-09 19:21:44] 爬虫任务结束
[2025-09-09 19:22:44] 开始执行爬虫任务
[2025-09-09 19:23:23] 成功抓取今日完整数据，共 148 条记录
[2025-09-09 19:23:23] 获取到新数据 - 期号: 114051101, 开奖时间: 19:20
[2025-09-09 19:23:23] 开奖时间已过，立即进行下次抓取
[2025-09-09 19:23:23] 安排 5 秒后进行下次抓取（19:23:28）
[2025-09-09 19:23:23] 爬虫任务执行成功
[2025-09-09 19:23:23] 爬虫任务结束
[2025-09-09 19:23:28] 开始执行爬虫任务
[2025-09-09 19:24:21] 成功抓取今日完整数据，共 138 条记录
[2025-09-09 19:24:21] 暂无新数据，当前期号: 114051101
[2025-09-09 19:24:21] 安排 60 秒后进行下次抓取（19:25:21）
[2025-09-09 19:24:21] 爬虫任务执行成功
[2025-09-09 19:24:21] 爬虫任务结束
[2025-09-09 19:25:21] 开始执行爬虫任务
[2025-09-09 19:26:04] 成功抓取今日完整数据，共 148 条记录
[2025-09-09 19:26:04] 暂无新数据，当前期号: 114051101
[2025-09-09 19:26:04] 安排 60 秒后进行下次抓取（19:27:04）
[2025-09-09 19:26:04] 爬虫任务执行成功
[2025-09-09 19:26:04] 爬虫任务结束
[2025-09-09 19:27:04] 开始执行爬虫任务
[2025-09-09 19:28:12] 成功抓取今日完整数据，共 149 条记录
[2025-09-09 19:28:12] 获取到新数据 - 期号: 114051102, 开奖时间: 19:25
[2025-09-09 19:28:12] 开奖时间已过，立即进行下次抓取
[2025-09-09 19:28:12] 安排 5 秒后进行下次抓取（19:28:17）
[2025-09-09 19:28:12] 爬虫任务执行成功
[2025-09-09 19:28:12] 爬虫任务结束
[2025-09-09 19:28:17] 开始执行爬虫任务
[2025-09-09 19:29:03] 成功抓取今日完整数据，共 99 条记录
[2025-09-09 19:29:03] 暂无新数据，当前期号: 114051102
[2025-09-09 19:29:03] 安排 60 秒后进行下次抓取（19:30:03）
[2025-09-09 19:29:03] 爬虫任务执行成功
[2025-09-09 19:29:03] 爬虫任务结束
[2025-09-09 19:30:03] 开始执行爬虫任务
[2025-09-09 19:30:44] 成功抓取今日完整数据，共 149 条记录
[2025-09-09 19:30:44] 暂无新数据，当前期号: 114051102
[2025-09-09 19:30:44] 安排 60 秒后进行下次抓取（19:31:44）
[2025-09-09 19:30:44] 爬虫任务执行成功
[2025-09-09 19:30:44] 爬虫任务结束
[2025-09-09 19:31:44] 开始执行爬虫任务
[2025-09-09 19:32:29] 成功抓取今日完整数据，共 150 条记录
[2025-09-09 19:32:29] 获取到新数据 - 期号: 114051103, 开奖时间: 19:30
[2025-09-09 19:32:29] 开奖时间已过，立即进行下次抓取
[2025-09-09 19:32:29] 安排 5 秒后进行下次抓取（19:32:34）
[2025-09-09 19:32:29] 爬虫任务执行成功
[2025-09-09 19:32:29] 爬虫任务结束
[2025-09-09 19:32:34] 开始执行爬虫任务
[2025-09-09 19:33:17] 成功抓取今日完整数据，共 150 条记录
[2025-09-09 19:33:17] 暂无新数据，当前期号: 114051103
[2025-09-09 19:33:17] 安排 60 秒后进行下次抓取（19:34:17）
[2025-09-09 19:33:17] 爬虫任务执行成功
[2025-09-09 19:33:17] 爬虫任务结束
[2025-09-09 19:34:17] 开始执行爬虫任务
[2025-09-09 19:34:58] 成功抓取今日完整数据，共 150 条记录
[2025-09-09 19:34:58] 暂无新数据，当前期号: 114051103
[2025-09-09 19:34:58] 安排 60 秒后进行下次抓取（19:35:58）
[2025-09-09 19:34:58] 爬虫任务执行成功
[2025-09-09 19:34:58] 爬虫任务结束
[2025-09-09 19:35:58] 开始执行爬虫任务
[2025-09-09 19:36:51] 成功抓取今日完整数据，共 149 条记录
[2025-09-09 19:36:51] 暂无新数据，当前期号: 114051103
[2025-09-09 19:36:51] 安排 60 秒后进行下次抓取（19:37:51）
[2025-09-09 19:36:51] 爬虫任务执行成功
[2025-09-09 19:36:51] 爬虫任务结束
[2025-09-09 19:37:51] 开始执行爬虫任务
[2025-09-09 19:38:48] 成功抓取今日完整数据，共 150 条记录
[2025-09-09 19:38:48] 获取到新数据 - 期号: 114051104, 开奖时间: 19:35
[2025-09-09 19:38:48] 开奖时间已过，立即进行下次抓取
[2025-09-09 19:38:48] 安排 5 秒后进行下次抓取（19:38:53）
[2025-09-09 19:38:48] 爬虫任务执行成功
[2025-09-09 19:38:48] 爬虫任务结束
[2025-09-09 19:38:53] 开始执行爬虫任务
[2025-09-09 19:39:50] 成功抓取今日完整数据，共 150 条记录
[2025-09-09 19:39:50] 暂无新数据，当前期号: 114051104
[2025-09-09 19:39:50] 安排 60 秒后进行下次抓取（19:40:50）
[2025-09-09 19:39:50] 爬虫任务执行成功
[2025-09-09 19:39:50] 爬虫任务结束
[2025-09-09 19:40:50] 开始执行爬虫任务
[2025-09-09 19:41:37] 成功抓取今日完整数据，共 151 条记录
[2025-09-09 19:41:37] 暂无新数据，当前期号: 114051104
[2025-09-09 19:41:37] 安排 60 秒后进行下次抓取（19:42:37）
[2025-09-09 19:41:37] 爬虫任务执行成功
[2025-09-09 19:41:37] 爬虫任务结束
[2025-09-09 19:42:37] 开始执行爬虫任务
[2025-09-09 19:43:22] 成功抓取今日完整数据，共 152 条记录
[2025-09-09 19:43:22] 获取到新数据 - 期号: 114051105, 开奖时间: 19:40
[2025-09-09 19:43:22] 开奖时间已过，立即进行下次抓取
[2025-09-09 19:43:22] 安排 5 秒后进行下次抓取（19:43:27）
[2025-09-09 19:43:22] 爬虫任务执行成功
[2025-09-09 19:43:22] 爬虫任务结束
[2025-09-09 19:43:27] 开始执行爬虫任务
[2025-09-09 19:44:13] 成功抓取今日完整数据，共 152 条记录
[2025-09-09 19:44:13] 暂无新数据，当前期号: 114051105
[2025-09-09 19:44:13] 安排 60 秒后进行下次抓取（19:45:13）
[2025-09-09 19:44:13] 爬虫任务执行成功
[2025-09-09 19:44:13] 爬虫任务结束
[2025-09-09 19:45:13] 开始执行爬虫任务
[2025-09-09 19:45:58] 成功抓取今日完整数据，共 152 条记录
[2025-09-09 19:45:58] 暂无新数据，当前期号: 114051105
[2025-09-09 19:45:58] 安排 60 秒后进行下次抓取（19:46:58）
[2025-09-09 19:45:58] 爬虫任务执行成功
[2025-09-09 19:45:58] 爬虫任务结束
[2025-09-09 19:46:58] 开始执行爬虫任务
[2025-09-09 19:47:44] 成功抓取今日完整数据，共 152 条记录
[2025-09-09 19:47:44] 暂无新数据，当前期号: 114051105
[2025-09-09 19:47:44] 安排 60 秒后进行下次抓取（19:48:44）
[2025-09-09 19:47:44] 爬虫任务执行成功
[2025-09-09 19:47:44] 爬虫任务结束
[2025-09-09 19:48:44] 开始执行爬虫任务
[2025-09-09 19:49:30] 成功抓取今日完整数据，共 153 条记录
[2025-09-09 19:49:30] 获取到新数据 - 期号: 114051106, 开奖时间: 19:45
[2025-09-09 19:49:30] 开奖时间已过，立即进行下次抓取
[2025-09-09 19:49:30] 安排 5 秒后进行下次抓取（19:49:35）
[2025-09-09 19:49:30] 爬虫任务执行成功
[2025-09-09 19:49:30] 爬虫任务结束
[2025-09-09 19:49:35] 开始执行爬虫任务
[2025-09-09 19:50:23] 成功抓取今日完整数据，共 153 条记录
[2025-09-09 19:50:23] 暂无新数据，当前期号: 114051106
[2025-09-09 19:50:23] 安排 60 秒后进行下次抓取（19:51:23）
[2025-09-09 19:50:23] 爬虫任务执行成功
[2025-09-09 19:50:23] 爬虫任务结束
[2025-09-09 19:51:23] 开始执行爬虫任务
[2025-09-09 19:52:09] 成功抓取今日完整数据，共 154 条记录
[2025-09-09 19:52:09] 获取到新数据 - 期号: 114051107, 开奖时间: 19:50
[2025-09-09 19:52:09] 开奖时间: 19:50:00, 下次抓取时间: 19:52:20, 等待 10 秒
[2025-09-09 19:52:09] 安排 10 秒后进行下次抓取（19:52:19）
[2025-09-09 19:52:09] 爬虫任务执行成功
[2025-09-09 19:52:09] 爬虫任务结束
[2025-09-09 19:52:19] 开始执行爬虫任务
[2025-09-09 19:53:05] 成功抓取今日完整数据，共 154 条记录
[2025-09-09 19:53:05] 暂无新数据，当前期号: 114051107
[2025-09-09 19:53:05] 安排 60 秒后进行下次抓取（19:54:05）
[2025-09-09 19:53:05] 爬虫任务执行成功
[2025-09-09 19:53:05] 爬虫任务结束
[2025-09-09 19:54:05] 开始执行爬虫任务
[2025-09-09 19:54:49] 成功抓取今日完整数据，共 154 条记录
[2025-09-09 19:54:49] 暂无新数据，当前期号: 114051107
[2025-09-09 19:54:49] 安排 60 秒后进行下次抓取（19:55:49）
[2025-09-09 19:54:49] 爬虫任务执行成功
[2025-09-09 19:54:49] 爬虫任务结束
[2025-09-09 19:55:49] 开始执行爬虫任务
[2025-09-09 19:56:35] 成功抓取今日完整数据，共 154 条记录
[2025-09-09 19:56:35] 暂无新数据，当前期号: 114051107
[2025-09-09 19:56:35] 安排 60 秒后进行下次抓取（19:57:35）
[2025-09-09 19:56:35] 爬虫任务执行成功
[2025-09-09 19:56:35] 爬虫任务结束
[2025-09-09 19:57:35] 开始执行爬虫任务
[2025-09-09 19:58:21] 成功抓取今日完整数据，共 155 条记录
[2025-09-09 19:58:21] 获取到新数据 - 期号: 114051108, 开奖时间: 19:55
[2025-09-09 19:58:21] 开奖时间已过，立即进行下次抓取
[2025-09-09 19:58:21] 安排 5 秒后进行下次抓取（19:58:26）
[2025-09-09 19:58:21] 爬虫任务执行成功
[2025-09-09 19:58:21] 爬虫任务结束
[2025-09-09 19:58:26] 开始执行爬虫任务
[2025-09-09 19:59:11] 成功抓取今日完整数据，共 155 条记录
[2025-09-09 19:59:11] 暂无新数据，当前期号: 114051108
[2025-09-09 19:59:11] 安排 60 秒后进行下次抓取（20:00:11）
[2025-09-09 19:59:11] 爬虫任务执行成功
[2025-09-09 19:59:11] 爬虫任务结束
[2025-09-09 20:00:11] 开始执行爬虫任务
[2025-09-09 20:00:57] 成功抓取今日完整数据，共 155 条记录
[2025-09-09 20:00:57] 暂无新数据，当前期号: 114051108
[2025-09-09 20:00:57] 安排 60 秒后进行下次抓取（20:01:57）
[2025-09-09 20:00:57] 爬虫任务执行成功
[2025-09-09 20:00:57] 爬虫任务结束
[2025-09-09 20:01:57] 开始执行爬虫任务
[2025-09-09 20:02:42] 成功抓取今日完整数据，共 156 条记录
[2025-09-09 20:02:42] 获取到新数据 - 期号: 114051109, 开奖时间: 20:00
[2025-09-09 20:02:42] 开奖时间已过，立即进行下次抓取
[2025-09-09 20:02:42] 安排 5 秒后进行下次抓取（20:02:47）
[2025-09-09 20:02:42] 爬虫任务执行成功
[2025-09-09 20:02:42] 爬虫任务结束
[2025-09-09 20:02:47] 开始执行爬虫任务
[2025-09-09 20:03:33] 成功抓取今日完整数据，共 156 条记录
[2025-09-09 20:03:33] 暂无新数据，当前期号: 114051109
[2025-09-09 20:03:33] 安排 60 秒后进行下次抓取（20:04:33）
[2025-09-09 20:03:33] 爬虫任务执行成功
[2025-09-09 20:03:33] 爬虫任务结束
[2025-09-09 20:04:33] 开始执行爬虫任务
[2025-09-09 20:05:21] 成功抓取今日完整数据，共 156 条记录
[2025-09-09 20:05:21] 暂无新数据，当前期号: 114051109
[2025-09-09 20:05:21] 安排 60 秒后进行下次抓取（20:06:21）
[2025-09-09 20:05:21] 爬虫任务执行成功
[2025-09-09 20:05:21] 爬虫任务结束
[2025-09-09 20:06:21] 开始执行爬虫任务
[2025-09-09 20:07:06] 成功抓取今日完整数据，共 157 条记录
[2025-09-09 20:07:06] 获取到新数据 - 期号: 114051110, 开奖时间: 20:05
[2025-09-09 20:07:06] 开奖时间: 20:05:00, 下次抓取时间: 20:07:20, 等待 13 秒
[2025-09-09 20:07:06] 安排 13 秒后进行下次抓取（20:07:19）
[2025-09-09 20:07:06] 爬虫任务执行成功
[2025-09-09 20:07:06] 爬虫任务结束
[2025-09-09 20:07:19] 开始执行爬虫任务
[2025-09-09 20:08:04] 成功抓取今日完整数据，共 157 条记录
[2025-09-09 20:08:04] 暂无新数据，当前期号: 114051110
[2025-09-09 20:08:04] 安排 60 秒后进行下次抓取（20:09:04）
[2025-09-09 20:08:04] 爬虫任务执行成功
[2025-09-09 20:08:04] 爬虫任务结束
[2025-09-09 20:09:04] 开始执行爬虫任务
[2025-09-09 20:09:50] 成功抓取今日完整数据，共 157 条记录
[2025-09-09 20:09:50] 暂无新数据，当前期号: 114051110
[2025-09-09 20:09:50] 安排 60 秒后进行下次抓取（20:10:50）
[2025-09-09 20:09:50] 爬虫任务执行成功
[2025-09-09 20:09:50] 爬虫任务结束
[2025-09-09 20:10:50] 开始执行爬虫任务
[2025-09-09 20:11:37] 成功抓取今日完整数据，共 157 条记录
[2025-09-09 20:11:37] 暂无新数据，当前期号: 114051110
[2025-09-09 20:11:37] 安排 60 秒后进行下次抓取（20:12:37）
[2025-09-09 20:11:37] 爬虫任务执行成功
[2025-09-09 20:11:37] 爬虫任务结束
[2025-09-09 20:12:37] 开始执行爬虫任务
[2025-09-09 20:13:21] 成功抓取今日完整数据，共 158 条记录
[2025-09-09 20:13:21] 获取到新数据 - 期号: 114051111, 开奖时间: 20:10
[2025-09-09 20:13:21] 开奖时间已过，立即进行下次抓取
[2025-09-09 20:13:21] 安排 5 秒后进行下次抓取（20:13:26）
[2025-09-09 20:13:21] 爬虫任务执行成功
[2025-09-09 20:13:21] 爬虫任务结束
[2025-09-09 20:13:26] 开始执行爬虫任务
[2025-09-09 20:14:12] 成功抓取今日完整数据，共 158 条记录
[2025-09-09 20:14:12] 暂无新数据，当前期号: 114051111
[2025-09-09 20:14:12] 安排 60 秒后进行下次抓取（20:15:12）
[2025-09-09 20:14:12] 爬虫任务执行成功
[2025-09-09 20:14:12] 爬虫任务结束
[2025-09-09 20:15:12] 开始执行爬虫任务
[2025-09-09 20:16:09] 成功抓取今日完整数据，共 149 条记录
[2025-09-09 20:16:09] 暂无新数据，当前期号: 114051111
[2025-09-09 20:16:09] 安排 60 秒后进行下次抓取（20:17:09）
[2025-09-09 20:16:09] 爬虫任务执行成功
[2025-09-09 20:16:09] 爬虫任务结束
[2025-09-09 20:17:09] 开始执行爬虫任务
[2025-09-09 20:18:10] 成功抓取今日完整数据，共 109 条记录
[2025-09-09 20:18:10] 获取到新数据 - 期号: 114051112, 开奖时间: 20:15
[2025-09-09 20:18:10] 开奖时间已过，立即进行下次抓取
[2025-09-09 20:18:10] 安排 5 秒后进行下次抓取（20:18:15）
[2025-09-09 20:18:10] 爬虫任务执行成功
[2025-09-09 20:18:10] 爬虫任务结束
[2025-09-09 20:18:15] 开始执行爬虫任务
[2025-09-09 20:19:14] 成功抓取今日完整数据，共 159 条记录
[2025-09-09 20:19:14] 暂无新数据，当前期号: 114051112
[2025-09-09 20:19:14] 安排 60 秒后进行下次抓取（20:20:14）
[2025-09-09 20:19:14] 爬虫任务执行成功
[2025-09-09 20:19:14] 爬虫任务结束
[2025-09-09 20:20:14] 开始执行爬虫任务
[2025-09-09 20:21:15] 成功抓取今日完整数据，共 159 条记录
[2025-09-09 20:21:15] 暂无新数据，当前期号: 114051112
[2025-09-09 20:21:15] 安排 60 秒后进行下次抓取（20:22:15）
[2025-09-09 20:21:15] 爬虫任务执行成功
[2025-09-09 20:21:15] 爬虫任务结束
[2025-09-09 20:22:15] 开始执行爬虫任务
[2025-09-09 20:23:17] 成功抓取今日完整数据，共 160 条记录
[2025-09-09 20:23:17] 获取到新数据 - 期号: 114051113, 开奖时间: 20:20
[2025-09-09 20:23:17] 开奖时间已过，立即进行下次抓取
[2025-09-09 20:23:17] 安排 5 秒后进行下次抓取（20:23:22）
[2025-09-09 20:23:17] 爬虫任务执行成功
[2025-09-09 20:23:17] 爬虫任务结束
[2025-09-09 20:23:22] 开始执行爬虫任务
[2025-09-09 20:24:25] 成功抓取今日完整数据，共 160 条记录
[2025-09-09 20:24:25] 暂无新数据，当前期号: 114051113
[2025-09-09 20:24:25] 安排 60 秒后进行下次抓取（20:25:25）
[2025-09-09 20:24:25] 爬虫任务执行成功
[2025-09-09 20:24:25] 爬虫任务结束
[2025-09-09 20:25:25] 开始执行爬虫任务
[2025-09-09 20:26:28] 成功抓取今日完整数据，共 160 条记录
[2025-09-09 20:26:28] 暂无新数据，当前期号: 114051113
[2025-09-09 20:26:28] 安排 60 秒后进行下次抓取（20:27:28）
[2025-09-09 20:26:28] 爬虫任务执行成功
[2025-09-09 20:26:28] 爬虫任务结束
[2025-09-09 20:27:28] 开始执行爬虫任务
[2025-09-09 20:28:30] 成功抓取今日完整数据，共 161 条记录
[2025-09-09 20:28:30] 获取到新数据 - 期号: 114051114, 开奖时间: 20:25
[2025-09-09 20:28:30] 开奖时间已过，立即进行下次抓取
[2025-09-09 20:28:30] 安排 5 秒后进行下次抓取（20:28:35）
[2025-09-09 20:28:30] 爬虫任务执行成功
[2025-09-09 20:28:31] 爬虫任务结束
[2025-09-09 20:28:35] 开始执行爬虫任务
[2025-09-09 20:29:37] 成功抓取今日完整数据，共 161 条记录
[2025-09-09 20:29:37] 暂无新数据，当前期号: 114051114
[2025-09-09 20:29:37] 安排 60 秒后进行下次抓取（20:30:37）
[2025-09-09 20:29:37] 爬虫任务执行成功
[2025-09-09 20:29:37] 爬虫任务结束
[2025-09-09 20:30:37] 开始执行爬虫任务
[2025-09-09 20:31:26] 成功抓取今日完整数据，共 161 条记录
[2025-09-09 20:31:26] 暂无新数据，当前期号: 114051114
[2025-09-09 20:31:26] 安排 60 秒后进行下次抓取（20:32:26）
[2025-09-09 20:31:26] 爬虫任务执行成功
[2025-09-09 20:31:26] 爬虫任务结束
[2025-09-09 20:32:26] 开始执行爬虫任务
[2025-09-09 20:33:11] 成功抓取今日完整数据，共 162 条记录
[2025-09-09 20:33:11] 获取到新数据 - 期号: 114051115, 开奖时间: 20:30
[2025-09-09 20:33:11] 开奖时间已过，立即进行下次抓取
[2025-09-09 20:33:11] 安排 5 秒后进行下次抓取（20:33:16）
[2025-09-09 20:33:11] 爬虫任务执行成功
[2025-09-09 20:33:11] 爬虫任务结束
[2025-09-09 20:33:16] 开始执行爬虫任务
[2025-09-09 20:34:00] 成功抓取今日完整数据，共 162 条记录
[2025-09-09 20:34:00] 暂无新数据，当前期号: 114051115
[2025-09-09 20:34:00] 安排 60 秒后进行下次抓取（20:35:00）
[2025-09-09 20:34:00] 爬虫任务执行成功
[2025-09-09 20:34:00] 爬虫任务结束
[2025-09-09 20:35:00] 开始执行爬虫任务
[2025-09-09 20:35:45] 成功抓取今日完整数据，共 162 条记录
[2025-09-09 20:35:45] 暂无新数据，当前期号: 114051115
[2025-09-09 20:35:45] 安排 60 秒后进行下次抓取（20:36:45）
[2025-09-09 20:35:45] 爬虫任务执行成功
[2025-09-09 20:35:45] 爬虫任务结束
[2025-09-09 20:36:45] 开始执行爬虫任务
[2025-09-09 20:37:30] 成功抓取今日完整数据，共 163 条记录
[2025-09-09 20:37:30] 获取到新数据 - 期号: 114051116, 开奖时间: 20:35
[2025-09-09 20:37:30] 开奖时间已过，立即进行下次抓取
[2025-09-09 20:37:30] 安排 5 秒后进行下次抓取（20:37:35）
[2025-09-09 20:37:30] 爬虫任务执行成功
[2025-09-09 20:37:30] 爬虫任务结束
[2025-09-09 20:37:35] 开始执行爬虫任务
[2025-09-09 20:38:20] 成功抓取今日完整数据，共 163 条记录
[2025-09-09 20:38:20] 暂无新数据，当前期号: 114051116
[2025-09-09 20:38:20] 安排 60 秒后进行下次抓取（20:39:20）
[2025-09-09 20:38:20] 爬虫任务执行成功
[2025-09-09 20:38:20] 爬虫任务结束
[2025-09-09 20:39:20] 开始执行爬虫任务
[2025-09-09 20:40:06] 成功抓取今日完整数据，共 163 条记录
[2025-09-09 20:40:06] 暂无新数据，当前期号: 114051116
[2025-09-09 20:40:06] 安排 60 秒后进行下次抓取（20:41:06）
[2025-09-09 20:40:06] 爬虫任务执行成功
[2025-09-09 20:40:06] 爬虫任务结束
[2025-09-09 20:41:06] 开始执行爬虫任务
[2025-09-09 20:41:51] 成功抓取今日完整数据，共 164 条记录
[2025-09-09 20:41:51] 获取到新数据 - 期号: 114051117, 开奖时间: 20:40
[2025-09-09 20:41:51] 开奖时间: 20:40:00, 下次抓取时间: 20:42:20, 等待 28 秒
[2025-09-09 20:41:51] 安排 28 秒后进行下次抓取（20:42:19）
[2025-09-09 20:41:51] 爬虫任务执行成功
[2025-09-09 20:41:51] 爬虫任务结束
[2025-09-09 20:42:19] 开始执行爬虫任务
[2025-09-09 20:43:03] 成功抓取今日完整数据，共 164 条记录
[2025-09-09 20:43:03] 暂无新数据，当前期号: 114051117
[2025-09-09 20:43:03] 安排 60 秒后进行下次抓取（20:44:03）
[2025-09-09 20:43:03] 爬虫任务执行成功
[2025-09-09 20:43:03] 爬虫任务结束
[2025-09-09 20:44:03] 开始执行爬虫任务
[2025-09-09 20:44:48] 成功抓取今日完整数据，共 164 条记录
[2025-09-09 20:44:48] 暂无新数据，当前期号: 114051117
[2025-09-09 20:44:48] 安排 60 秒后进行下次抓取（20:45:48）
[2025-09-09 20:44:48] 爬虫任务执行成功
[2025-09-09 20:44:48] 爬虫任务结束
[2025-09-09 20:45:48] 开始执行爬虫任务
[2025-09-09 20:46:33] 成功抓取今日完整数据，共 164 条记录
[2025-09-09 20:46:33] 暂无新数据，当前期号: 114051117
[2025-09-09 20:46:33] 安排 60 秒后进行下次抓取（20:47:33）
[2025-09-09 20:46:33] 爬虫任务执行成功
[2025-09-09 20:46:33] 爬虫任务结束
[2025-09-09 20:47:33] 开始执行爬虫任务
[2025-09-09 20:48:19] 成功抓取今日完整数据，共 165 条记录
[2025-09-09 20:48:19] 获取到新数据 - 期号: 114051118, 开奖时间: 20:45
[2025-09-09 20:48:19] 开奖时间已过，立即进行下次抓取
[2025-09-09 20:48:19] 安排 5 秒后进行下次抓取（20:48:24）
[2025-09-09 20:48:19] 爬虫任务执行成功
[2025-09-09 20:48:19] 爬虫任务结束
[2025-09-09 20:48:24] 开始执行爬虫任务
[2025-09-09 20:49:09] 成功抓取今日完整数据，共 165 条记录
[2025-09-09 20:49:09] 暂无新数据，当前期号: 114051118
[2025-09-09 20:49:09] 安排 60 秒后进行下次抓取（20:50:09）
[2025-09-09 20:49:09] 爬虫任务执行成功
[2025-09-09 20:49:10] 爬虫任务结束
[2025-09-09 20:50:09] 开始执行爬虫任务
[2025-09-09 20:50:55] 成功抓取今日完整数据，共 165 条记录
[2025-09-09 20:50:55] 暂无新数据，当前期号: 114051118
[2025-09-09 20:50:55] 安排 60 秒后进行下次抓取（20:51:55）
[2025-09-09 20:50:55] 爬虫任务执行成功
[2025-09-09 20:50:55] 爬虫任务结束
[2025-09-09 20:51:55] 开始执行爬虫任务
[2025-09-09 20:52:40] 成功抓取今日完整数据，共 166 条记录
[2025-09-09 20:52:40] 获取到新数据 - 期号: 114051119, 开奖时间: 20:50
[2025-09-09 20:52:40] 开奖时间已过，立即进行下次抓取
[2025-09-09 20:52:40] 安排 5 秒后进行下次抓取（20:52:45）
[2025-09-09 20:52:40] 爬虫任务执行成功
[2025-09-09 20:52:40] 爬虫任务结束
[2025-09-09 20:52:45] 开始执行爬虫任务
[2025-09-09 20:53:32] 成功抓取今日完整数据，共 166 条记录
[2025-09-09 20:53:32] 暂无新数据，当前期号: 114051119
[2025-09-09 20:53:32] 安排 60 秒后进行下次抓取（20:54:32）
[2025-09-09 20:53:32] 爬虫任务执行成功
[2025-09-09 20:53:32] 爬虫任务结束
[2025-09-09 22:54:22] 开始执行爬虫任务
[2025-09-09 23:44:26] 爬虫任务执行失败 - 未获取到数据
[2025-09-09 23:44:26] 安排 60 秒后进行下次抓取（23:45:26）
