[2025-09-10 00:53:32] 爬虫任务结束
[2025-09-10 14:36:41] 执行单次数据抓取
[2025-09-10 14:36:41] 开始执行爬虫任务
[2025-09-10 14:37:41] 成功抓取今日完整数据，共 91 条记录
[2025-09-10 14:37:41] 获取到新数据 - 期号: 114051247, 开奖时间: 14:35
[2025-09-10 14:37:41] 爬虫任务执行成功
[2025-09-10 14:37:41] 爬虫任务结束
[2025-09-10 17:27:42] 自动爬虫调度器启动（智能调度模式）
[2025-09-10 17:27:42] 执行初始数据抓取
[2025-09-10 17:27:42] 开始执行爬虫任务
[2025-09-10 17:28:22] 成功抓取今日完整数据，共 125 条记录
[2025-09-10 17:28:22] 获取到新数据 - 期号: 114051281, 开奖时间: 17:25
[2025-09-10 17:28:22] 开奖时间已过，立即进行下次抓取
[2025-09-10 17:28:22] 安排 5 秒后进行下次抓取（17:28:27）
[2025-09-10 17:28:22] 爬虫任务执行成功
[2025-09-10 17:28:22] 爬虫任务结束
[2025-09-10 17:28:27] 开始执行爬虫任务
[2025-09-10 17:29:09] 成功抓取今日完整数据，共 125 条记录
[2025-09-10 17:29:09] 暂无新数据，当前期号: 114051281
[2025-09-10 17:29:09] 安排 60 秒后进行下次抓取（17:30:09）
[2025-09-10 17:29:09] 爬虫任务执行成功
[2025-09-10 17:29:09] 爬虫任务结束
[2025-09-10 17:30:09] 开始执行爬虫任务
[2025-09-10 17:30:50] 成功抓取今日完整数据，共 125 条记录
[2025-09-10 17:30:50] 暂无新数据，当前期号: 114051281
[2025-09-10 17:30:50] 安排 60 秒后进行下次抓取（17:31:50）
[2025-09-10 17:30:50] 爬虫任务执行成功
[2025-09-10 17:30:50] 爬虫任务结束
[2025-09-10 17:31:50] 开始执行爬虫任务
[2025-09-10 17:32:32] 成功抓取今日完整数据，共 126 条记录
[2025-09-10 17:32:32] 获取到新数据 - 期号: 114051282, 开奖时间: 17:30
[2025-09-10 17:32:32] 开奖时间已过，立即进行下次抓取
[2025-09-10 17:32:32] 安排 5 秒后进行下次抓取（17:32:37）
[2025-09-10 17:32:32] 爬虫任务执行成功
[2025-09-10 17:32:32] 爬虫任务结束
[2025-09-10 17:32:37] 开始执行爬虫任务
[2025-09-10 17:33:18] 成功抓取今日完整数据，共 126 条记录
[2025-09-10 17:33:18] 暂无新数据，当前期号: 114051282
[2025-09-10 17:33:18] 安排 60 秒后进行下次抓取（17:34:18）
[2025-09-10 17:33:18] 爬虫任务执行成功
[2025-09-10 17:33:18] 爬虫任务结束
[2025-09-10 17:34:18] 开始执行爬虫任务
[2025-09-10 17:34:59] 成功抓取今日完整数据，共 126 条记录
[2025-09-10 17:34:59] 暂无新数据，当前期号: 114051282
[2025-09-10 17:34:59] 安排 60 秒后进行下次抓取（17:35:59）
[2025-09-10 17:34:59] 爬虫任务执行成功
[2025-09-10 17:35:00] 爬虫任务结束
[2025-09-10 17:35:59] 开始执行爬虫任务
[2025-09-10 17:36:40] 成功抓取今日完整数据，共 127 条记录
[2025-09-10 17:36:40] 获取到新数据 - 期号: 114051283, 开奖时间: 17:35
[2025-09-10 17:36:40] 开奖时间: 17:35:00, 下次抓取时间: 17:37:20, 等待 39 秒
[2025-09-10 17:36:40] 安排 39 秒后进行下次抓取（17:37:19）
[2025-09-10 17:36:40] 爬虫任务执行成功
[2025-09-10 17:36:40] 爬虫任务结束
[2025-09-10 17:37:19] 开始执行爬虫任务
[2025-09-10 17:38:00] 成功抓取今日完整数据，共 127 条记录
[2025-09-10 17:38:00] 暂无新数据，当前期号: 114051283
[2025-09-10 17:38:00] 安排 60 秒后进行下次抓取（17:39:00）
[2025-09-10 17:38:00] 爬虫任务执行成功
[2025-09-10 17:38:00] 爬虫任务结束
[2025-09-10 17:39:00] 开始执行爬虫任务
[2025-09-10 17:39:42] 成功抓取今日完整数据，共 127 条记录
[2025-09-10 17:39:42] 暂无新数据，当前期号: 114051283
[2025-09-10 17:39:42] 安排 60 秒后进行下次抓取（17:40:42）
[2025-09-10 17:39:42] 爬虫任务执行成功
[2025-09-10 17:39:42] 爬虫任务结束
[2025-09-10 17:40:42] 开始执行爬虫任务
[2025-09-10 17:41:23] 成功抓取今日完整数据，共 128 条记录
[2025-09-10 17:41:23] 获取到新数据 - 期号: 114051284, 开奖时间: 17:40
[2025-09-10 17:41:23] 开奖时间: 17:40:00, 下次抓取时间: 17:42:20, 等待 56 秒
[2025-09-10 17:41:23] 安排 56 秒后进行下次抓取（17:42:19）
[2025-09-10 17:41:23] 爬虫任务执行成功
[2025-09-10 17:41:23] 爬虫任务结束
[2025-09-10 17:42:19] 开始执行爬虫任务
[2025-09-10 17:42:59] 成功抓取今日完整数据，共 128 条记录
[2025-09-10 17:42:59] 暂无新数据，当前期号: 114051284
[2025-09-10 17:42:59] 安排 60 秒后进行下次抓取（17:43:59）
[2025-09-10 17:42:59] 爬虫任务执行成功
[2025-09-10 17:42:59] 爬虫任务结束
[2025-09-10 17:43:59] 开始执行爬虫任务
[2025-09-10 17:44:39] 成功抓取今日完整数据，共 128 条记录
[2025-09-10 17:44:39] 暂无新数据，当前期号: 114051284
[2025-09-10 17:44:39] 安排 60 秒后进行下次抓取（17:45:39）
[2025-09-10 17:44:39] 爬虫任务执行成功
[2025-09-10 17:44:39] 爬虫任务结束
[2025-09-10 17:45:39] 开始执行爬虫任务
[2025-09-10 17:46:20] 成功抓取今日完整数据，共 128 条记录
[2025-09-10 17:46:20] 暂无新数据，当前期号: 114051284
[2025-09-10 17:46:20] 安排 60 秒后进行下次抓取（17:47:20）
[2025-09-10 17:46:20] 爬虫任务执行成功
[2025-09-10 17:46:20] 爬虫任务结束
[2025-09-10 17:47:20] 开始执行爬虫任务
[2025-09-10 17:48:02] 成功抓取今日完整数据，共 129 条记录
[2025-09-10 17:48:02] 获取到新数据 - 期号: 114051285, 开奖时间: 17:45
[2025-09-10 17:48:02] 开奖时间已过，立即进行下次抓取
[2025-09-10 17:48:02] 安排 5 秒后进行下次抓取（17:48:07）
[2025-09-10 17:48:02] 爬虫任务执行成功
[2025-09-10 17:48:02] 爬虫任务结束
[2025-09-10 17:48:07] 开始执行爬虫任务
[2025-09-10 17:48:49] 成功抓取今日完整数据，共 129 条记录
[2025-09-10 17:48:49] 暂无新数据，当前期号: 114051285
[2025-09-10 17:48:49] 安排 60 秒后进行下次抓取（17:49:49）
[2025-09-10 17:48:49] 爬虫任务执行成功
[2025-09-10 17:48:49] 爬虫任务结束
[2025-09-10 17:49:49] 开始执行爬虫任务
[2025-09-10 17:50:33] 成功抓取今日完整数据，共 129 条记录
[2025-09-10 17:50:33] 暂无新数据，当前期号: 114051285
[2025-09-10 17:50:33] 安排 60 秒后进行下次抓取（17:51:33）
[2025-09-10 17:50:33] 爬虫任务执行成功
[2025-09-10 17:50:33] 爬虫任务结束
[2025-09-10 17:51:33] 开始执行爬虫任务
[2025-09-10 17:52:12] 成功抓取今日完整数据，共 129 条记录
[2025-09-10 17:52:12] 暂无新数据，当前期号: 114051285
[2025-09-10 17:52:12] 安排 60 秒后进行下次抓取（17:53:12）
[2025-09-10 17:52:12] 爬虫任务执行成功
[2025-09-10 17:52:12] 爬虫任务结束
[2025-09-10 17:53:12] 开始执行爬虫任务
[2025-09-10 17:53:52] 成功抓取今日完整数据，共 130 条记录
[2025-09-10 17:53:52] 获取到新数据 - 期号: 114051286, 开奖时间: 17:50
[2025-09-10 17:53:52] 开奖时间已过，立即进行下次抓取
[2025-09-10 17:53:52] 安排 5 秒后进行下次抓取（17:53:57）
[2025-09-10 17:53:52] 爬虫任务执行成功
[2025-09-10 17:53:52] 爬虫任务结束
[2025-09-10 17:53:57] 开始执行爬虫任务
[2025-09-10 17:54:34] 成功抓取今日完整数据，共 130 条记录
[2025-09-10 17:54:34] 暂无新数据，当前期号: 114051286
[2025-09-10 17:54:34] 安排 60 秒后进行下次抓取（17:55:34）
[2025-09-10 17:54:34] 爬虫任务执行成功
[2025-09-10 17:54:34] 爬虫任务结束
[2025-09-10 17:55:34] 开始执行爬虫任务
[2025-09-10 17:56:14] 成功抓取今日完整数据，共 130 条记录
[2025-09-10 17:56:14] 暂无新数据，当前期号: 114051286
[2025-09-10 17:56:14] 安排 60 秒后进行下次抓取（17:57:14）
[2025-09-10 17:56:14] 爬虫任务执行成功
[2025-09-10 17:56:14] 爬虫任务结束
[2025-09-10 17:57:14] 开始执行爬虫任务
[2025-09-10 17:57:54] 成功抓取今日完整数据，共 131 条记录
[2025-09-10 17:57:54] 获取到新数据 - 期号: 114051287, 开奖时间: 17:55
[2025-09-10 17:57:54] 开奖时间已过，立即进行下次抓取
[2025-09-10 17:57:54] 安排 5 秒后进行下次抓取（17:57:59）
[2025-09-10 17:57:54] 爬虫任务执行成功
[2025-09-10 17:57:54] 爬虫任务结束
[2025-09-10 17:57:59] 开始执行爬虫任务
[2025-09-10 17:58:38] 成功抓取今日完整数据，共 131 条记录
[2025-09-10 17:58:38] 暂无新数据，当前期号: 114051287
[2025-09-10 17:58:38] 安排 60 秒后进行下次抓取（17:59:38）
[2025-09-10 17:58:38] 爬虫任务执行成功
[2025-09-10 17:58:38] 爬虫任务结束
[2025-09-10 17:59:38] 开始执行爬虫任务
[2025-09-10 18:00:19] 成功抓取今日完整数据，共 131 条记录
[2025-09-10 18:00:19] 暂无新数据，当前期号: 114051287
[2025-09-10 18:00:19] 安排 60 秒后进行下次抓取（18:01:19）
[2025-09-10 18:00:19] 爬虫任务执行成功
[2025-09-10 18:00:19] 爬虫任务结束
[2025-09-10 18:01:19] 开始执行爬虫任务
[2025-09-10 18:02:00] 成功抓取今日完整数据，共 132 条记录
[2025-09-10 18:02:00] 获取到新数据 - 期号: 114051288, 开奖时间: 18:00
[2025-09-10 18:02:00] 开奖时间: 18:00:00, 下次抓取时间: 18:02:20, 等待 19 秒
[2025-09-10 18:02:00] 安排 19 秒后进行下次抓取（18:02:19）
[2025-09-10 18:02:00] 爬虫任务执行成功
[2025-09-10 18:02:00] 爬虫任务结束
[2025-09-10 18:02:19] 开始执行爬虫任务
[2025-09-10 18:03:00] 成功抓取今日完整数据，共 132 条记录
[2025-09-10 18:03:00] 暂无新数据，当前期号: 114051288
[2025-09-10 18:03:00] 安排 60 秒后进行下次抓取（18:04:00）
[2025-09-10 18:03:00] 爬虫任务执行成功
[2025-09-10 18:03:00] 爬虫任务结束
[2025-09-10 18:04:00] 开始执行爬虫任务
[2025-09-10 18:04:41] 成功抓取今日完整数据，共 132 条记录
[2025-09-10 18:04:41] 暂无新数据，当前期号: 114051288
[2025-09-10 18:04:41] 安排 60 秒后进行下次抓取（18:05:41）
[2025-09-10 18:04:41] 爬虫任务执行成功
[2025-09-10 18:04:41] 爬虫任务结束
[2025-09-10 18:05:41] 开始执行爬虫任务
[2025-09-10 18:06:21] 成功抓取今日完整数据，共 132 条记录
[2025-09-10 18:06:21] 暂无新数据，当前期号: 114051288
[2025-09-10 18:06:21] 安排 60 秒后进行下次抓取（18:07:21）
[2025-09-10 18:06:21] 爬虫任务执行成功
[2025-09-10 18:06:21] 爬虫任务结束
[2025-09-10 18:07:21] 开始执行爬虫任务
[2025-09-10 18:08:00] 成功抓取今日完整数据，共 133 条记录
[2025-09-10 18:08:00] 获取到新数据 - 期号: 114051289, 开奖时间: 18:05
[2025-09-10 18:08:00] 开奖时间已过，立即进行下次抓取
[2025-09-10 18:08:00] 安排 5 秒后进行下次抓取（18:08:05）
[2025-09-10 18:08:00] 爬虫任务执行成功
[2025-09-10 18:08:00] 爬虫任务结束
[2025-09-10 18:08:05] 开始执行爬虫任务
[2025-09-10 18:08:45] 成功抓取今日完整数据，共 133 条记录
[2025-09-10 18:08:45] 暂无新数据，当前期号: 114051289
[2025-09-10 18:08:45] 安排 60 秒后进行下次抓取（18:09:45）
[2025-09-10 18:08:45] 爬虫任务执行成功
[2025-09-10 18:08:45] 爬虫任务结束
[2025-09-10 18:09:45] 开始执行爬虫任务
[2025-09-10 18:10:32] 成功抓取今日完整数据，共 133 条记录
[2025-09-10 18:10:32] 暂无新数据，当前期号: 114051289
[2025-09-10 18:10:32] 安排 60 秒后进行下次抓取（18:11:32）
[2025-09-10 18:10:32] 爬虫任务执行成功
[2025-09-10 18:10:32] 爬虫任务结束
[2025-09-10 18:11:32] 开始执行爬虫任务
[2025-09-10 18:12:14] 成功抓取今日完整数据，共 133 条记录
[2025-09-10 18:12:14] 暂无新数据，当前期号: 114051289
[2025-09-10 18:12:14] 安排 60 秒后进行下次抓取（18:13:14）
[2025-09-10 18:12:14] 爬虫任务执行成功
[2025-09-10 18:12:14] 爬虫任务结束
[2025-09-10 18:13:14] 开始执行爬虫任务
[2025-09-10 18:13:57] 成功抓取今日完整数据，共 134 条记录
[2025-09-10 18:13:57] 获取到新数据 - 期号: 114051290, 开奖时间: 18:10
[2025-09-10 18:13:57] 开奖时间已过，立即进行下次抓取
[2025-09-10 18:13:57] 安排 5 秒后进行下次抓取（18:14:02）
[2025-09-10 18:13:57] 爬虫任务执行成功
[2025-09-10 18:13:57] 爬虫任务结束
[2025-09-10 18:14:02] 开始执行爬虫任务
[2025-09-10 18:14:45] 成功抓取今日完整数据，共 134 条记录
[2025-09-10 18:14:45] 暂无新数据，当前期号: 114051290
[2025-09-10 18:14:45] 安排 60 秒后进行下次抓取（18:15:45）
[2025-09-10 18:14:45] 爬虫任务执行成功
[2025-09-10 18:14:45] 爬虫任务结束
[2025-09-10 18:15:45] 开始执行爬虫任务
[2025-09-10 18:16:26] 成功抓取今日完整数据，共 135 条记录
[2025-09-10 18:16:26] 获取到新数据 - 期号: 114051291, 开奖时间: 18:15
[2025-09-10 18:16:26] 开奖时间: 18:15:00, 下次抓取时间: 18:17:20, 等待 53 秒
[2025-09-10 18:16:26] 安排 53 秒后进行下次抓取（18:17:19）
[2025-09-10 18:16:26] 爬虫任务执行成功
[2025-09-10 18:16:26] 爬虫任务结束
[2025-09-10 18:17:19] 开始执行爬虫任务
[2025-09-10 18:18:00] 成功抓取今日完整数据，共 135 条记录
[2025-09-10 18:18:00] 暂无新数据，当前期号: 114051291
[2025-09-10 18:18:00] 安排 60 秒后进行下次抓取（18:19:00）
[2025-09-10 18:18:00] 爬虫任务执行成功
[2025-09-10 18:18:00] 爬虫任务结束
[2025-09-10 18:19:00] 开始执行爬虫任务
[2025-09-10 18:19:42] 成功抓取今日完整数据，共 135 条记录
[2025-09-10 18:19:42] 暂无新数据，当前期号: 114051291
[2025-09-10 18:19:42] 安排 60 秒后进行下次抓取（18:20:42）
[2025-09-10 18:19:42] 爬虫任务执行成功
[2025-09-10 18:19:42] 爬虫任务结束
[2025-09-10 18:20:42] 开始执行爬虫任务
[2025-09-10 18:21:24] 成功抓取今日完整数据，共 136 条记录
[2025-09-10 18:21:24] 获取到新数据 - 期号: 114051292, 开奖时间: 18:20
[2025-09-10 18:21:24] 开奖时间: 18:20:00, 下次抓取时间: 18:22:20, 等待 55 秒
[2025-09-10 18:21:24] 安排 55 秒后进行下次抓取（18:22:19）
[2025-09-10 18:21:24] 爬虫任务执行成功
[2025-09-10 18:21:24] 爬虫任务结束
[2025-09-10 18:22:19] 开始执行爬虫任务
[2025-09-10 18:23:03] 成功抓取今日完整数据，共 136 条记录
[2025-09-10 18:23:03] 暂无新数据，当前期号: 114051292
[2025-09-10 18:23:03] 安排 60 秒后进行下次抓取（18:24:03）
[2025-09-10 18:23:03] 爬虫任务执行成功
[2025-09-10 18:23:03] 爬虫任务结束
[2025-09-10 18:24:03] 开始执行爬虫任务
[2025-09-10 18:24:45] 成功抓取今日完整数据，共 136 条记录
[2025-09-10 18:24:45] 暂无新数据，当前期号: 114051292
[2025-09-10 18:24:45] 安排 60 秒后进行下次抓取（18:25:45）
[2025-09-10 18:24:45] 爬虫任务执行成功
[2025-09-10 18:24:45] 爬虫任务结束
[2025-09-10 18:25:45] 开始执行爬虫任务
[2025-09-10 18:26:27] 成功抓取今日完整数据，共 136 条记录
[2025-09-10 18:26:27] 暂无新数据，当前期号: 114051292
[2025-09-10 18:26:27] 安排 60 秒后进行下次抓取（18:27:27）
[2025-09-10 18:26:27] 爬虫任务执行成功
[2025-09-10 18:26:27] 爬虫任务结束
[2025-09-10 18:27:27] 开始执行爬虫任务
[2025-09-10 18:28:06] 成功抓取今日完整数据，共 137 条记录
[2025-09-10 18:28:06] 获取到新数据 - 期号: 114051293, 开奖时间: 18:25
[2025-09-10 18:28:06] 开奖时间已过，立即进行下次抓取
[2025-09-10 18:28:06] 安排 5 秒后进行下次抓取（18:28:11）
[2025-09-10 18:28:06] 爬虫任务执行成功
[2025-09-10 18:28:06] 爬虫任务结束
[2025-09-10 18:28:11] 开始执行爬虫任务
[2025-09-10 18:28:50] 成功抓取今日完整数据，共 137 条记录
[2025-09-10 18:28:50] 暂无新数据，当前期号: 114051293
[2025-09-10 18:28:50] 安排 60 秒后进行下次抓取（18:29:50）
[2025-09-10 18:28:50] 爬虫任务执行成功
[2025-09-10 18:28:50] 爬虫任务结束
[2025-09-10 18:29:50] 开始执行爬虫任务
[2025-09-10 18:30:31] 成功抓取今日完整数据，共 137 条记录
[2025-09-10 18:30:31] 暂无新数据，当前期号: 114051293
[2025-09-10 18:30:31] 安排 60 秒后进行下次抓取（18:31:31）
[2025-09-10 18:30:31] 爬虫任务执行成功
[2025-09-10 18:30:31] 爬虫任务结束
[2025-09-10 18:31:31] 开始执行爬虫任务
[2025-09-10 18:32:11] 成功抓取今日完整数据，共 137 条记录
[2025-09-10 18:32:11] 暂无新数据，当前期号: 114051293
[2025-09-10 18:32:11] 安排 60 秒后进行下次抓取（18:33:11）
[2025-09-10 18:32:11] 爬虫任务执行成功
[2025-09-10 18:32:11] 爬虫任务结束
[2025-09-10 18:33:11] 开始执行爬虫任务
[2025-09-10 18:33:50] 成功抓取今日完整数据，共 138 条记录
[2025-09-10 18:33:50] 获取到新数据 - 期号: 114051294, 开奖时间: 18:30
[2025-09-10 18:33:50] 开奖时间已过，立即进行下次抓取
[2025-09-10 18:33:50] 安排 5 秒后进行下次抓取（18:33:55）
[2025-09-10 18:33:50] 爬虫任务执行成功
[2025-09-10 18:33:50] 爬虫任务结束
[2025-09-10 18:33:55] 开始执行爬虫任务
[2025-09-10 18:34:35] 成功抓取今日完整数据，共 138 条记录
[2025-09-10 18:34:35] 暂无新数据，当前期号: 114051294
[2025-09-10 18:34:35] 安排 60 秒后进行下次抓取（18:35:35）
[2025-09-10 18:34:35] 爬虫任务执行成功
[2025-09-10 18:34:35] 爬虫任务结束
[2025-09-10 18:35:35] 开始执行爬虫任务
[2025-09-10 18:36:14] 成功抓取今日完整数据，共 138 条记录
[2025-09-10 18:36:14] 暂无新数据，当前期号: 114051294
[2025-09-10 18:36:14] 安排 60 秒后进行下次抓取（18:37:14）
[2025-09-10 18:36:14] 爬虫任务执行成功
[2025-09-10 18:36:14] 爬虫任务结束
[2025-09-10 18:37:14] 开始执行爬虫任务
[2025-09-10 18:37:54] 成功抓取今日完整数据，共 139 条记录
[2025-09-10 18:37:54] 获取到新数据 - 期号: 114051295, 开奖时间: 18:35
[2025-09-10 18:37:54] 开奖时间已过，立即进行下次抓取
[2025-09-10 18:37:54] 安排 5 秒后进行下次抓取（18:37:59）
[2025-09-10 18:37:54] 爬虫任务执行成功
[2025-09-10 18:37:54] 爬虫任务结束
[2025-09-10 18:37:59] 开始执行爬虫任务
[2025-09-10 18:38:39] 成功抓取今日完整数据，共 139 条记录
[2025-09-10 18:38:39] 暂无新数据，当前期号: 114051295
[2025-09-10 18:38:39] 安排 60 秒后进行下次抓取（18:39:39）
[2025-09-10 18:38:39] 爬虫任务执行成功
[2025-09-10 18:38:39] 爬虫任务结束
[2025-09-10 18:39:39] 开始执行爬虫任务
[2025-09-10 18:40:20] 成功抓取今日完整数据，共 139 条记录
[2025-09-10 18:40:20] 暂无新数据，当前期号: 114051295
[2025-09-10 18:40:20] 安排 60 秒后进行下次抓取（18:41:20）
[2025-09-10 18:40:20] 爬虫任务执行成功
[2025-09-10 18:40:20] 爬虫任务结束
[2025-09-10 18:41:20] 开始执行爬虫任务
[2025-09-10 18:41:59] 成功抓取今日完整数据，共 139 条记录
[2025-09-10 18:41:59] 暂无新数据，当前期号: 114051295
[2025-09-10 18:41:59] 安排 60 秒后进行下次抓取（18:42:59）
[2025-09-10 18:41:59] 爬虫任务执行成功
[2025-09-10 18:41:59] 爬虫任务结束
[2025-09-10 18:42:59] 开始执行爬虫任务
[2025-09-10 18:43:38] 成功抓取今日完整数据，共 140 条记录
[2025-09-10 18:43:38] 获取到新数据 - 期号: 114051296, 开奖时间: 18:40
[2025-09-10 18:43:38] 开奖时间已过，立即进行下次抓取
[2025-09-10 18:43:38] 安排 5 秒后进行下次抓取（18:43:43）
[2025-09-10 18:43:38] 爬虫任务执行成功
[2025-09-10 18:43:38] 爬虫任务结束
[2025-09-10 18:43:43] 开始执行爬虫任务
[2025-09-10 18:44:23] 成功抓取今日完整数据，共 140 条记录
[2025-09-10 18:44:23] 暂无新数据，当前期号: 114051296
[2025-09-10 18:44:23] 安排 60 秒后进行下次抓取（18:45:23）
[2025-09-10 18:44:23] 爬虫任务执行成功
[2025-09-10 18:44:23] 爬虫任务结束
[2025-09-10 18:45:23] 开始执行爬虫任务
[2025-09-10 18:46:02] 成功抓取今日完整数据，共 140 条记录
[2025-09-10 18:46:02] 暂无新数据，当前期号: 114051296
[2025-09-10 18:46:02] 安排 60 秒后进行下次抓取（18:47:02）
[2025-09-10 18:46:02] 爬虫任务执行成功
[2025-09-10 18:46:02] 爬虫任务结束
[2025-09-10 18:47:02] 开始执行爬虫任务
[2025-09-10 18:47:42] 成功抓取今日完整数据，共 141 条记录
[2025-09-10 18:47:42] 获取到新数据 - 期号: 114051297, 开奖时间: 18:45
[2025-09-10 18:47:42] 开奖时间已过，立即进行下次抓取
[2025-09-10 18:47:42] 安排 5 秒后进行下次抓取（18:47:47）
[2025-09-10 18:47:42] 爬虫任务执行成功
[2025-09-10 18:47:42] 爬虫任务结束
[2025-09-10 18:47:47] 开始执行爬虫任务
[2025-09-10 18:48:25] 成功抓取今日完整数据，共 141 条记录
[2025-09-10 18:48:25] 暂无新数据，当前期号: 114051297
[2025-09-10 18:48:25] 安排 60 秒后进行下次抓取（18:49:25）
[2025-09-10 18:48:25] 爬虫任务执行成功
[2025-09-10 18:48:25] 爬虫任务结束
[2025-09-10 18:49:25] 开始执行爬虫任务
[2025-09-10 18:50:04] 成功抓取今日完整数据，共 141 条记录
[2025-09-10 18:50:04] 暂无新数据，当前期号: 114051297
[2025-09-10 18:50:04] 安排 60 秒后进行下次抓取（18:51:04）
[2025-09-10 18:50:04] 爬虫任务执行成功
[2025-09-10 18:50:04] 爬虫任务结束
[2025-09-10 18:51:04] 开始执行爬虫任务
[2025-09-10 18:51:44] 成功抓取今日完整数据，共 141 条记录
[2025-09-10 18:51:44] 暂无新数据，当前期号: 114051297
[2025-09-10 18:51:44] 安排 60 秒后进行下次抓取（18:52:44）
[2025-09-10 18:51:44] 爬虫任务执行成功
[2025-09-10 18:51:44] 爬虫任务结束
[2025-09-10 18:52:44] 开始执行爬虫任务
[2025-09-10 18:53:23] 成功抓取今日完整数据，共 142 条记录
[2025-09-10 18:53:23] 获取到新数据 - 期号: 114051298, 开奖时间: 18:50
[2025-09-10 18:53:23] 开奖时间已过，立即进行下次抓取
[2025-09-10 18:53:23] 安排 5 秒后进行下次抓取（18:53:28）
[2025-09-10 18:53:23] 爬虫任务执行成功
[2025-09-10 18:53:23] 爬虫任务结束
[2025-09-10 18:53:28] 开始执行爬虫任务
[2025-09-10 18:54:08] 成功抓取今日完整数据，共 142 条记录
[2025-09-10 18:54:08] 暂无新数据，当前期号: 114051298
[2025-09-10 18:54:08] 安排 60 秒后进行下次抓取（18:55:08）
[2025-09-10 18:54:08] 爬虫任务执行成功
[2025-09-10 18:54:08] 爬虫任务结束
[2025-09-10 18:55:08] 开始执行爬虫任务
[2025-09-10 18:55:47] 成功抓取今日完整数据，共 142 条记录
[2025-09-10 18:55:47] 暂无新数据，当前期号: 114051298
[2025-09-10 18:55:47] 安排 60 秒后进行下次抓取（18:56:47）
[2025-09-10 18:55:47] 爬虫任务执行成功
[2025-09-10 18:55:47] 爬虫任务结束
[2025-09-10 18:56:47] 开始执行爬虫任务
[2025-09-10 18:57:27] 成功抓取今日完整数据，共 143 条记录
[2025-09-10 18:57:27] 获取到新数据 - 期号: 114051299, 开奖时间: 18:55
[2025-09-10 18:57:27] 开奖时间已过，立即进行下次抓取
[2025-09-10 18:57:27] 安排 5 秒后进行下次抓取（18:57:32）
[2025-09-10 18:57:27] 爬虫任务执行成功
[2025-09-10 18:57:27] 爬虫任务结束
[2025-09-10 18:57:32] 开始执行爬虫任务
[2025-09-10 18:58:11] 成功抓取今日完整数据，共 143 条记录
[2025-09-10 18:58:11] 暂无新数据，当前期号: 114051299
[2025-09-10 18:58:11] 安排 60 秒后进行下次抓取（18:59:11）
[2025-09-10 18:58:11] 爬虫任务执行成功
[2025-09-10 18:58:11] 爬虫任务结束
[2025-09-10 18:59:11] 开始执行爬虫任务
[2025-09-10 18:59:51] 成功抓取今日完整数据，共 143 条记录
[2025-09-10 18:59:51] 暂无新数据，当前期号: 114051299
[2025-09-10 18:59:51] 安排 60 秒后进行下次抓取（19:00:51）
[2025-09-10 18:59:51] 爬虫任务执行成功
[2025-09-10 18:59:51] 爬虫任务结束
[2025-09-10 19:00:51] 开始执行爬虫任务
[2025-09-10 19:01:29] 成功抓取今日完整数据，共 144 条记录
[2025-09-10 19:01:29] 获取到新数据 - 期号: 114051300, 开奖时间: 19:00
[2025-09-10 19:01:29] 开奖时间: 19:00:00, 下次抓取时间: 19:02:20, 等待 50 秒
[2025-09-10 19:01:29] 安排 50 秒后进行下次抓取（19:02:19）
[2025-09-10 19:01:29] 爬虫任务执行成功
[2025-09-10 19:01:29] 爬虫任务结束
[2025-09-10 19:02:19] 开始执行爬虫任务
[2025-09-10 19:02:59] 成功抓取今日完整数据，共 144 条记录
[2025-09-10 19:02:59] 暂无新数据，当前期号: 114051300
[2025-09-10 19:02:59] 安排 60 秒后进行下次抓取（19:03:59）
[2025-09-10 19:02:59] 爬虫任务执行成功
[2025-09-10 19:02:59] 爬虫任务结束
[2025-09-10 19:03:59] 开始执行爬虫任务
[2025-09-10 19:04:39] 成功抓取今日完整数据，共 144 条记录
[2025-09-10 19:04:39] 暂无新数据，当前期号: 114051300
[2025-09-10 19:04:39] 安排 60 秒后进行下次抓取（19:05:39）
[2025-09-10 19:04:39] 爬虫任务执行成功
[2025-09-10 19:04:39] 爬虫任务结束
[2025-09-10 19:05:39] 开始执行爬虫任务
[2025-09-10 19:06:19] 成功抓取今日完整数据，共 144 条记录
[2025-09-10 19:06:19] 暂无新数据，当前期号: 114051300
[2025-09-10 19:06:19] 安排 60 秒后进行下次抓取（19:07:19）
[2025-09-10 19:06:19] 爬虫任务执行成功
[2025-09-10 19:06:19] 爬虫任务结束
[2025-09-10 19:07:19] 开始执行爬虫任务
[2025-09-10 19:08:02] 成功抓取今日完整数据，共 145 条记录
[2025-09-10 19:08:02] 获取到新数据 - 期号: 114051301, 开奖时间: 19:05
[2025-09-10 19:08:02] 开奖时间已过，立即进行下次抓取
[2025-09-10 19:08:02] 安排 5 秒后进行下次抓取（19:08:07）
[2025-09-10 19:08:02] 爬虫任务执行成功
[2025-09-10 19:08:02] 爬虫任务结束
[2025-09-10 19:08:07] 开始执行爬虫任务
[2025-09-10 19:08:50] 成功抓取今日完整数据，共 145 条记录
[2025-09-10 19:08:50] 暂无新数据，当前期号: 114051301
[2025-09-10 19:08:50] 安排 60 秒后进行下次抓取（19:09:50）
[2025-09-10 19:08:50] 爬虫任务执行成功
[2025-09-10 19:08:50] 爬虫任务结束
[2025-09-10 19:09:50] 开始执行爬虫任务
[2025-09-10 19:10:33] 成功抓取今日完整数据，共 145 条记录
[2025-09-10 19:10:33] 暂无新数据，当前期号: 114051301
[2025-09-10 19:10:33] 安排 60 秒后进行下次抓取（19:11:33）
[2025-09-10 19:10:33] 爬虫任务执行成功
[2025-09-10 19:10:33] 爬虫任务结束
[2025-09-10 19:11:33] 开始执行爬虫任务
[2025-09-10 19:12:12] 成功抓取今日完整数据，共 145 条记录
[2025-09-10 19:12:12] 暂无新数据，当前期号: 114051301
[2025-09-10 19:12:12] 安排 60 秒后进行下次抓取（19:13:12）
[2025-09-10 19:12:12] 爬虫任务执行成功
[2025-09-10 19:12:12] 爬虫任务结束
[2025-09-10 19:13:12] 开始执行爬虫任务
[2025-09-10 19:13:51] 成功抓取今日完整数据，共 146 条记录
[2025-09-10 19:13:51] 获取到新数据 - 期号: 114051302, 开奖时间: 19:10
[2025-09-10 19:13:51] 开奖时间已过，立即进行下次抓取
[2025-09-10 19:13:51] 安排 5 秒后进行下次抓取（19:13:56）
[2025-09-10 19:13:51] 爬虫任务执行成功
[2025-09-10 19:13:51] 爬虫任务结束
[2025-09-10 19:13:56] 开始执行爬虫任务
[2025-09-10 19:14:37] 成功抓取今日完整数据，共 146 条记录
[2025-09-10 19:14:37] 暂无新数据，当前期号: 114051302
[2025-09-10 19:14:37] 安排 60 秒后进行下次抓取（19:15:37）
[2025-09-10 19:14:37] 爬虫任务执行成功
[2025-09-10 19:14:37] 爬虫任务结束
[2025-09-10 19:15:37] 开始执行爬虫任务
[2025-09-10 19:16:18] 成功抓取今日完整数据，共 146 条记录
[2025-09-10 19:16:18] 暂无新数据，当前期号: 114051302
[2025-09-10 19:16:18] 安排 60 秒后进行下次抓取（19:17:18）
[2025-09-10 19:16:18] 爬虫任务执行成功
[2025-09-10 19:16:18] 爬虫任务结束
[2025-09-10 19:17:18] 开始执行爬虫任务
[2025-09-10 19:17:57] 成功抓取今日完整数据，共 147 条记录
[2025-09-10 19:17:57] 获取到新数据 - 期号: 114051303, 开奖时间: 19:15
[2025-09-10 19:17:57] 开奖时间已过，立即进行下次抓取
[2025-09-10 19:17:57] 安排 5 秒后进行下次抓取（19:18:02）
[2025-09-10 19:17:57] 爬虫任务执行成功
[2025-09-10 19:17:58] 爬虫任务结束
[2025-09-10 19:18:03] 开始执行爬虫任务
[2025-09-10 19:18:43] 成功抓取今日完整数据，共 147 条记录
[2025-09-10 19:18:43] 暂无新数据，当前期号: 114051303
[2025-09-10 19:18:43] 安排 60 秒后进行下次抓取（19:19:43）
[2025-09-10 19:18:43] 爬虫任务执行成功
[2025-09-10 19:18:43] 爬虫任务结束
[2025-09-10 19:19:43] 开始执行爬虫任务
[2025-09-10 19:20:24] 成功抓取今日完整数据，共 147 条记录
[2025-09-10 19:20:24] 暂无新数据，当前期号: 114051303
[2025-09-10 19:20:24] 安排 60 秒后进行下次抓取（19:21:24）
[2025-09-10 19:20:24] 爬虫任务执行成功
[2025-09-10 19:20:24] 爬虫任务结束
[2025-09-10 19:21:24] 开始执行爬虫任务
[2025-09-10 19:22:04] 成功抓取今日完整数据，共 148 条记录
[2025-09-10 19:22:04] 获取到新数据 - 期号: 114051304, 开奖时间: 19:20
[2025-09-10 19:22:04] 开奖时间: 19:20:00, 下次抓取时间: 19:22:20, 等待 15 秒
[2025-09-10 19:22:04] 安排 15 秒后进行下次抓取（19:22:19）
[2025-09-10 19:22:04] 爬虫任务执行成功
[2025-09-10 19:22:04] 爬虫任务结束
[2025-09-10 19:22:19] 开始执行爬虫任务
[2025-09-10 19:22:59] 成功抓取今日完整数据，共 148 条记录
[2025-09-10 19:22:59] 暂无新数据，当前期号: 114051304
[2025-09-10 19:22:59] 安排 60 秒后进行下次抓取（19:23:59）
[2025-09-10 19:22:59] 爬虫任务执行成功
[2025-09-10 19:22:59] 爬虫任务结束
[2025-09-10 19:23:59] 开始执行爬虫任务
[2025-09-10 19:24:39] 成功抓取今日完整数据，共 148 条记录
[2025-09-10 19:24:39] 暂无新数据，当前期号: 114051304
[2025-09-10 19:24:39] 安排 60 秒后进行下次抓取（19:25:39）
[2025-09-10 19:24:39] 爬虫任务执行成功
[2025-09-10 19:24:39] 爬虫任务结束
[2025-09-10 19:25:39] 开始执行爬虫任务
[2025-09-10 19:26:18] 成功抓取今日完整数据，共 148 条记录
[2025-09-10 19:26:18] 暂无新数据，当前期号: 114051304
[2025-09-10 19:26:18] 安排 60 秒后进行下次抓取（19:27:18）
[2025-09-10 19:26:18] 爬虫任务执行成功
[2025-09-10 19:26:18] 爬虫任务结束
[2025-09-10 19:27:18] 开始执行爬虫任务
[2025-09-10 19:27:59] 成功抓取今日完整数据，共 149 条记录
[2025-09-10 19:27:59] 获取到新数据 - 期号: 114051305, 开奖时间: 19:25
[2025-09-10 19:27:59] 开奖时间已过，立即进行下次抓取
[2025-09-10 19:27:59] 安排 5 秒后进行下次抓取（19:28:04）
[2025-09-10 19:27:59] 爬虫任务执行成功
[2025-09-10 19:27:59] 爬虫任务结束
[2025-09-10 19:28:04] 开始执行爬虫任务
[2025-09-10 19:28:44] 成功抓取今日完整数据，共 149 条记录
[2025-09-10 19:28:44] 暂无新数据，当前期号: 114051305
[2025-09-10 19:28:44] 安排 60 秒后进行下次抓取（19:29:44）
[2025-09-10 19:28:44] 爬虫任务执行成功
[2025-09-10 19:28:44] 爬虫任务结束
[2025-09-10 19:29:44] 开始执行爬虫任务
[2025-09-10 19:30:26] 成功抓取今日完整数据，共 149 条记录
[2025-09-10 19:30:26] 暂无新数据，当前期号: 114051305
[2025-09-10 19:30:26] 安排 60 秒后进行下次抓取（19:31:26）
[2025-09-10 19:30:26] 爬虫任务执行成功
[2025-09-10 19:30:26] 爬虫任务结束
[2025-09-10 19:31:26] 开始执行爬虫任务
[2025-09-10 19:32:07] 成功抓取今日完整数据，共 149 条记录
[2025-09-10 19:32:07] 暂无新数据，当前期号: 114051305
[2025-09-10 19:32:07] 安排 60 秒后进行下次抓取（19:33:07）
[2025-09-10 19:32:07] 爬虫任务执行成功
[2025-09-10 19:32:07] 爬虫任务结束
[2025-09-10 19:33:07] 开始执行爬虫任务
[2025-09-10 19:33:47] 成功抓取今日完整数据，共 150 条记录
[2025-09-10 19:33:47] 获取到新数据 - 期号: 114051306, 开奖时间: 19:30
[2025-09-10 19:33:47] 开奖时间已过，立即进行下次抓取
[2025-09-10 19:33:47] 安排 5 秒后进行下次抓取（19:33:52）
[2025-09-10 19:33:47] 爬虫任务执行成功
[2025-09-10 19:33:47] 爬虫任务结束
[2025-09-10 19:33:52] 开始执行爬虫任务
[2025-09-10 19:34:32] 成功抓取今日完整数据，共 150 条记录
[2025-09-10 19:34:32] 暂无新数据，当前期号: 114051306
[2025-09-10 19:34:32] 安排 60 秒后进行下次抓取（19:35:32）
[2025-09-10 19:34:32] 爬虫任务执行成功
[2025-09-10 19:34:32] 爬虫任务结束
[2025-09-10 19:35:32] 开始执行爬虫任务
[2025-09-10 19:36:18] 成功抓取今日完整数据，共 149 条记录
[2025-09-10 19:36:18] 暂无新数据，当前期号: 114051306
[2025-09-10 19:36:18] 安排 60 秒后进行下次抓取（19:37:18）
[2025-09-10 19:36:18] 爬虫任务执行成功
[2025-09-10 19:36:18] 爬虫任务结束
[2025-09-10 19:37:18] 开始执行爬虫任务
[2025-09-10 19:38:05] 成功抓取今日完整数据，共 150 条记录
[2025-09-10 19:38:05] 获取到新数据 - 期号: 114051307, 开奖时间: 19:35
[2025-09-10 19:38:05] 开奖时间已过，立即进行下次抓取
[2025-09-10 19:38:05] 安排 5 秒后进行下次抓取（19:38:10）
[2025-09-10 19:38:05] 爬虫任务执行成功
[2025-09-10 19:38:05] 爬虫任务结束
[2025-09-10 19:38:10] 开始执行爬虫任务
[2025-09-10 19:38:56] 成功抓取今日完整数据，共 150 条记录
[2025-09-10 19:38:56] 暂无新数据，当前期号: 114051307
[2025-09-10 19:38:56] 安排 60 秒后进行下次抓取（19:39:56）
[2025-09-10 19:38:56] 爬虫任务执行成功
[2025-09-10 19:38:56] 爬虫任务结束
[2025-09-10 19:39:56] 开始执行爬虫任务
[2025-09-10 19:40:43] 成功抓取今日完整数据，共 150 条记录
[2025-09-10 19:40:43] 暂无新数据，当前期号: 114051307
[2025-09-10 19:40:43] 安排 60 秒后进行下次抓取（19:41:43）
[2025-09-10 19:40:43] 爬虫任务执行成功
[2025-09-10 19:40:43] 爬虫任务结束
[2025-09-10 19:41:43] 开始执行爬虫任务
[2025-09-10 19:42:30] 成功抓取今日完整数据，共 152 条记录
[2025-09-10 19:42:30] 获取到新数据 - 期号: 114051308, 开奖时间: 19:40
[2025-09-10 19:42:30] 开奖时间已过，立即进行下次抓取
[2025-09-10 19:42:30] 安排 5 秒后进行下次抓取（19:42:35）
[2025-09-10 19:42:30] 爬虫任务执行成功
[2025-09-10 19:42:30] 爬虫任务结束
[2025-09-10 19:42:35] 开始执行爬虫任务
[2025-09-10 19:43:21] 成功抓取今日完整数据，共 152 条记录
[2025-09-10 19:43:21] 暂无新数据，当前期号: 114051308
[2025-09-10 19:43:21] 安排 60 秒后进行下次抓取（19:44:21）
[2025-09-10 19:43:21] 爬虫任务执行成功
[2025-09-10 19:43:21] 爬虫任务结束
[2025-09-10 19:44:21] 开始执行爬虫任务
[2025-09-10 19:45:10] 成功抓取今日完整数据，共 152 条记录
[2025-09-10 19:45:10] 暂无新数据，当前期号: 114051308
[2025-09-10 19:45:10] 安排 60 秒后进行下次抓取（19:46:10）
[2025-09-10 19:45:10] 爬虫任务执行成功
[2025-09-10 19:45:10] 爬虫任务结束
[2025-09-10 19:46:10] 开始执行爬虫任务
[2025-09-10 19:46:56] 成功抓取今日完整数据，共 153 条记录
[2025-09-10 19:46:56] 获取到新数据 - 期号: 114051309, 开奖时间: 19:45
[2025-09-10 19:46:56] 开奖时间: 19:45:00, 下次抓取时间: 19:47:20, 等待 23 秒
[2025-09-10 19:46:56] 安排 23 秒后进行下次抓取（19:47:19）
[2025-09-10 19:46:56] 爬虫任务执行成功
[2025-09-10 19:46:56] 爬虫任务结束
[2025-09-10 19:47:19] 开始执行爬虫任务
[2025-09-10 19:48:06] 成功抓取今日完整数据，共 153 条记录
[2025-09-10 19:48:06] 暂无新数据，当前期号: 114051309
[2025-09-10 19:48:06] 安排 60 秒后进行下次抓取（19:49:06）
[2025-09-10 19:48:06] 爬虫任务执行成功
[2025-09-10 19:48:06] 爬虫任务结束
[2025-09-10 19:49:06] 开始执行爬虫任务
[2025-09-10 19:49:53] 成功抓取今日完整数据，共 153 条记录
[2025-09-10 19:49:53] 暂无新数据，当前期号: 114051309
[2025-09-10 19:49:53] 安排 60 秒后进行下次抓取（19:50:53）
[2025-09-10 19:49:53] 爬虫任务执行成功
[2025-09-10 19:49:53] 爬虫任务结束
[2025-09-10 19:50:53] 开始执行爬虫任务
[2025-09-10 19:51:40] 成功抓取今日完整数据，共 153 条记录
[2025-09-10 19:51:40] 暂无新数据，当前期号: 114051309
[2025-09-10 19:51:40] 安排 60 秒后进行下次抓取（19:52:40）
[2025-09-10 19:51:40] 爬虫任务执行成功
[2025-09-10 19:51:40] 爬虫任务结束
[2025-09-10 19:52:40] 开始执行爬虫任务
[2025-09-10 19:53:27] 成功抓取今日完整数据，共 154 条记录
[2025-09-10 19:53:27] 获取到新数据 - 期号: 114051310, 开奖时间: 19:50
[2025-09-10 19:53:27] 开奖时间已过，立即进行下次抓取
[2025-09-10 19:53:27] 安排 5 秒后进行下次抓取（19:53:32）
[2025-09-10 19:53:27] 爬虫任务执行成功
[2025-09-10 19:53:27] 爬虫任务结束
[2025-09-10 19:53:32] 开始执行爬虫任务
[2025-09-10 19:54:19] 成功抓取今日完整数据，共 154 条记录
[2025-09-10 19:54:19] 暂无新数据，当前期号: 114051310
[2025-09-10 19:54:19] 安排 60 秒后进行下次抓取（19:55:19）
[2025-09-10 19:54:19] 爬虫任务执行成功
[2025-09-10 19:54:19] 爬虫任务结束
[2025-09-10 19:55:19] 开始执行爬虫任务
[2025-09-10 19:56:05] 成功抓取今日完整数据，共 154 条记录
[2025-09-10 19:56:05] 暂无新数据，当前期号: 114051310
[2025-09-10 19:56:05] 安排 60 秒后进行下次抓取（19:57:05）
[2025-09-10 19:56:05] 爬虫任务执行成功
[2025-09-10 19:56:05] 爬虫任务结束
[2025-09-10 19:57:05] 开始执行爬虫任务
[2025-09-10 19:57:38] 成功抓取今日完整数据，共 95 条记录
[2025-09-10 19:57:38] 获取到新数据 - 期号: 114051311, 开奖时间: 19:55
[2025-09-10 19:57:38] 开奖时间已过，立即进行下次抓取
[2025-09-10 19:57:38] 安排 5 秒后进行下次抓取（19:57:43）
[2025-09-10 19:57:38] 爬虫任务执行成功
[2025-09-10 19:57:38] 爬虫任务结束
[2025-09-10 19:57:43] 开始执行爬虫任务
