[2025-09-04 13:15:18] 执行单次数据抓取
[2025-09-04 13:15:18] 开始执行爬虫任务
[2025-09-04 13:15:48] 成功抓取今日完整数据，共 74 条记录
[2025-09-04 13:15:48] 获取到新数据 - 期号: 114050012, 开奖时间: 13:10
[2025-09-04 13:15:48] 爬虫任务执行成功
[2025-09-04 13:15:48] 爬虫任务结束
[2025-09-04 13:17:50] 自动爬虫调度器启动（智能调度模式）
[2025-09-04 13:17:50] 执行初始数据抓取
[2025-09-04 13:17:50] 开始执行爬虫任务
[2025-09-04 13:18:23] 成功抓取今日完整数据，共 75 条记录
[2025-09-04 13:18:23] 获取到新数据 - 期号: 114050013, 开奖时间: 13:15
[2025-09-04 13:18:23] 开奖时间已过，立即进行下次抓取
[2025-09-04 13:18:23] 安排 5 秒后进行下次抓取（13:18:28）
[2025-09-04 13:18:23] 爬虫任务执行成功
[2025-09-04 13:18:23] 爬虫任务结束
[2025-09-04 13:18:28] 开始执行爬虫任务
[2025-09-04 13:19:01] 成功抓取今日完整数据，共 75 条记录
[2025-09-04 13:19:01] 暂无新数据，当前期号: 114050013
[2025-09-04 13:19:01] 安排 60 秒后进行下次抓取（13:20:01）
[2025-09-04 13:19:01] 爬虫任务执行成功
[2025-09-04 13:19:01] 爬虫任务结束
[2025-09-04 13:20:01] 开始执行爬虫任务
[2025-09-04 13:20:32] 成功抓取今日完整数据，共 75 条记录
[2025-09-04 13:20:32] 暂无新数据，当前期号: 114050013
[2025-09-04 13:20:32] 安排 60 秒后进行下次抓取（13:21:32）
[2025-09-04 13:20:32] 爬虫任务执行成功
[2025-09-04 13:20:32] 爬虫任务结束
[2025-09-04 13:21:32] 开始执行爬虫任务
[2025-09-04 13:22:03] 成功抓取今日完整数据，共 76 条记录
[2025-09-04 13:22:03] 获取到新数据 - 期号: 114050014, 开奖时间: 13:20
[2025-09-04 13:22:03] 开奖时间: 13:20:00, 下次抓取时间: 13:22:20, 等待 16 秒
[2025-09-04 13:22:03] 安排 16 秒后进行下次抓取（13:22:19）
[2025-09-04 13:22:03] 爬虫任务执行成功
[2025-09-04 13:22:03] 爬虫任务结束
[2025-09-04 13:22:19] 开始执行爬虫任务
[2025-09-04 13:22:51] 成功抓取今日完整数据，共 76 条记录
[2025-09-04 13:22:51] 暂无新数据，当前期号: 114050014
[2025-09-04 13:22:51] 安排 60 秒后进行下次抓取（13:23:51）
[2025-09-04 13:22:51] 爬虫任务执行成功
[2025-09-04 13:22:51] 爬虫任务结束
[2025-09-04 13:23:51] 开始执行爬虫任务
[2025-09-04 13:24:21] 成功抓取今日完整数据，共 76 条记录
[2025-09-04 13:24:21] 暂无新数据，当前期号: 114050014
[2025-09-04 13:24:21] 安排 60 秒后进行下次抓取（13:25:21）
[2025-09-04 13:24:21] 爬虫任务执行成功
[2025-09-04 13:24:21] 爬虫任务结束
[2025-09-04 13:25:21] 开始执行爬虫任务
[2025-09-04 13:25:49] 成功抓取今日完整数据，共 76 条记录
[2025-09-04 13:25:49] 暂无新数据，当前期号: 114050014
[2025-09-04 13:25:49] 安排 60 秒后进行下次抓取（13:26:49）
[2025-09-04 13:25:49] 爬虫任务执行成功
[2025-09-04 13:25:49] 爬虫任务结束
[2025-09-04 13:26:49] 开始执行爬虫任务
[2025-09-04 13:27:18] 成功抓取今日完整数据，共 77 条记录
[2025-09-04 13:27:18] 获取到新数据 - 期号: 114050015, 开奖时间: 13:25
[2025-09-04 13:27:18] 开奖时间: 13:25:00, 下次抓取时间: 13:27:20, 等待 1 秒
[2025-09-04 13:27:18] 安排 1 秒后进行下次抓取（13:27:19）
[2025-09-04 13:27:18] 爬虫任务执行成功
[2025-09-04 13:27:18] 爬虫任务结束
[2025-09-04 13:27:19] 开始执行爬虫任务
[2025-09-04 13:27:50] 成功抓取今日完整数据，共 77 条记录
[2025-09-04 13:27:50] 暂无新数据，当前期号: 114050015
[2025-09-04 13:27:50] 安排 60 秒后进行下次抓取（13:28:50）
[2025-09-04 13:27:50] 爬虫任务执行成功
[2025-09-04 13:27:50] 爬虫任务结束
[2025-09-04 13:28:50] 开始执行爬虫任务
[2025-09-04 13:29:24] 成功抓取今日完整数据，共 77 条记录
[2025-09-04 13:29:24] 暂无新数据，当前期号: 114050015
[2025-09-04 13:29:24] 安排 60 秒后进行下次抓取（13:30:24）
[2025-09-04 13:29:24] 爬虫任务执行成功
[2025-09-04 13:29:24] 爬虫任务结束
[2025-09-04 13:30:24] 开始执行爬虫任务
[2025-09-04 13:30:54] 成功抓取今日完整数据，共 77 条记录
[2025-09-04 13:30:54] 暂无新数据，当前期号: 114050015
[2025-09-04 13:30:54] 安排 60 秒后进行下次抓取（13:31:54）
[2025-09-04 13:30:54] 爬虫任务执行成功
[2025-09-04 13:30:54] 爬虫任务结束
[2025-09-04 13:31:54] 开始执行爬虫任务
[2025-09-04 13:32:26] 成功抓取今日完整数据，共 78 条记录
[2025-09-04 13:32:26] 获取到新数据 - 期号: 114050016, 开奖时间: 13:30
[2025-09-04 13:32:26] 开奖时间已过，立即进行下次抓取
[2025-09-04 13:32:26] 安排 5 秒后进行下次抓取（13:32:31）
[2025-09-04 13:32:26] 爬虫任务执行成功
[2025-09-04 13:32:26] 爬虫任务结束
[2025-09-04 13:32:31] 开始执行爬虫任务
[2025-09-04 13:33:01] 成功抓取今日完整数据，共 78 条记录
[2025-09-04 13:33:01] 暂无新数据，当前期号: 114050016
[2025-09-04 13:33:01] 安排 60 秒后进行下次抓取（13:34:01）
[2025-09-04 13:33:01] 爬虫任务执行成功
[2025-09-04 13:33:01] 爬虫任务结束
[2025-09-04 13:34:01] 开始执行爬虫任务
[2025-09-04 13:34:30] 成功抓取今日完整数据，共 78 条记录
[2025-09-04 13:34:30] 暂无新数据，当前期号: 114050016
[2025-09-04 13:34:30] 安排 60 秒后进行下次抓取（13:35:30）
[2025-09-04 13:34:30] 爬虫任务执行成功
[2025-09-04 13:34:30] 爬虫任务结束
[2025-09-04 13:35:30] 开始执行爬虫任务
[2025-09-04 13:35:59] 成功抓取今日完整数据，共 78 条记录
[2025-09-04 13:35:59] 暂无新数据，当前期号: 114050016
[2025-09-04 13:35:59] 安排 60 秒后进行下次抓取（13:36:59）
[2025-09-04 13:35:59] 爬虫任务执行成功
[2025-09-04 13:35:59] 爬虫任务结束
[2025-09-04 13:36:59] 开始执行爬虫任务
[2025-09-04 13:37:28] 成功抓取今日完整数据，共 79 条记录
[2025-09-04 13:37:28] 获取到新数据 - 期号: 114050017, 开奖时间: 13:35
[2025-09-04 13:37:28] 开奖时间已过，立即进行下次抓取
[2025-09-04 13:37:28] 安排 5 秒后进行下次抓取（13:37:33）
[2025-09-04 13:37:28] 爬虫任务执行成功
[2025-09-04 13:37:28] 爬虫任务结束
[2025-09-04 13:37:33] 开始执行爬虫任务
[2025-09-04 13:38:03] 成功抓取今日完整数据，共 79 条记录
[2025-09-04 13:38:03] 暂无新数据，当前期号: 114050017
[2025-09-04 13:38:03] 安排 60 秒后进行下次抓取（13:39:03）
[2025-09-04 13:38:03] 爬虫任务执行成功
[2025-09-04 13:38:03] 爬虫任务结束
[2025-09-04 13:39:03] 开始执行爬虫任务
[2025-09-04 13:39:31] 成功抓取今日完整数据，共 79 条记录
[2025-09-04 13:39:31] 暂无新数据，当前期号: 114050017
[2025-09-04 13:39:31] 安排 60 秒后进行下次抓取（13:40:31）
[2025-09-04 13:39:31] 爬虫任务执行成功
[2025-09-04 13:39:31] 爬虫任务结束
[2025-09-04 13:40:31] 开始执行爬虫任务
[2025-09-04 13:41:01] 成功抓取今日完整数据，共 79 条记录
[2025-09-04 13:41:01] 暂无新数据，当前期号: 114050017
[2025-09-04 13:41:01] 安排 60 秒后进行下次抓取（13:42:01）
[2025-09-04 13:41:01] 爬虫任务执行成功
[2025-09-04 13:41:01] 爬虫任务结束
[2025-09-04 13:42:01] 开始执行爬虫任务
[2025-09-04 13:42:30] 成功抓取今日完整数据，共 80 条记录
[2025-09-04 13:42:30] 获取到新数据 - 期号: 114050018, 开奖时间: 13:40
[2025-09-04 13:42:30] 开奖时间已过，立即进行下次抓取
[2025-09-04 13:42:30] 安排 5 秒后进行下次抓取（13:42:35）
[2025-09-04 13:42:30] 爬虫任务执行成功
[2025-09-04 13:42:30] 爬虫任务结束
[2025-09-04 13:42:35] 开始执行爬虫任务
[2025-09-04 13:43:12] 成功抓取今日完整数据，共 80 条记录
[2025-09-04 13:43:12] 暂无新数据，当前期号: 114050018
[2025-09-04 13:43:12] 安排 60 秒后进行下次抓取（13:44:12）
[2025-09-04 13:43:12] 爬虫任务执行成功
[2025-09-04 13:43:12] 爬虫任务结束
[2025-09-04 13:44:12] 开始执行爬虫任务
[2025-09-04 13:44:43] 成功抓取今日完整数据，共 80 条记录
[2025-09-04 13:44:43] 暂无新数据，当前期号: 114050018
[2025-09-04 13:44:43] 安排 60 秒后进行下次抓取（13:45:43）
[2025-09-04 13:44:43] 爬虫任务执行成功
[2025-09-04 13:44:43] 爬虫任务结束
[2025-09-04 13:45:43] 开始执行爬虫任务
[2025-09-04 13:46:11] 成功抓取今日完整数据，共 80 条记录
[2025-09-04 13:46:11] 暂无新数据，当前期号: 114050018
[2025-09-04 13:46:11] 安排 60 秒后进行下次抓取（13:47:11）
[2025-09-04 13:46:11] 爬虫任务执行成功
[2025-09-04 13:46:11] 爬虫任务结束
[2025-09-04 13:47:11] 开始执行爬虫任务
[2025-09-04 13:47:51] 成功抓取今日完整数据，共 81 条记录
[2025-09-04 13:47:51] 获取到新数据 - 期号: 114050019, 开奖时间: 13:45
[2025-09-04 13:47:51] 开奖时间已过，立即进行下次抓取
[2025-09-04 13:47:51] 安排 5 秒后进行下次抓取（13:47:56）
[2025-09-04 13:47:51] 爬虫任务执行成功
[2025-09-04 13:47:51] 爬虫任务结束
[2025-09-04 13:47:56] 开始执行爬虫任务
[2025-09-04 13:48:28] 成功抓取今日完整数据，共 50 条记录
[2025-09-04 13:48:28] 暂无新数据，当前期号: 114050019
[2025-09-04 13:48:28] 安排 60 秒后进行下次抓取（13:49:28）
[2025-09-04 13:48:28] 爬虫任务执行成功
[2025-09-04 13:48:28] 爬虫任务结束
[2025-09-04 13:49:28] 开始执行爬虫任务
[2025-09-04 13:49:56] 成功抓取今日完整数据，共 81 条记录
[2025-09-04 13:49:56] 暂无新数据，当前期号: 114050019
[2025-09-04 13:49:56] 安排 60 秒后进行下次抓取（13:50:56）
[2025-09-04 13:49:56] 爬虫任务执行成功
[2025-09-04 13:49:56] 爬虫任务结束
[2025-09-04 13:50:56] 开始执行爬虫任务
[2025-09-04 13:52:08] 成功抓取今日完整数据，共 82 条记录
[2025-09-04 13:52:08] 获取到新数据 - 期号: 114050020, 开奖时间: 13:50
[2025-09-04 13:52:08] 开奖时间: 13:50:00, 下次抓取时间: 13:52:20, 等待 11 秒
[2025-09-04 13:52:08] 安排 11 秒后进行下次抓取（13:52:19）
[2025-09-04 13:52:08] 爬虫任务执行成功
[2025-09-04 13:52:08] 爬虫任务结束
[2025-09-04 13:52:19] 开始执行爬虫任务
[2025-09-04 13:53:04] 成功抓取今日完整数据，共 82 条记录
[2025-09-04 13:53:04] 暂无新数据，当前期号: 114050020
[2025-09-04 13:53:04] 安排 60 秒后进行下次抓取（13:54:04）
[2025-09-04 13:53:04] 爬虫任务执行成功
[2025-09-04 13:53:04] 爬虫任务结束
[2025-09-04 13:54:04] 开始执行爬虫任务
[2025-09-04 13:54:53] 成功抓取今日完整数据，共 82 条记录
[2025-09-04 13:54:53] 暂无新数据，当前期号: 114050020
[2025-09-04 13:54:53] 安排 60 秒后进行下次抓取（13:55:53）
[2025-09-04 13:54:53] 爬虫任务执行成功
[2025-09-04 13:54:53] 爬虫任务结束
