[2025-09-12 13:20:58] 第 1 次尝试抓取数据
[2025-09-12 13:20:58] === 开始每日数据抓取任务 ===
[2025-09-12 13:20:58] 目标日期: 今天(2025-09-12) 和 昨天(2025-09-11)
[2025-09-12 13:20:58] 开始抓取昨天数据: 2025-09-11
[2025-09-12 13:22:38] 成功抓取昨天数据，共 203 条记录
[2025-09-12 13:22:43] 开始抓取今天数据: 2025-09-12
[2025-09-12 13:25:42] 成功抓取今天数据，共 76 条记录
[2025-09-12 13:25:42] === 每日数据抓取完成 ===
[2025-09-12 13:25:42] 昨天数据: 203 条
[2025-09-12 13:25:42] 今天数据: 76 条
[2025-09-12 13:25:42] 总计数据: 279 条
[2025-09-12 13:25:42] 数据期号范围: 114051360 - 114051638
[2025-09-12 13:25:42] 数据时间范围: 07:05 - 13:20
[2025-09-12 13:25:42] 数据抓取成功，共获得 279 条记录
2025-09-12 13:27:46,570 - INFO - 每日数据获取器启动
2025-09-12 13:27:46,570 - INFO - 测试API连接...
2025-09-12 13:27:46,989 - INFO - API连接测试成功，获取到 4 条记录
2025-09-12 13:27:46,994 - INFO - 每日数据获取器已关闭
2025-09-12 13:27:54,431 - INFO - 每日数据获取器启动
2025-09-12 13:27:54,432 - INFO - 尝试获取 2025-01-12 的数据 (第 1 次)
2025-09-12 13:27:54,720 - INFO - 成功获取 2025-01-12 的数据，共 180 条记录
2025-09-12 13:27:54,721 - INFO - 每日数据获取器已关闭
2025-09-12 13:28:00,659 - INFO - 每日数据获取器启动
2025-09-12 13:28:00,659 - INFO - 开始执行每日数据获取任务
2025-09-12 13:28:00,659 - INFO - 获取昨天 (2025-09-11) 的数据
2025-09-12 13:28:00,659 - INFO - 尝试获取 2025-09-11 的数据 (第 1 次)
2025-09-12 13:28:01,027 - INFO - 成功获取 2025-09-11 的数据，共 180 条记录
2025-09-12 13:28:01,027 - INFO - 昨天数据获取成功: 180 条记录
2025-09-12 13:28:01,027 - INFO - 获取今天 (2025-09-12) 的数据
2025-09-12 13:28:01,027 - INFO - 尝试获取 2025-09-12 的数据 (第 1 次)
2025-09-12 13:28:01,260 - INFO - 成功获取 2025-09-12 的数据，共 4 条记录
2025-09-12 13:28:01,261 - INFO - 今天数据获取成功: 4 条记录
2025-09-12 13:28:01,261 - INFO - 每日数据获取任务完成，总计获取 184 条记录
2025-09-12 13:28:01,261 - INFO - 每日数据获取器已关闭
