2025-09-04 13:54:04.843 | INFO     | python_scraper:run_scraper:931 - 开始运行台湾PK10数据抓取器
2025-09-04 13:54:06.210 | INFO     | python_scraper:setup_driver:86 - Chrome浏览器驱动设置完成
2025-09-04 13:54:06.215 | INFO     | python_scraper:navigate_to_page:95 - 正在访问: https://xn--kpro5poukl1g.com/#/
2025-09-04 13:54:33.293 | INFO     | python_scraper:navigate_to_page:102 - 页面加载完成
2025-09-04 13:54:33.344 | INFO     | python_scraper:click_pk10_option:148 - 找到台湾PK10选项: 台湾PK10
2025-09-04 13:54:35.396 | INFO     | python_scraper:click_pk10_option:152 - 成功点击台湾PK10选项
2025-09-04 13:54:35.399 | INFO     | python_scraper:navigate_to_page:106 - 成功切换到台湾PK10数据
2025-09-04 13:54:35.495 | INFO     | python_scraper:select_date:197 - 找到日期选择器: input[placeholder*='日期']
2025-09-04 13:54:35.518 | DEBUG    | python_scraper:select_date:264 - 日期输入方法1失败: Message: invalid element state
  (Session info: chrome=139.0.7258.155)
Stacktrace:
0   chromedriver                        0x000000010a8e5668 chromedriver + 5928552
1   chromedriver                        0x000000010a8dcc0a chromedriver + 5893130
2   chromedriver                        0x000000010a3a6c43 chromedriver + 429123
3   chromedriver                        0x000000010a3ef50e chromedriver + 726286
4   chromedriver                        0x000000010a41f062 chromedriver + 921698
5   chromedriver                        0x000000010a3ecb48 chromedriver + 715592
6   chromedriver                        0x000000010a41f21e chromedriver + 922142
7   chromedriver                        0x000000010a4461d4 chromedriver + 1081812
8   chromedriver                        0x000000010a41ee33 chromedriver + 921139
9   chromedriver                        0x000000010a3eb37b chromedriver + 709499
10  chromedriver                        0x000000010a3ec061 chromedriver + 712801
11  chromedriver                        0x000000010a8a30e0 chromedriver + 5656800
12  chromedriver                        0x000000010a8a6fa4 chromedriver + 5672868
13  chromedriver                        0x000000010a87e052 chromedriver + 5505106
14  chromedriver                        0x000000010a8a7a4f chromedriver + 5675599
15  chromedriver                        0x000000010a86d004 chromedriver + 5435396
16  chromedriver                        0x000000010a8c9d88 chromedriver + 5815688
17  chromedriver                        0x000000010a8c9f50 chromedriver + 5816144
18  chromedriver                        0x000000010a8dc7e1 chromedriver + 5892065
19  libsystem_pthread.dylib             0x00007ff814eba1d3 _pthread_start + 125
20  libsystem_pthread.dylib             0x00007ff814eb5bd3 thread_start + 15

2025-09-04 13:54:37.538 | INFO     | python_scraper:select_date:223 - 已选择日期: 2025-09-04 (使用选择器: input[placeholder*='日期'], 方法2)
2025-09-04 13:54:42.701 | INFO     | python_scraper:select_date:257 - 未找到查询按钮，已按回车键尝试触发更新
2025-09-04 13:54:42.703 | INFO     | python_scraper:scrape_all_pages:826 - 正在抓取第 1 页数据
2025-09-04 13:54:42.715 | INFO     | python_scraper:extract_lottery_data:484 - 第1页找到 3 个表格
2025-09-04 13:54:42.752 | INFO     | python_scraper:extract_lottery_data:498 - 第1页选择表格 2，包含 50 行
2025-09-04 13:54:42.762 | INFO     | python_scraper:extract_lottery_data:510 - 第1页找到 50 行数据
2025-09-04 13:54:42.777 | INFO     | python_scraper:extract_lottery_data:524 - 第1页第一行包含有效数据，从第一行开始读取
2025-09-04 13:54:44.982 | INFO     | python_scraper:extract_lottery_data:572 - 第1页成功提取 50 条数据
2025-09-04 13:54:44.986 | INFO     | python_scraper:scrape_all_pages:845 - 第 1 页获取到 50 条新数据
2025-09-04 13:54:49.772 | INFO     | python_scraper:navigate_to_next_page:797 - 已成功翻页: <button type="button" class="btn-next is-last" aria-label="下一页" aria-disabled="true" disabled=""><i 
2025-09-04 13:54:51.777 | INFO     | python_scraper:scrape_all_pages:826 - 正在抓取第 2 页数据
2025-09-04 13:54:51.785 | INFO     | python_scraper:extract_lottery_data:484 - 第2页找到 3 个表格
2025-09-04 13:54:51.810 | INFO     | python_scraper:extract_lottery_data:498 - 第2页选择表格 2，包含 32 行
2025-09-04 13:54:51.819 | INFO     | python_scraper:extract_lottery_data:510 - 第2页找到 32 行数据
2025-09-04 13:54:51.834 | INFO     | python_scraper:extract_lottery_data:524 - 第2页第一行包含有效数据，从第一行开始读取
2025-09-04 13:54:52.886 | INFO     | python_scraper:extract_lottery_data:572 - 第2页成功提取 32 条数据
2025-09-04 13:54:52.888 | INFO     | python_scraper:scrape_all_pages:845 - 第 2 页获取到 32 条新数据
2025-09-04 13:54:53.295 | INFO     | python_scraper:navigate_to_next_page:810 - 没有找到可用的下一页按钮，已到达最后一页
2025-09-04 13:54:53.298 | INFO     | python_scraper:scrape_all_pages:873 - 第 2 页后没有更多页面，抓取完成
2025-09-04 13:54:53.301 | INFO     | python_scraper:scrape_all_pages:879 - 总共抓取了 2 页，获得 82 条唯一数据
2025-09-04 13:54:53.303 | INFO     | python_scraper:run_scraper:956 - 数据验证完成，有效数据: 82/82 条
2025-09-04 13:54:53.311 | INFO     | python_scraper:save_to_json:919 - 数据已保存到: data/taiwan_pk10_data_20250904_135453.json
2025-09-04 13:54:53.314 | INFO     | python_scraper:save_to_json:920 - 最新数据已保存到: data/latest_taiwan_pk10_data.json
2025-09-04 13:54:53.326 | INFO     | python_scraper:connect_mongodb:1102 - 成功连接到MongoDB数据库: taiwan_pk10
2025-09-04 13:54:53.341 | INFO     | python_scraper:save_to_mongodb:1151 - 成功保存 82 条数据到MongoDB
2025-09-04 13:54:53.345 | INFO     | python_scraper:save_to_mongodb:1163 - 格式化数据已保存，共 82 条记录
2025-09-04 13:54:53.349 | INFO     | python_scraper:run_scraper:967 - 数据已成功保存到MongoDB数据库
2025-09-04 13:54:53.352 | INFO     | python_scraper:run_scraper:972 - 格式化数据样本（前5条）:
2025-09-04 13:54:53.354 | INFO     | python_scraper:run_scraper:974 -   1: 114050020 4,1,5,10,7,3,2,9,6,8
2025-09-04 13:54:53.359 | INFO     | python_scraper:run_scraper:974 -   2: 114050019 6,2,4,1,5,3,8,7,10,9
2025-09-04 13:54:53.362 | INFO     | python_scraper:run_scraper:974 -   3: 114050018 1,6,5,8,9,2,7,4,10,3
2025-09-04 13:54:53.365 | INFO     | python_scraper:run_scraper:974 -   4: 114050017 7,3,1,9,5,6,2,8,4,10
2025-09-04 13:54:53.367 | INFO     | python_scraper:run_scraper:974 -   5: 114050016 2,1,10,5,6,4,8,7,9,3
2025-09-04 13:54:53.370 | INFO     | python_scraper:run_scraper:975 - 总计 82 条格式化数据可用于网页导入
2025-09-04 13:54:53.372 | INFO     | python_scraper:run_scraper:981 - 抓取完成，共获得 82 条有效数据
2025-09-04 13:54:53.473 | INFO     | python_scraper:cleanup:1087 - 浏览器驱动已关闭
2025-09-04 13:54:53.483 | INFO     | python_scraper:cleanup:1087 - 浏览器驱动已关闭
