2025-09-03 20:42:57.781 | INFO     | __main__:run_scraper:931 - 开始运行台湾PK10数据抓取器
2025-09-03 20:42:59.149 | INFO     | __main__:setup_driver:86 - Chrome浏览器驱动设置完成
2025-09-03 20:42:59.150 | INFO     | __main__:navigate_to_page:95 - 正在访问: https://xn--kpro5poukl1g.com/#/
2025-09-03 20:43:06.471 | INFO     | __main__:navigate_to_page:102 - 页面加载完成
2025-09-03 20:43:06.515 | INFO     | __main__:click_pk10_option:148 - 找到台湾PK10选项: 台湾PK10
2025-09-03 20:43:08.564 | INFO     | __main__:click_pk10_option:152 - 成功点击台湾PK10选项
2025-09-03 20:43:08.565 | INFO     | __main__:navigate_to_page:106 - 成功切换到台湾PK10数据
2025-09-03 20:43:08.670 | INFO     | __main__:select_date:197 - 找到日期选择器: input[placeholder*='日期']
2025-09-03 20:43:08.692 | DEBUG    | __main__:select_date:264 - 日期输入方法1失败: Message: invalid element state
  (Session info: chrome=139.0.7258.155)
Stacktrace:
0   chromedriver                        0x000000010fe10668 chromedriver + 5928552
1   chromedriver                        0x000000010fe07c0a chromedriver + 5893130
2   chromedriver                        0x000000010f8d1c43 chromedriver + 429123
3   chromedriver                        0x000000010f91a50e chromedriver + 726286
4   chromedriver                        0x000000010f94a062 chromedriver + 921698
5   chromedriver                        0x000000010f917b48 chromedriver + 715592
6   chromedriver                        0x000000010f94a21e chromedriver + 922142
7   chromedriver                        0x000000010f9711d4 chromedriver + 1081812
8   chromedriver                        0x000000010f949e33 chromedriver + 921139
9   chromedriver                        0x000000010f91637b chromedriver + 709499
10  chromedriver                        0x000000010f917061 chromedriver + 712801
11  chromedriver                        0x000000010fdce0e0 chromedriver + 5656800
12  chromedriver                        0x000000010fdd1fa4 chromedriver + 5672868
13  chromedriver                        0x000000010fda9052 chromedriver + 5505106
14  chromedriver                        0x000000010fdd2a4f chromedriver + 5675599
15  chromedriver                        0x000000010fd98004 chromedriver + 5435396
16  chromedriver                        0x000000010fdf4d88 chromedriver + 5815688
17  chromedriver                        0x000000010fdf4f50 chromedriver + 5816144
18  chromedriver                        0x000000010fe077e1 chromedriver + 5892065
19  libsystem_pthread.dylib             0x00007ff814eba1d3 _pthread_start + 125
20  libsystem_pthread.dylib             0x00007ff814eb5bd3 thread_start + 15

2025-09-03 20:43:10.710 | INFO     | __main__:select_date:223 - 已选择日期: 2025-09-03 (使用选择器: input[placeholder*='日期'], 方法2)
2025-09-03 20:43:15.864 | INFO     | __main__:select_date:257 - 未找到查询按钮，已按回车键尝试触发更新
2025-09-03 20:43:15.864 | INFO     | __main__:scrape_all_pages:826 - 正在抓取第 1 页数据
2025-09-03 20:43:15.876 | INFO     | __main__:extract_lottery_data:484 - 第1页找到 3 个表格
2025-09-03 20:43:15.919 | INFO     | __main__:extract_lottery_data:498 - 第1页选择表格 2，包含 50 行
2025-09-03 20:43:15.928 | INFO     | __main__:extract_lottery_data:510 - 第1页找到 50 行数据
2025-09-03 20:43:15.942 | INFO     | __main__:extract_lottery_data:524 - 第1页第一行包含有效数据，从第一行开始读取
2025-09-03 20:43:17.773 | INFO     | __main__:extract_lottery_data:572 - 第1页成功提取 50 条数据
2025-09-03 20:43:17.773 | INFO     | __main__:scrape_all_pages:845 - 第 1 页获取到 50 条新数据
2025-09-03 20:43:22.694 | INFO     | __main__:navigate_to_next_page:797 - 已成功翻页: <button type="button" class="btn-next is-last" aria-label="下一页" aria-disabled="false"><i class="el-i
2025-09-03 20:43:24.694 | INFO     | __main__:scrape_all_pages:826 - 正在抓取第 2 页数据
2025-09-03 20:43:24.703 | INFO     | __main__:extract_lottery_data:484 - 第2页找到 3 个表格
2025-09-03 20:43:24.735 | INFO     | __main__:extract_lottery_data:498 - 第2页选择表格 2，包含 50 行
2025-09-03 20:43:24.743 | INFO     | __main__:extract_lottery_data:510 - 第2页找到 50 行数据
2025-09-03 20:43:24.757 | INFO     | __main__:extract_lottery_data:524 - 第2页第一行包含有效数据，从第一行开始读取
2025-09-03 20:43:26.352 | INFO     | __main__:extract_lottery_data:572 - 第2页成功提取 50 条数据
2025-09-03 20:43:26.353 | INFO     | __main__:scrape_all_pages:845 - 第 2 页获取到 50 条新数据
2025-09-03 20:43:31.148 | INFO     | __main__:navigate_to_next_page:797 - 已成功翻页: <button type="button" class="btn-next is-last" aria-label="下一页" aria-disabled="false"><i class="el-i
2025-09-03 20:43:33.153 | INFO     | __main__:scrape_all_pages:826 - 正在抓取第 3 页数据
2025-09-03 20:43:33.160 | INFO     | __main__:extract_lottery_data:484 - 第3页找到 3 个表格
2025-09-03 20:43:33.188 | INFO     | __main__:extract_lottery_data:498 - 第3页选择表格 2，包含 50 行
2025-09-03 20:43:33.196 | INFO     | __main__:extract_lottery_data:510 - 第3页找到 50 行数据
2025-09-03 20:43:33.210 | INFO     | __main__:extract_lottery_data:524 - 第3页第一行包含有效数据，从第一行开始读取
2025-09-03 20:43:34.993 | INFO     | __main__:extract_lottery_data:572 - 第3页成功提取 50 条数据
2025-09-03 20:43:34.994 | INFO     | __main__:scrape_all_pages:845 - 第 3 页获取到 50 条新数据
2025-09-03 20:43:39.606 | INFO     | __main__:navigate_to_next_page:797 - 已成功翻页: <button type="button" class="btn-next is-last" aria-label="下一页" aria-disabled="true" disabled=""><i 
2025-09-03 20:43:41.609 | INFO     | __main__:scrape_all_pages:826 - 正在抓取第 4 页数据
2025-09-03 20:43:41.618 | INFO     | __main__:extract_lottery_data:484 - 第4页找到 3 个表格
2025-09-03 20:43:41.647 | INFO     | __main__:extract_lottery_data:498 - 第4页选择表格 2，包含 14 行
2025-09-03 20:43:41.654 | INFO     | __main__:extract_lottery_data:510 - 第4页找到 14 行数据
2025-09-03 20:43:41.667 | INFO     | __main__:extract_lottery_data:524 - 第4页第一行包含有效数据，从第一行开始读取
2025-09-03 20:43:42.100 | INFO     | __main__:extract_lottery_data:572 - 第4页成功提取 14 条数据
2025-09-03 20:43:42.100 | INFO     | __main__:scrape_all_pages:845 - 第 4 页获取到 14 条新数据
2025-09-03 20:43:42.388 | INFO     | __main__:navigate_to_next_page:810 - 没有找到可用的下一页按钮，已到达最后一页
2025-09-03 20:43:42.389 | INFO     | __main__:scrape_all_pages:873 - 第 4 页后没有更多页面，抓取完成
2025-09-03 20:43:42.389 | INFO     | __main__:scrape_all_pages:879 - 总共抓取了 4 页，获得 164 条唯一数据
2025-09-03 20:43:42.390 | INFO     | __main__:run_scraper:956 - 数据验证完成，有效数据: 164/164 条
2025-09-03 20:43:42.402 | INFO     | __main__:save_to_json:919 - 数据已保存到: data/taiwan_pk10_data_20250903_204342.json
2025-09-03 20:43:42.403 | INFO     | __main__:save_to_json:920 - 最新数据已保存到: data/latest_taiwan_pk10_data.json
2025-09-03 20:43:42.415 | INFO     | __main__:connect_mongodb:1102 - 成功连接到MongoDB数据库: taiwan_pk10
2025-09-03 20:43:42.470 | INFO     | __main__:save_to_mongodb:1151 - 成功保存 164 条数据到MongoDB
2025-09-03 20:43:42.472 | INFO     | __main__:save_to_mongodb:1163 - 格式化数据已保存，共 164 条记录
2025-09-03 20:43:42.473 | INFO     | __main__:run_scraper:967 - 数据已成功保存到MongoDB数据库
2025-09-03 20:43:42.473 | INFO     | __main__:run_scraper:972 - 格式化数据样本（前5条）:
2025-09-03 20:43:42.474 | INFO     | __main__:run_scraper:974 -   1: 114049899 2,4,7,9,3,8,6,5,1,10
2025-09-03 20:43:42.474 | INFO     | __main__:run_scraper:974 -   2: 114049898 8,10,1,4,5,2,3,9,6,7
2025-09-03 20:43:42.474 | INFO     | __main__:run_scraper:974 -   3: 114049897 9,10,1,5,7,3,6,8,2,4
2025-09-03 20:43:42.474 | INFO     | __main__:run_scraper:974 -   4: 114049896 9,5,2,10,3,4,1,8,7,6
2025-09-03 20:43:42.474 | INFO     | __main__:run_scraper:974 -   5: 114049895 7,4,3,9,1,8,10,5,6,2
2025-09-03 20:43:42.475 | INFO     | __main__:run_scraper:975 - 总计 164 条格式化数据可用于网页导入
2025-09-03 20:43:42.475 | INFO     | __main__:run_scraper:981 - 抓取完成，共获得 164 条有效数据
2025-09-03 20:43:42.589 | INFO     | __main__:cleanup:1087 - 浏览器驱动已关闭
