2025-09-04 13:44:12.987 | INFO     | python_scraper:run_scraper:931 - 开始运行台湾PK10数据抓取器
2025-09-04 13:44:14.754 | INFO     | python_scraper:setup_driver:86 - Chrome浏览器驱动设置完成
2025-09-04 13:44:14.761 | INFO     | python_scraper:navigate_to_page:95 - 正在访问: https://xn--kpro5poukl1g.com/#/
2025-09-04 13:44:21.895 | INFO     | python_scraper:navigate_to_page:102 - 页面加载完成
2025-09-04 13:44:21.950 | INFO     | python_scraper:click_pk10_option:148 - 找到台湾PK10选项: 台湾PK10
2025-09-04 13:44:24.020 | INFO     | python_scraper:click_pk10_option:152 - 成功点击台湾PK10选项
2025-09-04 13:44:24.023 | INFO     | python_scraper:navigate_to_page:106 - 成功切换到台湾PK10数据
2025-09-04 13:44:24.212 | INFO     | python_scraper:select_date:197 - 找到日期选择器: input[placeholder*='日期']
2025-09-04 13:44:24.242 | DEBUG    | python_scraper:select_date:264 - 日期输入方法1失败: Message: invalid element state
  (Session info: chrome=139.0.7258.155)
Stacktrace:
0   chromedriver                        0x000000010a8ac668 chromedriver + 5928552
1   chromedriver                        0x000000010a8a3c0a chromedriver + 5893130
2   chromedriver                        0x000000010a36dc43 chromedriver + 429123
3   chromedriver                        0x000000010a3b650e chromedriver + 726286
4   chromedriver                        0x000000010a3e6062 chromedriver + 921698
5   chromedriver                        0x000000010a3b3b48 chromedriver + 715592
6   chromedriver                        0x000000010a3e621e chromedriver + 922142
7   chromedriver                        0x000000010a40d1d4 chromedriver + 1081812
8   chromedriver                        0x000000010a3e5e33 chromedriver + 921139
9   chromedriver                        0x000000010a3b237b chromedriver + 709499
10  chromedriver                        0x000000010a3b3061 chromedriver + 712801
11  chromedriver                        0x000000010a86a0e0 chromedriver + 5656800
12  chromedriver                        0x000000010a86dfa4 chromedriver + 5672868
13  chromedriver                        0x000000010a845052 chromedriver + 5505106
14  chromedriver                        0x000000010a86ea4f chromedriver + 5675599
15  chromedriver                        0x000000010a834004 chromedriver + 5435396
16  chromedriver                        0x000000010a890d88 chromedriver + 5815688
17  chromedriver                        0x000000010a890f50 chromedriver + 5816144
18  chromedriver                        0x000000010a8a37e1 chromedriver + 5892065
19  libsystem_pthread.dylib             0x00007ff814eba1d3 _pthread_start + 125
20  libsystem_pthread.dylib             0x00007ff814eb5bd3 thread_start + 15

2025-09-04 13:44:26.269 | INFO     | python_scraper:select_date:223 - 已选择日期: 2025-09-04 (使用选择器: input[placeholder*='日期'], 方法2)
2025-09-04 13:44:31.462 | INFO     | python_scraper:select_date:257 - 未找到查询按钮，已按回车键尝试触发更新
2025-09-04 13:44:31.475 | INFO     | python_scraper:scrape_all_pages:826 - 正在抓取第 1 页数据
2025-09-04 13:44:31.486 | INFO     | python_scraper:extract_lottery_data:484 - 第1页找到 3 个表格
2025-09-04 13:44:31.551 | INFO     | python_scraper:extract_lottery_data:498 - 第1页选择表格 2，包含 50 行
2025-09-04 13:44:31.563 | INFO     | python_scraper:extract_lottery_data:510 - 第1页找到 50 行数据
2025-09-04 13:44:31.577 | INFO     | python_scraper:extract_lottery_data:524 - 第1页第一行包含有效数据，从第一行开始读取
2025-09-04 13:44:33.691 | INFO     | python_scraper:extract_lottery_data:572 - 第1页成功提取 50 条数据
2025-09-04 13:44:33.843 | INFO     | python_scraper:scrape_all_pages:845 - 第 1 页获取到 50 条新数据
2025-09-04 13:44:39.159 | INFO     | python_scraper:navigate_to_next_page:797 - 已成功翻页: <button type="button" class="btn-next is-last" aria-label="下一页" aria-disabled="true" disabled=""><i 
2025-09-04 13:44:41.167 | INFO     | python_scraper:scrape_all_pages:826 - 正在抓取第 2 页数据
2025-09-04 13:44:41.175 | INFO     | python_scraper:extract_lottery_data:484 - 第2页找到 3 个表格
2025-09-04 13:44:41.200 | INFO     | python_scraper:extract_lottery_data:498 - 第2页选择表格 2，包含 30 行
2025-09-04 13:44:41.209 | INFO     | python_scraper:extract_lottery_data:510 - 第2页找到 30 行数据
2025-09-04 13:44:41.223 | INFO     | python_scraper:extract_lottery_data:524 - 第2页第一行包含有效数据，从第一行开始读取
2025-09-04 13:44:42.510 | INFO     | python_scraper:extract_lottery_data:572 - 第2页成功提取 30 条数据
2025-09-04 13:44:42.512 | INFO     | python_scraper:scrape_all_pages:845 - 第 2 页获取到 30 条新数据
2025-09-04 13:44:42.984 | INFO     | python_scraper:navigate_to_next_page:810 - 没有找到可用的下一页按钮，已到达最后一页
2025-09-04 13:44:42.986 | INFO     | python_scraper:scrape_all_pages:873 - 第 2 页后没有更多页面，抓取完成
2025-09-04 13:44:42.988 | INFO     | python_scraper:scrape_all_pages:879 - 总共抓取了 2 页，获得 80 条唯一数据
2025-09-04 13:44:42.990 | INFO     | python_scraper:run_scraper:956 - 数据验证完成，有效数据: 80/80 条
2025-09-04 13:44:42.996 | INFO     | python_scraper:save_to_json:919 - 数据已保存到: data/taiwan_pk10_data_20250904_134442.json
2025-09-04 13:44:42.998 | INFO     | python_scraper:save_to_json:920 - 最新数据已保存到: data/latest_taiwan_pk10_data.json
2025-09-04 13:44:43.006 | INFO     | python_scraper:connect_mongodb:1102 - 成功连接到MongoDB数据库: taiwan_pk10
2025-09-04 13:44:43.017 | INFO     | python_scraper:save_to_mongodb:1151 - 成功保存 80 条数据到MongoDB
2025-09-04 13:44:43.061 | INFO     | python_scraper:save_to_mongodb:1163 - 格式化数据已保存，共 80 条记录
2025-09-04 13:44:43.064 | INFO     | python_scraper:run_scraper:967 - 数据已成功保存到MongoDB数据库
2025-09-04 13:44:43.066 | INFO     | python_scraper:run_scraper:972 - 格式化数据样本（前5条）:
2025-09-04 13:44:43.067 | INFO     | python_scraper:run_scraper:974 -   1: 114050018 1,6,5,8,9,2,7,4,10,3
2025-09-04 13:44:43.070 | INFO     | python_scraper:run_scraper:974 -   2: 114050017 7,3,1,9,5,6,2,8,4,10
2025-09-04 13:44:43.071 | INFO     | python_scraper:run_scraper:974 -   3: 114050016 2,1,10,5,6,4,8,7,9,3
2025-09-04 13:44:43.073 | INFO     | python_scraper:run_scraper:974 -   4: 114050015 1,10,5,6,7,2,9,3,4,8
2025-09-04 13:44:43.075 | INFO     | python_scraper:run_scraper:974 -   5: 114050014 7,10,9,2,6,4,5,8,1,3
2025-09-04 13:44:43.076 | INFO     | python_scraper:run_scraper:975 - 总计 80 条格式化数据可用于网页导入
2025-09-04 13:44:43.078 | INFO     | python_scraper:run_scraper:981 - 抓取完成，共获得 80 条有效数据
2025-09-04 13:44:43.186 | INFO     | python_scraper:cleanup:1087 - 浏览器驱动已关闭
2025-09-04 13:44:43.195 | INFO     | python_scraper:cleanup:1087 - 浏览器驱动已关闭
2025-09-04 13:45:43.204 | INFO     | python_scraper:run_scraper:931 - 开始运行台湾PK10数据抓取器
2025-09-04 13:45:44.555 | INFO     | python_scraper:setup_driver:86 - Chrome浏览器驱动设置完成
2025-09-04 13:45:44.558 | INFO     | python_scraper:navigate_to_page:95 - 正在访问: https://xn--kpro5poukl1g.com/#/
2025-09-04 13:45:51.919 | INFO     | python_scraper:navigate_to_page:102 - 页面加载完成
2025-09-04 13:45:51.957 | INFO     | python_scraper:click_pk10_option:148 - 找到台湾PK10选项: 台湾PK10
2025-09-04 13:45:54.013 | INFO     | python_scraper:click_pk10_option:152 - 成功点击台湾PK10选项
2025-09-04 13:45:54.016 | INFO     | python_scraper:navigate_to_page:106 - 成功切换到台湾PK10数据
2025-09-04 13:45:54.119 | INFO     | python_scraper:select_date:197 - 找到日期选择器: input[placeholder*='日期']
2025-09-04 13:45:54.139 | DEBUG    | python_scraper:select_date:264 - 日期输入方法1失败: Message: invalid element state
  (Session info: chrome=139.0.7258.155)
Stacktrace:
0   chromedriver                        0x0000000102239668 chromedriver + 5928552
1   chromedriver                        0x0000000102230c0a chromedriver + 5893130
2   chromedriver                        0x0000000101cfac43 chromedriver + 429123
3   chromedriver                        0x0000000101d4350e chromedriver + 726286
4   chromedriver                        0x0000000101d73062 chromedriver + 921698
5   chromedriver                        0x0000000101d40b48 chromedriver + 715592
6   chromedriver                        0x0000000101d7321e chromedriver + 922142
7   chromedriver                        0x0000000101d9a1d4 chromedriver + 1081812
8   chromedriver                        0x0000000101d72e33 chromedriver + 921139
9   chromedriver                        0x0000000101d3f37b chromedriver + 709499
10  chromedriver                        0x0000000101d40061 chromedriver + 712801
11  chromedriver                        0x00000001021f70e0 chromedriver + 5656800
12  chromedriver                        0x00000001021fafa4 chromedriver + 5672868
13  chromedriver                        0x00000001021d2052 chromedriver + 5505106
14  chromedriver                        0x00000001021fba4f chromedriver + 5675599
15  chromedriver                        0x00000001021c1004 chromedriver + 5435396
16  chromedriver                        0x000000010221dd88 chromedriver + 5815688
17  chromedriver                        0x000000010221df50 chromedriver + 5816144
18  chromedriver                        0x00000001022307e1 chromedriver + 5892065
19  libsystem_pthread.dylib             0x00007ff814eba1d3 _pthread_start + 125
20  libsystem_pthread.dylib             0x00007ff814eb5bd3 thread_start + 15

2025-09-04 13:45:56.151 | INFO     | python_scraper:select_date:223 - 已选择日期: 2025-09-04 (使用选择器: input[placeholder*='日期'], 方法2)
2025-09-04 13:46:01.306 | INFO     | python_scraper:select_date:257 - 未找到查询按钮，已按回车键尝试触发更新
2025-09-04 13:46:01.308 | INFO     | python_scraper:scrape_all_pages:826 - 正在抓取第 1 页数据
2025-09-04 13:46:01.319 | INFO     | python_scraper:extract_lottery_data:484 - 第1页找到 3 个表格
2025-09-04 13:46:01.352 | INFO     | python_scraper:extract_lottery_data:498 - 第1页选择表格 2，包含 50 行
2025-09-04 13:46:01.361 | INFO     | python_scraper:extract_lottery_data:510 - 第1页找到 50 行数据
2025-09-04 13:46:01.378 | INFO     | python_scraper:extract_lottery_data:524 - 第1页第一行包含有效数据，从第一行开始读取
2025-09-04 13:46:03.001 | INFO     | python_scraper:extract_lottery_data:572 - 第1页成功提取 50 条数据
2025-09-04 13:46:03.003 | INFO     | python_scraper:scrape_all_pages:845 - 第 1 页获取到 50 条新数据
2025-09-04 13:46:08.242 | INFO     | python_scraper:navigate_to_next_page:797 - 已成功翻页: <button type="button" class="btn-next is-last" aria-label="下一页" aria-disabled="true" disabled=""><i 
2025-09-04 13:46:10.248 | INFO     | python_scraper:scrape_all_pages:826 - 正在抓取第 2 页数据
2025-09-04 13:46:10.255 | INFO     | python_scraper:extract_lottery_data:484 - 第2页找到 3 个表格
2025-09-04 13:46:10.283 | INFO     | python_scraper:extract_lottery_data:498 - 第2页选择表格 2，包含 30 行
2025-09-04 13:46:10.293 | INFO     | python_scraper:extract_lottery_data:510 - 第2页找到 30 行数据
2025-09-04 13:46:10.310 | INFO     | python_scraper:extract_lottery_data:524 - 第2页第一行包含有效数据，从第一行开始读取
2025-09-04 13:46:11.267 | INFO     | python_scraper:extract_lottery_data:572 - 第2页成功提取 30 条数据
2025-09-04 13:46:11.269 | INFO     | python_scraper:scrape_all_pages:845 - 第 2 页获取到 30 条新数据
2025-09-04 13:46:11.642 | INFO     | python_scraper:navigate_to_next_page:810 - 没有找到可用的下一页按钮，已到达最后一页
2025-09-04 13:46:11.645 | INFO     | python_scraper:scrape_all_pages:873 - 第 2 页后没有更多页面，抓取完成
2025-09-04 13:46:11.647 | INFO     | python_scraper:scrape_all_pages:879 - 总共抓取了 2 页，获得 80 条唯一数据
2025-09-04 13:46:11.649 | INFO     | python_scraper:run_scraper:956 - 数据验证完成，有效数据: 80/80 条
2025-09-04 13:46:11.655 | INFO     | python_scraper:save_to_json:919 - 数据已保存到: data/taiwan_pk10_data_20250904_134611.json
2025-09-04 13:46:11.657 | INFO     | python_scraper:save_to_json:920 - 最新数据已保存到: data/latest_taiwan_pk10_data.json
2025-09-04 13:46:11.665 | INFO     | python_scraper:connect_mongodb:1102 - 成功连接到MongoDB数据库: taiwan_pk10
2025-09-04 13:46:11.715 | INFO     | python_scraper:save_to_mongodb:1151 - 成功保存 80 条数据到MongoDB
2025-09-04 13:46:11.720 | INFO     | python_scraper:save_to_mongodb:1163 - 格式化数据已保存，共 80 条记录
2025-09-04 13:46:11.724 | INFO     | python_scraper:run_scraper:967 - 数据已成功保存到MongoDB数据库
2025-09-04 13:46:11.726 | INFO     | python_scraper:run_scraper:972 - 格式化数据样本（前5条）:
2025-09-04 13:46:11.728 | INFO     | python_scraper:run_scraper:974 -   1: 114050018 1,6,5,8,9,2,7,4,10,3
2025-09-04 13:46:11.729 | INFO     | python_scraper:run_scraper:974 -   2: 114050017 7,3,1,9,5,6,2,8,4,10
2025-09-04 13:46:11.731 | INFO     | python_scraper:run_scraper:974 -   3: 114050016 2,1,10,5,6,4,8,7,9,3
2025-09-04 13:46:11.733 | INFO     | python_scraper:run_scraper:974 -   4: 114050015 1,10,5,6,7,2,9,3,4,8
2025-09-04 13:46:11.735 | INFO     | python_scraper:run_scraper:974 -   5: 114050014 7,10,9,2,6,4,5,8,1,3
2025-09-04 13:46:11.737 | INFO     | python_scraper:run_scraper:975 - 总计 80 条格式化数据可用于网页导入
2025-09-04 13:46:11.739 | INFO     | python_scraper:run_scraper:981 - 抓取完成，共获得 80 条有效数据
2025-09-04 13:46:11.842 | INFO     | python_scraper:cleanup:1087 - 浏览器驱动已关闭
2025-09-04 13:46:11.851 | INFO     | python_scraper:cleanup:1087 - 浏览器驱动已关闭
2025-09-04 13:47:11.862 | INFO     | python_scraper:run_scraper:931 - 开始运行台湾PK10数据抓取器
2025-09-04 13:47:13.180 | INFO     | python_scraper:setup_driver:86 - Chrome浏览器驱动设置完成
2025-09-04 13:47:13.183 | INFO     | python_scraper:navigate_to_page:95 - 正在访问: https://xn--kpro5poukl1g.com/#/
2025-09-04 13:47:31.708 | INFO     | python_scraper:navigate_to_page:102 - 页面加载完成
2025-09-04 13:47:31.753 | INFO     | python_scraper:click_pk10_option:148 - 找到台湾PK10选项: 台湾PK10
2025-09-04 13:47:33.818 | INFO     | python_scraper:click_pk10_option:152 - 成功点击台湾PK10选项
2025-09-04 13:47:33.820 | INFO     | python_scraper:navigate_to_page:106 - 成功切换到台湾PK10数据
2025-09-04 13:47:33.919 | INFO     | python_scraper:select_date:197 - 找到日期选择器: input[placeholder*='日期']
2025-09-04 13:47:33.943 | DEBUG    | python_scraper:select_date:264 - 日期输入方法1失败: Message: invalid element state
  (Session info: chrome=139.0.7258.155)
Stacktrace:
0   chromedriver                        0x0000000109a30668 chromedriver + 5928552
1   chromedriver                        0x0000000109a27c0a chromedriver + 5893130
2   chromedriver                        0x00000001094f1c43 chromedriver + 429123
3   chromedriver                        0x000000010953a50e chromedriver + 726286
4   chromedriver                        0x000000010956a062 chromedriver + 921698
5   chromedriver                        0x0000000109537b48 chromedriver + 715592
6   chromedriver                        0x000000010956a21e chromedriver + 922142
7   chromedriver                        0x00000001095911d4 chromedriver + 1081812
8   chromedriver                        0x0000000109569e33 chromedriver + 921139
9   chromedriver                        0x000000010953637b chromedriver + 709499
10  chromedriver                        0x0000000109537061 chromedriver + 712801
11  chromedriver                        0x00000001099ee0e0 chromedriver + 5656800
12  chromedriver                        0x00000001099f1fa4 chromedriver + 5672868
13  chromedriver                        0x00000001099c9052 chromedriver + 5505106
14  chromedriver                        0x00000001099f2a4f chromedriver + 5675599
15  chromedriver                        0x00000001099b8004 chromedriver + 5435396
16  chromedriver                        0x0000000109a14d88 chromedriver + 5815688
17  chromedriver                        0x0000000109a14f50 chromedriver + 5816144
18  chromedriver                        0x0000000109a277e1 chromedriver + 5892065
19  libsystem_pthread.dylib             0x00007ff814eba1d3 _pthread_start + 125
20  libsystem_pthread.dylib             0x00007ff814eb5bd3 thread_start + 15

2025-09-04 13:47:35.963 | INFO     | python_scraper:select_date:223 - 已选择日期: 2025-09-04 (使用选择器: input[placeholder*='日期'], 方法2)
2025-09-04 13:47:41.140 | INFO     | python_scraper:select_date:257 - 未找到查询按钮，已按回车键尝试触发更新
2025-09-04 13:47:41.143 | INFO     | python_scraper:scrape_all_pages:826 - 正在抓取第 1 页数据
2025-09-04 13:47:41.160 | INFO     | python_scraper:extract_lottery_data:484 - 第1页找到 3 个表格
2025-09-04 13:47:41.201 | INFO     | python_scraper:extract_lottery_data:498 - 第1页选择表格 2，包含 50 行
2025-09-04 13:47:41.213 | INFO     | python_scraper:extract_lottery_data:510 - 第1页找到 50 行数据
2025-09-04 13:47:41.229 | INFO     | python_scraper:extract_lottery_data:524 - 第1页第一行包含有效数据，从第一行开始读取
2025-09-04 13:47:42.906 | INFO     | python_scraper:extract_lottery_data:572 - 第1页成功提取 50 条数据
2025-09-04 13:47:42.908 | INFO     | python_scraper:scrape_all_pages:845 - 第 1 页获取到 50 条新数据
2025-09-04 13:47:47.743 | INFO     | python_scraper:navigate_to_next_page:797 - 已成功翻页: <button type="button" class="btn-next is-last" aria-label="下一页" aria-disabled="true" disabled=""><i 
2025-09-04 13:47:49.749 | INFO     | python_scraper:scrape_all_pages:826 - 正在抓取第 2 页数据
2025-09-04 13:47:49.758 | INFO     | python_scraper:extract_lottery_data:484 - 第2页找到 3 个表格
2025-09-04 13:47:49.787 | INFO     | python_scraper:extract_lottery_data:498 - 第2页选择表格 2，包含 31 行
2025-09-04 13:47:49.796 | INFO     | python_scraper:extract_lottery_data:510 - 第2页找到 31 行数据
2025-09-04 13:47:49.811 | INFO     | python_scraper:extract_lottery_data:524 - 第2页第一行包含有效数据，从第一行开始读取
2025-09-04 13:47:50.819 | INFO     | python_scraper:extract_lottery_data:572 - 第2页成功提取 31 条数据
2025-09-04 13:47:50.821 | INFO     | python_scraper:scrape_all_pages:845 - 第 2 页获取到 31 条新数据
2025-09-04 13:47:51.181 | INFO     | python_scraper:navigate_to_next_page:810 - 没有找到可用的下一页按钮，已到达最后一页
2025-09-04 13:47:51.183 | INFO     | python_scraper:scrape_all_pages:873 - 第 2 页后没有更多页面，抓取完成
2025-09-04 13:47:51.185 | INFO     | python_scraper:scrape_all_pages:879 - 总共抓取了 2 页，获得 81 条唯一数据
2025-09-04 13:47:51.187 | INFO     | python_scraper:run_scraper:956 - 数据验证完成，有效数据: 81/81 条
2025-09-04 13:47:51.192 | INFO     | python_scraper:save_to_json:919 - 数据已保存到: data/taiwan_pk10_data_20250904_134751.json
2025-09-04 13:47:51.194 | INFO     | python_scraper:save_to_json:920 - 最新数据已保存到: data/latest_taiwan_pk10_data.json
2025-09-04 13:47:51.203 | INFO     | python_scraper:connect_mongodb:1102 - 成功连接到MongoDB数据库: taiwan_pk10
2025-09-04 13:47:51.255 | INFO     | python_scraper:save_to_mongodb:1151 - 成功保存 81 条数据到MongoDB
2025-09-04 13:47:51.260 | INFO     | python_scraper:save_to_mongodb:1163 - 格式化数据已保存，共 81 条记录
2025-09-04 13:47:51.263 | INFO     | python_scraper:run_scraper:967 - 数据已成功保存到MongoDB数据库
2025-09-04 13:47:51.266 | INFO     | python_scraper:run_scraper:972 - 格式化数据样本（前5条）:
2025-09-04 13:47:51.268 | INFO     | python_scraper:run_scraper:974 -   1: 114050019 6,2,4,1,5,3,8,7,10,9
2025-09-04 13:47:51.270 | INFO     | python_scraper:run_scraper:974 -   2: 114050018 1,6,5,8,9,2,7,4,10,3
2025-09-04 13:47:51.272 | INFO     | python_scraper:run_scraper:974 -   3: 114050017 7,3,1,9,5,6,2,8,4,10
2025-09-04 13:47:51.274 | INFO     | python_scraper:run_scraper:974 -   4: 114050016 2,1,10,5,6,4,8,7,9,3
2025-09-04 13:47:51.276 | INFO     | python_scraper:run_scraper:974 -   5: 114050015 1,10,5,6,7,2,9,3,4,8
2025-09-04 13:47:51.278 | INFO     | python_scraper:run_scraper:975 - 总计 81 条格式化数据可用于网页导入
2025-09-04 13:47:51.281 | INFO     | python_scraper:run_scraper:981 - 抓取完成，共获得 81 条有效数据
2025-09-04 13:47:51.388 | INFO     | python_scraper:cleanup:1087 - 浏览器驱动已关闭
2025-09-04 13:47:51.395 | INFO     | python_scraper:cleanup:1087 - 浏览器驱动已关闭
2025-09-04 13:47:56.405 | INFO     | python_scraper:run_scraper:931 - 开始运行台湾PK10数据抓取器
2025-09-04 13:47:57.686 | INFO     | python_scraper:setup_driver:86 - Chrome浏览器驱动设置完成
2025-09-04 13:47:57.690 | INFO     | python_scraper:navigate_to_page:95 - 正在访问: https://xn--kpro5poukl1g.com/#/
2025-09-04 13:48:05.188 | INFO     | python_scraper:navigate_to_page:102 - 页面加载完成
2025-09-04 13:48:05.228 | INFO     | python_scraper:click_pk10_option:148 - 找到台湾PK10选项: 台湾PK10
2025-09-04 13:48:07.286 | INFO     | python_scraper:click_pk10_option:152 - 成功点击台湾PK10选项
2025-09-04 13:48:07.291 | INFO     | python_scraper:navigate_to_page:106 - 成功切换到台湾PK10数据
2025-09-04 13:48:07.393 | INFO     | python_scraper:select_date:197 - 找到日期选择器: input[placeholder*='日期']
2025-09-04 13:48:07.414 | DEBUG    | python_scraper:select_date:264 - 日期输入方法1失败: Message: invalid element state
  (Session info: chrome=139.0.7258.155)
Stacktrace:
0   chromedriver                        0x0000000106226668 chromedriver + 5928552
1   chromedriver                        0x000000010621dc0a chromedriver + 5893130
2   chromedriver                        0x0000000105ce7c43 chromedriver + 429123
3   chromedriver                        0x0000000105d3050e chromedriver + 726286
4   chromedriver                        0x0000000105d60062 chromedriver + 921698
5   chromedriver                        0x0000000105d2db48 chromedriver + 715592
6   chromedriver                        0x0000000105d6021e chromedriver + 922142
7   chromedriver                        0x0000000105d871d4 chromedriver + 1081812
8   chromedriver                        0x0000000105d5fe33 chromedriver + 921139
9   chromedriver                        0x0000000105d2c37b chromedriver + 709499
10  chromedriver                        0x0000000105d2d061 chromedriver + 712801
11  chromedriver                        0x00000001061e40e0 chromedriver + 5656800
12  chromedriver                        0x00000001061e7fa4 chromedriver + 5672868
13  chromedriver                        0x00000001061bf052 chromedriver + 5505106
14  chromedriver                        0x00000001061e8a4f chromedriver + 5675599
15  chromedriver                        0x00000001061ae004 chromedriver + 5435396
16  chromedriver                        0x000000010620ad88 chromedriver + 5815688
17  chromedriver                        0x000000010620af50 chromedriver + 5816144
18  chromedriver                        0x000000010621d7e1 chromedriver + 5892065
19  libsystem_pthread.dylib             0x00007ff814eba1d3 _pthread_start + 125
20  libsystem_pthread.dylib             0x00007ff814eb5bd3 thread_start + 15

2025-09-04 13:48:09.428 | INFO     | python_scraper:select_date:223 - 已选择日期: 2025-09-04 (使用选择器: input[placeholder*='日期'], 方法2)
2025-09-04 13:48:14.875 | INFO     | python_scraper:select_date:257 - 未找到查询按钮，已按回车键尝试触发更新
2025-09-04 13:48:14.879 | INFO     | python_scraper:scrape_all_pages:826 - 正在抓取第 1 页数据
2025-09-04 13:48:14.895 | INFO     | python_scraper:extract_lottery_data:484 - 第1页找到 3 个表格
2025-09-04 13:48:14.942 | INFO     | python_scraper:extract_lottery_data:498 - 第1页选择表格 2，包含 50 行
2025-09-04 13:48:14.955 | INFO     | python_scraper:extract_lottery_data:510 - 第1页找到 50 行数据
2025-09-04 13:48:14.977 | INFO     | python_scraper:extract_lottery_data:524 - 第1页第一行包含有效数据，从第一行开始读取
2025-09-04 13:48:18.359 | INFO     | python_scraper:extract_lottery_data:572 - 第1页成功提取 50 条数据
2025-09-04 13:48:18.364 | INFO     | python_scraper:scrape_all_pages:845 - 第 1 页获取到 50 条新数据
2025-09-04 13:48:23.580 | INFO     | python_scraper:navigate_to_next_page:797 - 已成功翻页: <button type="button" class="btn-next is-last" aria-label="下一页" aria-disabled="true" disabled=""><i 
2025-09-04 13:48:25.592 | INFO     | python_scraper:scrape_all_pages:826 - 正在抓取第 2 页数据
2025-09-04 13:48:25.601 | INFO     | python_scraper:extract_lottery_data:484 - 第2页找到 3 个表格
2025-09-04 13:48:25.630 | INFO     | python_scraper:extract_lottery_data:498 - 第2页选择表格 2，包含 50 行
2025-09-04 13:48:25.643 | INFO     | python_scraper:extract_lottery_data:510 - 第2页找到 50 行数据
2025-09-04 13:48:25.660 | INFO     | python_scraper:extract_lottery_data:524 - 第2页第一行包含有效数据，从第一行开始读取
2025-09-04 13:48:27.638 | INFO     | python_scraper:extract_lottery_data:572 - 第2页成功提取 50 条数据
2025-09-04 13:48:27.641 | WARNING  | python_scraper:scrape_all_pages:850 - 第 2 页全部为重复数据，可能已到达最后一页
2025-09-04 13:48:28.217 | INFO     | python_scraper:navigate_to_next_page:810 - 没有找到可用的下一页按钮，已到达最后一页
2025-09-04 13:48:28.220 | INFO     | python_scraper:scrape_all_pages:873 - 第 2 页后没有更多页面，抓取完成
2025-09-04 13:48:28.222 | INFO     | python_scraper:scrape_all_pages:879 - 总共抓取了 2 页，获得 50 条唯一数据
2025-09-04 13:48:28.224 | INFO     | python_scraper:run_scraper:956 - 数据验证完成，有效数据: 50/50 条
2025-09-04 13:48:28.229 | INFO     | python_scraper:save_to_json:919 - 数据已保存到: data/taiwan_pk10_data_20250904_134828.json
2025-09-04 13:48:28.231 | INFO     | python_scraper:save_to_json:920 - 最新数据已保存到: data/latest_taiwan_pk10_data.json
2025-09-04 13:48:28.281 | INFO     | python_scraper:connect_mongodb:1102 - 成功连接到MongoDB数据库: taiwan_pk10
2025-09-04 13:48:28.313 | INFO     | python_scraper:save_to_mongodb:1151 - 成功保存 50 条数据到MongoDB
2025-09-04 13:48:28.320 | INFO     | python_scraper:save_to_mongodb:1163 - 格式化数据已保存，共 50 条记录
2025-09-04 13:48:28.324 | INFO     | python_scraper:run_scraper:967 - 数据已成功保存到MongoDB数据库
2025-09-04 13:48:28.331 | INFO     | python_scraper:run_scraper:972 - 格式化数据样本（前5条）:
2025-09-04 13:48:28.335 | INFO     | python_scraper:run_scraper:974 -   1: 114050019 6,2,4,1,5,3,8,7,10,9
2025-09-04 13:48:28.338 | INFO     | python_scraper:run_scraper:974 -   2: 114050018 1,6,5,8,9,2,7,4,10,3
2025-09-04 13:48:28.340 | INFO     | python_scraper:run_scraper:974 -   3: 114050017 7,3,1,9,5,6,2,8,4,10
2025-09-04 13:48:28.343 | INFO     | python_scraper:run_scraper:974 -   4: 114050016 2,1,10,5,6,4,8,7,9,3
2025-09-04 13:48:28.345 | INFO     | python_scraper:run_scraper:974 -   5: 114050015 1,10,5,6,7,2,9,3,4,8
2025-09-04 13:48:28.348 | INFO     | python_scraper:run_scraper:975 - 总计 50 条格式化数据可用于网页导入
2025-09-04 13:48:28.350 | INFO     | python_scraper:run_scraper:981 - 抓取完成，共获得 50 条有效数据
2025-09-04 13:48:28.467 | INFO     | python_scraper:cleanup:1087 - 浏览器驱动已关闭
2025-09-04 13:48:28.479 | INFO     | python_scraper:cleanup:1087 - 浏览器驱动已关闭
2025-09-04 13:49:28.475 | INFO     | python_scraper:run_scraper:931 - 开始运行台湾PK10数据抓取器
2025-09-04 13:49:29.819 | INFO     | python_scraper:setup_driver:86 - Chrome浏览器驱动设置完成
2025-09-04 13:49:29.824 | INFO     | python_scraper:navigate_to_page:95 - 正在访问: https://xn--kpro5poukl1g.com/#/
2025-09-04 13:49:36.781 | INFO     | python_scraper:navigate_to_page:102 - 页面加载完成
2025-09-04 13:49:36.884 | INFO     | python_scraper:click_pk10_option:148 - 找到台湾PK10选项: 台湾PK10
2025-09-04 13:49:38.986 | INFO     | python_scraper:click_pk10_option:152 - 成功点击台湾PK10选项
2025-09-04 13:49:38.993 | INFO     | python_scraper:navigate_to_page:106 - 成功切换到台湾PK10数据
2025-09-04 13:49:39.182 | INFO     | python_scraper:select_date:197 - 找到日期选择器: input[placeholder*='日期']
2025-09-04 13:49:39.227 | DEBUG    | python_scraper:select_date:264 - 日期输入方法1失败: Message: invalid element state
  (Session info: chrome=139.0.7258.155)
Stacktrace:
0   chromedriver                        0x000000010127f668 chromedriver + 5928552
1   chromedriver                        0x0000000101276c0a chromedriver + 5893130
2   chromedriver                        0x0000000100d40c43 chromedriver + 429123
3   chromedriver                        0x0000000100d8950e chromedriver + 726286
4   chromedriver                        0x0000000100db9062 chromedriver + 921698
5   chromedriver                        0x0000000100d86b48 chromedriver + 715592
6   chromedriver                        0x0000000100db921e chromedriver + 922142
7   chromedriver                        0x0000000100de01d4 chromedriver + 1081812
8   chromedriver                        0x0000000100db8e33 chromedriver + 921139
9   chromedriver                        0x0000000100d8537b chromedriver + 709499
10  chromedriver                        0x0000000100d86061 chromedriver + 712801
11  chromedriver                        0x000000010123d0e0 chromedriver + 5656800
12  chromedriver                        0x0000000101240fa4 chromedriver + 5672868
13  chromedriver                        0x0000000101218052 chromedriver + 5505106
14  chromedriver                        0x0000000101241a4f chromedriver + 5675599
15  chromedriver                        0x0000000101207004 chromedriver + 5435396
16  chromedriver                        0x0000000101263d88 chromedriver + 5815688
17  chromedriver                        0x0000000101263f50 chromedriver + 5816144
18  chromedriver                        0x00000001012767e1 chromedriver + 5892065
19  libsystem_pthread.dylib             0x00007ff814eba1d3 _pthread_start + 125
20  libsystem_pthread.dylib             0x00007ff814eb5bd3 thread_start + 15

2025-09-04 13:49:41.252 | INFO     | python_scraper:select_date:223 - 已选择日期: 2025-09-04 (使用选择器: input[placeholder*='日期'], 方法2)
2025-09-04 13:49:46.429 | INFO     | python_scraper:select_date:257 - 未找到查询按钮，已按回车键尝试触发更新
2025-09-04 13:49:46.433 | INFO     | python_scraper:scrape_all_pages:826 - 正在抓取第 1 页数据
2025-09-04 13:49:46.446 | INFO     | python_scraper:extract_lottery_data:484 - 第1页找到 3 个表格
2025-09-04 13:49:46.483 | INFO     | python_scraper:extract_lottery_data:498 - 第1页选择表格 2，包含 50 行
2025-09-04 13:49:46.496 | INFO     | python_scraper:extract_lottery_data:510 - 第1页找到 50 行数据
2025-09-04 13:49:46.512 | INFO     | python_scraper:extract_lottery_data:524 - 第1页第一行包含有效数据，从第一行开始读取
2025-09-04 13:49:48.299 | INFO     | python_scraper:extract_lottery_data:572 - 第1页成功提取 50 条数据
2025-09-04 13:49:48.302 | INFO     | python_scraper:scrape_all_pages:845 - 第 1 页获取到 50 条新数据
2025-09-04 13:49:53.064 | INFO     | python_scraper:navigate_to_next_page:797 - 已成功翻页: <button type="button" class="btn-next is-last" aria-label="下一页" aria-disabled="true" disabled=""><i 
2025-09-04 13:49:55.070 | INFO     | python_scraper:scrape_all_pages:826 - 正在抓取第 2 页数据
2025-09-04 13:49:55.077 | INFO     | python_scraper:extract_lottery_data:484 - 第2页找到 3 个表格
2025-09-04 13:49:55.103 | INFO     | python_scraper:extract_lottery_data:498 - 第2页选择表格 2，包含 31 行
2025-09-04 13:49:55.111 | INFO     | python_scraper:extract_lottery_data:510 - 第2页找到 31 行数据
2025-09-04 13:49:55.125 | INFO     | python_scraper:extract_lottery_data:524 - 第2页第一行包含有效数据，从第一行开始读取
2025-09-04 13:49:56.089 | INFO     | python_scraper:extract_lottery_data:572 - 第2页成功提取 31 条数据
2025-09-04 13:49:56.092 | INFO     | python_scraper:scrape_all_pages:845 - 第 2 页获取到 31 条新数据
2025-09-04 13:49:56.461 | INFO     | python_scraper:navigate_to_next_page:810 - 没有找到可用的下一页按钮，已到达最后一页
2025-09-04 13:49:56.463 | INFO     | python_scraper:scrape_all_pages:873 - 第 2 页后没有更多页面，抓取完成
2025-09-04 13:49:56.466 | INFO     | python_scraper:scrape_all_pages:879 - 总共抓取了 2 页，获得 81 条唯一数据
2025-09-04 13:49:56.468 | INFO     | python_scraper:run_scraper:956 - 数据验证完成，有效数据: 81/81 条
2025-09-04 13:49:56.474 | INFO     | python_scraper:save_to_json:919 - 数据已保存到: data/taiwan_pk10_data_20250904_134956.json
2025-09-04 13:49:56.476 | INFO     | python_scraper:save_to_json:920 - 最新数据已保存到: data/latest_taiwan_pk10_data.json
2025-09-04 13:49:56.521 | INFO     | python_scraper:connect_mongodb:1102 - 成功连接到MongoDB数据库: taiwan_pk10
2025-09-04 13:49:56.533 | INFO     | python_scraper:save_to_mongodb:1151 - 成功保存 81 条数据到MongoDB
2025-09-04 13:49:56.537 | INFO     | python_scraper:save_to_mongodb:1163 - 格式化数据已保存，共 81 条记录
2025-09-04 13:49:56.539 | INFO     | python_scraper:run_scraper:967 - 数据已成功保存到MongoDB数据库
2025-09-04 13:49:56.542 | INFO     | python_scraper:run_scraper:972 - 格式化数据样本（前5条）:
2025-09-04 13:49:56.544 | INFO     | python_scraper:run_scraper:974 -   1: 114050019 6,2,4,1,5,3,8,7,10,9
2025-09-04 13:49:56.545 | INFO     | python_scraper:run_scraper:974 -   2: 114050018 1,6,5,8,9,2,7,4,10,3
2025-09-04 13:49:56.547 | INFO     | python_scraper:run_scraper:974 -   3: 114050017 7,3,1,9,5,6,2,8,4,10
2025-09-04 13:49:56.549 | INFO     | python_scraper:run_scraper:974 -   4: 114050016 2,1,10,5,6,4,8,7,9,3
2025-09-04 13:49:56.551 | INFO     | python_scraper:run_scraper:974 -   5: 114050015 1,10,5,6,7,2,9,3,4,8
2025-09-04 13:49:56.553 | INFO     | python_scraper:run_scraper:975 - 总计 81 条格式化数据可用于网页导入
2025-09-04 13:49:56.555 | INFO     | python_scraper:run_scraper:981 - 抓取完成，共获得 81 条有效数据
2025-09-04 13:49:56.654 | INFO     | python_scraper:cleanup:1087 - 浏览器驱动已关闭
2025-09-04 13:49:56.663 | INFO     | python_scraper:cleanup:1087 - 浏览器驱动已关闭
2025-09-04 13:50:56.671 | INFO     | python_scraper:run_scraper:931 - 开始运行台湾PK10数据抓取器
2025-09-04 13:50:58.607 | INFO     | python_scraper:setup_driver:86 - Chrome浏览器驱动设置完成
2025-09-04 13:50:58.614 | INFO     | python_scraper:navigate_to_page:95 - 正在访问: https://xn--kpro5poukl1g.com/#/
2025-09-04 13:51:49.285 | INFO     | python_scraper:navigate_to_page:102 - 页面加载完成
2025-09-04 13:51:49.336 | INFO     | python_scraper:click_pk10_option:148 - 找到台湾PK10选项: 台湾PK10
2025-09-04 13:51:51.351 | INFO     | python_scraper:click_pk10_option:152 - 成功点击台湾PK10选项
2025-09-04 13:51:51.354 | INFO     | python_scraper:navigate_to_page:106 - 成功切换到台湾PK10数据
2025-09-04 13:51:51.452 | INFO     | python_scraper:select_date:197 - 找到日期选择器: input[placeholder*='日期']
2025-09-04 13:51:51.488 | DEBUG    | python_scraper:select_date:264 - 日期输入方法1失败: Message: invalid element state
  (Session info: chrome=139.0.7258.155)
Stacktrace:
0   chromedriver                        0x000000010e3e1668 chromedriver + 5928552
1   chromedriver                        0x000000010e3d8c0a chromedriver + 5893130
2   chromedriver                        0x000000010dea2c43 chromedriver + 429123
3   chromedriver                        0x000000010deeb50e chromedriver + 726286
4   chromedriver                        0x000000010df1b062 chromedriver + 921698
5   chromedriver                        0x000000010dee8b48 chromedriver + 715592
6   chromedriver                        0x000000010df1b21e chromedriver + 922142
7   chromedriver                        0x000000010df421d4 chromedriver + 1081812
8   chromedriver                        0x000000010df1ae33 chromedriver + 921139
9   chromedriver                        0x000000010dee737b chromedriver + 709499
10  chromedriver                        0x000000010dee8061 chromedriver + 712801
11  chromedriver                        0x000000010e39f0e0 chromedriver + 5656800
12  chromedriver                        0x000000010e3a2fa4 chromedriver + 5672868
13  chromedriver                        0x000000010e37a052 chromedriver + 5505106
14  chromedriver                        0x000000010e3a3a4f chromedriver + 5675599
15  chromedriver                        0x000000010e369004 chromedriver + 5435396
16  chromedriver                        0x000000010e3c5d88 chromedriver + 5815688
17  chromedriver                        0x000000010e3c5f50 chromedriver + 5816144
18  chromedriver                        0x000000010e3d87e1 chromedriver + 5892065
19  libsystem_pthread.dylib             0x00007ff814eba1d3 _pthread_start + 125
20  libsystem_pthread.dylib             0x00007ff814eb5bd3 thread_start + 15

2025-09-04 13:51:53.507 | INFO     | python_scraper:select_date:223 - 已选择日期: 2025-09-04 (使用选择器: input[placeholder*='日期'], 方法2)
2025-09-04 13:51:58.662 | INFO     | python_scraper:select_date:257 - 未找到查询按钮，已按回车键尝试触发更新
2025-09-04 13:51:58.664 | INFO     | python_scraper:scrape_all_pages:826 - 正在抓取第 1 页数据
2025-09-04 13:51:58.675 | INFO     | python_scraper:extract_lottery_data:484 - 第1页找到 3 个表格
2025-09-04 13:51:58.711 | INFO     | python_scraper:extract_lottery_data:498 - 第1页选择表格 2，包含 50 行
2025-09-04 13:51:58.721 | INFO     | python_scraper:extract_lottery_data:510 - 第1页找到 50 行数据
2025-09-04 13:51:58.735 | INFO     | python_scraper:extract_lottery_data:524 - 第1页第一行包含有效数据，从第一行开始读取
2025-09-04 13:52:00.334 | INFO     | python_scraper:extract_lottery_data:572 - 第1页成功提取 50 条数据
2025-09-04 13:52:00.336 | INFO     | python_scraper:scrape_all_pages:845 - 第 1 页获取到 50 条新数据
2025-09-04 13:52:05.074 | INFO     | python_scraper:navigate_to_next_page:797 - 已成功翻页: <button type="button" class="btn-next is-last" aria-label="下一页" aria-disabled="true" disabled=""><i 
2025-09-04 13:52:07.080 | INFO     | python_scraper:scrape_all_pages:826 - 正在抓取第 2 页数据
2025-09-04 13:52:07.088 | INFO     | python_scraper:extract_lottery_data:484 - 第2页找到 3 个表格
2025-09-04 13:52:07.113 | INFO     | python_scraper:extract_lottery_data:498 - 第2页选择表格 2，包含 32 行
2025-09-04 13:52:07.122 | INFO     | python_scraper:extract_lottery_data:510 - 第2页找到 32 行数据
2025-09-04 13:52:07.136 | INFO     | python_scraper:extract_lottery_data:524 - 第2页第一行包含有效数据，从第一行开始读取
2025-09-04 13:52:08.134 | INFO     | python_scraper:extract_lottery_data:572 - 第2页成功提取 32 条数据
2025-09-04 13:52:08.136 | INFO     | python_scraper:scrape_all_pages:845 - 第 2 页获取到 32 条新数据
2025-09-04 13:52:08.497 | INFO     | python_scraper:navigate_to_next_page:810 - 没有找到可用的下一页按钮，已到达最后一页
2025-09-04 13:52:08.499 | INFO     | python_scraper:scrape_all_pages:873 - 第 2 页后没有更多页面，抓取完成
2025-09-04 13:52:08.501 | INFO     | python_scraper:scrape_all_pages:879 - 总共抓取了 2 页，获得 82 条唯一数据
2025-09-04 13:52:08.504 | INFO     | python_scraper:run_scraper:956 - 数据验证完成，有效数据: 82/82 条
2025-09-04 13:52:08.510 | INFO     | python_scraper:save_to_json:919 - 数据已保存到: data/taiwan_pk10_data_20250904_135208.json
2025-09-04 13:52:08.512 | INFO     | python_scraper:save_to_json:920 - 最新数据已保存到: data/latest_taiwan_pk10_data.json
2025-09-04 13:52:08.559 | INFO     | python_scraper:connect_mongodb:1102 - 成功连接到MongoDB数据库: taiwan_pk10
2025-09-04 13:52:08.575 | INFO     | python_scraper:save_to_mongodb:1151 - 成功保存 82 条数据到MongoDB
2025-09-04 13:52:08.578 | INFO     | python_scraper:save_to_mongodb:1163 - 格式化数据已保存，共 82 条记录
2025-09-04 13:52:08.583 | INFO     | python_scraper:run_scraper:967 - 数据已成功保存到MongoDB数据库
2025-09-04 13:52:08.586 | INFO     | python_scraper:run_scraper:972 - 格式化数据样本（前5条）:
2025-09-04 13:52:08.588 | INFO     | python_scraper:run_scraper:974 -   1: 114050020 4,1,5,10,7,3,2,9,6,8
2025-09-04 13:52:08.591 | INFO     | python_scraper:run_scraper:974 -   2: 114050019 6,2,4,1,5,3,8,7,10,9
2025-09-04 13:52:08.593 | INFO     | python_scraper:run_scraper:974 -   3: 114050018 1,6,5,8,9,2,7,4,10,3
2025-09-04 13:52:08.595 | INFO     | python_scraper:run_scraper:974 -   4: 114050017 7,3,1,9,5,6,2,8,4,10
2025-09-04 13:52:08.598 | INFO     | python_scraper:run_scraper:974 -   5: 114050016 2,1,10,5,6,4,8,7,9,3
2025-09-04 13:52:08.600 | INFO     | python_scraper:run_scraper:975 - 总计 82 条格式化数据可用于网页导入
2025-09-04 13:52:08.602 | INFO     | python_scraper:run_scraper:981 - 抓取完成，共获得 82 条有效数据
2025-09-04 13:52:08.704 | INFO     | python_scraper:cleanup:1087 - 浏览器驱动已关闭
2025-09-04 13:52:08.713 | INFO     | python_scraper:cleanup:1087 - 浏览器驱动已关闭
2025-09-04 13:52:19.722 | INFO     | python_scraper:run_scraper:931 - 开始运行台湾PK10数据抓取器
2025-09-04 13:52:21.560 | INFO     | python_scraper:setup_driver:86 - Chrome浏览器驱动设置完成
2025-09-04 13:52:21.564 | INFO     | python_scraper:navigate_to_page:95 - 正在访问: https://xn--kpro5poukl1g.com/#/
2025-09-04 13:52:45.085 | INFO     | python_scraper:navigate_to_page:102 - 页面加载完成
2025-09-04 13:52:45.134 | INFO     | python_scraper:click_pk10_option:148 - 找到台湾PK10选项: 台湾PK10
2025-09-04 13:52:47.202 | INFO     | python_scraper:click_pk10_option:152 - 成功点击台湾PK10选项
2025-09-04 13:52:47.205 | INFO     | python_scraper:navigate_to_page:106 - 成功切换到台湾PK10数据
2025-09-04 13:52:47.310 | INFO     | python_scraper:select_date:197 - 找到日期选择器: input[placeholder*='日期']
2025-09-04 13:52:47.336 | DEBUG    | python_scraper:select_date:264 - 日期输入方法1失败: Message: invalid element state
  (Session info: chrome=139.0.7258.155)
Stacktrace:
0   chromedriver                        0x0000000104905668 chromedriver + 5928552
1   chromedriver                        0x00000001048fcc0a chromedriver + 5893130
2   chromedriver                        0x00000001043c6c43 chromedriver + 429123
3   chromedriver                        0x000000010440f50e chromedriver + 726286
4   chromedriver                        0x000000010443f062 chromedriver + 921698
5   chromedriver                        0x000000010440cb48 chromedriver + 715592
6   chromedriver                        0x000000010443f21e chromedriver + 922142
7   chromedriver                        0x00000001044661d4 chromedriver + 1081812
8   chromedriver                        0x000000010443ee33 chromedriver + 921139
9   chromedriver                        0x000000010440b37b chromedriver + 709499
10  chromedriver                        0x000000010440c061 chromedriver + 712801
11  chromedriver                        0x00000001048c30e0 chromedriver + 5656800
12  chromedriver                        0x00000001048c6fa4 chromedriver + 5672868
13  chromedriver                        0x000000010489e052 chromedriver + 5505106
14  chromedriver                        0x00000001048c7a4f chromedriver + 5675599
15  chromedriver                        0x000000010488d004 chromedriver + 5435396
16  chromedriver                        0x00000001048e9d88 chromedriver + 5815688
17  chromedriver                        0x00000001048e9f50 chromedriver + 5816144
18  chromedriver                        0x00000001048fc7e1 chromedriver + 5892065
19  libsystem_pthread.dylib             0x00007ff814eba1d3 _pthread_start + 125
20  libsystem_pthread.dylib             0x00007ff814eb5bd3 thread_start + 15

2025-09-04 13:52:49.366 | INFO     | python_scraper:select_date:223 - 已选择日期: 2025-09-04 (使用选择器: input[placeholder*='日期'], 方法2)
2025-09-04 13:52:54.534 | INFO     | python_scraper:select_date:257 - 未找到查询按钮，已按回车键尝试触发更新
2025-09-04 13:52:54.538 | INFO     | python_scraper:scrape_all_pages:826 - 正在抓取第 1 页数据
2025-09-04 13:52:54.550 | INFO     | python_scraper:extract_lottery_data:484 - 第1页找到 3 个表格
2025-09-04 13:52:54.584 | INFO     | python_scraper:extract_lottery_data:498 - 第1页选择表格 2，包含 50 行
2025-09-04 13:52:54.595 | INFO     | python_scraper:extract_lottery_data:510 - 第1页找到 50 行数据
2025-09-04 13:52:54.609 | INFO     | python_scraper:extract_lottery_data:524 - 第1页第一行包含有效数据，从第一行开始读取
2025-09-04 13:52:56.232 | INFO     | python_scraper:extract_lottery_data:572 - 第1页成功提取 50 条数据
2025-09-04 13:52:56.234 | INFO     | python_scraper:scrape_all_pages:845 - 第 1 页获取到 50 条新数据
2025-09-04 13:53:01.114 | INFO     | python_scraper:navigate_to_next_page:797 - 已成功翻页: <button type="button" class="btn-next is-last" aria-label="下一页" aria-disabled="true" disabled=""><i 
2025-09-04 13:53:03.121 | INFO     | python_scraper:scrape_all_pages:826 - 正在抓取第 2 页数据
2025-09-04 13:53:03.132 | INFO     | python_scraper:extract_lottery_data:484 - 第2页找到 3 个表格
2025-09-04 13:53:03.160 | INFO     | python_scraper:extract_lottery_data:498 - 第2页选择表格 2，包含 32 行
2025-09-04 13:53:03.169 | INFO     | python_scraper:extract_lottery_data:510 - 第2页找到 32 行数据
2025-09-04 13:53:03.182 | INFO     | python_scraper:extract_lottery_data:524 - 第2页第一行包含有效数据，从第一行开始读取
2025-09-04 13:53:04.206 | INFO     | python_scraper:extract_lottery_data:572 - 第2页成功提取 32 条数据
2025-09-04 13:53:04.208 | INFO     | python_scraper:scrape_all_pages:845 - 第 2 页获取到 32 条新数据
2025-09-04 13:53:04.608 | INFO     | python_scraper:navigate_to_next_page:810 - 没有找到可用的下一页按钮，已到达最后一页
2025-09-04 13:53:04.611 | INFO     | python_scraper:scrape_all_pages:873 - 第 2 页后没有更多页面，抓取完成
2025-09-04 13:53:04.613 | INFO     | python_scraper:scrape_all_pages:879 - 总共抓取了 2 页，获得 82 条唯一数据
2025-09-04 13:53:04.615 | INFO     | python_scraper:run_scraper:956 - 数据验证完成，有效数据: 82/82 条
2025-09-04 13:53:04.624 | INFO     | python_scraper:save_to_json:919 - 数据已保存到: data/taiwan_pk10_data_20250904_135304.json
2025-09-04 13:53:04.626 | INFO     | python_scraper:save_to_json:920 - 最新数据已保存到: data/latest_taiwan_pk10_data.json
2025-09-04 13:53:04.676 | INFO     | python_scraper:connect_mongodb:1102 - 成功连接到MongoDB数据库: taiwan_pk10
2025-09-04 13:53:04.690 | INFO     | python_scraper:save_to_mongodb:1151 - 成功保存 82 条数据到MongoDB
2025-09-04 13:53:04.694 | INFO     | python_scraper:save_to_mongodb:1163 - 格式化数据已保存，共 82 条记录
2025-09-04 13:53:04.697 | INFO     | python_scraper:run_scraper:967 - 数据已成功保存到MongoDB数据库
2025-09-04 13:53:04.699 | INFO     | python_scraper:run_scraper:972 - 格式化数据样本（前5条）:
2025-09-04 13:53:04.701 | INFO     | python_scraper:run_scraper:974 -   1: 114050020 4,1,5,10,7,3,2,9,6,8
2025-09-04 13:53:04.703 | INFO     | python_scraper:run_scraper:974 -   2: 114050019 6,2,4,1,5,3,8,7,10,9
2025-09-04 13:53:04.706 | INFO     | python_scraper:run_scraper:974 -   3: 114050018 1,6,5,8,9,2,7,4,10,3
2025-09-04 13:53:04.708 | INFO     | python_scraper:run_scraper:974 -   4: 114050017 7,3,1,9,5,6,2,8,4,10
2025-09-04 13:53:04.710 | INFO     | python_scraper:run_scraper:974 -   5: 114050016 2,1,10,5,6,4,8,7,9,3
2025-09-04 13:53:04.712 | INFO     | python_scraper:run_scraper:975 - 总计 82 条格式化数据可用于网页导入
2025-09-04 13:53:04.714 | INFO     | python_scraper:run_scraper:981 - 抓取完成，共获得 82 条有效数据
2025-09-04 13:53:04.826 | INFO     | python_scraper:cleanup:1087 - 浏览器驱动已关闭
2025-09-04 13:53:04.834 | INFO     | python_scraper:cleanup:1087 - 浏览器驱动已关闭
2025-09-04 13:54:04.843 | INFO     | python_scraper:run_scraper:931 - 开始运行台湾PK10数据抓取器
2025-09-04 13:54:06.210 | INFO     | python_scraper:setup_driver:86 - Chrome浏览器驱动设置完成
2025-09-04 13:54:06.215 | INFO     | python_scraper:navigate_to_page:95 - 正在访问: https://xn--kpro5poukl1g.com/#/
2025-09-04 13:54:33.293 | INFO     | python_scraper:navigate_to_page:102 - 页面加载完成
2025-09-04 13:54:33.344 | INFO     | python_scraper:click_pk10_option:148 - 找到台湾PK10选项: 台湾PK10
2025-09-04 13:54:35.396 | INFO     | python_scraper:click_pk10_option:152 - 成功点击台湾PK10选项
2025-09-04 13:54:35.399 | INFO     | python_scraper:navigate_to_page:106 - 成功切换到台湾PK10数据
2025-09-04 13:54:35.495 | INFO     | python_scraper:select_date:197 - 找到日期选择器: input[placeholder*='日期']
2025-09-04 13:54:35.518 | DEBUG    | python_scraper:select_date:264 - 日期输入方法1失败: Message: invalid element state
  (Session info: chrome=139.0.7258.155)
Stacktrace:
0   chromedriver                        0x000000010a8e5668 chromedriver + 5928552
1   chromedriver                        0x000000010a8dcc0a chromedriver + 5893130
2   chromedriver                        0x000000010a3a6c43 chromedriver + 429123
3   chromedriver                        0x000000010a3ef50e chromedriver + 726286
4   chromedriver                        0x000000010a41f062 chromedriver + 921698
5   chromedriver                        0x000000010a3ecb48 chromedriver + 715592
6   chromedriver                        0x000000010a41f21e chromedriver + 922142
7   chromedriver                        0x000000010a4461d4 chromedriver + 1081812
8   chromedriver                        0x000000010a41ee33 chromedriver + 921139
9   chromedriver                        0x000000010a3eb37b chromedriver + 709499
10  chromedriver                        0x000000010a3ec061 chromedriver + 712801
11  chromedriver                        0x000000010a8a30e0 chromedriver + 5656800
12  chromedriver                        0x000000010a8a6fa4 chromedriver + 5672868
13  chromedriver                        0x000000010a87e052 chromedriver + 5505106
14  chromedriver                        0x000000010a8a7a4f chromedriver + 5675599
15  chromedriver                        0x000000010a86d004 chromedriver + 5435396
16  chromedriver                        0x000000010a8c9d88 chromedriver + 5815688
17  chromedriver                        0x000000010a8c9f50 chromedriver + 5816144
18  chromedriver                        0x000000010a8dc7e1 chromedriver + 5892065
19  libsystem_pthread.dylib             0x00007ff814eba1d3 _pthread_start + 125
20  libsystem_pthread.dylib             0x00007ff814eb5bd3 thread_start + 15

2025-09-04 13:54:37.538 | INFO     | python_scraper:select_date:223 - 已选择日期: 2025-09-04 (使用选择器: input[placeholder*='日期'], 方法2)
2025-09-04 13:54:42.701 | INFO     | python_scraper:select_date:257 - 未找到查询按钮，已按回车键尝试触发更新
2025-09-04 13:54:42.703 | INFO     | python_scraper:scrape_all_pages:826 - 正在抓取第 1 页数据
2025-09-04 13:54:42.715 | INFO     | python_scraper:extract_lottery_data:484 - 第1页找到 3 个表格
2025-09-04 13:54:42.752 | INFO     | python_scraper:extract_lottery_data:498 - 第1页选择表格 2，包含 50 行
2025-09-04 13:54:42.762 | INFO     | python_scraper:extract_lottery_data:510 - 第1页找到 50 行数据
2025-09-04 13:54:42.777 | INFO     | python_scraper:extract_lottery_data:524 - 第1页第一行包含有效数据，从第一行开始读取
2025-09-04 13:54:44.982 | INFO     | python_scraper:extract_lottery_data:572 - 第1页成功提取 50 条数据
2025-09-04 13:54:44.986 | INFO     | python_scraper:scrape_all_pages:845 - 第 1 页获取到 50 条新数据
2025-09-04 13:54:49.772 | INFO     | python_scraper:navigate_to_next_page:797 - 已成功翻页: <button type="button" class="btn-next is-last" aria-label="下一页" aria-disabled="true" disabled=""><i 
2025-09-04 13:54:51.777 | INFO     | python_scraper:scrape_all_pages:826 - 正在抓取第 2 页数据
2025-09-04 13:54:51.785 | INFO     | python_scraper:extract_lottery_data:484 - 第2页找到 3 个表格
2025-09-04 13:54:51.810 | INFO     | python_scraper:extract_lottery_data:498 - 第2页选择表格 2，包含 32 行
2025-09-04 13:54:51.819 | INFO     | python_scraper:extract_lottery_data:510 - 第2页找到 32 行数据
2025-09-04 13:54:51.834 | INFO     | python_scraper:extract_lottery_data:524 - 第2页第一行包含有效数据，从第一行开始读取
2025-09-04 13:54:52.886 | INFO     | python_scraper:extract_lottery_data:572 - 第2页成功提取 32 条数据
2025-09-04 13:54:52.888 | INFO     | python_scraper:scrape_all_pages:845 - 第 2 页获取到 32 条新数据
2025-09-04 13:54:53.295 | INFO     | python_scraper:navigate_to_next_page:810 - 没有找到可用的下一页按钮，已到达最后一页
2025-09-04 13:54:53.298 | INFO     | python_scraper:scrape_all_pages:873 - 第 2 页后没有更多页面，抓取完成
2025-09-04 13:54:53.301 | INFO     | python_scraper:scrape_all_pages:879 - 总共抓取了 2 页，获得 82 条唯一数据
2025-09-04 13:54:53.303 | INFO     | python_scraper:run_scraper:956 - 数据验证完成，有效数据: 82/82 条
2025-09-04 13:54:53.311 | INFO     | python_scraper:save_to_json:919 - 数据已保存到: data/taiwan_pk10_data_20250904_135453.json
2025-09-04 13:54:53.314 | INFO     | python_scraper:save_to_json:920 - 最新数据已保存到: data/latest_taiwan_pk10_data.json
2025-09-04 13:54:53.326 | INFO     | python_scraper:connect_mongodb:1102 - 成功连接到MongoDB数据库: taiwan_pk10
2025-09-04 13:54:53.341 | INFO     | python_scraper:save_to_mongodb:1151 - 成功保存 82 条数据到MongoDB
2025-09-04 13:54:53.345 | INFO     | python_scraper:save_to_mongodb:1163 - 格式化数据已保存，共 82 条记录
2025-09-04 13:54:53.349 | INFO     | python_scraper:run_scraper:967 - 数据已成功保存到MongoDB数据库
2025-09-04 13:54:53.352 | INFO     | python_scraper:run_scraper:972 - 格式化数据样本（前5条）:
2025-09-04 13:54:53.354 | INFO     | python_scraper:run_scraper:974 -   1: 114050020 4,1,5,10,7,3,2,9,6,8
2025-09-04 13:54:53.359 | INFO     | python_scraper:run_scraper:974 -   2: 114050019 6,2,4,1,5,3,8,7,10,9
2025-09-04 13:54:53.362 | INFO     | python_scraper:run_scraper:974 -   3: 114050018 1,6,5,8,9,2,7,4,10,3
2025-09-04 13:54:53.365 | INFO     | python_scraper:run_scraper:974 -   4: 114050017 7,3,1,9,5,6,2,8,4,10
2025-09-04 13:54:53.367 | INFO     | python_scraper:run_scraper:974 -   5: 114050016 2,1,10,5,6,4,8,7,9,3
2025-09-04 13:54:53.370 | INFO     | python_scraper:run_scraper:975 - 总计 82 条格式化数据可用于网页导入
2025-09-04 13:54:53.372 | INFO     | python_scraper:run_scraper:981 - 抓取完成，共获得 82 条有效数据
2025-09-04 13:54:53.473 | INFO     | python_scraper:cleanup:1087 - 浏览器驱动已关闭
2025-09-04 13:54:53.483 | INFO     | python_scraper:cleanup:1087 - 浏览器驱动已关闭
