2025-09-10 19:47:19.782 | INFO     | python_scraper:run_scraper:926 - 开始运行台湾PK10数据抓取器
2025-09-10 19:47:21.246 | INFO     | python_scraper:setup_driver:86 - Chrome浏览器驱动设置完成
2025-09-10 19:47:21.269 | INFO     | python_scraper:navigate_to_page:95 - 正在访问: https://xn--kpro5poukl1g.com/#/
2025-09-10 19:47:26.916 | INFO     | python_scraper:navigate_to_page:102 - 页面加载完成
2025-09-10 19:47:26.966 | INFO     | python_scraper:click_pk10_option:148 - 找到台湾PK10选项: 台湾PK10
2025-09-10 19:47:29.026 | INFO     | python_scraper:click_pk10_option:152 - 成功点击台湾PK10选项
2025-09-10 19:47:29.036 | INFO     | python_scraper:navigate_to_page:106 - 成功切换到台湾PK10数据
2025-09-10 19:47:29.146 | INFO     | python_scraper:select_date:197 - 找到日期选择器: input[placeholder*='日期']
2025-09-10 19:47:29.174 | DEBUG    | python_scraper:select_date:264 - 日期输入方法1失败: Message: invalid element state
  (Session info: chrome=139.0.7258.155)
Stacktrace:
0   chromedriver                        0x000000010e832668 chromedriver + 5928552
1   chromedriver                        0x000000010e829c0a chromedriver + 5893130
2   chromedriver                        0x000000010e2f3c43 chromedriver + 429123
3   chromedriver                        0x000000010e33c50e chromedriver + 726286
4   chromedriver                        0x000000010e36c062 chromedriver + 921698
5   chromedriver                        0x000000010e339b48 chromedriver + 715592
6   chromedriver                        0x000000010e36c21e chromedriver + 922142
7   chromedriver                        0x000000010e3931d4 chromedriver + 1081812
8   chromedriver                        0x000000010e36be33 chromedriver + 921139
9   chromedriver                        0x000000010e33837b chromedriver + 709499
10  chromedriver                        0x000000010e339061 chromedriver + 712801
11  chromedriver                        0x000000010e7f00e0 chromedriver + 5656800
12  chromedriver                        0x000000010e7f3fa4 chromedriver + 5672868
13  chromedriver                        0x000000010e7cb052 chromedriver + 5505106
14  chromedriver                        0x000000010e7f4a4f chromedriver + 5675599
15  chromedriver                        0x000000010e7ba004 chromedriver + 5435396
16  chromedriver                        0x000000010e816d88 chromedriver + 5815688
17  chromedriver                        0x000000010e816f50 chromedriver + 5816144
18  chromedriver                        0x000000010e8297e1 chromedriver + 5892065
19  libsystem_pthread.dylib             0x00007ff814eba1d3 _pthread_start + 125
20  libsystem_pthread.dylib             0x00007ff814eb5bd3 thread_start + 15

2025-09-10 19:47:31.208 | INFO     | python_scraper:select_date:223 - 已选择日期: 2025-09-10 (使用选择器: input[placeholder*='日期'], 方法2)
2025-09-10 19:47:36.372 | INFO     | python_scraper:select_date:257 - 未找到查询按钮，已按回车键尝试触发更新
2025-09-10 19:47:36.389 | INFO     | python_scraper:scrape_all_pages:826 - 正在抓取第 1 页数据
2025-09-10 19:47:36.409 | INFO     | python_scraper:extract_lottery_data:484 - 第1页找到 3 个表格
2025-09-10 19:47:36.459 | INFO     | python_scraper:extract_lottery_data:498 - 第1页选择表格 2，包含 50 行
2025-09-10 19:47:36.482 | INFO     | python_scraper:extract_lottery_data:510 - 第1页找到 50 行数据
2025-09-10 19:47:36.508 | INFO     | python_scraper:extract_lottery_data:524 - 第1页第一行包含有效数据，从第一行开始读取
2025-09-10 19:47:38.180 | INFO     | python_scraper:extract_lottery_data:572 - 第1页成功提取 50 条数据
2025-09-10 19:47:38.221 | INFO     | python_scraper:scrape_all_pages:845 - 第 1 页获取到 50 条新数据
2025-09-10 19:47:43.158 | INFO     | python_scraper:navigate_to_next_page:797 - 已成功翻页: <button type="button" class="btn-next is-last" aria-label="下一页" aria-disabled="false"><i class="el-i
2025-09-10 19:47:45.179 | INFO     | python_scraper:scrape_all_pages:826 - 正在抓取第 2 页数据
2025-09-10 19:47:45.196 | INFO     | python_scraper:extract_lottery_data:484 - 第2页找到 3 个表格
2025-09-10 19:47:45.250 | INFO     | python_scraper:extract_lottery_data:498 - 第2页选择表格 2，包含 50 行
2025-09-10 19:47:45.268 | INFO     | python_scraper:extract_lottery_data:510 - 第2页找到 50 行数据
2025-09-10 19:47:45.293 | INFO     | python_scraper:extract_lottery_data:524 - 第2页第一行包含有效数据，从第一行开始读取
2025-09-10 19:47:47.051 | INFO     | python_scraper:extract_lottery_data:572 - 第2页成功提取 50 条数据
2025-09-10 19:47:47.062 | INFO     | python_scraper:scrape_all_pages:845 - 第 2 页获取到 50 条新数据
2025-09-10 19:47:51.887 | INFO     | python_scraper:navigate_to_next_page:797 - 已成功翻页: <button type="button" class="btn-next is-last" aria-label="下一页" aria-disabled="false"><i class="el-i
2025-09-10 19:47:53.899 | INFO     | python_scraper:scrape_all_pages:826 - 正在抓取第 3 页数据
2025-09-10 19:47:53.959 | INFO     | python_scraper:extract_lottery_data:484 - 第3页找到 3 个表格
2025-09-10 19:47:54.003 | INFO     | python_scraper:extract_lottery_data:498 - 第3页选择表格 2，包含 50 行
2025-09-10 19:47:54.022 | INFO     | python_scraper:extract_lottery_data:510 - 第3页找到 50 行数据
2025-09-10 19:47:54.046 | INFO     | python_scraper:extract_lottery_data:524 - 第3页第一行包含有效数据，从第一行开始读取
2025-09-10 19:47:55.736 | INFO     | python_scraper:extract_lottery_data:572 - 第3页成功提取 50 条数据
2025-09-10 19:47:55.753 | INFO     | python_scraper:scrape_all_pages:845 - 第 3 页获取到 50 条新数据
2025-09-10 19:48:00.282 | INFO     | python_scraper:navigate_to_next_page:797 - 已成功翻页: <button type="button" class="btn-next is-last" aria-label="下一页" aria-disabled="true" disabled=""><i 
2025-09-10 19:48:02.292 | INFO     | python_scraper:scrape_all_pages:826 - 正在抓取第 4 页数据
2025-09-10 19:48:02.311 | INFO     | python_scraper:extract_lottery_data:484 - 第4页找到 3 个表格
2025-09-10 19:48:02.343 | INFO     | python_scraper:extract_lottery_data:498 - 第4页选择表格 2，包含 3 行
2025-09-10 19:48:02.358 | INFO     | python_scraper:extract_lottery_data:510 - 第4页找到 3 行数据
2025-09-10 19:48:02.381 | INFO     | python_scraper:extract_lottery_data:524 - 第4页第一行包含有效数据，从第一行开始读取
2025-09-10 19:48:02.491 | INFO     | python_scraper:extract_lottery_data:572 - 第4页成功提取 3 条数据
2025-09-10 19:48:02.499 | INFO     | python_scraper:scrape_all_pages:845 - 第 4 页获取到 3 条新数据
2025-09-10 19:48:02.706 | INFO     | python_scraper:navigate_to_next_page:810 - 没有找到可用的下一页按钮，已到达最后一页
2025-09-10 19:48:02.715 | INFO     | python_scraper:scrape_all_pages:873 - 第 4 页后没有更多页面，抓取完成
2025-09-10 19:48:02.723 | INFO     | python_scraper:scrape_all_pages:879 - 总共抓取了 4 页，获得 153 条唯一数据
2025-09-10 19:48:02.731 | INFO     | python_scraper:run_scraper:951 - 数据验证完成，有效数据: 153/153 条
2025-09-10 19:48:02.745 | INFO     | python_scraper:save_to_json:914 - 数据已保存到: data/taiwan_pk10_data_20250910_194802.json
2025-09-10 19:48:06.334 | ERROR    | python_scraper:connect_mongodb:1100 - 连接MongoDB失败: bad auth : authentication failed, full error: {'ok': 0, 'errmsg': 'bad auth : authentication failed', 'code': 8000, 'codeName': 'AtlasError'}
2025-09-10 19:48:06.342 | ERROR    | python_scraper:run_scraper:972 - 保存到MongoDB失败
2025-09-10 19:48:06.351 | INFO     | python_scraper:run_scraper:976 - 抓取完成，共获得 153 条有效数据
2025-09-10 19:48:06.471 | INFO     | python_scraper:cleanup:1082 - 浏览器驱动已关闭
2025-09-10 19:48:06.488 | INFO     | python_scraper:cleanup:1082 - 浏览器驱动已关闭
2025-09-10 19:49:06.492 | INFO     | python_scraper:run_scraper:926 - 开始运行台湾PK10数据抓取器
2025-09-10 19:49:07.959 | INFO     | python_scraper:setup_driver:86 - Chrome浏览器驱动设置完成
2025-09-10 19:49:07.977 | INFO     | python_scraper:navigate_to_page:95 - 正在访问: https://xn--kpro5poukl1g.com/#/
2025-09-10 19:49:13.686 | INFO     | python_scraper:navigate_to_page:102 - 页面加载完成
2025-09-10 19:49:13.734 | INFO     | python_scraper:click_pk10_option:148 - 找到台湾PK10选项: 台湾PK10
2025-09-10 19:49:15.796 | INFO     | python_scraper:click_pk10_option:152 - 成功点击台湾PK10选项
2025-09-10 19:49:15.806 | INFO     | python_scraper:navigate_to_page:106 - 成功切换到台湾PK10数据
2025-09-10 19:49:15.913 | INFO     | python_scraper:select_date:197 - 找到日期选择器: input[placeholder*='日期']
2025-09-10 19:49:15.943 | DEBUG    | python_scraper:select_date:264 - 日期输入方法1失败: Message: invalid element state
  (Session info: chrome=139.0.7258.155)
Stacktrace:
0   chromedriver                        0x00000001068a3668 chromedriver + 5928552
1   chromedriver                        0x000000010689ac0a chromedriver + 5893130
2   chromedriver                        0x0000000106364c43 chromedriver + 429123
3   chromedriver                        0x00000001063ad50e chromedriver + 726286
4   chromedriver                        0x00000001063dd062 chromedriver + 921698
5   chromedriver                        0x00000001063aab48 chromedriver + 715592
6   chromedriver                        0x00000001063dd21e chromedriver + 922142
7   chromedriver                        0x00000001064041d4 chromedriver + 1081812
8   chromedriver                        0x00000001063dce33 chromedriver + 921139
9   chromedriver                        0x00000001063a937b chromedriver + 709499
10  chromedriver                        0x00000001063aa061 chromedriver + 712801
11  chromedriver                        0x00000001068610e0 chromedriver + 5656800
12  chromedriver                        0x0000000106864fa4 chromedriver + 5672868
13  chromedriver                        0x000000010683c052 chromedriver + 5505106
14  chromedriver                        0x0000000106865a4f chromedriver + 5675599
15  chromedriver                        0x000000010682b004 chromedriver + 5435396
16  chromedriver                        0x0000000106887d88 chromedriver + 5815688
17  chromedriver                        0x0000000106887f50 chromedriver + 5816144
18  chromedriver                        0x000000010689a7e1 chromedriver + 5892065
19  libsystem_pthread.dylib             0x00007ff814eba1d3 _pthread_start + 125
20  libsystem_pthread.dylib             0x00007ff814eb5bd3 thread_start + 15

2025-09-10 19:49:17.969 | INFO     | python_scraper:select_date:223 - 已选择日期: 2025-09-10 (使用选择器: input[placeholder*='日期'], 方法2)
2025-09-10 19:49:23.148 | INFO     | python_scraper:select_date:257 - 未找到查询按钮，已按回车键尝试触发更新
2025-09-10 19:49:23.157 | INFO     | python_scraper:scrape_all_pages:826 - 正在抓取第 1 页数据
2025-09-10 19:49:23.174 | INFO     | python_scraper:extract_lottery_data:484 - 第1页找到 3 个表格
2025-09-10 19:49:23.214 | INFO     | python_scraper:extract_lottery_data:498 - 第1页选择表格 2，包含 50 行
2025-09-10 19:49:23.231 | INFO     | python_scraper:extract_lottery_data:510 - 第1页找到 50 行数据
2025-09-10 19:49:23.252 | INFO     | python_scraper:extract_lottery_data:524 - 第1页第一行包含有效数据，从第一行开始读取
2025-09-10 19:49:24.892 | INFO     | python_scraper:extract_lottery_data:572 - 第1页成功提取 50 条数据
2025-09-10 19:49:24.900 | INFO     | python_scraper:scrape_all_pages:845 - 第 1 页获取到 50 条新数据
2025-09-10 19:49:29.771 | INFO     | python_scraper:navigate_to_next_page:797 - 已成功翻页: <button type="button" class="btn-next is-last" aria-label="下一页" aria-disabled="false"><i class="el-i
2025-09-10 19:49:31.787 | INFO     | python_scraper:scrape_all_pages:826 - 正在抓取第 2 页数据
2025-09-10 19:49:31.804 | INFO     | python_scraper:extract_lottery_data:484 - 第2页找到 3 个表格
2025-09-10 19:49:31.838 | INFO     | python_scraper:extract_lottery_data:498 - 第2页选择表格 2，包含 50 行
2025-09-10 19:49:31.854 | INFO     | python_scraper:extract_lottery_data:510 - 第2页找到 50 行数据
2025-09-10 19:49:31.875 | INFO     | python_scraper:extract_lottery_data:524 - 第2页第一行包含有效数据，从第一行开始读取
2025-09-10 19:49:33.541 | INFO     | python_scraper:extract_lottery_data:572 - 第2页成功提取 50 条数据
2025-09-10 19:49:33.549 | INFO     | python_scraper:scrape_all_pages:845 - 第 2 页获取到 50 条新数据
2025-09-10 19:49:38.366 | INFO     | python_scraper:navigate_to_next_page:797 - 已成功翻页: <button type="button" class="btn-next is-last" aria-label="下一页" aria-disabled="false"><i class="el-i
2025-09-10 19:49:40.378 | INFO     | python_scraper:scrape_all_pages:826 - 正在抓取第 3 页数据
2025-09-10 19:49:40.400 | INFO     | python_scraper:extract_lottery_data:484 - 第3页找到 3 个表格
2025-09-10 19:49:40.436 | INFO     | python_scraper:extract_lottery_data:498 - 第3页选择表格 2，包含 50 行
2025-09-10 19:49:40.455 | INFO     | python_scraper:extract_lottery_data:510 - 第3页找到 50 行数据
2025-09-10 19:49:40.476 | INFO     | python_scraper:extract_lottery_data:524 - 第3页第一行包含有效数据，从第一行开始读取
2025-09-10 19:49:42.359 | INFO     | python_scraper:extract_lottery_data:572 - 第3页成功提取 50 条数据
2025-09-10 19:49:42.373 | INFO     | python_scraper:scrape_all_pages:845 - 第 3 页获取到 50 条新数据
2025-09-10 19:49:47.072 | INFO     | python_scraper:navigate_to_next_page:797 - 已成功翻页: <button type="button" class="btn-next is-last" aria-label="下一页" aria-disabled="true" disabled=""><i 
2025-09-10 19:49:49.115 | INFO     | python_scraper:scrape_all_pages:826 - 正在抓取第 4 页数据
2025-09-10 19:49:49.132 | INFO     | python_scraper:extract_lottery_data:484 - 第4页找到 3 个表格
2025-09-10 19:49:49.165 | INFO     | python_scraper:extract_lottery_data:498 - 第4页选择表格 2，包含 3 行
2025-09-10 19:49:49.182 | INFO     | python_scraper:extract_lottery_data:510 - 第4页找到 3 行数据
2025-09-10 19:49:49.204 | INFO     | python_scraper:extract_lottery_data:524 - 第4页第一行包含有效数据，从第一行开始读取
2025-09-10 19:49:49.310 | INFO     | python_scraper:extract_lottery_data:572 - 第4页成功提取 3 条数据
2025-09-10 19:49:49.318 | INFO     | python_scraper:scrape_all_pages:845 - 第 4 页获取到 3 条新数据
2025-09-10 19:49:49.545 | INFO     | python_scraper:navigate_to_next_page:810 - 没有找到可用的下一页按钮，已到达最后一页
2025-09-10 19:49:49.554 | INFO     | python_scraper:scrape_all_pages:873 - 第 4 页后没有更多页面，抓取完成
2025-09-10 19:49:49.563 | INFO     | python_scraper:scrape_all_pages:879 - 总共抓取了 4 页，获得 153 条唯一数据
2025-09-10 19:49:49.572 | INFO     | python_scraper:run_scraper:951 - 数据验证完成，有效数据: 153/153 条
2025-09-10 19:49:49.585 | INFO     | python_scraper:save_to_json:914 - 数据已保存到: data/taiwan_pk10_data_20250910_194949.json
2025-09-10 19:49:53.206 | ERROR    | python_scraper:connect_mongodb:1100 - 连接MongoDB失败: bad auth : authentication failed, full error: {'ok': 0, 'errmsg': 'bad auth : authentication failed', 'code': 8000, 'codeName': 'AtlasError'}
2025-09-10 19:49:53.217 | ERROR    | python_scraper:run_scraper:972 - 保存到MongoDB失败
2025-09-10 19:49:53.225 | INFO     | python_scraper:run_scraper:976 - 抓取完成，共获得 153 条有效数据
2025-09-10 19:49:53.336 | INFO     | python_scraper:cleanup:1082 - 浏览器驱动已关闭
2025-09-10 19:49:53.352 | INFO     | python_scraper:cleanup:1082 - 浏览器驱动已关闭
2025-09-10 19:50:53.360 | INFO     | python_scraper:run_scraper:926 - 开始运行台湾PK10数据抓取器
2025-09-10 19:50:54.819 | INFO     | python_scraper:setup_driver:86 - Chrome浏览器驱动设置完成
2025-09-10 19:50:54.848 | INFO     | python_scraper:navigate_to_page:95 - 正在访问: https://xn--kpro5poukl1g.com/#/
2025-09-10 19:51:00.498 | INFO     | python_scraper:navigate_to_page:102 - 页面加载完成
2025-09-10 19:51:00.553 | INFO     | python_scraper:click_pk10_option:148 - 找到台湾PK10选项: 台湾PK10
2025-09-10 19:51:02.615 | INFO     | python_scraper:click_pk10_option:152 - 成功点击台湾PK10选项
2025-09-10 19:51:02.650 | INFO     | python_scraper:navigate_to_page:106 - 成功切换到台湾PK10数据
2025-09-10 19:51:02.762 | INFO     | python_scraper:select_date:197 - 找到日期选择器: input[placeholder*='日期']
2025-09-10 19:51:02.791 | DEBUG    | python_scraper:select_date:264 - 日期输入方法1失败: Message: invalid element state
  (Session info: chrome=139.0.7258.155)
Stacktrace:
0   chromedriver                        0x0000000108466668 chromedriver + 5928552
1   chromedriver                        0x000000010845dc0a chromedriver + 5893130
2   chromedriver                        0x0000000107f27c43 chromedriver + 429123
3   chromedriver                        0x0000000107f7050e chromedriver + 726286
4   chromedriver                        0x0000000107fa0062 chromedriver + 921698
5   chromedriver                        0x0000000107f6db48 chromedriver + 715592
6   chromedriver                        0x0000000107fa021e chromedriver + 922142
7   chromedriver                        0x0000000107fc71d4 chromedriver + 1081812
8   chromedriver                        0x0000000107f9fe33 chromedriver + 921139
9   chromedriver                        0x0000000107f6c37b chromedriver + 709499
10  chromedriver                        0x0000000107f6d061 chromedriver + 712801
11  chromedriver                        0x00000001084240e0 chromedriver + 5656800
12  chromedriver                        0x0000000108427fa4 chromedriver + 5672868
13  chromedriver                        0x00000001083ff052 chromedriver + 5505106
14  chromedriver                        0x0000000108428a4f chromedriver + 5675599
15  chromedriver                        0x00000001083ee004 chromedriver + 5435396
16  chromedriver                        0x000000010844ad88 chromedriver + 5815688
17  chromedriver                        0x000000010844af50 chromedriver + 5816144
18  chromedriver                        0x000000010845d7e1 chromedriver + 5892065
19  libsystem_pthread.dylib             0x00007ff814eba1d3 _pthread_start + 125
20  libsystem_pthread.dylib             0x00007ff814eb5bd3 thread_start + 15

2025-09-10 19:51:04.831 | INFO     | python_scraper:select_date:223 - 已选择日期: 2025-09-10 (使用选择器: input[placeholder*='日期'], 方法2)
2025-09-10 19:51:10.031 | INFO     | python_scraper:select_date:257 - 未找到查询按钮，已按回车键尝试触发更新
2025-09-10 19:51:10.042 | INFO     | python_scraper:scrape_all_pages:826 - 正在抓取第 1 页数据
2025-09-10 19:51:10.062 | INFO     | python_scraper:extract_lottery_data:484 - 第1页找到 3 个表格
2025-09-10 19:51:10.105 | INFO     | python_scraper:extract_lottery_data:498 - 第1页选择表格 2，包含 50 行
2025-09-10 19:51:10.123 | INFO     | python_scraper:extract_lottery_data:510 - 第1页找到 50 行数据
2025-09-10 19:51:10.147 | INFO     | python_scraper:extract_lottery_data:524 - 第1页第一行包含有效数据，从第一行开始读取
2025-09-10 19:51:11.879 | INFO     | python_scraper:extract_lottery_data:572 - 第1页成功提取 50 条数据
2025-09-10 19:51:11.889 | INFO     | python_scraper:scrape_all_pages:845 - 第 1 页获取到 50 条新数据
2025-09-10 19:51:16.793 | INFO     | python_scraper:navigate_to_next_page:797 - 已成功翻页: <button type="button" class="btn-next is-last" aria-label="下一页" aria-disabled="false"><i class="el-i
2025-09-10 19:51:18.829 | INFO     | python_scraper:scrape_all_pages:826 - 正在抓取第 2 页数据
2025-09-10 19:51:18.847 | INFO     | python_scraper:extract_lottery_data:484 - 第2页找到 3 个表格
2025-09-10 19:51:18.881 | INFO     | python_scraper:extract_lottery_data:498 - 第2页选择表格 2，包含 50 行
2025-09-10 19:51:18.897 | INFO     | python_scraper:extract_lottery_data:510 - 第2页找到 50 行数据
2025-09-10 19:51:18.921 | INFO     | python_scraper:extract_lottery_data:524 - 第2页第一行包含有效数据，从第一行开始读取
2025-09-10 19:51:20.606 | INFO     | python_scraper:extract_lottery_data:572 - 第2页成功提取 50 条数据
2025-09-10 19:51:20.620 | INFO     | python_scraper:scrape_all_pages:845 - 第 2 页获取到 50 条新数据
2025-09-10 19:51:25.477 | INFO     | python_scraper:navigate_to_next_page:797 - 已成功翻页: <button type="button" class="btn-next is-last" aria-label="下一页" aria-disabled="false"><i class="el-i
2025-09-10 19:51:27.519 | INFO     | python_scraper:scrape_all_pages:826 - 正在抓取第 3 页数据
2025-09-10 19:51:27.547 | INFO     | python_scraper:extract_lottery_data:484 - 第3页找到 3 个表格
2025-09-10 19:51:27.583 | INFO     | python_scraper:extract_lottery_data:498 - 第3页选择表格 2，包含 50 行
2025-09-10 19:51:27.602 | INFO     | python_scraper:extract_lottery_data:510 - 第3页找到 50 行数据
2025-09-10 19:51:27.625 | INFO     | python_scraper:extract_lottery_data:524 - 第3页第一行包含有效数据，从第一行开始读取
2025-09-10 19:51:29.333 | INFO     | python_scraper:extract_lottery_data:572 - 第3页成功提取 50 条数据
2025-09-10 19:51:29.350 | INFO     | python_scraper:scrape_all_pages:845 - 第 3 页获取到 50 条新数据
2025-09-10 19:51:34.025 | INFO     | python_scraper:navigate_to_next_page:797 - 已成功翻页: <button type="button" class="btn-next is-last" aria-label="下一页" aria-disabled="true" disabled=""><i 
2025-09-10 19:51:36.061 | INFO     | python_scraper:scrape_all_pages:826 - 正在抓取第 4 页数据
2025-09-10 19:51:36.079 | INFO     | python_scraper:extract_lottery_data:484 - 第4页找到 3 个表格
2025-09-10 19:51:36.114 | INFO     | python_scraper:extract_lottery_data:498 - 第4页选择表格 2，包含 4 行
2025-09-10 19:51:36.131 | INFO     | python_scraper:extract_lottery_data:510 - 第4页找到 4 行数据
2025-09-10 19:51:36.157 | INFO     | python_scraper:extract_lottery_data:524 - 第4页第一行包含有效数据，从第一行开始读取
2025-09-10 19:51:36.307 | INFO     | python_scraper:extract_lottery_data:572 - 第4页成功提取 4 条数据
2025-09-10 19:51:36.315 | INFO     | python_scraper:scrape_all_pages:845 - 第 4 页获取到 3 条新数据
2025-09-10 19:51:36.324 | INFO     | python_scraper:scrape_all_pages:847 - 第 4 页跳过 1 条重复数据
2025-09-10 19:51:36.540 | INFO     | python_scraper:navigate_to_next_page:810 - 没有找到可用的下一页按钮，已到达最后一页
2025-09-10 19:51:36.549 | INFO     | python_scraper:scrape_all_pages:873 - 第 4 页后没有更多页面，抓取完成
2025-09-10 19:51:36.557 | INFO     | python_scraper:scrape_all_pages:879 - 总共抓取了 4 页，获得 153 条唯一数据
2025-09-10 19:51:36.567 | INFO     | python_scraper:run_scraper:951 - 数据验证完成，有效数据: 153/153 条
2025-09-10 19:51:36.579 | INFO     | python_scraper:save_to_json:914 - 数据已保存到: data/taiwan_pk10_data_20250910_195136.json
2025-09-10 19:51:40.164 | ERROR    | python_scraper:connect_mongodb:1100 - 连接MongoDB失败: bad auth : authentication failed, full error: {'ok': 0, 'errmsg': 'bad auth : authentication failed', 'code': 8000, 'codeName': 'AtlasError'}
2025-09-10 19:51:40.183 | ERROR    | python_scraper:run_scraper:972 - 保存到MongoDB失败
2025-09-10 19:51:40.193 | INFO     | python_scraper:run_scraper:976 - 抓取完成，共获得 153 条有效数据
2025-09-10 19:51:40.323 | INFO     | python_scraper:cleanup:1082 - 浏览器驱动已关闭
2025-09-10 19:51:40.342 | INFO     | python_scraper:cleanup:1082 - 浏览器驱动已关闭
2025-09-10 19:52:40.352 | INFO     | python_scraper:run_scraper:926 - 开始运行台湾PK10数据抓取器
2025-09-10 19:52:41.847 | INFO     | python_scraper:setup_driver:86 - Chrome浏览器驱动设置完成
2025-09-10 19:52:41.867 | INFO     | python_scraper:navigate_to_page:95 - 正在访问: https://xn--kpro5poukl1g.com/#/
2025-09-10 19:52:47.363 | INFO     | python_scraper:navigate_to_page:102 - 页面加载完成
2025-09-10 19:52:47.418 | INFO     | python_scraper:click_pk10_option:148 - 找到台湾PK10选项: 台湾PK10
2025-09-10 19:52:49.482 | INFO     | python_scraper:click_pk10_option:152 - 成功点击台湾PK10选项
2025-09-10 19:52:49.493 | INFO     | python_scraper:navigate_to_page:106 - 成功切换到台湾PK10数据
2025-09-10 19:52:49.604 | INFO     | python_scraper:select_date:197 - 找到日期选择器: input[placeholder*='日期']
2025-09-10 19:52:49.640 | DEBUG    | python_scraper:select_date:264 - 日期输入方法1失败: Message: invalid element state
  (Session info: chrome=139.0.7258.155)
Stacktrace:
0   chromedriver                        0x000000010e680668 chromedriver + 5928552
1   chromedriver                        0x000000010e677c0a chromedriver + 5893130
2   chromedriver                        0x000000010e141c43 chromedriver + 429123
3   chromedriver                        0x000000010e18a50e chromedriver + 726286
4   chromedriver                        0x000000010e1ba062 chromedriver + 921698
5   chromedriver                        0x000000010e187b48 chromedriver + 715592
6   chromedriver                        0x000000010e1ba21e chromedriver + 922142
7   chromedriver                        0x000000010e1e11d4 chromedriver + 1081812
8   chromedriver                        0x000000010e1b9e33 chromedriver + 921139
9   chromedriver                        0x000000010e18637b chromedriver + 709499
10  chromedriver                        0x000000010e187061 chromedriver + 712801
11  chromedriver                        0x000000010e63e0e0 chromedriver + 5656800
12  chromedriver                        0x000000010e641fa4 chromedriver + 5672868
13  chromedriver                        0x000000010e619052 chromedriver + 5505106
14  chromedriver                        0x000000010e642a4f chromedriver + 5675599
15  chromedriver                        0x000000010e608004 chromedriver + 5435396
16  chromedriver                        0x000000010e664d88 chromedriver + 5815688
17  chromedriver                        0x000000010e664f50 chromedriver + 5816144
18  chromedriver                        0x000000010e6777e1 chromedriver + 5892065
19  libsystem_pthread.dylib             0x00007ff814eba1d3 _pthread_start + 125
20  libsystem_pthread.dylib             0x00007ff814eb5bd3 thread_start + 15

2025-09-10 19:52:51.672 | INFO     | python_scraper:select_date:223 - 已选择日期: 2025-09-10 (使用选择器: input[placeholder*='日期'], 方法2)
2025-09-10 19:52:56.846 | INFO     | python_scraper:select_date:257 - 未找到查询按钮，已按回车键尝试触发更新
2025-09-10 19:52:56.857 | INFO     | python_scraper:scrape_all_pages:826 - 正在抓取第 1 页数据
2025-09-10 19:52:56.879 | INFO     | python_scraper:extract_lottery_data:484 - 第1页找到 3 个表格
2025-09-10 19:52:56.926 | INFO     | python_scraper:extract_lottery_data:498 - 第1页选择表格 2，包含 50 行
2025-09-10 19:52:56.946 | INFO     | python_scraper:extract_lottery_data:510 - 第1页找到 50 行数据
2025-09-10 19:52:56.973 | INFO     | python_scraper:extract_lottery_data:524 - 第1页第一行包含有效数据，从第一行开始读取
2025-09-10 19:52:58.691 | INFO     | python_scraper:extract_lottery_data:572 - 第1页成功提取 50 条数据
2025-09-10 19:52:58.700 | INFO     | python_scraper:scrape_all_pages:845 - 第 1 页获取到 50 条新数据
2025-09-10 19:53:03.561 | INFO     | python_scraper:navigate_to_next_page:797 - 已成功翻页: <button type="button" class="btn-next is-last" aria-label="下一页" aria-disabled="false"><i class="el-i
2025-09-10 19:53:05.603 | INFO     | python_scraper:scrape_all_pages:826 - 正在抓取第 2 页数据
2025-09-10 19:53:05.619 | INFO     | python_scraper:extract_lottery_data:484 - 第2页找到 3 个表格
2025-09-10 19:53:05.654 | INFO     | python_scraper:extract_lottery_data:498 - 第2页选择表格 2，包含 50 行
2025-09-10 19:53:05.671 | INFO     | python_scraper:extract_lottery_data:510 - 第2页找到 50 行数据
2025-09-10 19:53:05.694 | INFO     | python_scraper:extract_lottery_data:524 - 第2页第一行包含有效数据，从第一行开始读取
2025-09-10 19:53:07.404 | INFO     | python_scraper:extract_lottery_data:572 - 第2页成功提取 50 条数据
2025-09-10 19:53:07.419 | INFO     | python_scraper:scrape_all_pages:845 - 第 2 页获取到 50 条新数据
2025-09-10 19:53:12.285 | INFO     | python_scraper:navigate_to_next_page:797 - 已成功翻页: <button type="button" class="btn-next is-last" aria-label="下一页" aria-disabled="false"><i class="el-i
2025-09-10 19:53:14.300 | INFO     | python_scraper:scrape_all_pages:826 - 正在抓取第 3 页数据
2025-09-10 19:53:14.336 | INFO     | python_scraper:extract_lottery_data:484 - 第3页找到 3 个表格
2025-09-10 19:53:14.370 | INFO     | python_scraper:extract_lottery_data:498 - 第3页选择表格 2，包含 50 行
2025-09-10 19:53:14.393 | INFO     | python_scraper:extract_lottery_data:510 - 第3页找到 50 行数据
2025-09-10 19:53:14.427 | INFO     | python_scraper:extract_lottery_data:524 - 第3页第一行包含有效数据，从第一行开始读取
2025-09-10 19:53:16.181 | INFO     | python_scraper:extract_lottery_data:572 - 第3页成功提取 50 条数据
2025-09-10 19:53:16.190 | INFO     | python_scraper:scrape_all_pages:845 - 第 3 页获取到 50 条新数据
2025-09-10 19:53:20.728 | INFO     | python_scraper:navigate_to_next_page:797 - 已成功翻页: <button type="button" class="btn-next is-last" aria-label="下一页" aria-disabled="true" disabled=""><i 
2025-09-10 19:53:22.764 | INFO     | python_scraper:scrape_all_pages:826 - 正在抓取第 4 页数据
2025-09-10 19:53:22.780 | INFO     | python_scraper:extract_lottery_data:484 - 第4页找到 3 个表格
2025-09-10 19:53:22.821 | INFO     | python_scraper:extract_lottery_data:498 - 第4页选择表格 2，包含 4 行
2025-09-10 19:53:22.840 | INFO     | python_scraper:extract_lottery_data:510 - 第4页找到 4 行数据
2025-09-10 19:53:22.865 | INFO     | python_scraper:extract_lottery_data:524 - 第4页第一行包含有效数据，从第一行开始读取
2025-09-10 19:53:23.018 | INFO     | python_scraper:extract_lottery_data:572 - 第4页成功提取 4 条数据
2025-09-10 19:53:23.026 | INFO     | python_scraper:scrape_all_pages:845 - 第 4 页获取到 4 条新数据
2025-09-10 19:53:23.234 | INFO     | python_scraper:navigate_to_next_page:810 - 没有找到可用的下一页按钮，已到达最后一页
2025-09-10 19:53:23.243 | INFO     | python_scraper:scrape_all_pages:873 - 第 4 页后没有更多页面，抓取完成
2025-09-10 19:53:23.251 | INFO     | python_scraper:scrape_all_pages:879 - 总共抓取了 4 页，获得 154 条唯一数据
2025-09-10 19:53:23.260 | INFO     | python_scraper:run_scraper:951 - 数据验证完成，有效数据: 154/154 条
2025-09-10 19:53:23.273 | INFO     | python_scraper:save_to_json:914 - 数据已保存到: data/taiwan_pk10_data_20250910_195323.json
2025-09-10 19:53:27.063 | ERROR    | python_scraper:connect_mongodb:1100 - 连接MongoDB失败: bad auth : authentication failed, full error: {'ok': 0, 'errmsg': 'bad auth : authentication failed', 'code': 8000, 'codeName': 'AtlasError'}
2025-09-10 19:53:27.076 | ERROR    | python_scraper:run_scraper:972 - 保存到MongoDB失败
2025-09-10 19:53:27.086 | INFO     | python_scraper:run_scraper:976 - 抓取完成，共获得 154 条有效数据
2025-09-10 19:53:27.200 | INFO     | python_scraper:cleanup:1082 - 浏览器驱动已关闭
2025-09-10 19:53:27.218 | INFO     | python_scraper:cleanup:1082 - 浏览器驱动已关闭
2025-09-10 19:53:32.233 | INFO     | python_scraper:run_scraper:926 - 开始运行台湾PK10数据抓取器
2025-09-10 19:53:33.606 | INFO     | python_scraper:setup_driver:86 - Chrome浏览器驱动设置完成
2025-09-10 19:53:33.620 | INFO     | python_scraper:navigate_to_page:95 - 正在访问: https://xn--kpro5poukl1g.com/#/
2025-09-10 19:53:39.530 | INFO     | python_scraper:navigate_to_page:102 - 页面加载完成
2025-09-10 19:53:39.585 | INFO     | python_scraper:click_pk10_option:148 - 找到台湾PK10选项: 台湾PK10
2025-09-10 19:53:41.656 | INFO     | python_scraper:click_pk10_option:152 - 成功点击台湾PK10选项
2025-09-10 19:53:41.668 | INFO     | python_scraper:navigate_to_page:106 - 成功切换到台湾PK10数据
2025-09-10 19:53:41.783 | INFO     | python_scraper:select_date:197 - 找到日期选择器: input[placeholder*='日期']
2025-09-10 19:53:41.812 | DEBUG    | python_scraper:select_date:264 - 日期输入方法1失败: Message: invalid element state
  (Session info: chrome=139.0.7258.155)
Stacktrace:
0   chromedriver                        0x0000000108b6e668 chromedriver + 5928552
1   chromedriver                        0x0000000108b65c0a chromedriver + 5893130
2   chromedriver                        0x000000010862fc43 chromedriver + 429123
3   chromedriver                        0x000000010867850e chromedriver + 726286
4   chromedriver                        0x00000001086a8062 chromedriver + 921698
5   chromedriver                        0x0000000108675b48 chromedriver + 715592
6   chromedriver                        0x00000001086a821e chromedriver + 922142
7   chromedriver                        0x00000001086cf1d4 chromedriver + 1081812
8   chromedriver                        0x00000001086a7e33 chromedriver + 921139
9   chromedriver                        0x000000010867437b chromedriver + 709499
10  chromedriver                        0x0000000108675061 chromedriver + 712801
11  chromedriver                        0x0000000108b2c0e0 chromedriver + 5656800
12  chromedriver                        0x0000000108b2ffa4 chromedriver + 5672868
13  chromedriver                        0x0000000108b07052 chromedriver + 5505106
14  chromedriver                        0x0000000108b30a4f chromedriver + 5675599
15  chromedriver                        0x0000000108af6004 chromedriver + 5435396
16  chromedriver                        0x0000000108b52d88 chromedriver + 5815688
17  chromedriver                        0x0000000108b52f50 chromedriver + 5816144
18  chromedriver                        0x0000000108b657e1 chromedriver + 5892065
19  libsystem_pthread.dylib             0x00007ff814eba1d3 _pthread_start + 125
20  libsystem_pthread.dylib             0x00007ff814eb5bd3 thread_start + 15

2025-09-10 19:53:43.858 | INFO     | python_scraper:select_date:223 - 已选择日期: 2025-09-10 (使用选择器: input[placeholder*='日期'], 方法2)
2025-09-10 19:53:49.056 | INFO     | python_scraper:select_date:257 - 未找到查询按钮，已按回车键尝试触发更新
2025-09-10 19:53:49.068 | INFO     | python_scraper:scrape_all_pages:826 - 正在抓取第 1 页数据
2025-09-10 19:53:49.086 | INFO     | python_scraper:extract_lottery_data:484 - 第1页找到 3 个表格
2025-09-10 19:53:49.129 | INFO     | python_scraper:extract_lottery_data:498 - 第1页选择表格 2，包含 50 行
2025-09-10 19:53:49.147 | INFO     | python_scraper:extract_lottery_data:510 - 第1页找到 50 行数据
2025-09-10 19:53:49.169 | INFO     | python_scraper:extract_lottery_data:524 - 第1页第一行包含有效数据，从第一行开始读取
2025-09-10 19:53:50.826 | INFO     | python_scraper:extract_lottery_data:572 - 第1页成功提取 50 条数据
2025-09-10 19:53:50.836 | INFO     | python_scraper:scrape_all_pages:845 - 第 1 页获取到 50 条新数据
2025-09-10 19:53:55.729 | INFO     | python_scraper:navigate_to_next_page:797 - 已成功翻页: <button type="button" class="btn-next is-last" aria-label="下一页" aria-disabled="false"><i class="el-i
2025-09-10 19:53:57.744 | INFO     | python_scraper:scrape_all_pages:826 - 正在抓取第 2 页数据
2025-09-10 19:53:57.761 | INFO     | python_scraper:extract_lottery_data:484 - 第2页找到 3 个表格
2025-09-10 19:53:57.797 | INFO     | python_scraper:extract_lottery_data:498 - 第2页选择表格 2，包含 50 行
2025-09-10 19:53:57.817 | INFO     | python_scraper:extract_lottery_data:510 - 第2页找到 50 行数据
2025-09-10 19:53:57.839 | INFO     | python_scraper:extract_lottery_data:524 - 第2页第一行包含有效数据，从第一行开始读取
2025-09-10 19:53:59.508 | INFO     | python_scraper:extract_lottery_data:572 - 第2页成功提取 50 条数据
2025-09-10 19:53:59.517 | INFO     | python_scraper:scrape_all_pages:845 - 第 2 页获取到 50 条新数据
2025-09-10 19:54:04.356 | INFO     | python_scraper:navigate_to_next_page:797 - 已成功翻页: <button type="button" class="btn-next is-last" aria-label="下一页" aria-disabled="false"><i class="el-i
2025-09-10 19:54:06.394 | INFO     | python_scraper:scrape_all_pages:826 - 正在抓取第 3 页数据
2025-09-10 19:54:06.424 | INFO     | python_scraper:extract_lottery_data:484 - 第3页找到 3 个表格
2025-09-10 19:54:06.471 | INFO     | python_scraper:extract_lottery_data:498 - 第3页选择表格 2，包含 50 行
2025-09-10 19:54:06.490 | INFO     | python_scraper:extract_lottery_data:510 - 第3页找到 50 行数据
2025-09-10 19:54:06.514 | INFO     | python_scraper:extract_lottery_data:524 - 第3页第一行包含有效数据，从第一行开始读取
2025-09-10 19:54:08.193 | INFO     | python_scraper:extract_lottery_data:572 - 第3页成功提取 50 条数据
2025-09-10 19:54:08.202 | INFO     | python_scraper:scrape_all_pages:845 - 第 3 页获取到 50 条新数据
2025-09-10 19:54:12.745 | INFO     | python_scraper:navigate_to_next_page:797 - 已成功翻页: <button type="button" class="btn-next is-last" aria-label="下一页" aria-disabled="true" disabled=""><i 
2025-09-10 19:54:14.757 | INFO     | python_scraper:scrape_all_pages:826 - 正在抓取第 4 页数据
2025-09-10 19:54:14.776 | INFO     | python_scraper:extract_lottery_data:484 - 第4页找到 3 个表格
2025-09-10 19:54:14.833 | INFO     | python_scraper:extract_lottery_data:498 - 第4页选择表格 2，包含 4 行
2025-09-10 19:54:14.851 | INFO     | python_scraper:extract_lottery_data:510 - 第4页找到 4 行数据
2025-09-10 19:54:14.872 | INFO     | python_scraper:extract_lottery_data:524 - 第4页第一行包含有效数据，从第一行开始读取
2025-09-10 19:54:15.008 | INFO     | python_scraper:extract_lottery_data:572 - 第4页成功提取 4 条数据
2025-09-10 19:54:15.017 | INFO     | python_scraper:scrape_all_pages:845 - 第 4 页获取到 4 条新数据
2025-09-10 19:54:15.228 | INFO     | python_scraper:navigate_to_next_page:810 - 没有找到可用的下一页按钮，已到达最后一页
2025-09-10 19:54:15.238 | INFO     | python_scraper:scrape_all_pages:873 - 第 4 页后没有更多页面，抓取完成
2025-09-10 19:54:15.247 | INFO     | python_scraper:scrape_all_pages:879 - 总共抓取了 4 页，获得 154 条唯一数据
2025-09-10 19:54:15.255 | INFO     | python_scraper:run_scraper:951 - 数据验证完成，有效数据: 154/154 条
2025-09-10 19:54:15.274 | INFO     | python_scraper:save_to_json:914 - 数据已保存到: data/taiwan_pk10_data_20250910_195415.json
2025-09-10 19:54:18.955 | ERROR    | python_scraper:connect_mongodb:1100 - 连接MongoDB失败: bad auth : authentication failed, full error: {'ok': 0, 'errmsg': 'bad auth : authentication failed', 'code': 8000, 'codeName': 'AtlasError'}
2025-09-10 19:54:18.969 | ERROR    | python_scraper:run_scraper:972 - 保存到MongoDB失败
2025-09-10 19:54:18.982 | INFO     | python_scraper:run_scraper:976 - 抓取完成，共获得 154 条有效数据
2025-09-10 19:54:19.108 | INFO     | python_scraper:cleanup:1082 - 浏览器驱动已关闭
2025-09-10 19:54:19.126 | INFO     | python_scraper:cleanup:1082 - 浏览器驱动已关闭
2025-09-10 19:55:19.143 | INFO     | python_scraper:run_scraper:926 - 开始运行台湾PK10数据抓取器
2025-09-10 19:55:20.600 | INFO     | python_scraper:setup_driver:86 - Chrome浏览器驱动设置完成
2025-09-10 19:55:20.626 | INFO     | python_scraper:navigate_to_page:95 - 正在访问: https://xn--kpro5poukl1g.com/#/
2025-09-10 19:55:26.231 | INFO     | python_scraper:navigate_to_page:102 - 页面加载完成
2025-09-10 19:55:26.283 | INFO     | python_scraper:click_pk10_option:148 - 找到台湾PK10选项: 台湾PK10
2025-09-10 19:55:28.347 | INFO     | python_scraper:click_pk10_option:152 - 成功点击台湾PK10选项
2025-09-10 19:55:28.356 | INFO     | python_scraper:navigate_to_page:106 - 成功切换到台湾PK10数据
2025-09-10 19:55:28.468 | INFO     | python_scraper:select_date:197 - 找到日期选择器: input[placeholder*='日期']
2025-09-10 19:55:28.500 | DEBUG    | python_scraper:select_date:264 - 日期输入方法1失败: Message: invalid element state
  (Session info: chrome=139.0.7258.155)
Stacktrace:
0   chromedriver                        0x0000000110182668 chromedriver + 5928552
1   chromedriver                        0x0000000110179c0a chromedriver + 5893130
2   chromedriver                        0x000000010fc43c43 chromedriver + 429123
3   chromedriver                        0x000000010fc8c50e chromedriver + 726286
4   chromedriver                        0x000000010fcbc062 chromedriver + 921698
5   chromedriver                        0x000000010fc89b48 chromedriver + 715592
6   chromedriver                        0x000000010fcbc21e chromedriver + 922142
7   chromedriver                        0x000000010fce31d4 chromedriver + 1081812
8   chromedriver                        0x000000010fcbbe33 chromedriver + 921139
9   chromedriver                        0x000000010fc8837b chromedriver + 709499
10  chromedriver                        0x000000010fc89061 chromedriver + 712801
11  chromedriver                        0x00000001101400e0 chromedriver + 5656800
12  chromedriver                        0x0000000110143fa4 chromedriver + 5672868
13  chromedriver                        0x000000011011b052 chromedriver + 5505106
14  chromedriver                        0x0000000110144a4f chromedriver + 5675599
15  chromedriver                        0x000000011010a004 chromedriver + 5435396
16  chromedriver                        0x0000000110166d88 chromedriver + 5815688
17  chromedriver                        0x0000000110166f50 chromedriver + 5816144
18  chromedriver                        0x00000001101797e1 chromedriver + 5892065
19  libsystem_pthread.dylib             0x00007ff814eba1d3 _pthread_start + 125
20  libsystem_pthread.dylib             0x00007ff814eb5bd3 thread_start + 15

2025-09-10 19:55:30.529 | INFO     | python_scraper:select_date:223 - 已选择日期: 2025-09-10 (使用选择器: input[placeholder*='日期'], 方法2)
2025-09-10 19:55:35.702 | INFO     | python_scraper:select_date:257 - 未找到查询按钮，已按回车键尝试触发更新
2025-09-10 19:55:35.713 | INFO     | python_scraper:scrape_all_pages:826 - 正在抓取第 1 页数据
2025-09-10 19:55:35.730 | INFO     | python_scraper:extract_lottery_data:484 - 第1页找到 3 个表格
2025-09-10 19:55:35.775 | INFO     | python_scraper:extract_lottery_data:498 - 第1页选择表格 2，包含 50 行
2025-09-10 19:55:35.792 | INFO     | python_scraper:extract_lottery_data:510 - 第1页找到 50 行数据
2025-09-10 19:55:35.816 | INFO     | python_scraper:extract_lottery_data:524 - 第1页第一行包含有效数据，从第一行开始读取
2025-09-10 19:55:37.488 | INFO     | python_scraper:extract_lottery_data:572 - 第1页成功提取 50 条数据
2025-09-10 19:55:37.502 | INFO     | python_scraper:scrape_all_pages:845 - 第 1 页获取到 50 条新数据
2025-09-10 19:55:42.420 | INFO     | python_scraper:navigate_to_next_page:797 - 已成功翻页: <button type="button" class="btn-next is-last" aria-label="下一页" aria-disabled="false"><i class="el-i
2025-09-10 19:55:44.462 | INFO     | python_scraper:scrape_all_pages:826 - 正在抓取第 2 页数据
2025-09-10 19:55:44.481 | INFO     | python_scraper:extract_lottery_data:484 - 第2页找到 3 个表格
2025-09-10 19:55:44.519 | INFO     | python_scraper:extract_lottery_data:498 - 第2页选择表格 2，包含 50 行
2025-09-10 19:55:44.538 | INFO     | python_scraper:extract_lottery_data:510 - 第2页找到 50 行数据
2025-09-10 19:55:44.562 | INFO     | python_scraper:extract_lottery_data:524 - 第2页第一行包含有效数据，从第一行开始读取
2025-09-10 19:55:46.285 | INFO     | python_scraper:extract_lottery_data:572 - 第2页成功提取 50 条数据
2025-09-10 19:55:46.299 | INFO     | python_scraper:scrape_all_pages:845 - 第 2 页获取到 50 条新数据
2025-09-10 19:55:51.153 | INFO     | python_scraper:navigate_to_next_page:797 - 已成功翻页: <button type="button" class="btn-next is-last" aria-label="下一页" aria-disabled="false"><i class="el-i
2025-09-10 19:55:53.190 | INFO     | python_scraper:scrape_all_pages:826 - 正在抓取第 3 页数据
2025-09-10 19:55:53.207 | INFO     | python_scraper:extract_lottery_data:484 - 第3页找到 3 个表格
2025-09-10 19:55:53.241 | INFO     | python_scraper:extract_lottery_data:498 - 第3页选择表格 2，包含 50 行
2025-09-10 19:55:53.259 | INFO     | python_scraper:extract_lottery_data:510 - 第3页找到 50 行数据
2025-09-10 19:55:53.292 | INFO     | python_scraper:extract_lottery_data:524 - 第3页第一行包含有效数据，从第一行开始读取
2025-09-10 19:55:54.977 | INFO     | python_scraper:extract_lottery_data:572 - 第3页成功提取 50 条数据
2025-09-10 19:55:54.986 | INFO     | python_scraper:scrape_all_pages:845 - 第 3 页获取到 50 条新数据
2025-09-10 19:55:59.536 | INFO     | python_scraper:navigate_to_next_page:797 - 已成功翻页: <button type="button" class="btn-next is-last" aria-label="下一页" aria-disabled="true" disabled=""><i 
2025-09-10 19:56:01.555 | INFO     | python_scraper:scrape_all_pages:826 - 正在抓取第 4 页数据
2025-09-10 19:56:01.596 | INFO     | python_scraper:extract_lottery_data:484 - 第4页找到 3 个表格
2025-09-10 19:56:01.633 | INFO     | python_scraper:extract_lottery_data:498 - 第4页选择表格 2，包含 4 行
2025-09-10 19:56:01.653 | INFO     | python_scraper:extract_lottery_data:510 - 第4页找到 4 行数据
2025-09-10 19:56:01.675 | INFO     | python_scraper:extract_lottery_data:524 - 第4页第一行包含有效数据，从第一行开始读取
2025-09-10 19:56:01.817 | INFO     | python_scraper:extract_lottery_data:572 - 第4页成功提取 4 条数据
2025-09-10 19:56:01.826 | INFO     | python_scraper:scrape_all_pages:845 - 第 4 页获取到 4 条新数据
2025-09-10 19:56:02.046 | INFO     | python_scraper:navigate_to_next_page:810 - 没有找到可用的下一页按钮，已到达最后一页
2025-09-10 19:56:02.059 | INFO     | python_scraper:scrape_all_pages:873 - 第 4 页后没有更多页面，抓取完成
2025-09-10 19:56:02.068 | INFO     | python_scraper:scrape_all_pages:879 - 总共抓取了 4 页，获得 154 条唯一数据
2025-09-10 19:56:02.078 | INFO     | python_scraper:run_scraper:951 - 数据验证完成，有效数据: 154/154 条
2025-09-10 19:56:02.096 | INFO     | python_scraper:save_to_json:914 - 数据已保存到: data/taiwan_pk10_data_20250910_195602.json
2025-09-10 19:56:05.612 | ERROR    | python_scraper:connect_mongodb:1100 - 连接MongoDB失败: bad auth : authentication failed, full error: {'ok': 0, 'errmsg': 'bad auth : authentication failed', 'code': 8000, 'codeName': 'AtlasError'}
2025-09-10 19:56:05.622 | ERROR    | python_scraper:run_scraper:972 - 保存到MongoDB失败
2025-09-10 19:56:05.632 | INFO     | python_scraper:run_scraper:976 - 抓取完成，共获得 154 条有效数据
2025-09-10 19:56:05.760 | INFO     | python_scraper:cleanup:1082 - 浏览器驱动已关闭
2025-09-10 19:56:05.779 | INFO     | python_scraper:cleanup:1082 - 浏览器驱动已关闭
2025-09-10 19:57:05.786 | INFO     | python_scraper:run_scraper:926 - 开始运行台湾PK10数据抓取器
2025-09-10 19:57:07.306 | INFO     | python_scraper:setup_driver:86 - Chrome浏览器驱动设置完成
2025-09-10 19:57:07.322 | INFO     | python_scraper:navigate_to_page:95 - 正在访问: https://xn--kpro5poukl1g.com/#/
2025-09-10 19:57:12.930 | INFO     | python_scraper:navigate_to_page:102 - 页面加载完成
2025-09-10 19:57:13.000 | INFO     | python_scraper:click_pk10_option:148 - 找到台湾PK10选项: 台湾PK10
2025-09-10 19:57:15.076 | INFO     | python_scraper:click_pk10_option:152 - 成功点击台湾PK10选项
2025-09-10 19:57:15.086 | INFO     | python_scraper:navigate_to_page:106 - 成功切换到台湾PK10数据
2025-09-10 19:57:15.192 | INFO     | python_scraper:select_date:197 - 找到日期选择器: input[placeholder*='日期']
2025-09-10 19:57:15.228 | DEBUG    | python_scraper:select_date:264 - 日期输入方法1失败: Message: invalid element state
  (Session info: chrome=139.0.7258.155)
Stacktrace:
0   chromedriver                        0x000000010a503668 chromedriver + 5928552
1   chromedriver                        0x000000010a4fac0a chromedriver + 5893130
2   chromedriver                        0x0000000109fc4c43 chromedriver + 429123
3   chromedriver                        0x000000010a00d50e chromedriver + 726286
4   chromedriver                        0x000000010a03d062 chromedriver + 921698
5   chromedriver                        0x000000010a00ab48 chromedriver + 715592
6   chromedriver                        0x000000010a03d21e chromedriver + 922142
7   chromedriver                        0x000000010a0641d4 chromedriver + 1081812
8   chromedriver                        0x000000010a03ce33 chromedriver + 921139
9   chromedriver                        0x000000010a00937b chromedriver + 709499
10  chromedriver                        0x000000010a00a061 chromedriver + 712801
11  chromedriver                        0x000000010a4c10e0 chromedriver + 5656800
12  chromedriver                        0x000000010a4c4fa4 chromedriver + 5672868
13  chromedriver                        0x000000010a49c052 chromedriver + 5505106
14  chromedriver                        0x000000010a4c5a4f chromedriver + 5675599
15  chromedriver                        0x000000010a48b004 chromedriver + 5435396
16  chromedriver                        0x000000010a4e7d88 chromedriver + 5815688
17  chromedriver                        0x000000010a4e7f50 chromedriver + 5816144
18  chromedriver                        0x000000010a4fa7e1 chromedriver + 5892065
19  libsystem_pthread.dylib             0x00007ff814eba1d3 _pthread_start + 125
20  libsystem_pthread.dylib             0x00007ff814eb5bd3 thread_start + 15

2025-09-10 19:57:17.264 | INFO     | python_scraper:select_date:223 - 已选择日期: 2025-09-10 (使用选择器: input[placeholder*='日期'], 方法2)
2025-09-10 19:57:22.438 | INFO     | python_scraper:select_date:257 - 未找到查询按钮，已按回车键尝试触发更新
2025-09-10 19:57:22.448 | INFO     | python_scraper:scrape_all_pages:826 - 正在抓取第 1 页数据
2025-09-10 19:57:22.467 | INFO     | python_scraper:extract_lottery_data:484 - 第1页找到 3 个表格
2025-09-10 19:57:22.511 | INFO     | python_scraper:extract_lottery_data:498 - 第1页选择表格 2，包含 50 行
2025-09-10 19:57:22.528 | INFO     | python_scraper:extract_lottery_data:510 - 第1页找到 50 行数据
2025-09-10 19:57:22.555 | INFO     | python_scraper:extract_lottery_data:524 - 第1页第一行包含有效数据，从第一行开始读取
2025-09-10 19:57:24.232 | INFO     | python_scraper:extract_lottery_data:572 - 第1页成功提取 50 条数据
2025-09-10 19:57:24.247 | INFO     | python_scraper:scrape_all_pages:845 - 第 1 页获取到 50 条新数据
2025-09-10 19:57:29.142 | INFO     | python_scraper:navigate_to_next_page:797 - 已成功翻页: <button type="button" class="btn-next is-last" aria-label="下一页" aria-disabled="false"><i class="el-i
2025-09-10 19:57:31.186 | INFO     | python_scraper:scrape_all_pages:826 - 正在抓取第 2 页数据
2025-09-10 19:57:31.202 | INFO     | python_scraper:extract_lottery_data:484 - 第2页找到 3 个表格
2025-09-10 19:57:31.238 | INFO     | python_scraper:extract_lottery_data:498 - 第2页选择表格 2，包含 50 行
2025-09-10 19:57:31.254 | INFO     | python_scraper:extract_lottery_data:510 - 第2页找到 50 行数据
2025-09-10 19:57:31.277 | INFO     | python_scraper:extract_lottery_data:524 - 第2页第一行包含有效数据，从第一行开始读取
2025-09-10 19:57:33.206 | WARNING  | python_scraper:extract_lottery_data:569 - 第2页解析行数据失败: Message: invalid session id: session deleted as the browser has closed the connection
from disconnected: Unable to receive message from renderer
  (Session info: chrome=139.0.7258.155)
Stacktrace:
0   chromedriver                        0x000000010a503668 chromedriver + 5928552
1   chromedriver                        0x000000010a4fac0a chromedriver + 5893130
2   chromedriver                        0x0000000109fc4e00 chromedriver + 429568
3   chromedriver                        0x0000000109face12 chromedriver + 331282
4   chromedriver                        0x0000000109facb4b chromedriver + 330571
5   chromedriver                        0x0000000109faaa04 chromedriver + 322052
6   chromedriver                        0x0000000109fab33f chromedriver + 324415
7   chromedriver                        0x0000000109fc96e5 chromedriver + 448229
8   chromedriver                        0x0000000109fca0d9 chromedriver + 450777
9   chromedriver                        0x0000000109fce573 chromedriver + 468339
10  chromedriver                        0x0000000109fce623 chromedriver + 468515
11  chromedriver                        0x000000010a016a29 chromedriver + 764457
12  chromedriver                        0x000000010a017211 chromedriver + 766481
13  chromedriver                        0x000000010a00b0b3 chromedriver + 716979
14  chromedriver                        0x000000010a03d08d chromedriver + 921741
15  chromedriver                        0x000000010a00ab48 chromedriver + 715592
16  chromedriver                        0x000000010a03d21e chromedriver + 922142
17  chromedriver                        0x000000010a0641d4 chromedriver + 1081812
18  chromedriver                        0x000000010a03ce33 chromedriver + 921139
19  chromedriver                        0x000000010a00937b chromedriver + 709499
20  chromedriver                        0x000000010a00a061 chromedriver + 712801
21  chromedriver                        0x000000010a4c10e0 chromedriver + 5656800
22  chromedriver                        0x000000010a4c4fa4 chromedriver + 5672868
23  chromedriver                        0x000000010a49c052 chromedriver + 5505106
24  chromedriver                        0x000000010a4c5a4f chromedriver + 5675599
25  chromedriver                        0x000000010a48b004 chromedriver + 5435396
26  chromedriver                        0x000000010a4e7d88 chromedriver + 5815688
27  chromedriver                        0x000000010a4e7f50 chromedriver + 5816144
28  chromedriver                        0x000000010a4fa7e1 chromedriver + 5892065
29  libsystem_pthread.dylib             0x00007ff814eba1d3 _pthread_start + 125
30  libsystem_pthread.dylib             0x00007ff814eb5bd3 thread_start + 15

2025-09-10 19:57:33.730 | WARNING  | python_scraper:extract_lottery_data:569 - 第2页解析行数据失败: Message: invalid session id
Stacktrace:
0   chromedriver                        0x000000010a503668 chromedriver + 5928552
1   chromedriver                        0x000000010a4fac0a chromedriver + 5893130
2   chromedriver                        0x0000000109fc4c43 chromedriver + 429123
3   chromedriver                        0x000000010a0085af chromedriver + 705967
4   chromedriver                        0x000000010a03cf66 chromedriver + 921446
5   chromedriver                        0x000000010a037b0d chromedriver + 899853
6   chromedriver                        0x000000010a036ca7 chromedriver + 896167
7   chromedriver                        0x0000000109f8d17f chromedriver + 201087
8   chromedriver                        0x000000010a4c10e0 chromedriver + 5656800
9   chromedriver                        0x000000010a4c4fa4 chromedriver + 5672868
10  chromedriver                        0x000000010a49c052 chromedriver + 5505106
11  chromedriver                        0x000000010a4c5a4f chromedriver + 5675599
12  chromedriver                        0x000000010a48b004 chromedriver + 5435396
13  chromedriver                        0x0000000109f8b311 chromedriver + 193297
14  dyld                                0x00007ff814b5f418 start + 1896

2025-09-10 19:57:33.782 | WARNING  | python_scraper:extract_lottery_data:569 - 第2页解析行数据失败: Message: invalid session id
Stacktrace:
0   chromedriver                        0x000000010a503668 chromedriver + 5928552
1   chromedriver                        0x000000010a4fac0a chromedriver + 5893130
2   chromedriver                        0x0000000109fc4c43 chromedriver + 429123
3   chromedriver                        0x000000010a0085af chromedriver + 705967
4   chromedriver                        0x000000010a03cf66 chromedriver + 921446
5   chromedriver                        0x000000010a037b0d chromedriver + 899853
6   chromedriver                        0x000000010a036ca7 chromedriver + 896167
7   chromedriver                        0x0000000109f8d17f chromedriver + 201087
8   chromedriver                        0x000000010a4c10e0 chromedriver + 5656800
9   chromedriver                        0x000000010a4c4fa4 chromedriver + 5672868
10  chromedriver                        0x000000010a49c052 chromedriver + 5505106
11  chromedriver                        0x000000010a4c5a4f chromedriver + 5675599
12  chromedriver                        0x000000010a48b004 chromedriver + 5435396
13  chromedriver                        0x0000000109f8b311 chromedriver + 193297
14  dyld                                0x00007ff814b5f418 start + 1896

2025-09-10 19:57:33.878 | WARNING  | python_scraper:extract_lottery_data:569 - 第2页解析行数据失败: Message: invalid session id
Stacktrace:
0   chromedriver                        0x000000010a503668 chromedriver + 5928552
1   chromedriver                        0x000000010a4fac0a chromedriver + 5893130
2   chromedriver                        0x0000000109fc4c43 chromedriver + 429123
3   chromedriver                        0x000000010a0085af chromedriver + 705967
4   chromedriver                        0x000000010a03cf66 chromedriver + 921446
5   chromedriver                        0x000000010a037b0d chromedriver + 899853
6   chromedriver                        0x000000010a036ca7 chromedriver + 896167
7   chromedriver                        0x0000000109f8d17f chromedriver + 201087
8   chromedriver                        0x000000010a4c10e0 chromedriver + 5656800
9   chromedriver                        0x000000010a4c4fa4 chromedriver + 5672868
10  chromedriver                        0x000000010a49c052 chromedriver + 5505106
11  chromedriver                        0x000000010a4c5a4f chromedriver + 5675599
12  chromedriver                        0x000000010a48b004 chromedriver + 5435396
13  chromedriver                        0x0000000109f8b311 chromedriver + 193297
14  dyld                                0x00007ff814b5f418 start + 1896

2025-09-10 19:57:33.919 | WARNING  | python_scraper:extract_lottery_data:569 - 第2页解析行数据失败: Message: invalid session id
Stacktrace:
0   chromedriver                        0x000000010a503668 chromedriver + 5928552
1   chromedriver                        0x000000010a4fac0a chromedriver + 5893130
2   chromedriver                        0x0000000109fc4c43 chromedriver + 429123
3   chromedriver                        0x000000010a0085af chromedriver + 705967
4   chromedriver                        0x000000010a03cf66 chromedriver + 921446
5   chromedriver                        0x000000010a037b0d chromedriver + 899853
6   chromedriver                        0x000000010a036ca7 chromedriver + 896167
7   chromedriver                        0x0000000109f8d17f chromedriver + 201087
8   chromedriver                        0x000000010a4c10e0 chromedriver + 5656800
9   chromedriver                        0x000000010a4c4fa4 chromedriver + 5672868
10  chromedriver                        0x000000010a49c052 chromedriver + 5505106
11  chromedriver                        0x000000010a4c5a4f chromedriver + 5675599
12  chromedriver                        0x000000010a48b004 chromedriver + 5435396
13  chromedriver                        0x0000000109f8b311 chromedriver + 193297
14  dyld                                0x00007ff814b5f418 start + 1896

2025-09-10 19:57:33.951 | INFO     | python_scraper:extract_lottery_data:572 - 第2页成功提取 45 条数据
2025-09-10 19:57:33.975 | INFO     | python_scraper:scrape_all_pages:845 - 第 2 页获取到 45 条新数据
2025-09-10 19:57:34.011 | ERROR    | python_scraper:navigate_to_next_page:814 - 导航到下一页失败: Message: invalid session id
Stacktrace:
0   chromedriver                        0x000000010a503668 chromedriver + 5928552
1   chromedriver                        0x000000010a4fac0a chromedriver + 5893130
2   chromedriver                        0x0000000109fc4c43 chromedriver + 429123
3   chromedriver                        0x000000010a0085af chromedriver + 705967
4   chromedriver                        0x000000010a03cf66 chromedriver + 921446
5   chromedriver                        0x000000010a037b0d chromedriver + 899853
6   chromedriver                        0x000000010a036ca7 chromedriver + 896167
7   chromedriver                        0x0000000109f8d17f chromedriver + 201087
8   chromedriver                        0x000000010a4c10e0 chromedriver + 5656800
9   chromedriver                        0x000000010a4c4fa4 chromedriver + 5672868
10  chromedriver                        0x000000010a49c052 chromedriver + 5505106
11  chromedriver                        0x000000010a4c5a4f chromedriver + 5675599
12  chromedriver                        0x000000010a48b004 chromedriver + 5435396
13  chromedriver                        0x0000000109f8b311 chromedriver + 193297
14  dyld                                0x00007ff814b5f418 start + 1896

2025-09-10 19:57:34.039 | INFO     | python_scraper:scrape_all_pages:873 - 第 2 页后没有更多页面，抓取完成
2025-09-10 19:57:34.070 | INFO     | python_scraper:scrape_all_pages:879 - 总共抓取了 2 页，获得 95 条唯一数据
2025-09-10 19:57:34.097 | INFO     | python_scraper:run_scraper:951 - 数据验证完成，有效数据: 95/95 条
2025-09-10 19:57:34.121 | INFO     | python_scraper:save_to_json:914 - 数据已保存到: data/taiwan_pk10_data_20250910_195734.json
2025-09-10 19:57:38.036 | ERROR    | python_scraper:connect_mongodb:1100 - 连接MongoDB失败: bad auth : authentication failed, full error: {'ok': 0, 'errmsg': 'bad auth : authentication failed', 'code': 8000, 'codeName': 'AtlasError'}
2025-09-10 19:57:38.080 | ERROR    | python_scraper:run_scraper:972 - 保存到MongoDB失败
2025-09-10 19:57:38.099 | INFO     | python_scraper:run_scraper:976 - 抓取完成，共获得 95 条有效数据
2025-09-10 19:57:38.127 | INFO     | python_scraper:cleanup:1082 - 浏览器驱动已关闭
2025-09-10 19:57:38.169 | INFO     | python_scraper:cleanup:1082 - 浏览器驱动已关闭
2025-09-10 19:57:43.189 | INFO     | python_scraper:run_scraper:926 - 开始运行台湾PK10数据抓取器
2025-09-10 19:57:45.941 | INFO     | python_scraper:setup_driver:86 - Chrome浏览器驱动设置完成
2025-09-10 19:57:45.963 | INFO     | python_scraper:navigate_to_page:95 - 正在访问: https://xn--kpro5poukl1g.com/#/
2025-09-10 19:57:51.758 | INFO     | python_scraper:navigate_to_page:102 - 页面加载完成
2025-09-10 19:57:51.929 | INFO     | python_scraper:click_pk10_option:148 - 找到台湾PK10选项: 台湾PK10
2025-09-10 19:57:54.071 | INFO     | python_scraper:click_pk10_option:152 - 成功点击台湾PK10选项
2025-09-10 19:57:54.145 | INFO     | python_scraper:navigate_to_page:106 - 成功切换到台湾PK10数据
2025-09-10 19:57:54.418 | INFO     | python_scraper:select_date:197 - 找到日期选择器: input[placeholder*='日期']
2025-09-10 19:57:54.491 | DEBUG    | python_scraper:select_date:264 - 日期输入方法1失败: Message: invalid element state
  (Session info: chrome=139.0.7258.155)
Stacktrace:
0   chromedriver                        0x0000000102fba668 chromedriver + 5928552
1   chromedriver                        0x0000000102fb1c0a chromedriver + 5893130
2   chromedriver                        0x0000000102a7bc43 chromedriver + 429123
3   chromedriver                        0x0000000102ac450e chromedriver + 726286
4   chromedriver                        0x0000000102af4062 chromedriver + 921698
5   chromedriver                        0x0000000102ac1b48 chromedriver + 715592
6   chromedriver                        0x0000000102af421e chromedriver + 922142
7   chromedriver                        0x0000000102b1b1d4 chromedriver + 1081812
8   chromedriver                        0x0000000102af3e33 chromedriver + 921139
9   chromedriver                        0x0000000102ac037b chromedriver + 709499
10  chromedriver                        0x0000000102ac1061 chromedriver + 712801
11  chromedriver                        0x0000000102f780e0 chromedriver + 5656800
12  chromedriver                        0x0000000102f7bfa4 chromedriver + 5672868
13  chromedriver                        0x0000000102f53052 chromedriver + 5505106
14  chromedriver                        0x0000000102f7ca4f chromedriver + 5675599
15  chromedriver                        0x0000000102f42004 chromedriver + 5435396
16  chromedriver                        0x0000000102f9ed88 chromedriver + 5815688
17  chromedriver                        0x0000000102f9ef50 chromedriver + 5816144
18  chromedriver                        0x0000000102fb17e1 chromedriver + 5892065
19  libsystem_pthread.dylib             0x00007ff814eba1d3 _pthread_start + 125
20  libsystem_pthread.dylib             0x00007ff814eb5bd3 thread_start + 15

2025-09-10 21:57:48.094 | INFO     | python_scraper:select_date:223 - 已选择日期: 2025-09-10 (使用选择器: input[placeholder*='日期'], 方法2)
2025-09-10 21:57:55.388 | INFO     | python_scraper:select_date:257 - 未找到查询按钮，已按回车键尝试触发更新
2025-09-10 21:57:55.515 | INFO     | python_scraper:scrape_all_pages:826 - 正在抓取第 1 页数据
2025-09-10 21:57:56.062 | INFO     | python_scraper:extract_lottery_data:484 - 第1页找到 3 个表格
2025-09-10 21:57:56.649 | INFO     | python_scraper:extract_lottery_data:498 - 第1页选择表格 2，包含 50 行
2025-09-10 21:57:57.211 | INFO     | python_scraper:extract_lottery_data:510 - 第1页找到 50 行数据
2025-09-10 21:57:57.867 | INFO     | python_scraper:extract_lottery_data:524 - 第1页第一行包含有效数据，从第一行开始读取
2025-09-10 21:58:12.359 | INFO     | python_scraper:extract_lottery_data:572 - 第1页成功提取 50 条数据
2025-09-10 21:58:12.445 | INFO     | python_scraper:scrape_all_pages:845 - 第 1 页获取到 50 条新数据
2025-09-11 01:32:49.051 | INFO     | python_scraper:navigate_to_next_page:797 - 已成功翻页: <button type="button" class="btn-next is-last" aria-label="下一页" aria-disabled="false"><i class="el-i
2025-09-11 01:32:51.147 | INFO     | python_scraper:scrape_all_pages:826 - 正在抓取第 2 页数据
2025-09-11 01:32:51.177 | INFO     | python_scraper:extract_lottery_data:484 - 第2页找到 3 个表格
2025-09-11 01:32:51.231 | INFO     | python_scraper:extract_lottery_data:498 - 第2页选择表格 2，包含 50 行
2025-09-11 01:32:51.258 | INFO     | python_scraper:extract_lottery_data:510 - 第2页找到 50 行数据
2025-09-11 01:32:51.291 | INFO     | python_scraper:extract_lottery_data:524 - 第2页第一行包含有效数据，从第一行开始读取
2025-09-11 01:33:01.206 | INFO     | python_scraper:extract_lottery_data:572 - 第2页成功提取 50 条数据
2025-09-11 01:33:01.292 | WARNING  | python_scraper:scrape_all_pages:850 - 第 2 页全部为重复数据，可能已到达最后一页
2025-09-11 01:33:12.454 | INFO     | python_scraper:navigate_to_next_page:797 - 已成功翻页: <button type="button" class="btn-next is-last" aria-label="下一页" aria-disabled="false"><i class="el-i
2025-09-11 01:33:14.569 | INFO     | python_scraper:scrape_all_pages:826 - 正在抓取第 3 页数据
2025-09-11 01:33:15.433 | INFO     | python_scraper:extract_lottery_data:484 - 第3页找到 3 个表格
2025-09-11 01:33:16.313 | INFO     | python_scraper:extract_lottery_data:498 - 第3页选择表格 2，包含 50 行
2025-09-11 01:33:16.439 | INFO     | python_scraper:extract_lottery_data:510 - 第3页找到 50 行数据
2025-09-11 01:33:16.598 | INFO     | python_scraper:extract_lottery_data:524 - 第3页第一行包含有效数据，从第一行开始读取
2025-09-11 01:33:25.814 | INFO     | python_scraper:extract_lottery_data:572 - 第3页成功提取 50 条数据
2025-09-11 01:33:25.875 | WARNING  | python_scraper:scrape_all_pages:850 - 第 3 页全部为重复数据，可能已到达最后一页
2025-09-11 01:33:25.955 | INFO     | python_scraper:scrape_all_pages:855 - 连续遇到重复数据页面，停止抓取
2025-09-11 01:33:26.049 | INFO     | python_scraper:scrape_all_pages:879 - 总共抓取了 3 页，获得 50 条唯一数据
2025-09-11 01:33:26.152 | INFO     | python_scraper:run_scraper:951 - 数据验证完成，有效数据: 50/50 条
2025-09-11 01:33:26.241 | INFO     | python_scraper:save_to_json:914 - 数据已保存到: data/taiwan_pk10_data_20250911_013326.json
2025-09-11 01:33:26.328 | ERROR    | python_scraper:connect_mongodb:1100 - 连接MongoDB失败: All nameservers failed to answer the query _mongodb._tcp.cluster0.p4yg8ug.mongodb.net. IN SRV: Server Do53:192.168.31.1@53 answered [Errno 51] Network is unreachable
2025-09-11 01:33:26.409 | ERROR    | python_scraper:run_scraper:972 - 保存到MongoDB失败
2025-09-11 01:33:26.489 | INFO     | python_scraper:run_scraper:976 - 抓取完成，共获得 50 条有效数据
2025-09-11 01:33:28.318 | INFO     | python_scraper:cleanup:1082 - 浏览器驱动已关闭
2025-09-11 01:33:32.504 | INFO     | python_scraper:cleanup:1082 - 浏览器驱动已关闭
