2025-09-03 19:00:24.736 | INFO     | python_scraper:run_scraper:931 - 开始运行台湾PK10数据抓取器
2025-09-03 19:00:26.169 | INFO     | python_scraper:setup_driver:86 - Chrome浏览器驱动设置完成
2025-09-03 19:00:26.170 | INFO     | python_scraper:navigate_to_page:95 - 正在访问: https://xn--kpro5poukl1g.com/#/
2025-09-03 19:00:35.752 | INFO     | python_scraper:navigate_to_page:102 - 页面加载完成
2025-09-03 19:00:35.885 | INFO     | python_scraper:click_pk10_option:148 - 找到台湾PK10选项: 台湾PK10
2025-09-03 19:00:38.035 | INFO     | python_scraper:click_pk10_option:152 - 成功点击台湾PK10选项
2025-09-03 19:00:38.039 | INFO     | python_scraper:navigate_to_page:106 - 成功切换到台湾PK10数据
2025-09-03 19:00:38.228 | INFO     | python_scraper:select_date:197 - 找到日期选择器: input[placeholder*='日期']
2025-09-03 19:00:38.257 | DEBUG    | python_scraper:select_date:264 - 日期输入方法1失败: Message: invalid element state
  (Session info: chrome=139.0.7258.155)
Stacktrace:
0   chromedriver                        0x000000010bf23668 chromedriver + 5928552
1   chromedriver                        0x000000010bf1ac0a chromedriver + 5893130
2   chromedriver                        0x000000010b9e4c43 chromedriver + 429123
3   chromedriver                        0x000000010ba2d50e chromedriver + 726286
4   chromedriver                        0x000000010ba5d062 chromedriver + 921698
5   chromedriver                        0x000000010ba2ab48 chromedriver + 715592
6   chromedriver                        0x000000010ba5d21e chromedriver + 922142
7   chromedriver                        0x000000010ba841d4 chromedriver + 1081812
8   chromedriver                        0x000000010ba5ce33 chromedriver + 921139
9   chromedriver                        0x000000010ba2937b chromedriver + 709499
10  chromedriver                        0x000000010ba2a061 chromedriver + 712801
11  chromedriver                        0x000000010bee10e0 chromedriver + 5656800
12  chromedriver                        0x000000010bee4fa4 chromedriver + 5672868
13  chromedriver                        0x000000010bebc052 chromedriver + 5505106
14  chromedriver                        0x000000010bee5a4f chromedriver + 5675599
15  chromedriver                        0x000000010beab004 chromedriver + 5435396
16  chromedriver                        0x000000010bf07d88 chromedriver + 5815688
17  chromedriver                        0x000000010bf07f50 chromedriver + 5816144
18  chromedriver                        0x000000010bf1a7e1 chromedriver + 5892065
19  libsystem_pthread.dylib             0x00007ff814eba1d3 _pthread_start + 125
20  libsystem_pthread.dylib             0x00007ff814eb5bd3 thread_start + 15

2025-09-03 19:00:40.278 | INFO     | python_scraper:select_date:223 - 已选择日期: 2025-09-03 (使用选择器: input[placeholder*='日期'], 方法2)
2025-09-03 19:00:45.517 | INFO     | python_scraper:select_date:257 - 未找到查询按钮，已按回车键尝试触发更新
2025-09-03 19:00:45.518 | INFO     | python_scraper:scrape_all_pages:826 - 正在抓取第 1 页数据
2025-09-03 19:00:45.532 | INFO     | python_scraper:extract_lottery_data:484 - 第1页找到 3 个表格
2025-09-03 19:00:45.576 | INFO     | python_scraper:extract_lottery_data:498 - 第1页选择表格 2，包含 50 行
2025-09-03 19:00:45.594 | INFO     | python_scraper:extract_lottery_data:510 - 第1页找到 50 行数据
2025-09-03 19:00:45.610 | INFO     | python_scraper:extract_lottery_data:524 - 第1页第一行包含有效数据，从第一行开始读取
2025-09-03 19:00:47.974 | INFO     | python_scraper:extract_lottery_data:572 - 第1页成功提取 50 条数据
2025-09-03 19:00:47.976 | INFO     | python_scraper:scrape_all_pages:845 - 第 1 页获取到 50 条新数据
2025-09-03 19:00:49.486 | INFO     | python_scraper:cleanup:1087 - 浏览器驱动已关闭
2025-09-03 19:00:49.528 | INFO     | python_scraper:cleanup:1087 - 浏览器驱动已关闭
