2025-09-03 15:29:10.448 | INFO     | __main__:run_scraper:931 - 开始运行台湾PK10数据抓取器
2025-09-03 15:29:12.008 | INFO     | __main__:setup_driver:86 - Chrome浏览器驱动设置完成
2025-09-03 15:29:12.009 | INFO     | __main__:navigate_to_page:95 - 正在访问: https://xn--kpro5poukl1g.com/#/
2025-09-03 15:29:19.324 | INFO     | __main__:navigate_to_page:102 - 页面加载完成
2025-09-03 15:29:19.372 | INFO     | __main__:click_pk10_option:148 - 找到台湾PK10选项: 台湾PK10
2025-09-03 15:29:21.425 | INFO     | __main__:click_pk10_option:152 - 成功点击台湾PK10选项
2025-09-03 15:29:21.425 | INFO     | __main__:navigate_to_page:106 - 成功切换到台湾PK10数据
2025-09-03 15:29:21.527 | INFO     | __main__:select_date:197 - 找到日期选择器: input[placeholder*='日期']
2025-09-03 15:29:21.547 | DEBUG    | __main__:select_date:264 - 日期输入方法1失败: Message: invalid element state
  (Session info: chrome=139.0.7258.155)
Stacktrace:
0   chromedriver                        0x0000000105f29668 chromedriver + 5928552
1   chromedriver                        0x0000000105f20c0a chromedriver + 5893130
2   chromedriver                        0x00000001059eac43 chromedriver + 429123
3   chromedriver                        0x0000000105a3350e chromedriver + 726286
4   chromedriver                        0x0000000105a63062 chromedriver + 921698
5   chromedriver                        0x0000000105a30b48 chromedriver + 715592
6   chromedriver                        0x0000000105a6321e chromedriver + 922142
7   chromedriver                        0x0000000105a8a1d4 chromedriver + 1081812
8   chromedriver                        0x0000000105a62e33 chromedriver + 921139
9   chromedriver                        0x0000000105a2f37b chromedriver + 709499
10  chromedriver                        0x0000000105a30061 chromedriver + 712801
11  chromedriver                        0x0000000105ee70e0 chromedriver + 5656800
12  chromedriver                        0x0000000105eeafa4 chromedriver + 5672868
13  chromedriver                        0x0000000105ec2052 chromedriver + 5505106
14  chromedriver                        0x0000000105eeba4f chromedriver + 5675599
15  chromedriver                        0x0000000105eb1004 chromedriver + 5435396
16  chromedriver                        0x0000000105f0dd88 chromedriver + 5815688
17  chromedriver                        0x0000000105f0df50 chromedriver + 5816144
18  chromedriver                        0x0000000105f207e1 chromedriver + 5892065
19  libsystem_pthread.dylib             0x00007ff814eba1d3 _pthread_start + 125
20  libsystem_pthread.dylib             0x00007ff814eb5bd3 thread_start + 15

2025-09-03 15:29:23.562 | INFO     | __main__:select_date:223 - 已选择日期: 2025-09-03 (使用选择器: input[placeholder*='日期'], 方法2)
2025-09-03 15:29:28.734 | INFO     | __main__:select_date:257 - 未找到查询按钮，已按回车键尝试触发更新
2025-09-03 15:29:28.734 | INFO     | __main__:scrape_all_pages:826 - 正在抓取第 1 页数据
2025-09-03 15:29:28.747 | INFO     | __main__:extract_lottery_data:484 - 第1页找到 3 个表格
2025-09-03 15:29:28.788 | INFO     | __main__:extract_lottery_data:498 - 第1页选择表格 2，包含 50 行
2025-09-03 15:29:28.797 | INFO     | __main__:extract_lottery_data:510 - 第1页找到 50 行数据
2025-09-03 15:29:28.810 | INFO     | __main__:extract_lottery_data:524 - 第1页第一行包含有效数据，从第一行开始读取
2025-09-03 15:29:30.876 | INFO     | __main__:extract_lottery_data:572 - 第1页成功提取 50 条数据
2025-09-03 15:29:30.877 | INFO     | __main__:scrape_all_pages:845 - 第 1 页获取到 50 条新数据
2025-09-03 15:29:35.874 | INFO     | __main__:navigate_to_next_page:797 - 已成功翻页: <button type="button" class="btn-next is-last" aria-label="下一页" aria-disabled="false"><i class="el-i
2025-09-03 15:29:37.879 | INFO     | __main__:scrape_all_pages:826 - 正在抓取第 2 页数据
2025-09-03 15:29:37.889 | INFO     | __main__:extract_lottery_data:484 - 第2页找到 3 个表格
2025-09-03 15:29:37.919 | INFO     | __main__:extract_lottery_data:498 - 第2页选择表格 2，包含 50 行
2025-09-03 15:29:37.927 | INFO     | __main__:extract_lottery_data:510 - 第2页找到 50 行数据
2025-09-03 15:29:37.939 | INFO     | __main__:extract_lottery_data:524 - 第2页第一行包含有效数据，从第一行开始读取
2025-09-03 15:29:39.566 | INFO     | __main__:extract_lottery_data:572 - 第2页成功提取 50 条数据
2025-09-03 15:29:39.567 | INFO     | __main__:scrape_all_pages:845 - 第 2 页获取到 50 条新数据
2025-09-03 15:29:39.567 | INFO     | __main__:scrape_all_pages:868 - 已达到最大页数 2，抓取完成
2025-09-03 15:29:39.567 | INFO     | __main__:scrape_all_pages:879 - 总共抓取了 2 页，获得 100 条唯一数据
2025-09-03 15:29:39.567 | INFO     | __main__:run_scraper:956 - 数据验证完成，有效数据: 100/100 条
2025-09-03 15:29:39.575 | INFO     | __main__:save_to_json:919 - 数据已保存到: data/taiwan_pk10_data_20250903_152939.json
2025-09-03 15:29:39.576 | INFO     | __main__:save_to_json:920 - 最新数据已保存到: data/latest_taiwan_pk10_data.json
2025-09-03 15:29:39.617 | INFO     | __main__:connect_mongodb:1102 - 成功连接到MongoDB数据库: taiwan_pk10
2025-09-03 15:29:39.623 | INFO     | __main__:save_to_mongodb:1151 - 成功保存 100 条数据到MongoDB
2025-09-03 15:29:39.625 | INFO     | __main__:save_to_mongodb:1163 - 格式化数据已保存，共 100 条记录
2025-09-03 15:29:39.626 | INFO     | __main__:run_scraper:967 - 数据已成功保存到MongoDB数据库
2025-09-03 15:29:39.626 | INFO     | __main__:run_scraper:972 - 格式化数据样本（前5条）:
2025-09-03 15:29:39.626 | INFO     | __main__:run_scraper:974 -   1: 114049836 4,1,3,6,5,7,2,8,10,9
2025-09-03 15:29:39.626 | INFO     | __main__:run_scraper:974 -   2: 114049835 7,5,1,10,3,6,2,4,8,9
2025-09-03 15:29:39.627 | INFO     | __main__:run_scraper:974 -   3: 114049834 6,5,7,9,3,8,2,4,10,1
2025-09-03 15:29:39.627 | INFO     | __main__:run_scraper:974 -   4: 114049833 7,3,1,5,10,2,8,6,9,4
2025-09-03 15:29:39.627 | INFO     | __main__:run_scraper:974 -   5: 114049832 4,5,7,9,2,10,8,6,3,1
2025-09-03 15:29:39.627 | INFO     | __main__:run_scraper:975 - 总计 100 条格式化数据可用于网页导入
2025-09-03 15:29:39.627 | INFO     | __main__:run_scraper:981 - 抓取完成，共获得 100 条有效数据
2025-09-03 15:29:39.739 | INFO     | __main__:cleanup:1087 - 浏览器驱动已关闭
