2025-09-10 19:57:43.189 | INFO     | python_scraper:run_scraper:926 - 开始运行台湾PK10数据抓取器
2025-09-10 19:57:45.941 | INFO     | python_scraper:setup_driver:86 - Chrome浏览器驱动设置完成
2025-09-10 19:57:45.963 | INFO     | python_scraper:navigate_to_page:95 - 正在访问: https://xn--kpro5poukl1g.com/#/
2025-09-10 19:57:51.758 | INFO     | python_scraper:navigate_to_page:102 - 页面加载完成
2025-09-10 19:57:51.929 | INFO     | python_scraper:click_pk10_option:148 - 找到台湾PK10选项: 台湾PK10
2025-09-10 19:57:54.071 | INFO     | python_scraper:click_pk10_option:152 - 成功点击台湾PK10选项
2025-09-10 19:57:54.145 | INFO     | python_scraper:navigate_to_page:106 - 成功切换到台湾PK10数据
2025-09-10 19:57:54.418 | INFO     | python_scraper:select_date:197 - 找到日期选择器: input[placeholder*='日期']
2025-09-10 19:57:54.491 | DEBUG    | python_scraper:select_date:264 - 日期输入方法1失败: Message: invalid element state
  (Session info: chrome=139.0.7258.155)
Stacktrace:
0   chromedriver                        0x0000000102fba668 chromedriver + 5928552
1   chromedriver                        0x0000000102fb1c0a chromedriver + 5893130
2   chromedriver                        0x0000000102a7bc43 chromedriver + 429123
3   chromedriver                        0x0000000102ac450e chromedriver + 726286
4   chromedriver                        0x0000000102af4062 chromedriver + 921698
5   chromedriver                        0x0000000102ac1b48 chromedriver + 715592
6   chromedriver                        0x0000000102af421e chromedriver + 922142
7   chromedriver                        0x0000000102b1b1d4 chromedriver + 1081812
8   chromedriver                        0x0000000102af3e33 chromedriver + 921139
9   chromedriver                        0x0000000102ac037b chromedriver + 709499
10  chromedriver                        0x0000000102ac1061 chromedriver + 712801
11  chromedriver                        0x0000000102f780e0 chromedriver + 5656800
12  chromedriver                        0x0000000102f7bfa4 chromedriver + 5672868
13  chromedriver                        0x0000000102f53052 chromedriver + 5505106
14  chromedriver                        0x0000000102f7ca4f chromedriver + 5675599
15  chromedriver                        0x0000000102f42004 chromedriver + 5435396
16  chromedriver                        0x0000000102f9ed88 chromedriver + 5815688
17  chromedriver                        0x0000000102f9ef50 chromedriver + 5816144
18  chromedriver                        0x0000000102fb17e1 chromedriver + 5892065
19  libsystem_pthread.dylib             0x00007ff814eba1d3 _pthread_start + 125
20  libsystem_pthread.dylib             0x00007ff814eb5bd3 thread_start + 15

2025-09-10 21:57:48.094 | INFO     | python_scraper:select_date:223 - 已选择日期: 2025-09-10 (使用选择器: input[placeholder*='日期'], 方法2)
2025-09-10 21:57:55.388 | INFO     | python_scraper:select_date:257 - 未找到查询按钮，已按回车键尝试触发更新
2025-09-10 21:57:55.515 | INFO     | python_scraper:scrape_all_pages:826 - 正在抓取第 1 页数据
2025-09-10 21:57:56.062 | INFO     | python_scraper:extract_lottery_data:484 - 第1页找到 3 个表格
2025-09-10 21:57:56.649 | INFO     | python_scraper:extract_lottery_data:498 - 第1页选择表格 2，包含 50 行
2025-09-10 21:57:57.211 | INFO     | python_scraper:extract_lottery_data:510 - 第1页找到 50 行数据
2025-09-10 21:57:57.867 | INFO     | python_scraper:extract_lottery_data:524 - 第1页第一行包含有效数据，从第一行开始读取
2025-09-10 21:58:12.359 | INFO     | python_scraper:extract_lottery_data:572 - 第1页成功提取 50 条数据
2025-09-10 21:58:12.445 | INFO     | python_scraper:scrape_all_pages:845 - 第 1 页获取到 50 条新数据
2025-09-11 01:32:49.051 | INFO     | python_scraper:navigate_to_next_page:797 - 已成功翻页: <button type="button" class="btn-next is-last" aria-label="下一页" aria-disabled="false"><i class="el-i
2025-09-11 01:32:51.147 | INFO     | python_scraper:scrape_all_pages:826 - 正在抓取第 2 页数据
2025-09-11 01:32:51.177 | INFO     | python_scraper:extract_lottery_data:484 - 第2页找到 3 个表格
2025-09-11 01:32:51.231 | INFO     | python_scraper:extract_lottery_data:498 - 第2页选择表格 2，包含 50 行
2025-09-11 01:32:51.258 | INFO     | python_scraper:extract_lottery_data:510 - 第2页找到 50 行数据
2025-09-11 01:32:51.291 | INFO     | python_scraper:extract_lottery_data:524 - 第2页第一行包含有效数据，从第一行开始读取
2025-09-11 01:33:01.206 | INFO     | python_scraper:extract_lottery_data:572 - 第2页成功提取 50 条数据
2025-09-11 01:33:01.292 | WARNING  | python_scraper:scrape_all_pages:850 - 第 2 页全部为重复数据，可能已到达最后一页
2025-09-11 01:33:12.454 | INFO     | python_scraper:navigate_to_next_page:797 - 已成功翻页: <button type="button" class="btn-next is-last" aria-label="下一页" aria-disabled="false"><i class="el-i
2025-09-11 01:33:14.569 | INFO     | python_scraper:scrape_all_pages:826 - 正在抓取第 3 页数据
2025-09-11 01:33:15.433 | INFO     | python_scraper:extract_lottery_data:484 - 第3页找到 3 个表格
2025-09-11 01:33:16.313 | INFO     | python_scraper:extract_lottery_data:498 - 第3页选择表格 2，包含 50 行
2025-09-11 01:33:16.439 | INFO     | python_scraper:extract_lottery_data:510 - 第3页找到 50 行数据
2025-09-11 01:33:16.598 | INFO     | python_scraper:extract_lottery_data:524 - 第3页第一行包含有效数据，从第一行开始读取
2025-09-11 01:33:25.814 | INFO     | python_scraper:extract_lottery_data:572 - 第3页成功提取 50 条数据
2025-09-11 01:33:25.875 | WARNING  | python_scraper:scrape_all_pages:850 - 第 3 页全部为重复数据，可能已到达最后一页
2025-09-11 01:33:25.955 | INFO     | python_scraper:scrape_all_pages:855 - 连续遇到重复数据页面，停止抓取
2025-09-11 01:33:26.049 | INFO     | python_scraper:scrape_all_pages:879 - 总共抓取了 3 页，获得 50 条唯一数据
2025-09-11 01:33:26.152 | INFO     | python_scraper:run_scraper:951 - 数据验证完成，有效数据: 50/50 条
2025-09-11 01:33:26.241 | INFO     | python_scraper:save_to_json:914 - 数据已保存到: data/taiwan_pk10_data_20250911_013326.json
2025-09-11 01:33:26.328 | ERROR    | python_scraper:connect_mongodb:1100 - 连接MongoDB失败: All nameservers failed to answer the query _mongodb._tcp.cluster0.p4yg8ug.mongodb.net. IN SRV: Server Do53:192.168.31.1@53 answered [Errno 51] Network is unreachable
2025-09-11 01:33:26.409 | ERROR    | python_scraper:run_scraper:972 - 保存到MongoDB失败
2025-09-11 01:33:26.489 | INFO     | python_scraper:run_scraper:976 - 抓取完成，共获得 50 条有效数据
2025-09-11 01:33:28.318 | INFO     | python_scraper:cleanup:1082 - 浏览器驱动已关闭
2025-09-11 01:33:32.504 | INFO     | python_scraper:cleanup:1082 - 浏览器驱动已关闭
