2025-09-03 20:46:52.670 | INFO     | python_scraper:run_scraper:931 - 开始运行台湾PK10数据抓取器
2025-09-03 20:46:55.185 | INFO     | python_scraper:setup_driver:86 - Chrome浏览器驱动设置完成
2025-09-03 20:46:55.186 | INFO     | python_scraper:navigate_to_page:95 - 正在访问: https://xn--kpro5poukl1g.com/#/
2025-09-03 20:47:03.386 | INFO     | python_scraper:navigate_to_page:102 - 页面加载完成
2025-09-03 20:47:03.459 | INFO     | python_scraper:click_pk10_option:148 - 找到台湾PK10选项: 台湾PK10
2025-09-03 20:47:05.523 | INFO     | python_scraper:click_pk10_option:152 - 成功点击台湾PK10选项
2025-09-03 20:47:05.524 | INFO     | python_scraper:navigate_to_page:106 - 成功切换到台湾PK10数据
2025-09-03 20:47:05.668 | INFO     | python_scraper:select_date:197 - 找到日期选择器: input[placeholder*='日期']
2025-09-03 20:47:05.696 | DEBUG    | python_scraper:select_date:264 - 日期输入方法1失败: Message: invalid element state
  (Session info: chrome=139.0.7258.155)
Stacktrace:
0   chromedriver                        0x0000000102cf6668 chromedriver + 5928552
1   chromedriver                        0x0000000102cedc0a chromedriver + 5893130
2   chromedriver                        0x00000001027b7c43 chromedriver + 429123
3   chromedriver                        0x000000010280050e chromedriver + 726286
4   chromedriver                        0x0000000102830062 chromedriver + 921698
5   chromedriver                        0x00000001027fdb48 chromedriver + 715592
6   chromedriver                        0x000000010283021e chromedriver + 922142
7   chromedriver                        0x00000001028571d4 chromedriver + 1081812
8   chromedriver                        0x000000010282fe33 chromedriver + 921139
9   chromedriver                        0x00000001027fc37b chromedriver + 709499
10  chromedriver                        0x00000001027fd061 chromedriver + 712801
11  chromedriver                        0x0000000102cb40e0 chromedriver + 5656800
12  chromedriver                        0x0000000102cb7fa4 chromedriver + 5672868
13  chromedriver                        0x0000000102c8f052 chromedriver + 5505106
14  chromedriver                        0x0000000102cb8a4f chromedriver + 5675599
15  chromedriver                        0x0000000102c7e004 chromedriver + 5435396
16  chromedriver                        0x0000000102cdad88 chromedriver + 5815688
17  chromedriver                        0x0000000102cdaf50 chromedriver + 5816144
18  chromedriver                        0x0000000102ced7e1 chromedriver + 5892065
19  libsystem_pthread.dylib             0x00007ff814eba1d3 _pthread_start + 125
20  libsystem_pthread.dylib             0x00007ff814eb5bd3 thread_start + 15

2025-09-03 20:47:07.719 | INFO     | python_scraper:select_date:223 - 已选择日期: 2025-09-03 (使用选择器: input[placeholder*='日期'], 方法2)
2025-09-03 20:47:12.907 | INFO     | python_scraper:select_date:257 - 未找到查询按钮，已按回车键尝试触发更新
2025-09-03 20:47:12.908 | INFO     | python_scraper:scrape_all_pages:826 - 正在抓取第 1 页数据
2025-09-03 20:47:12.927 | INFO     | python_scraper:extract_lottery_data:484 - 第1页找到 3 个表格
2025-09-03 20:47:12.984 | INFO     | python_scraper:extract_lottery_data:498 - 第1页选择表格 2，包含 50 行
2025-09-03 20:47:13.007 | INFO     | python_scraper:extract_lottery_data:510 - 第1页找到 50 行数据
2025-09-03 20:47:13.033 | INFO     | python_scraper:extract_lottery_data:524 - 第1页第一行包含有效数据，从第一行开始读取
2025-09-03 20:47:16.922 | INFO     | python_scraper:extract_lottery_data:572 - 第1页成功提取 50 条数据
2025-09-03 20:47:16.924 | INFO     | python_scraper:scrape_all_pages:845 - 第 1 页获取到 50 条新数据
2025-09-03 20:47:22.713 | INFO     | python_scraper:navigate_to_next_page:797 - 已成功翻页: <button type="button" class="btn-next is-last" aria-label="下一页" aria-disabled="false"><i class="el-i
2025-09-03 20:47:24.717 | INFO     | python_scraper:scrape_all_pages:826 - 正在抓取第 2 页数据
2025-09-03 20:47:24.725 | INFO     | python_scraper:extract_lottery_data:484 - 第2页找到 3 个表格
2025-09-03 20:47:24.766 | INFO     | python_scraper:extract_lottery_data:498 - 第2页选择表格 2，包含 50 行
2025-09-03 20:47:24.783 | INFO     | python_scraper:extract_lottery_data:510 - 第2页找到 50 行数据
2025-09-03 20:47:24.814 | INFO     | python_scraper:extract_lottery_data:524 - 第2页第一行包含有效数据，从第一行开始读取
2025-09-03 20:47:27.596 | INFO     | python_scraper:extract_lottery_data:572 - 第2页成功提取 50 条数据
2025-09-03 20:47:27.597 | WARNING  | python_scraper:scrape_all_pages:850 - 第 2 页全部为重复数据，可能已到达最后一页
2025-09-03 20:47:32.625 | INFO     | python_scraper:navigate_to_next_page:797 - 已成功翻页: <button type="button" class="btn-next is-last" aria-label="下一页" aria-disabled="false"><i class="el-i
2025-09-03 20:47:34.626 | INFO     | python_scraper:scrape_all_pages:826 - 正在抓取第 3 页数据
2025-09-03 20:47:34.634 | INFO     | python_scraper:extract_lottery_data:484 - 第3页找到 3 个表格
2025-09-03 20:47:34.665 | INFO     | python_scraper:extract_lottery_data:498 - 第3页选择表格 2，包含 50 行
2025-09-03 20:47:34.674 | INFO     | python_scraper:extract_lottery_data:510 - 第3页找到 50 行数据
2025-09-03 20:47:34.688 | INFO     | python_scraper:extract_lottery_data:524 - 第3页第一行包含有效数据，从第一行开始读取
2025-09-03 20:47:36.903 | INFO     | python_scraper:extract_lottery_data:572 - 第3页成功提取 50 条数据
2025-09-03 20:47:36.904 | INFO     | python_scraper:scrape_all_pages:845 - 第 3 页获取到 50 条新数据
2025-09-03 20:47:41.858 | INFO     | python_scraper:navigate_to_next_page:797 - 已成功翻页: <button type="button" class="btn-next is-last" aria-label="下一页" aria-disabled="true" disabled=""><i 
2025-09-03 20:47:43.863 | INFO     | python_scraper:scrape_all_pages:826 - 正在抓取第 4 页数据
2025-09-03 20:47:43.871 | INFO     | python_scraper:extract_lottery_data:484 - 第4页找到 3 个表格
2025-09-03 20:47:43.914 | INFO     | python_scraper:extract_lottery_data:498 - 第4页选择表格 2，包含 50 行
2025-09-03 20:47:43.929 | INFO     | python_scraper:extract_lottery_data:510 - 第4页找到 50 行数据
2025-09-03 20:47:43.957 | INFO     | python_scraper:extract_lottery_data:524 - 第4页第一行包含有效数据，从第一行开始读取
2025-09-03 20:47:46.246 | INFO     | python_scraper:extract_lottery_data:572 - 第4页成功提取 50 条数据
2025-09-03 20:47:46.246 | WARNING  | python_scraper:scrape_all_pages:850 - 第 4 页全部为重复数据，可能已到达最后一页
2025-09-03 20:47:46.838 | INFO     | python_scraper:navigate_to_next_page:810 - 没有找到可用的下一页按钮，已到达最后一页
2025-09-03 20:47:46.838 | INFO     | python_scraper:scrape_all_pages:873 - 第 4 页后没有更多页面，抓取完成
2025-09-03 20:47:46.839 | INFO     | python_scraper:scrape_all_pages:879 - 总共抓取了 4 页，获得 100 条唯一数据
2025-09-03 20:47:46.839 | INFO     | python_scraper:run_scraper:956 - 数据验证完成，有效数据: 100/100 条
2025-09-03 20:47:46.848 | INFO     | python_scraper:save_to_json:919 - 数据已保存到: data/taiwan_pk10_data_20250903_204746.json
2025-09-03 20:47:46.848 | INFO     | python_scraper:save_to_json:920 - 最新数据已保存到: data/latest_taiwan_pk10_data.json
2025-09-03 20:47:46.862 | INFO     | python_scraper:connect_mongodb:1102 - 成功连接到MongoDB数据库: taiwan_pk10
2025-09-03 20:47:47.075 | INFO     | python_scraper:save_to_mongodb:1151 - 成功保存 100 条数据到MongoDB
2025-09-03 20:47:47.077 | INFO     | python_scraper:save_to_mongodb:1163 - 格式化数据已保存，共 100 条记录
2025-09-03 20:47:47.078 | INFO     | python_scraper:run_scraper:967 - 数据已成功保存到MongoDB数据库
2025-09-03 20:47:47.079 | INFO     | python_scraper:run_scraper:972 - 格式化数据样本（前5条）:
2025-09-03 20:47:47.079 | INFO     | python_scraper:run_scraper:974 -   1: 114049900 8,4,1,3,6,7,10,5,2,9
2025-09-03 20:47:47.079 | INFO     | python_scraper:run_scraper:974 -   2: 114049899 2,4,7,9,3,8,6,5,1,10
2025-09-03 20:47:47.080 | INFO     | python_scraper:run_scraper:974 -   3: 114049898 8,10,1,4,5,2,3,9,6,7
2025-09-03 20:47:47.080 | INFO     | python_scraper:run_scraper:974 -   4: 114049897 9,10,1,5,7,3,6,8,2,4
2025-09-03 20:47:47.080 | INFO     | python_scraper:run_scraper:974 -   5: 114049896 9,5,2,10,3,4,1,8,7,6
2025-09-03 20:47:47.081 | INFO     | python_scraper:run_scraper:975 - 总计 100 条格式化数据可用于网页导入
2025-09-03 20:47:47.081 | INFO     | python_scraper:run_scraper:981 - 抓取完成，共获得 100 条有效数据
2025-09-03 20:47:47.207 | INFO     | python_scraper:cleanup:1087 - 浏览器驱动已关闭
2025-09-03 20:47:47.216 | INFO     | python_scraper:cleanup:1087 - 浏览器驱动已关闭
