2025-09-03 15:18:05.484 | INFO     | __main__:run_scraper:931 - 开始运行台湾PK10数据抓取器
2025-09-03 15:18:07.218 | INFO     | __main__:setup_driver:86 - Chrome浏览器驱动设置完成
2025-09-03 15:18:07.218 | INFO     | __main__:navigate_to_page:95 - 正在访问: https://xn--kpro5poukl1g.com/#/
2025-09-03 15:18:14.575 | INFO     | __main__:navigate_to_page:102 - 页面加载完成
2025-09-03 15:18:14.670 | INFO     | __main__:click_pk10_option:148 - 找到台湾PK10选项: 台湾PK10
2025-09-03 15:18:16.746 | INFO     | __main__:click_pk10_option:152 - 成功点击台湾PK10选项
2025-09-03 15:18:16.746 | INFO     | __main__:navigate_to_page:106 - 成功切换到台湾PK10数据
2025-09-03 15:18:16.903 | INFO     | __main__:select_date:197 - 找到日期选择器: input[placeholder*='日期']
2025-09-03 15:18:16.929 | DEBUG    | __main__:select_date:264 - 日期输入方法1失败: Message: invalid element state
  (Session info: chrome=139.0.7258.155)
Stacktrace:
0   chromedriver                        0x0000000106222668 chromedriver + 5928552
1   chromedriver                        0x0000000106219c0a chromedriver + 5893130
2   chromedriver                        0x0000000105ce3c43 chromedriver + 429123
3   chromedriver                        0x0000000105d2c50e chromedriver + 726286
4   chromedriver                        0x0000000105d5c062 chromedriver + 921698
5   chromedriver                        0x0000000105d29b48 chromedriver + 715592
6   chromedriver                        0x0000000105d5c21e chromedriver + 922142
7   chromedriver                        0x0000000105d831d4 chromedriver + 1081812
8   chromedriver                        0x0000000105d5be33 chromedriver + 921139
9   chromedriver                        0x0000000105d2837b chromedriver + 709499
10  chromedriver                        0x0000000105d29061 chromedriver + 712801
11  chromedriver                        0x00000001061e00e0 chromedriver + 5656800
12  chromedriver                        0x00000001061e3fa4 chromedriver + 5672868
13  chromedriver                        0x00000001061bb052 chromedriver + 5505106
14  chromedriver                        0x00000001061e4a4f chromedriver + 5675599
15  chromedriver                        0x00000001061aa004 chromedriver + 5435396
16  chromedriver                        0x0000000106206d88 chromedriver + 5815688
17  chromedriver                        0x0000000106206f50 chromedriver + 5816144
18  chromedriver                        0x00000001062197e1 chromedriver + 5892065
19  libsystem_pthread.dylib             0x00007ff814eba1d3 _pthread_start + 125
20  libsystem_pthread.dylib             0x00007ff814eb5bd3 thread_start + 15

2025-09-03 15:18:18.951 | INFO     | __main__:select_date:223 - 已选择日期: 2025-09-03 (使用选择器: input[placeholder*='日期'], 方法2)
2025-09-03 15:18:24.174 | INFO     | __main__:select_date:257 - 未找到查询按钮，已按回车键尝试触发更新
2025-09-03 15:18:24.175 | INFO     | __main__:scrape_all_pages:826 - 正在抓取第 1 页数据
2025-09-03 15:18:24.185 | INFO     | __main__:extract_lottery_data:484 - 第1页找到 3 个表格
2025-09-03 15:18:24.228 | INFO     | __main__:extract_lottery_data:498 - 第1页选择表格 2，包含 50 行
2025-09-03 15:18:24.238 | INFO     | __main__:extract_lottery_data:510 - 第1页找到 50 行数据
2025-09-03 15:18:24.257 | INFO     | __main__:extract_lottery_data:524 - 第1页第一行包含有效数据，从第一行开始读取
2025-09-03 15:18:26.700 | INFO     | __main__:extract_lottery_data:572 - 第1页成功提取 50 条数据
2025-09-03 15:18:26.700 | INFO     | __main__:scrape_all_pages:845 - 第 1 页获取到 50 条新数据
2025-09-03 15:18:31.688 | INFO     | __main__:navigate_to_next_page:797 - 已成功翻页: <button type="button" class="btn-next is-last" aria-label="下一页" aria-disabled="true" disabled=""><i 
2025-09-03 15:18:33.691 | INFO     | __main__:scrape_all_pages:826 - 正在抓取第 2 页数据
2025-09-03 15:18:33.698 | INFO     | __main__:extract_lottery_data:484 - 第2页找到 3 个表格
2025-09-03 15:18:33.725 | INFO     | __main__:extract_lottery_data:498 - 第2页选择表格 2，包含 49 行
2025-09-03 15:18:33.734 | INFO     | __main__:extract_lottery_data:510 - 第2页找到 49 行数据
2025-09-03 15:18:33.748 | INFO     | __main__:extract_lottery_data:524 - 第2页第一行包含有效数据，从第一行开始读取
2025-09-03 15:18:35.329 | INFO     | __main__:extract_lottery_data:572 - 第2页成功提取 49 条数据
2025-09-03 15:18:35.329 | INFO     | __main__:scrape_all_pages:845 - 第 2 页获取到 49 条新数据
2025-09-03 15:18:35.816 | INFO     | __main__:navigate_to_next_page:810 - 没有找到可用的下一页按钮，已到达最后一页
2025-09-03 15:18:35.816 | INFO     | __main__:scrape_all_pages:873 - 第 2 页后没有更多页面，抓取完成
2025-09-03 15:18:35.816 | INFO     | __main__:scrape_all_pages:879 - 总共抓取了 2 页，获得 99 条唯一数据
2025-09-03 15:18:35.817 | INFO     | __main__:run_scraper:956 - 数据验证完成，有效数据: 99/99 条
2025-09-03 15:18:35.822 | INFO     | __main__:save_to_json:919 - 数据已保存到: data/taiwan_pk10_data_20250903_151835.json
2025-09-03 15:18:35.822 | INFO     | __main__:save_to_json:920 - 最新数据已保存到: data/latest_taiwan_pk10_data.json
2025-09-03 15:18:35.833 | INFO     | __main__:connect_mongodb:1102 - 成功连接到MongoDB数据库: taiwan_pk10
2025-09-03 15:18:35.838 | INFO     | __main__:save_to_mongodb:1151 - 成功保存 99 条数据到MongoDB
2025-09-03 15:18:35.840 | INFO     | __main__:save_to_mongodb:1163 - 格式化数据已保存，共 99 条记录
2025-09-03 15:18:35.840 | INFO     | __main__:run_scraper:967 - 数据已成功保存到MongoDB数据库
2025-09-03 15:18:35.841 | INFO     | __main__:run_scraper:972 - 格式化数据样本（前5条）:
2025-09-03 15:18:35.841 | INFO     | __main__:run_scraper:974 -   1: 114049834 6,5,7,9,3,8,2,4,10,1
2025-09-03 15:18:35.841 | INFO     | __main__:run_scraper:974 -   2: 114049833 7,3,1,5,10,2,8,6,9,4
2025-09-03 15:18:35.842 | INFO     | __main__:run_scraper:974 -   3: 114049832 4,5,7,9,2,10,8,6,3,1
2025-09-03 15:18:35.842 | INFO     | __main__:run_scraper:974 -   4: 114049831 6,7,3,2,9,5,1,4,10,8
2025-09-03 15:18:35.842 | INFO     | __main__:run_scraper:974 -   5: 114049830 10,8,3,6,4,7,2,9,5,1
2025-09-03 15:18:35.842 | INFO     | __main__:run_scraper:975 - 总计 99 条格式化数据可用于网页导入
2025-09-03 15:18:35.842 | INFO     | __main__:run_scraper:981 - 抓取完成，共获得 99 条有效数据
2025-09-03 15:18:35.952 | INFO     | __main__:cleanup:1087 - 浏览器驱动已关闭
