2025-09-03 19:46:23.492 | INFO     | python_scraper:run_scraper:931 - 开始运行台湾PK10数据抓取器
2025-09-03 19:46:25.204 | INFO     | python_scraper:setup_driver:86 - Chrome浏览器驱动设置完成
2025-09-03 19:46:25.205 | INFO     | python_scraper:navigate_to_page:95 - 正在访问: https://xn--kpro5poukl1g.com/#/
2025-09-03 19:46:32.686 | INFO     | python_scraper:navigate_to_page:102 - 页面加载完成
2025-09-03 19:46:32.729 | INFO     | python_scraper:click_pk10_option:148 - 找到台湾PK10选项: 台湾PK10
2025-09-03 19:46:34.782 | INFO     | python_scraper:click_pk10_option:152 - 成功点击台湾PK10选项
2025-09-03 19:46:34.783 | INFO     | python_scraper:navigate_to_page:106 - 成功切换到台湾PK10数据
2025-09-03 19:46:34.979 | INFO     | python_scraper:select_date:197 - 找到日期选择器: input[placeholder*='日期']
2025-09-03 19:46:35.006 | DEBUG    | python_scraper:select_date:264 - 日期输入方法1失败: Message: invalid element state
  (Session info: chrome=139.0.7258.155)
Stacktrace:
0   chromedriver                        0x000000010608d668 chromedriver + 5928552
1   chromedriver                        0x0000000106084c0a chromedriver + 5893130
2   chromedriver                        0x0000000105b4ec43 chromedriver + 429123
3   chromedriver                        0x0000000105b9750e chromedriver + 726286
4   chromedriver                        0x0000000105bc7062 chromedriver + 921698
5   chromedriver                        0x0000000105b94b48 chromedriver + 715592
6   chromedriver                        0x0000000105bc721e chromedriver + 922142
7   chromedriver                        0x0000000105bee1d4 chromedriver + 1081812
8   chromedriver                        0x0000000105bc6e33 chromedriver + 921139
9   chromedriver                        0x0000000105b9337b chromedriver + 709499
10  chromedriver                        0x0000000105b94061 chromedriver + 712801
11  chromedriver                        0x000000010604b0e0 chromedriver + 5656800
12  chromedriver                        0x000000010604efa4 chromedriver + 5672868
13  chromedriver                        0x0000000106026052 chromedriver + 5505106
14  chromedriver                        0x000000010604fa4f chromedriver + 5675599
15  chromedriver                        0x0000000106015004 chromedriver + 5435396
16  chromedriver                        0x0000000106071d88 chromedriver + 5815688
17  chromedriver                        0x0000000106071f50 chromedriver + 5816144
18  chromedriver                        0x00000001060847e1 chromedriver + 5892065
19  libsystem_pthread.dylib             0x00007ff814eba1d3 _pthread_start + 125
20  libsystem_pthread.dylib             0x00007ff814eb5bd3 thread_start + 15

2025-09-03 19:46:37.033 | INFO     | python_scraper:select_date:223 - 已选择日期: 2025-09-03 (使用选择器: input[placeholder*='日期'], 方法2)
2025-09-03 19:46:42.219 | INFO     | python_scraper:select_date:257 - 未找到查询按钮，已按回车键尝试触发更新
2025-09-03 19:46:42.226 | INFO     | python_scraper:scrape_all_pages:826 - 正在抓取第 1 页数据
2025-09-03 19:46:42.238 | INFO     | python_scraper:extract_lottery_data:484 - 第1页找到 3 个表格
2025-09-03 19:46:42.282 | INFO     | python_scraper:extract_lottery_data:498 - 第1页选择表格 2，包含 50 行
2025-09-03 19:46:42.293 | INFO     | python_scraper:extract_lottery_data:510 - 第1页找到 50 行数据
2025-09-03 19:46:42.310 | INFO     | python_scraper:extract_lottery_data:524 - 第1页第一行包含有效数据，从第一行开始读取
2025-09-03 19:46:44.878 | INFO     | python_scraper:extract_lottery_data:572 - 第1页成功提取 50 条数据
2025-09-03 19:46:44.879 | INFO     | python_scraper:scrape_all_pages:845 - 第 1 页获取到 50 条新数据
2025-09-03 19:46:50.841 | INFO     | python_scraper:navigate_to_next_page:797 - 已成功翻页: <button type="button" class="btn-next is-last" aria-label="下一页" aria-disabled="false"><i class="el-i
2025-09-03 19:46:52.846 | INFO     | python_scraper:scrape_all_pages:826 - 正在抓取第 2 页数据
2025-09-03 19:46:52.854 | INFO     | python_scraper:extract_lottery_data:484 - 第2页找到 3 个表格
2025-09-03 19:46:52.890 | INFO     | python_scraper:extract_lottery_data:498 - 第2页选择表格 2，包含 50 行
2025-09-03 19:46:52.901 | INFO     | python_scraper:extract_lottery_data:510 - 第2页找到 50 行数据
2025-09-03 19:46:52.918 | INFO     | python_scraper:extract_lottery_data:524 - 第2页第一行包含有效数据，从第一行开始读取
2025-09-03 19:46:55.700 | INFO     | python_scraper:extract_lottery_data:572 - 第2页成功提取 50 条数据
2025-09-03 19:46:55.701 | INFO     | python_scraper:scrape_all_pages:845 - 第 2 页获取到 50 条新数据
2025-09-03 19:47:01.022 | INFO     | python_scraper:navigate_to_next_page:797 - 已成功翻页: <button type="button" class="btn-next is-last" aria-label="下一页" aria-disabled="false"><i class="el-i
2025-09-03 19:47:03.026 | INFO     | python_scraper:scrape_all_pages:826 - 正在抓取第 3 页数据
2025-09-03 19:47:03.095 | INFO     | python_scraper:extract_lottery_data:484 - 第3页找到 3 个表格
2025-09-03 19:47:03.136 | INFO     | python_scraper:extract_lottery_data:498 - 第3页选择表格 2，包含 50 行
2025-09-03 19:47:03.150 | INFO     | python_scraper:extract_lottery_data:510 - 第3页找到 50 行数据
2025-09-03 19:47:03.169 | INFO     | python_scraper:extract_lottery_data:524 - 第3页第一行包含有效数据，从第一行开始读取
2025-09-03 19:47:05.474 | INFO     | python_scraper:extract_lottery_data:572 - 第3页成功提取 50 条数据
2025-09-03 19:47:05.475 | WARNING  | python_scraper:scrape_all_pages:850 - 第 3 页全部为重复数据，可能已到达最后一页
2025-09-03 19:47:10.416 | INFO     | python_scraper:navigate_to_next_page:797 - 已成功翻页: <button type="button" class="btn-next is-last" aria-label="下一页" aria-disabled="true" disabled=""><i 
2025-09-03 19:47:12.420 | INFO     | python_scraper:scrape_all_pages:826 - 正在抓取第 4 页数据
2025-09-03 19:47:12.428 | INFO     | python_scraper:extract_lottery_data:484 - 第4页找到 3 个表格
2025-09-03 19:47:12.462 | INFO     | python_scraper:extract_lottery_data:498 - 第4页选择表格 2，包含 3 行
2025-09-03 19:47:12.470 | INFO     | python_scraper:extract_lottery_data:510 - 第4页找到 3 行数据
2025-09-03 19:47:12.486 | INFO     | python_scraper:extract_lottery_data:524 - 第4页第一行包含有效数据，从第一行开始读取
2025-09-03 19:47:12.634 | INFO     | python_scraper:extract_lottery_data:572 - 第4页成功提取 3 条数据
2025-09-03 19:47:12.635 | INFO     | python_scraper:scrape_all_pages:845 - 第 4 页获取到 3 条新数据
2025-09-03 19:47:12.988 | INFO     | python_scraper:navigate_to_next_page:810 - 没有找到可用的下一页按钮，已到达最后一页
2025-09-03 19:47:12.988 | INFO     | python_scraper:scrape_all_pages:873 - 第 4 页后没有更多页面，抓取完成
2025-09-03 19:47:12.989 | INFO     | python_scraper:scrape_all_pages:879 - 总共抓取了 4 页，获得 103 条唯一数据
2025-09-03 19:47:12.990 | INFO     | python_scraper:run_scraper:956 - 数据验证完成，有效数据: 103/103 条
2025-09-03 19:47:12.996 | INFO     | python_scraper:save_to_json:919 - 数据已保存到: data/taiwan_pk10_data_20250903_194712.json
2025-09-03 19:47:12.996 | INFO     | python_scraper:save_to_json:920 - 最新数据已保存到: data/latest_taiwan_pk10_data.json
2025-09-03 19:47:13.013 | INFO     | python_scraper:connect_mongodb:1102 - 成功连接到MongoDB数据库: taiwan_pk10
2025-09-03 19:47:13.021 | INFO     | python_scraper:save_to_mongodb:1151 - 成功保存 103 条数据到MongoDB
2025-09-03 19:47:13.023 | INFO     | python_scraper:save_to_mongodb:1163 - 格式化数据已保存，共 103 条记录
2025-09-03 19:47:13.025 | INFO     | python_scraper:run_scraper:967 - 数据已成功保存到MongoDB数据库
2025-09-03 19:47:13.026 | INFO     | python_scraper:run_scraper:972 - 格式化数据样本（前5条）:
2025-09-03 19:47:13.027 | INFO     | python_scraper:run_scraper:974 -   1: 114049888 9,3,4,2,8,7,1,6,10,5
2025-09-03 19:47:13.028 | INFO     | python_scraper:run_scraper:974 -   2: 114049887 8,4,7,1,5,10,6,2,3,9
2025-09-03 19:47:13.028 | INFO     | python_scraper:run_scraper:974 -   3: 114049886 5,4,10,3,7,6,1,8,2,9
2025-09-03 19:47:13.029 | INFO     | python_scraper:run_scraper:974 -   4: 114049885 10,9,6,7,3,5,8,1,4,2
2025-09-03 19:47:13.029 | INFO     | python_scraper:run_scraper:974 -   5: 114049884 1,3,4,10,6,8,7,2,9,5
2025-09-03 19:47:13.030 | INFO     | python_scraper:run_scraper:975 - 总计 103 条格式化数据可用于网页导入
2025-09-03 19:47:13.030 | INFO     | python_scraper:run_scraper:981 - 抓取完成，共获得 103 条有效数据
2025-09-03 19:47:13.177 | INFO     | python_scraper:cleanup:1087 - 浏览器驱动已关闭
2025-09-03 19:47:13.188 | INFO     | python_scraper:cleanup:1087 - 浏览器驱动已关闭
2025-09-03 19:48:13.228 | INFO     | python_scraper:run_scraper:931 - 开始运行台湾PK10数据抓取器
2025-09-03 19:48:14.764 | INFO     | python_scraper:setup_driver:86 - Chrome浏览器驱动设置完成
2025-09-03 19:48:14.765 | INFO     | python_scraper:navigate_to_page:95 - 正在访问: https://xn--kpro5poukl1g.com/#/
2025-09-03 19:48:24.591 | INFO     | python_scraper:navigate_to_page:102 - 页面加载完成
2025-09-03 19:48:24.640 | INFO     | python_scraper:click_pk10_option:148 - 找到台湾PK10选项: 台湾PK10
2025-09-03 19:48:26.699 | INFO     | python_scraper:click_pk10_option:152 - 成功点击台湾PK10选项
2025-09-03 19:48:26.700 | INFO     | python_scraper:navigate_to_page:106 - 成功切换到台湾PK10数据
2025-09-03 19:48:26.869 | INFO     | python_scraper:select_date:197 - 找到日期选择器: input[placeholder*='日期']
2025-09-03 19:48:26.903 | DEBUG    | python_scraper:select_date:264 - 日期输入方法1失败: Message: invalid element state
  (Session info: chrome=139.0.7258.155)
Stacktrace:
0   chromedriver                        0x000000010515b668 chromedriver + 5928552
1   chromedriver                        0x0000000105152c0a chromedriver + 5893130
2   chromedriver                        0x0000000104c1cc43 chromedriver + 429123
3   chromedriver                        0x0000000104c6550e chromedriver + 726286
4   chromedriver                        0x0000000104c95062 chromedriver + 921698
5   chromedriver                        0x0000000104c62b48 chromedriver + 715592
6   chromedriver                        0x0000000104c9521e chromedriver + 922142
7   chromedriver                        0x0000000104cbc1d4 chromedriver + 1081812
8   chromedriver                        0x0000000104c94e33 chromedriver + 921139
9   chromedriver                        0x0000000104c6137b chromedriver + 709499
10  chromedriver                        0x0000000104c62061 chromedriver + 712801
11  chromedriver                        0x00000001051190e0 chromedriver + 5656800
12  chromedriver                        0x000000010511cfa4 chromedriver + 5672868
13  chromedriver                        0x00000001050f4052 chromedriver + 5505106
14  chromedriver                        0x000000010511da4f chromedriver + 5675599
15  chromedriver                        0x00000001050e3004 chromedriver + 5435396
16  chromedriver                        0x000000010513fd88 chromedriver + 5815688
17  chromedriver                        0x000000010513ff50 chromedriver + 5816144
18  chromedriver                        0x00000001051527e1 chromedriver + 5892065
19  libsystem_pthread.dylib             0x00007ff814eba1d3 _pthread_start + 125
20  libsystem_pthread.dylib             0x00007ff814eb5bd3 thread_start + 15

2025-09-03 19:48:28.955 | INFO     | python_scraper:select_date:223 - 已选择日期: 2025-09-03 (使用选择器: input[placeholder*='日期'], 方法2)
2025-09-03 19:48:34.311 | INFO     | python_scraper:select_date:257 - 未找到查询按钮，已按回车键尝试触发更新
2025-09-03 19:48:34.312 | INFO     | python_scraper:scrape_all_pages:826 - 正在抓取第 1 页数据
2025-09-03 19:48:34.352 | INFO     | python_scraper:extract_lottery_data:484 - 第1页找到 3 个表格
2025-09-03 19:48:34.457 | INFO     | python_scraper:extract_lottery_data:498 - 第1页选择表格 2，包含 50 行
2025-09-03 19:48:34.482 | INFO     | python_scraper:extract_lottery_data:510 - 第1页找到 50 行数据
2025-09-03 19:48:34.510 | INFO     | python_scraper:extract_lottery_data:524 - 第1页第一行包含有效数据，从第一行开始读取
2025-09-03 19:48:37.378 | INFO     | python_scraper:extract_lottery_data:572 - 第1页成功提取 50 条数据
2025-09-03 19:48:37.380 | INFO     | python_scraper:scrape_all_pages:845 - 第 1 页获取到 50 条新数据
2025-09-03 19:48:42.465 | INFO     | python_scraper:navigate_to_next_page:797 - 已成功翻页: <button type="button" class="btn-next is-last" aria-label="下一页" aria-disabled="false"><i class="el-i
2025-09-03 19:48:44.470 | INFO     | python_scraper:scrape_all_pages:826 - 正在抓取第 2 页数据
2025-09-03 19:48:44.477 | INFO     | python_scraper:extract_lottery_data:484 - 第2页找到 3 个表格
2025-09-03 19:48:44.631 | INFO     | python_scraper:extract_lottery_data:498 - 第2页选择表格 2，包含 50 行
2025-09-03 19:48:44.640 | INFO     | python_scraper:extract_lottery_data:510 - 第2页找到 50 行数据
2025-09-03 19:48:44.656 | INFO     | python_scraper:extract_lottery_data:524 - 第2页第一行包含有效数据，从第一行开始读取
2025-09-03 19:48:48.212 | INFO     | python_scraper:extract_lottery_data:572 - 第2页成功提取 50 条数据
2025-09-03 19:48:48.214 | WARNING  | python_scraper:scrape_all_pages:850 - 第 2 页全部为重复数据，可能已到达最后一页
2025-09-03 19:48:53.519 | INFO     | python_scraper:navigate_to_next_page:797 - 已成功翻页: <button type="button" class="btn-next is-last" aria-label="下一页" aria-disabled="false"><i class="el-i
2025-09-03 19:48:55.524 | INFO     | python_scraper:scrape_all_pages:826 - 正在抓取第 3 页数据
2025-09-03 19:48:55.536 | INFO     | python_scraper:extract_lottery_data:484 - 第3页找到 3 个表格
2025-09-03 19:48:55.577 | INFO     | python_scraper:extract_lottery_data:498 - 第3页选择表格 2，包含 50 行
2025-09-03 19:48:55.588 | INFO     | python_scraper:extract_lottery_data:510 - 第3页找到 50 行数据
2025-09-03 19:48:55.625 | INFO     | python_scraper:extract_lottery_data:524 - 第3页第一行包含有效数据，从第一行开始读取
2025-09-03 19:48:57.594 | INFO     | python_scraper:extract_lottery_data:572 - 第3页成功提取 50 条数据
2025-09-03 19:48:57.594 | INFO     | python_scraper:scrape_all_pages:845 - 第 3 页获取到 50 条新数据
2025-09-03 19:49:02.424 | INFO     | python_scraper:navigate_to_next_page:797 - 已成功翻页: <button type="button" class="btn-next is-last" aria-label="下一页" aria-disabled="true" disabled=""><i 
2025-09-03 19:49:04.435 | INFO     | python_scraper:scrape_all_pages:826 - 正在抓取第 4 页数据
2025-09-03 19:49:04.538 | INFO     | python_scraper:extract_lottery_data:484 - 第4页找到 3 个表格
2025-09-03 19:49:04.573 | INFO     | python_scraper:extract_lottery_data:498 - 第4页选择表格 2，包含 50 行
2025-09-03 19:49:04.586 | INFO     | python_scraper:extract_lottery_data:510 - 第4页找到 50 行数据
2025-09-03 19:49:04.605 | INFO     | python_scraper:extract_lottery_data:524 - 第4页第一行包含有效数据，从第一行开始读取
2025-09-03 19:49:06.850 | INFO     | python_scraper:extract_lottery_data:572 - 第4页成功提取 50 条数据
2025-09-03 19:49:06.851 | INFO     | python_scraper:scrape_all_pages:845 - 第 4 页获取到 50 条新数据
2025-09-03 19:49:07.405 | INFO     | python_scraper:navigate_to_next_page:810 - 没有找到可用的下一页按钮，已到达最后一页
2025-09-03 19:49:07.406 | INFO     | python_scraper:scrape_all_pages:873 - 第 4 页后没有更多页面，抓取完成
2025-09-03 19:49:07.406 | INFO     | python_scraper:scrape_all_pages:879 - 总共抓取了 4 页，获得 150 条唯一数据
2025-09-03 19:49:07.407 | INFO     | python_scraper:run_scraper:956 - 数据验证完成，有效数据: 150/150 条
2025-09-03 19:49:07.415 | INFO     | python_scraper:save_to_json:919 - 数据已保存到: data/taiwan_pk10_data_20250903_194907.json
2025-09-03 19:49:07.416 | INFO     | python_scraper:save_to_json:920 - 最新数据已保存到: data/latest_taiwan_pk10_data.json
2025-09-03 19:49:07.421 | INFO     | python_scraper:connect_mongodb:1102 - 成功连接到MongoDB数据库: taiwan_pk10
2025-09-03 19:49:07.430 | INFO     | python_scraper:save_to_mongodb:1151 - 成功保存 150 条数据到MongoDB
2025-09-03 19:49:07.433 | INFO     | python_scraper:save_to_mongodb:1163 - 格式化数据已保存，共 150 条记录
2025-09-03 19:49:07.434 | INFO     | python_scraper:run_scraper:967 - 数据已成功保存到MongoDB数据库
2025-09-03 19:49:07.436 | INFO     | python_scraper:run_scraper:972 - 格式化数据样本（前5条）:
2025-09-03 19:49:07.438 | INFO     | python_scraper:run_scraper:974 -   1: 114049888 9,3,4,2,8,7,1,6,10,5
2025-09-03 19:49:07.438 | INFO     | python_scraper:run_scraper:974 -   2: 114049887 8,4,7,1,5,10,6,2,3,9
2025-09-03 19:49:07.439 | INFO     | python_scraper:run_scraper:974 -   3: 114049886 5,4,10,3,7,6,1,8,2,9
2025-09-03 19:49:07.439 | INFO     | python_scraper:run_scraper:974 -   4: 114049885 10,9,6,7,3,5,8,1,4,2
2025-09-03 19:49:07.440 | INFO     | python_scraper:run_scraper:974 -   5: 114049884 1,3,4,10,6,8,7,2,9,5
2025-09-03 19:49:07.441 | INFO     | python_scraper:run_scraper:975 - 总计 150 条格式化数据可用于网页导入
2025-09-03 19:49:07.442 | INFO     | python_scraper:run_scraper:981 - 抓取完成，共获得 150 条有效数据
2025-09-03 19:49:07.569 | INFO     | python_scraper:cleanup:1087 - 浏览器驱动已关闭
2025-09-03 19:49:07.578 | INFO     | python_scraper:cleanup:1087 - 浏览器驱动已关闭
2025-09-03 19:49:57.614 | INFO     | python_scraper:run_scraper:931 - 开始运行台湾PK10数据抓取器
2025-09-03 19:49:59.337 | INFO     | python_scraper:setup_driver:86 - Chrome浏览器驱动设置完成
2025-09-03 19:49:59.343 | INFO     | python_scraper:navigate_to_page:95 - 正在访问: https://xn--kpro5poukl1g.com/#/
2025-09-03 19:50:25.224 | INFO     | python_scraper:navigate_to_page:102 - 页面加载完成
2025-09-03 19:50:25.274 | INFO     | python_scraper:click_pk10_option:148 - 找到台湾PK10选项: 台湾PK10
2025-09-03 19:50:27.450 | INFO     | python_scraper:click_pk10_option:152 - 成功点击台湾PK10选项
2025-09-03 19:50:27.452 | INFO     | python_scraper:navigate_to_page:106 - 成功切换到台湾PK10数据
2025-09-03 19:50:27.611 | INFO     | python_scraper:select_date:197 - 找到日期选择器: input[placeholder*='日期']
2025-09-03 19:50:27.636 | DEBUG    | python_scraper:select_date:264 - 日期输入方法1失败: Message: invalid element state
  (Session info: chrome=139.0.7258.155)
Stacktrace:
0   chromedriver                        0x0000000110500668 chromedriver + 5928552
1   chromedriver                        0x00000001104f7c0a chromedriver + 5893130
2   chromedriver                        0x000000010ffc1c43 chromedriver + 429123
3   chromedriver                        0x000000011000a50e chromedriver + 726286
4   chromedriver                        0x000000011003a062 chromedriver + 921698
5   chromedriver                        0x0000000110007b48 chromedriver + 715592
6   chromedriver                        0x000000011003a21e chromedriver + 922142
7   chromedriver                        0x00000001100611d4 chromedriver + 1081812
8   chromedriver                        0x0000000110039e33 chromedriver + 921139
9   chromedriver                        0x000000011000637b chromedriver + 709499
10  chromedriver                        0x0000000110007061 chromedriver + 712801
11  chromedriver                        0x00000001104be0e0 chromedriver + 5656800
12  chromedriver                        0x00000001104c1fa4 chromedriver + 5672868
13  chromedriver                        0x0000000110499052 chromedriver + 5505106
14  chromedriver                        0x00000001104c2a4f chromedriver + 5675599
15  chromedriver                        0x0000000110488004 chromedriver + 5435396
16  chromedriver                        0x00000001104e4d88 chromedriver + 5815688
17  chromedriver                        0x00000001104e4f50 chromedriver + 5816144
18  chromedriver                        0x00000001104f77e1 chromedriver + 5892065
19  libsystem_pthread.dylib             0x00007ff814eba1d3 _pthread_start + 125
20  libsystem_pthread.dylib             0x00007ff814eb5bd3 thread_start + 15

2025-09-03 19:50:29.656 | INFO     | python_scraper:select_date:223 - 已选择日期: 2025-09-03 (使用选择器: input[placeholder*='日期'], 方法2)
2025-09-03 19:50:34.949 | INFO     | python_scraper:select_date:257 - 未找到查询按钮，已按回车键尝试触发更新
2025-09-03 19:50:34.951 | INFO     | python_scraper:scrape_all_pages:826 - 正在抓取第 1 页数据
2025-09-03 19:50:34.968 | INFO     | python_scraper:extract_lottery_data:484 - 第1页找到 3 个表格
2025-09-03 19:50:35.017 | INFO     | python_scraper:extract_lottery_data:498 - 第1页选择表格 2，包含 50 行
2025-09-03 19:50:35.029 | INFO     | python_scraper:extract_lottery_data:510 - 第1页找到 50 行数据
2025-09-03 19:50:35.060 | INFO     | python_scraper:extract_lottery_data:524 - 第1页第一行包含有效数据，从第一行开始读取
2025-09-03 19:50:37.347 | INFO     | python_scraper:extract_lottery_data:572 - 第1页成功提取 50 条数据
2025-09-03 19:50:37.348 | INFO     | python_scraper:scrape_all_pages:845 - 第 1 页获取到 50 条新数据
2025-09-03 19:50:42.275 | INFO     | python_scraper:navigate_to_next_page:797 - 已成功翻页: <button type="button" class="btn-next is-last" aria-label="下一页" aria-disabled="false"><i class="el-i
2025-09-03 19:50:44.281 | INFO     | python_scraper:scrape_all_pages:826 - 正在抓取第 2 页数据
2025-09-03 19:50:44.288 | INFO     | python_scraper:extract_lottery_data:484 - 第2页找到 3 个表格
2025-09-03 19:50:44.317 | INFO     | python_scraper:extract_lottery_data:498 - 第2页选择表格 2，包含 50 行
2025-09-03 19:50:44.325 | INFO     | python_scraper:extract_lottery_data:510 - 第2页找到 50 行数据
2025-09-03 19:50:44.339 | INFO     | python_scraper:extract_lottery_data:524 - 第2页第一行包含有效数据，从第一行开始读取
2025-09-03 19:50:46.495 | INFO     | python_scraper:extract_lottery_data:572 - 第2页成功提取 50 条数据
2025-09-03 19:50:46.496 | INFO     | python_scraper:scrape_all_pages:845 - 第 2 页获取到 49 条新数据
2025-09-03 19:50:46.497 | INFO     | python_scraper:scrape_all_pages:847 - 第 2 页跳过 1 条重复数据
2025-09-03 19:50:51.711 | INFO     | python_scraper:navigate_to_next_page:797 - 已成功翻页: <button type="button" class="btn-next is-last" aria-label="下一页" aria-disabled="false"><i class="el-i
2025-09-03 19:50:53.715 | INFO     | python_scraper:scrape_all_pages:826 - 正在抓取第 3 页数据
2025-09-03 19:50:53.724 | INFO     | python_scraper:extract_lottery_data:484 - 第3页找到 3 个表格
2025-09-03 19:50:53.756 | INFO     | python_scraper:extract_lottery_data:498 - 第3页选择表格 2，包含 50 行
2025-09-03 19:50:53.767 | INFO     | python_scraper:extract_lottery_data:510 - 第3页找到 50 行数据
2025-09-03 19:50:53.783 | INFO     | python_scraper:extract_lottery_data:524 - 第3页第一行包含有效数据，从第一行开始读取
2025-09-03 19:50:55.920 | INFO     | python_scraper:extract_lottery_data:572 - 第3页成功提取 50 条数据
2025-09-03 19:50:55.922 | INFO     | python_scraper:scrape_all_pages:845 - 第 3 页获取到 50 条新数据
2025-09-03 19:51:00.819 | INFO     | python_scraper:navigate_to_next_page:797 - 已成功翻页: <button type="button" class="btn-next is-last" aria-label="下一页" aria-disabled="true" disabled=""><i 
2025-09-03 19:51:02.820 | INFO     | python_scraper:scrape_all_pages:826 - 正在抓取第 4 页数据
2025-09-03 19:51:02.829 | INFO     | python_scraper:extract_lottery_data:484 - 第4页找到 3 个表格
2025-09-03 19:51:02.859 | INFO     | python_scraper:extract_lottery_data:498 - 第4页选择表格 2，包含 4 行
2025-09-03 19:51:02.867 | INFO     | python_scraper:extract_lottery_data:510 - 第4页找到 4 行数据
2025-09-03 19:51:02.885 | INFO     | python_scraper:extract_lottery_data:524 - 第4页第一行包含有效数据，从第一行开始读取
2025-09-03 19:51:03.029 | INFO     | python_scraper:extract_lottery_data:572 - 第4页成功提取 4 条数据
2025-09-03 19:51:03.030 | INFO     | python_scraper:scrape_all_pages:845 - 第 4 页获取到 4 条新数据
2025-09-03 19:51:03.301 | INFO     | python_scraper:navigate_to_next_page:810 - 没有找到可用的下一页按钮，已到达最后一页
2025-09-03 19:51:03.302 | INFO     | python_scraper:scrape_all_pages:873 - 第 4 页后没有更多页面，抓取完成
2025-09-03 19:51:03.303 | INFO     | python_scraper:scrape_all_pages:879 - 总共抓取了 4 页，获得 153 条唯一数据
2025-09-03 19:51:03.304 | INFO     | python_scraper:run_scraper:956 - 数据验证完成，有效数据: 153/153 条
2025-09-03 19:51:03.322 | INFO     | python_scraper:save_to_json:919 - 数据已保存到: data/taiwan_pk10_data_20250903_195103.json
2025-09-03 19:51:03.323 | INFO     | python_scraper:save_to_json:920 - 最新数据已保存到: data/latest_taiwan_pk10_data.json
2025-09-03 19:51:03.372 | INFO     | python_scraper:connect_mongodb:1102 - 成功连接到MongoDB数据库: taiwan_pk10
2025-09-03 19:51:03.385 | INFO     | python_scraper:save_to_mongodb:1151 - 成功保存 153 条数据到MongoDB
2025-09-03 19:51:03.390 | INFO     | python_scraper:save_to_mongodb:1163 - 格式化数据已保存，共 153 条记录
2025-09-03 19:51:03.394 | INFO     | python_scraper:run_scraper:967 - 数据已成功保存到MongoDB数据库
2025-09-03 19:51:03.395 | INFO     | python_scraper:run_scraper:972 - 格式化数据样本（前5条）:
2025-09-03 19:51:03.396 | INFO     | python_scraper:run_scraper:974 -   1: 114049888 9,3,4,2,8,7,1,6,10,5
2025-09-03 19:51:03.401 | INFO     | python_scraper:run_scraper:974 -   2: 114049887 8,4,7,1,5,10,6,2,3,9
2025-09-03 19:51:03.402 | INFO     | python_scraper:run_scraper:974 -   3: 114049886 5,4,10,3,7,6,1,8,2,9
2025-09-03 19:51:03.403 | INFO     | python_scraper:run_scraper:974 -   4: 114049885 10,9,6,7,3,5,8,1,4,2
2025-09-03 19:51:03.405 | INFO     | python_scraper:run_scraper:974 -   5: 114049884 1,3,4,10,6,8,7,2,9,5
2025-09-03 19:51:03.407 | INFO     | python_scraper:run_scraper:975 - 总计 153 条格式化数据可用于网页导入
2025-09-03 19:51:03.409 | INFO     | python_scraper:run_scraper:981 - 抓取完成，共获得 153 条有效数据
2025-09-03 19:51:03.563 | INFO     | python_scraper:cleanup:1087 - 浏览器驱动已关闭
2025-09-03 19:51:03.588 | INFO     | python_scraper:cleanup:1087 - 浏览器驱动已关闭
2025-09-03 19:51:53.720 | INFO     | python_scraper:run_scraper:931 - 开始运行台湾PK10数据抓取器
2025-09-03 19:51:55.246 | INFO     | python_scraper:setup_driver:86 - Chrome浏览器驱动设置完成
2025-09-03 19:51:55.248 | INFO     | python_scraper:navigate_to_page:95 - 正在访问: https://xn--kpro5poukl1g.com/#/
2025-09-03 19:55:11.227 | INFO     | python_scraper:navigate_to_page:102 - 页面加载完成
2025-09-03 19:55:11.283 | INFO     | python_scraper:click_pk10_option:148 - 找到台湾PK10选项: 台湾PK10
2025-09-03 19:55:13.337 | INFO     | python_scraper:click_pk10_option:152 - 成功点击台湾PK10选项
2025-09-03 19:55:13.338 | INFO     | python_scraper:navigate_to_page:106 - 成功切换到台湾PK10数据
2025-09-03 19:55:13.496 | INFO     | python_scraper:select_date:197 - 找到日期选择器: input[placeholder*='日期']
2025-09-03 19:55:13.527 | DEBUG    | python_scraper:select_date:264 - 日期输入方法1失败: Message: invalid element state
  (Session info: chrome=139.0.7258.155)
Stacktrace:
0   chromedriver                        0x000000010e1ac668 chromedriver + 5928552
1   chromedriver                        0x000000010e1a3c0a chromedriver + 5893130
2   chromedriver                        0x000000010dc6dc43 chromedriver + 429123
3   chromedriver                        0x000000010dcb650e chromedriver + 726286
4   chromedriver                        0x000000010dce6062 chromedriver + 921698
5   chromedriver                        0x000000010dcb3b48 chromedriver + 715592
6   chromedriver                        0x000000010dce621e chromedriver + 922142
7   chromedriver                        0x000000010dd0d1d4 chromedriver + 1081812
8   chromedriver                        0x000000010dce5e33 chromedriver + 921139
9   chromedriver                        0x000000010dcb237b chromedriver + 709499
10  chromedriver                        0x000000010dcb3061 chromedriver + 712801
11  chromedriver                        0x000000010e16a0e0 chromedriver + 5656800
12  chromedriver                        0x000000010e16dfa4 chromedriver + 5672868
13  chromedriver                        0x000000010e145052 chromedriver + 5505106
14  chromedriver                        0x000000010e16ea4f chromedriver + 5675599
15  chromedriver                        0x000000010e134004 chromedriver + 5435396
16  chromedriver                        0x000000010e190d88 chromedriver + 5815688
17  chromedriver                        0x000000010e190f50 chromedriver + 5816144
18  chromedriver                        0x000000010e1a37e1 chromedriver + 5892065
19  libsystem_pthread.dylib             0x00007ff814eba1d3 _pthread_start + 125
20  libsystem_pthread.dylib             0x00007ff814eb5bd3 thread_start + 15

2025-09-03 19:55:15.552 | INFO     | python_scraper:select_date:223 - 已选择日期: 2025-09-03 (使用选择器: input[placeholder*='日期'], 方法2)
2025-09-03 19:55:20.933 | INFO     | python_scraper:select_date:257 - 未找到查询按钮，已按回车键尝试触发更新
2025-09-03 19:55:20.938 | INFO     | python_scraper:scrape_all_pages:826 - 正在抓取第 1 页数据
2025-09-03 19:55:20.951 | INFO     | python_scraper:extract_lottery_data:484 - 第1页找到 3 个表格
2025-09-03 19:55:20.990 | INFO     | python_scraper:extract_lottery_data:498 - 第1页选择表格 2，包含 50 行
2025-09-03 19:55:21.000 | INFO     | python_scraper:extract_lottery_data:510 - 第1页找到 50 行数据
2025-09-03 19:55:21.015 | INFO     | python_scraper:extract_lottery_data:524 - 第1页第一行包含有效数据，从第一行开始读取
2025-09-03 19:55:22.815 | INFO     | python_scraper:extract_lottery_data:572 - 第1页成功提取 50 条数据
2025-09-03 19:55:22.816 | INFO     | python_scraper:scrape_all_pages:845 - 第 1 页获取到 50 条新数据
2025-09-03 19:55:28.053 | INFO     | python_scraper:navigate_to_next_page:797 - 已成功翻页: <button type="button" class="btn-next is-last" aria-label="下一页" aria-disabled="false"><i class="el-i
2025-09-03 19:55:30.058 | INFO     | python_scraper:scrape_all_pages:826 - 正在抓取第 2 页数据
2025-09-03 19:55:30.066 | INFO     | python_scraper:extract_lottery_data:484 - 第2页找到 3 个表格
2025-09-03 19:55:30.096 | INFO     | python_scraper:extract_lottery_data:498 - 第2页选择表格 2，包含 50 行
2025-09-03 19:55:30.105 | INFO     | python_scraper:extract_lottery_data:510 - 第2页找到 50 行数据
2025-09-03 19:55:30.119 | INFO     | python_scraper:extract_lottery_data:524 - 第2页第一行包含有效数据，从第一行开始读取
2025-09-03 19:55:31.758 | INFO     | python_scraper:extract_lottery_data:572 - 第2页成功提取 50 条数据
2025-09-03 19:55:31.759 | INFO     | python_scraper:scrape_all_pages:845 - 第 2 页获取到 49 条新数据
2025-09-03 19:55:31.760 | INFO     | python_scraper:scrape_all_pages:847 - 第 2 页跳过 1 条重复数据
2025-09-03 19:55:36.554 | INFO     | python_scraper:navigate_to_next_page:797 - 已成功翻页: <button type="button" class="btn-next is-last" aria-label="下一页" aria-disabled="false"><i class="el-i
2025-09-03 19:55:38.559 | INFO     | python_scraper:scrape_all_pages:826 - 正在抓取第 3 页数据
2025-09-03 19:55:38.567 | INFO     | python_scraper:extract_lottery_data:484 - 第3页找到 3 个表格
2025-09-03 19:55:38.611 | INFO     | python_scraper:extract_lottery_data:498 - 第3页选择表格 2，包含 50 行
2025-09-03 19:55:38.624 | INFO     | python_scraper:extract_lottery_data:510 - 第3页找到 50 行数据
2025-09-03 19:55:38.640 | INFO     | python_scraper:extract_lottery_data:524 - 第3页第一行包含有效数据，从第一行开始读取
2025-09-03 19:55:40.539 | INFO     | python_scraper:extract_lottery_data:572 - 第3页成功提取 50 条数据
2025-09-03 19:55:40.540 | INFO     | python_scraper:scrape_all_pages:845 - 第 3 页获取到 50 条新数据
2025-09-03 19:55:45.055 | INFO     | python_scraper:navigate_to_next_page:797 - 已成功翻页: <button type="button" class="btn-next is-last" aria-label="下一页" aria-disabled="true" disabled=""><i 
2025-09-03 19:55:47.059 | INFO     | python_scraper:scrape_all_pages:826 - 正在抓取第 4 页数据
2025-09-03 19:55:47.072 | INFO     | python_scraper:extract_lottery_data:484 - 第4页找到 3 个表格
2025-09-03 19:55:47.109 | INFO     | python_scraper:extract_lottery_data:498 - 第4页选择表格 2，包含 5 行
2025-09-03 19:55:47.117 | INFO     | python_scraper:extract_lottery_data:510 - 第4页找到 5 行数据
2025-09-03 19:55:47.137 | INFO     | python_scraper:extract_lottery_data:524 - 第4页第一行包含有效数据，从第一行开始读取
2025-09-03 19:55:47.324 | INFO     | python_scraper:extract_lottery_data:572 - 第4页成功提取 5 条数据
2025-09-03 19:55:47.325 | INFO     | python_scraper:scrape_all_pages:845 - 第 4 页获取到 5 条新数据
2025-09-03 19:55:47.555 | INFO     | python_scraper:navigate_to_next_page:810 - 没有找到可用的下一页按钮，已到达最后一页
2025-09-03 19:55:47.556 | INFO     | python_scraper:scrape_all_pages:873 - 第 4 页后没有更多页面，抓取完成
2025-09-03 19:55:47.557 | INFO     | python_scraper:scrape_all_pages:879 - 总共抓取了 4 页，获得 154 条唯一数据
2025-09-03 19:55:47.558 | INFO     | python_scraper:run_scraper:956 - 数据验证完成，有效数据: 154/154 条
2025-09-03 19:55:47.566 | INFO     | python_scraper:save_to_json:919 - 数据已保存到: data/taiwan_pk10_data_20250903_195547.json
2025-09-03 19:55:47.567 | INFO     | python_scraper:save_to_json:920 - 最新数据已保存到: data/latest_taiwan_pk10_data.json
2025-09-03 19:55:47.572 | INFO     | python_scraper:connect_mongodb:1102 - 成功连接到MongoDB数据库: taiwan_pk10
2025-09-03 19:55:47.584 | INFO     | python_scraper:save_to_mongodb:1151 - 成功保存 154 条数据到MongoDB
2025-09-03 19:55:47.587 | INFO     | python_scraper:save_to_mongodb:1163 - 格式化数据已保存，共 154 条记录
2025-09-03 19:55:47.588 | INFO     | python_scraper:run_scraper:967 - 数据已成功保存到MongoDB数据库
2025-09-03 19:55:47.590 | INFO     | python_scraper:run_scraper:972 - 格式化数据样本（前5条）:
2025-09-03 19:55:47.591 | INFO     | python_scraper:run_scraper:974 -   1: 114049889 2,3,5,10,7,9,6,4,8,1
2025-09-03 19:55:47.592 | INFO     | python_scraper:run_scraper:974 -   2: 114049888 9,3,4,2,8,7,1,6,10,5
2025-09-03 19:55:47.593 | INFO     | python_scraper:run_scraper:974 -   3: 114049887 8,4,7,1,5,10,6,2,3,9
2025-09-03 19:55:47.594 | INFO     | python_scraper:run_scraper:974 -   4: 114049886 5,4,10,3,7,6,1,8,2,9
2025-09-03 19:55:47.594 | INFO     | python_scraper:run_scraper:974 -   5: 114049885 10,9,6,7,3,5,8,1,4,2
2025-09-03 19:55:47.595 | INFO     | python_scraper:run_scraper:975 - 总计 154 条格式化数据可用于网页导入
2025-09-03 19:55:47.596 | INFO     | python_scraper:run_scraper:981 - 抓取完成，共获得 154 条有效数据
2025-09-03 19:55:47.706 | INFO     | python_scraper:cleanup:1087 - 浏览器驱动已关闭
2025-09-03 19:55:47.713 | INFO     | python_scraper:cleanup:1087 - 浏览器驱动已关闭
