2025-09-09 20:52:45.647 | INFO     | python_scraper:run_scraper:926 - 开始运行台湾PK10数据抓取器
2025-09-09 20:52:47.043 | INFO     | python_scraper:setup_driver:86 - Chrome浏览器驱动设置完成
2025-09-09 20:52:47.132 | INFO     | python_scraper:navigate_to_page:95 - 正在访问: https://xn--kpro5poukl1g.com/#/
2025-09-09 20:52:52.917 | INFO     | python_scraper:navigate_to_page:102 - 页面加载完成
2025-09-09 20:52:53.000 | INFO     | python_scraper:click_pk10_option:148 - 找到台湾PK10选项: 台湾PK10
2025-09-09 20:52:55.094 | INFO     | python_scraper:click_pk10_option:152 - 成功点击台湾PK10选项
2025-09-09 20:52:55.131 | INFO     | python_scraper:navigate_to_page:106 - 成功切换到台湾PK10数据
2025-09-09 20:52:55.281 | INFO     | python_scraper:select_date:197 - 找到日期选择器: input[placeholder*='日期']
2025-09-09 20:52:55.341 | DEBUG    | python_scraper:select_date:264 - 日期输入方法1失败: Message: invalid element state
  (Session info: chrome=139.0.7258.155)
Stacktrace:
0   chromedriver                        0x0000000102869668 chromedriver + 5928552
1   chromedriver                        0x0000000102860c0a chromedriver + 5893130
2   chromedriver                        0x000000010232ac43 chromedriver + 429123
3   chromedriver                        0x000000010237350e chromedriver + 726286
4   chromedriver                        0x00000001023a3062 chromedriver + 921698
5   chromedriver                        0x0000000102370b48 chromedriver + 715592
6   chromedriver                        0x00000001023a321e chromedriver + 922142
7   chromedriver                        0x00000001023ca1d4 chromedriver + 1081812
8   chromedriver                        0x00000001023a2e33 chromedriver + 921139
9   chromedriver                        0x000000010236f37b chromedriver + 709499
10  chromedriver                        0x0000000102370061 chromedriver + 712801
11  chromedriver                        0x00000001028270e0 chromedriver + 5656800
12  chromedriver                        0x000000010282afa4 chromedriver + 5672868
13  chromedriver                        0x0000000102802052 chromedriver + 5505106
14  chromedriver                        0x000000010282ba4f chromedriver + 5675599
15  chromedriver                        0x00000001027f1004 chromedriver + 5435396
16  chromedriver                        0x000000010284dd88 chromedriver + 5815688
17  chromedriver                        0x000000010284df50 chromedriver + 5816144
18  chromedriver                        0x00000001028607e1 chromedriver + 5892065
19  libsystem_pthread.dylib             0x00007ff814eba1d3 _pthread_start + 125
20  libsystem_pthread.dylib             0x00007ff814eb5bd3 thread_start + 15

2025-09-09 20:52:57.407 | INFO     | python_scraper:select_date:223 - 已选择日期: 2025-09-09 (使用选择器: input[placeholder*='日期'], 方法2)
2025-09-09 20:53:02.636 | INFO     | python_scraper:select_date:257 - 未找到查询按钮，已按回车键尝试触发更新
2025-09-09 20:53:02.719 | INFO     | python_scraper:scrape_all_pages:826 - 正在抓取第 1 页数据
2025-09-09 20:53:02.814 | INFO     | python_scraper:extract_lottery_data:484 - 第1页找到 3 个表格
2025-09-09 20:53:02.904 | INFO     | python_scraper:extract_lottery_data:498 - 第1页选择表格 2，包含 50 行
2025-09-09 20:53:02.980 | INFO     | python_scraper:extract_lottery_data:510 - 第1页找到 50 行数据
2025-09-09 20:53:03.054 | INFO     | python_scraper:extract_lottery_data:524 - 第1页第一行包含有效数据，从第一行开始读取
2025-09-09 20:53:04.990 | INFO     | python_scraper:extract_lottery_data:572 - 第1页成功提取 50 条数据
2025-09-09 20:53:05.027 | INFO     | python_scraper:scrape_all_pages:845 - 第 1 页获取到 50 条新数据
2025-09-09 20:53:10.481 | INFO     | python_scraper:navigate_to_next_page:797 - 已成功翻页: <button type="button" class="btn-next is-last" aria-label="下一页" aria-disabled="false"><i class="el-i
2025-09-09 20:53:12.631 | INFO     | python_scraper:scrape_all_pages:826 - 正在抓取第 2 页数据
2025-09-09 20:53:12.722 | INFO     | python_scraper:extract_lottery_data:484 - 第2页找到 3 个表格
2025-09-09 20:53:12.874 | INFO     | python_scraper:extract_lottery_data:498 - 第2页选择表格 2，包含 50 行
2025-09-09 20:53:12.966 | INFO     | python_scraper:extract_lottery_data:510 - 第2页找到 50 行数据
2025-09-09 20:53:13.051 | INFO     | python_scraper:extract_lottery_data:524 - 第2页第一行包含有效数据，从第一行开始读取
2025-09-09 20:53:14.834 | INFO     | python_scraper:extract_lottery_data:572 - 第2页成功提取 50 条数据
2025-09-09 20:53:14.868 | INFO     | python_scraper:scrape_all_pages:845 - 第 2 页获取到 50 条新数据
2025-09-09 20:53:19.699 | INFO     | python_scraper:navigate_to_next_page:797 - 已成功翻页: <button type="button" class="btn-next is-last" aria-label="下一页" aria-disabled="false"><i class="el-i
2025-09-09 20:53:21.738 | INFO     | python_scraper:scrape_all_pages:826 - 正在抓取第 3 页数据
2025-09-09 20:53:21.792 | INFO     | python_scraper:extract_lottery_data:484 - 第3页找到 3 个表格
2025-09-09 20:53:21.866 | INFO     | python_scraper:extract_lottery_data:498 - 第3页选择表格 2，包含 50 行
2025-09-09 20:53:21.919 | INFO     | python_scraper:extract_lottery_data:510 - 第3页找到 50 行数据
2025-09-09 20:53:21.972 | INFO     | python_scraper:extract_lottery_data:524 - 第3页第一行包含有效数据，从第一行开始读取
2025-09-09 20:53:23.947 | INFO     | python_scraper:extract_lottery_data:572 - 第3页成功提取 50 条数据
2025-09-09 20:53:23.981 | INFO     | python_scraper:scrape_all_pages:845 - 第 3 页获取到 50 条新数据
2025-09-09 20:53:28.629 | INFO     | python_scraper:navigate_to_next_page:797 - 已成功翻页: <button type="button" class="btn-next is-last" aria-label="下一页" aria-disabled="true" disabled=""><i 
2025-09-09 20:53:30.679 | INFO     | python_scraper:scrape_all_pages:826 - 正在抓取第 4 页数据
2025-09-09 20:53:30.741 | INFO     | python_scraper:extract_lottery_data:484 - 第4页找到 3 个表格
2025-09-09 20:53:30.796 | INFO     | python_scraper:extract_lottery_data:498 - 第4页选择表格 2，包含 16 行
2025-09-09 20:53:30.833 | INFO     | python_scraper:extract_lottery_data:510 - 第4页找到 16 行数据
2025-09-09 20:53:30.877 | INFO     | python_scraper:extract_lottery_data:524 - 第4页第一行包含有效数据，从第一行开始读取
2025-09-09 20:53:31.876 | INFO     | python_scraper:extract_lottery_data:572 - 第4页成功提取 16 条数据
2025-09-09 20:53:31.980 | INFO     | python_scraper:scrape_all_pages:845 - 第 4 页获取到 16 条新数据
2025-09-09 20:53:32.337 | INFO     | python_scraper:navigate_to_next_page:810 - 没有找到可用的下一页按钮，已到达最后一页
2025-09-09 20:53:32.369 | INFO     | python_scraper:scrape_all_pages:873 - 第 4 页后没有更多页面，抓取完成
2025-09-09 20:53:32.403 | INFO     | python_scraper:scrape_all_pages:879 - 总共抓取了 4 页，获得 166 条唯一数据
2025-09-09 20:53:32.432 | INFO     | python_scraper:run_scraper:951 - 数据验证完成，有效数据: 166/166 条
2025-09-09 20:53:32.474 | INFO     | python_scraper:save_to_json:914 - 数据已保存到: data/taiwan_pk10_data_20250909_205332.json
2025-09-09 20:53:32.527 | ERROR    | python_scraper:connect_mongodb:1100 - 连接MongoDB失败: The DNS query name does not exist: _mongodb._tcp.cluster0.aqhqr.mongodb.net.
2025-09-09 20:53:32.573 | ERROR    | python_scraper:run_scraper:972 - 保存到MongoDB失败
2025-09-09 20:53:32.618 | INFO     | python_scraper:run_scraper:976 - 抓取完成，共获得 166 条有效数据
2025-09-09 20:53:32.813 | INFO     | python_scraper:cleanup:1082 - 浏览器驱动已关闭
2025-09-09 20:53:32.862 | INFO     | python_scraper:cleanup:1082 - 浏览器驱动已关闭
2025-09-09 23:44:21.047 | INFO     | python_scraper:run_scraper:926 - 开始运行台湾PK10数据抓取器
2025-09-09 23:44:25.782 | INFO     | python_scraper:setup_driver:86 - Chrome浏览器驱动设置完成
2025-09-09 23:44:25.849 | INFO     | python_scraper:navigate_to_page:95 - 正在访问: https://xn--kpro5poukl1g.com/#/
2025-09-09 23:44:26.115 | ERROR    | python_scraper:navigate_to_page:116 - 导航到页面失败: Message: unknown error: net::ERR_INTERNET_DISCONNECTED
  (Session info: chrome=139.0.7258.155)
Stacktrace:
0   chromedriver                        0x000000010df63668 chromedriver + 5928552
1   chromedriver                        0x000000010df5ac0a chromedriver + 5893130
2   chromedriver                        0x000000010da24e00 chromedriver + 429568
3   chromedriver                        0x000000010da1bdbf chromedriver + 392639
4   chromedriver                        0x000000010da0d0a8 chromedriver + 331944
5   chromedriver                        0x000000010da0edc0 chromedriver + 339392
6   chromedriver                        0x000000010da0d42b chromedriver + 332843
7   chromedriver                        0x000000010da0ce40 chromedriver + 331328
8   chromedriver                        0x000000010da0cb4b chromedriver + 330571
9   chromedriver                        0x000000010da0aa04 chromedriver + 322052
10  chromedriver                        0x000000010da0b1ca chromedriver + 324042
11  chromedriver                        0x000000010da28379 chromedriver + 443257
12  chromedriver                        0x000000010dac4e25 chromedriver + 1084965
13  chromedriver                        0x000000010da9d062 chromedriver + 921698
14  chromedriver                        0x000000010dac41d4 chromedriver + 1081812
15  chromedriver                        0x000000010da9ce33 chromedriver + 921139
16  chromedriver                        0x000000010da6937b chromedriver + 709499
17  chromedriver                        0x000000010da6a061 chromedriver + 712801
18  chromedriver                        0x000000010df210e0 chromedriver + 5656800
19  chromedriver                        0x000000010df24fa4 chromedriver + 5672868
20  chromedriver                        0x000000010defc052 chromedriver + 5505106
21  chromedriver                        0x000000010df25a4f chromedriver + 5675599
22  chromedriver                        0x000000010deeb004 chromedriver + 5435396
23  chromedriver                        0x000000010df47d88 chromedriver + 5815688
24  chromedriver                        0x000000010df47f50 chromedriver + 5816144
25  chromedriver                        0x000000010df5a7e1 chromedriver + 5892065
26  libsystem_pthread.dylib             0x00007ff814eba1d3 _pthread_start + 125
27  libsystem_pthread.dylib             0x00007ff814eb5bd3 thread_start + 15

2025-09-09 23:44:26.166 | ERROR    | python_scraper:run_scraper:933 - 无法访问目标页面
2025-09-09 23:44:26.290 | INFO     | python_scraper:cleanup:1082 - 浏览器驱动已关闭
2025-09-10 00:53:31.581 | INFO     | python_scraper:cleanup:1082 - 浏览器驱动已关闭
