2025-09-09 23:44:21.047 | INFO     | python_scraper:run_scraper:926 - 开始运行台湾PK10数据抓取器
2025-09-09 23:44:25.782 | INFO     | python_scraper:setup_driver:86 - Chrome浏览器驱动设置完成
2025-09-09 23:44:25.849 | INFO     | python_scraper:navigate_to_page:95 - 正在访问: https://xn--kpro5poukl1g.com/#/
2025-09-09 23:44:26.115 | ERROR    | python_scraper:navigate_to_page:116 - 导航到页面失败: Message: unknown error: net::ERR_INTERNET_DISCONNECTED
  (Session info: chrome=139.0.7258.155)
Stacktrace:
0   chromedriver                        0x000000010df63668 chromedriver + 5928552
1   chromedriver                        0x000000010df5ac0a chromedriver + 5893130
2   chromedriver                        0x000000010da24e00 chromedriver + 429568
3   chromedriver                        0x000000010da1bdbf chromedriver + 392639
4   chromedriver                        0x000000010da0d0a8 chromedriver + 331944
5   chromedriver                        0x000000010da0edc0 chromedriver + 339392
6   chromedriver                        0x000000010da0d42b chromedriver + 332843
7   chromedriver                        0x000000010da0ce40 chromedriver + 331328
8   chromedriver                        0x000000010da0cb4b chromedriver + 330571
9   chromedriver                        0x000000010da0aa04 chromedriver + 322052
10  chromedriver                        0x000000010da0b1ca chromedriver + 324042
11  chromedriver                        0x000000010da28379 chromedriver + 443257
12  chromedriver                        0x000000010dac4e25 chromedriver + 1084965
13  chromedriver                        0x000000010da9d062 chromedriver + 921698
14  chromedriver                        0x000000010dac41d4 chromedriver + 1081812
15  chromedriver                        0x000000010da9ce33 chromedriver + 921139
16  chromedriver                        0x000000010da6937b chromedriver + 709499
17  chromedriver                        0x000000010da6a061 chromedriver + 712801
18  chromedriver                        0x000000010df210e0 chromedriver + 5656800
19  chromedriver                        0x000000010df24fa4 chromedriver + 5672868
20  chromedriver                        0x000000010defc052 chromedriver + 5505106
21  chromedriver                        0x000000010df25a4f chromedriver + 5675599
22  chromedriver                        0x000000010deeb004 chromedriver + 5435396
23  chromedriver                        0x000000010df47d88 chromedriver + 5815688
24  chromedriver                        0x000000010df47f50 chromedriver + 5816144
25  chromedriver                        0x000000010df5a7e1 chromedriver + 5892065
26  libsystem_pthread.dylib             0x00007ff814eba1d3 _pthread_start + 125
27  libsystem_pthread.dylib             0x00007ff814eb5bd3 thread_start + 15

2025-09-09 23:44:26.166 | ERROR    | python_scraper:run_scraper:933 - 无法访问目标页面
2025-09-09 23:44:26.290 | INFO     | python_scraper:cleanup:1082 - 浏览器驱动已关闭
2025-09-10 00:53:31.581 | INFO     | python_scraper:cleanup:1082 - 浏览器驱动已关闭
