2025-09-03 20:23:30.432 | INFO     | python_scraper:run_scraper:931 - 开始运行台湾PK10数据抓取器
2025-09-03 20:23:31.851 | INFO     | python_scraper:setup_driver:86 - Chrome浏览器驱动设置完成
2025-09-03 20:23:31.853 | INFO     | python_scraper:navigate_to_page:95 - 正在访问: https://xn--kpro5poukl1g.com/#/
2025-09-03 20:23:38.837 | INFO     | python_scraper:navigate_to_page:102 - 页面加载完成
2025-09-03 20:23:38.883 | INFO     | python_scraper:click_pk10_option:148 - 找到台湾PK10选项: 台湾PK10
2025-09-03 20:23:40.958 | INFO     | python_scraper:click_pk10_option:152 - 成功点击台湾PK10选项
2025-09-03 20:23:40.960 | INFO     | python_scraper:navigate_to_page:106 - 成功切换到台湾PK10数据
2025-09-03 20:23:41.061 | INFO     | python_scraper:select_date:197 - 找到日期选择器: input[placeholder*='日期']
2025-09-03 20:23:41.080 | DEBUG    | python_scraper:select_date:264 - 日期输入方法1失败: Message: invalid element state
  (Session info: chrome=139.0.7258.155)
Stacktrace:
0   chromedriver                        0x000000010c468668 chromedriver + 5928552
1   chromedriver                        0x000000010c45fc0a chromedriver + 5893130
2   chromedriver                        0x000000010bf29c43 chromedriver + 429123
3   chromedriver                        0x000000010bf7250e chromedriver + 726286
4   chromedriver                        0x000000010bfa2062 chromedriver + 921698
5   chromedriver                        0x000000010bf6fb48 chromedriver + 715592
6   chromedriver                        0x000000010bfa221e chromedriver + 922142
7   chromedriver                        0x000000010bfc91d4 chromedriver + 1081812
8   chromedriver                        0x000000010bfa1e33 chromedriver + 921139
9   chromedriver                        0x000000010bf6e37b chromedriver + 709499
10  chromedriver                        0x000000010bf6f061 chromedriver + 712801
11  chromedriver                        0x000000010c4260e0 chromedriver + 5656800
12  chromedriver                        0x000000010c429fa4 chromedriver + 5672868
13  chromedriver                        0x000000010c401052 chromedriver + 5505106
14  chromedriver                        0x000000010c42aa4f chromedriver + 5675599
15  chromedriver                        0x000000010c3f0004 chromedriver + 5435396
16  chromedriver                        0x000000010c44cd88 chromedriver + 5815688
17  chromedriver                        0x000000010c44cf50 chromedriver + 5816144
18  chromedriver                        0x000000010c45f7e1 chromedriver + 5892065
19  libsystem_pthread.dylib             0x00007ff814eba1d3 _pthread_start + 125
20  libsystem_pthread.dylib             0x00007ff814eb5bd3 thread_start + 15

2025-09-03 20:23:43.101 | INFO     | python_scraper:select_date:223 - 已选择日期: 2025-09-03 (使用选择器: input[placeholder*='日期'], 方法2)
2025-09-03 20:23:48.268 | INFO     | python_scraper:select_date:257 - 未找到查询按钮，已按回车键尝试触发更新
2025-09-03 20:23:48.276 | INFO     | python_scraper:scrape_all_pages:826 - 正在抓取第 1 页数据
2025-09-03 20:23:48.286 | INFO     | python_scraper:extract_lottery_data:484 - 第1页找到 3 个表格
2025-09-03 20:23:48.320 | INFO     | python_scraper:extract_lottery_data:498 - 第1页选择表格 2，包含 50 行
2025-09-03 20:23:48.329 | INFO     | python_scraper:extract_lottery_data:510 - 第1页找到 50 行数据
2025-09-03 20:23:48.342 | INFO     | python_scraper:extract_lottery_data:524 - 第1页第一行包含有效数据，从第一行开始读取
2025-09-03 20:23:50.139 | INFO     | python_scraper:extract_lottery_data:572 - 第1页成功提取 50 条数据
2025-09-03 20:23:50.140 | INFO     | python_scraper:scrape_all_pages:845 - 第 1 页获取到 50 条新数据
2025-09-03 20:23:55.078 | INFO     | python_scraper:navigate_to_next_page:797 - 已成功翻页: <button type="button" class="btn-next is-last" aria-label="下一页" aria-disabled="false"><i class="el-i
2025-09-03 20:23:57.089 | INFO     | python_scraper:scrape_all_pages:826 - 正在抓取第 2 页数据
2025-09-03 20:23:57.101 | INFO     | python_scraper:extract_lottery_data:484 - 第2页找到 3 个表格
2025-09-03 20:23:57.149 | INFO     | python_scraper:extract_lottery_data:498 - 第2页选择表格 2，包含 50 行
2025-09-03 20:23:57.158 | INFO     | python_scraper:extract_lottery_data:510 - 第2页找到 50 行数据
2025-09-03 20:23:57.174 | INFO     | python_scraper:extract_lottery_data:524 - 第2页第一行包含有效数据，从第一行开始读取
2025-09-03 20:23:58.885 | INFO     | python_scraper:extract_lottery_data:572 - 第2页成功提取 50 条数据
2025-09-03 20:23:58.886 | INFO     | python_scraper:scrape_all_pages:845 - 第 2 页获取到 50 条新数据
2025-09-03 20:24:03.714 | INFO     | python_scraper:navigate_to_next_page:797 - 已成功翻页: <button type="button" class="btn-next is-last" aria-label="下一页" aria-disabled="false"><i class="el-i
2025-09-03 20:24:05.720 | INFO     | python_scraper:scrape_all_pages:826 - 正在抓取第 3 页数据
2025-09-03 20:24:05.743 | INFO     | python_scraper:extract_lottery_data:484 - 第3页找到 3 个表格
2025-09-03 20:24:05.769 | INFO     | python_scraper:extract_lottery_data:498 - 第3页选择表格 2，包含 50 行
2025-09-03 20:24:05.784 | INFO     | python_scraper:extract_lottery_data:510 - 第3页找到 50 行数据
2025-09-03 20:24:05.799 | INFO     | python_scraper:extract_lottery_data:524 - 第3页第一行包含有效数据，从第一行开始读取
2025-09-03 20:24:07.505 | INFO     | python_scraper:extract_lottery_data:572 - 第3页成功提取 50 条数据
2025-09-03 20:24:07.507 | INFO     | python_scraper:scrape_all_pages:845 - 第 3 页获取到 50 条新数据
2025-09-03 20:24:12.120 | INFO     | python_scraper:navigate_to_next_page:797 - 已成功翻页: <button type="button" class="btn-next is-last" aria-label="下一页" aria-disabled="true" disabled=""><i 
2025-09-03 20:24:14.127 | INFO     | python_scraper:scrape_all_pages:826 - 正在抓取第 4 页数据
2025-09-03 20:24:14.145 | INFO     | python_scraper:extract_lottery_data:484 - 第4页找到 3 个表格
2025-09-03 20:24:14.183 | INFO     | python_scraper:extract_lottery_data:498 - 第4页选择表格 2，包含 10 行
2025-09-03 20:24:14.196 | INFO     | python_scraper:extract_lottery_data:510 - 第4页找到 10 行数据
2025-09-03 20:24:14.229 | INFO     | python_scraper:extract_lottery_data:524 - 第4页第一行包含有效数据，从第一行开始读取
2025-09-03 20:24:14.648 | INFO     | python_scraper:extract_lottery_data:572 - 第4页成功提取 10 条数据
2025-09-03 20:24:14.649 | INFO     | python_scraper:scrape_all_pages:845 - 第 4 页获取到 10 条新数据
2025-09-03 20:24:14.892 | INFO     | python_scraper:navigate_to_next_page:810 - 没有找到可用的下一页按钮，已到达最后一页
2025-09-03 20:24:14.893 | INFO     | python_scraper:scrape_all_pages:873 - 第 4 页后没有更多页面，抓取完成
2025-09-03 20:24:14.895 | INFO     | python_scraper:scrape_all_pages:879 - 总共抓取了 4 页，获得 160 条唯一数据
2025-09-03 20:24:14.896 | INFO     | python_scraper:run_scraper:956 - 数据验证完成，有效数据: 160/160 条
2025-09-03 20:24:14.908 | INFO     | python_scraper:save_to_json:919 - 数据已保存到: data/taiwan_pk10_data_20250903_202414.json
2025-09-03 20:24:14.910 | INFO     | python_scraper:save_to_json:920 - 最新数据已保存到: data/latest_taiwan_pk10_data.json
2025-09-03 20:24:14.917 | INFO     | python_scraper:connect_mongodb:1102 - 成功连接到MongoDB数据库: taiwan_pk10
2025-09-03 20:24:14.970 | INFO     | python_scraper:save_to_mongodb:1151 - 成功保存 160 条数据到MongoDB
2025-09-03 20:24:14.974 | INFO     | python_scraper:save_to_mongodb:1163 - 格式化数据已保存，共 160 条记录
2025-09-03 20:24:14.976 | INFO     | python_scraper:run_scraper:967 - 数据已成功保存到MongoDB数据库
2025-09-03 20:24:14.978 | INFO     | python_scraper:run_scraper:972 - 格式化数据样本（前5条）:
2025-09-03 20:24:14.980 | INFO     | python_scraper:run_scraper:974 -   1: 114049895 7,4,3,9,1,8,10,5,6,2
2025-09-03 20:24:14.982 | INFO     | python_scraper:run_scraper:974 -   2: 114049894 9,1,4,10,3,7,8,5,6,2
2025-09-03 20:24:14.984 | INFO     | python_scraper:run_scraper:974 -   3: 114049893 7,1,9,10,2,6,4,3,5,8
2025-09-03 20:24:14.985 | INFO     | python_scraper:run_scraper:974 -   4: 114049892 4,10,6,3,2,9,7,1,8,5
2025-09-03 20:24:14.987 | INFO     | python_scraper:run_scraper:974 -   5: 114049891 4,9,6,3,7,8,1,5,2,10
2025-09-03 20:24:14.989 | INFO     | python_scraper:run_scraper:975 - 总计 160 条格式化数据可用于网页导入
2025-09-03 20:24:14.990 | INFO     | python_scraper:run_scraper:981 - 抓取完成，共获得 160 条有效数据
2025-09-03 20:24:15.103 | INFO     | python_scraper:cleanup:1087 - 浏览器驱动已关闭
2025-09-03 20:24:15.209 | INFO     | python_scraper:cleanup:1087 - 浏览器驱动已关闭
2025-09-03 20:26:05.274 | INFO     | python_scraper:run_scraper:931 - 开始运行台湾PK10数据抓取器
2025-09-03 20:26:06.759 | INFO     | python_scraper:setup_driver:86 - Chrome浏览器驱动设置完成
2025-09-03 20:26:06.763 | INFO     | python_scraper:navigate_to_page:95 - 正在访问: https://xn--kpro5poukl1g.com/#/
2025-09-03 20:26:13.919 | INFO     | python_scraper:navigate_to_page:102 - 页面加载完成
2025-09-03 20:26:13.978 | INFO     | python_scraper:click_pk10_option:148 - 找到台湾PK10选项: 台湾PK10
2025-09-03 20:26:16.037 | INFO     | python_scraper:click_pk10_option:152 - 成功点击台湾PK10选项
2025-09-03 20:26:16.039 | INFO     | python_scraper:navigate_to_page:106 - 成功切换到台湾PK10数据
2025-09-03 20:26:16.146 | INFO     | python_scraper:select_date:197 - 找到日期选择器: input[placeholder*='日期']
2025-09-03 20:26:16.174 | DEBUG    | python_scraper:select_date:264 - 日期输入方法1失败: Message: invalid element state
  (Session info: chrome=139.0.7258.155)
Stacktrace:
0   chromedriver                        0x0000000102d95668 chromedriver + 5928552
1   chromedriver                        0x0000000102d8cc0a chromedriver + 5893130
2   chromedriver                        0x0000000102856c43 chromedriver + 429123
3   chromedriver                        0x000000010289f50e chromedriver + 726286
4   chromedriver                        0x00000001028cf062 chromedriver + 921698
5   chromedriver                        0x000000010289cb48 chromedriver + 715592
6   chromedriver                        0x00000001028cf21e chromedriver + 922142
7   chromedriver                        0x00000001028f61d4 chromedriver + 1081812
8   chromedriver                        0x00000001028cee33 chromedriver + 921139
9   chromedriver                        0x000000010289b37b chromedriver + 709499
10  chromedriver                        0x000000010289c061 chromedriver + 712801
11  chromedriver                        0x0000000102d530e0 chromedriver + 5656800
12  chromedriver                        0x0000000102d56fa4 chromedriver + 5672868
13  chromedriver                        0x0000000102d2e052 chromedriver + 5505106
14  chromedriver                        0x0000000102d57a4f chromedriver + 5675599
15  chromedriver                        0x0000000102d1d004 chromedriver + 5435396
16  chromedriver                        0x0000000102d79d88 chromedriver + 5815688
17  chromedriver                        0x0000000102d79f50 chromedriver + 5816144
18  chromedriver                        0x0000000102d8c7e1 chromedriver + 5892065
19  libsystem_pthread.dylib             0x00007ff814eba1d3 _pthread_start + 125
20  libsystem_pthread.dylib             0x00007ff814eb5bd3 thread_start + 15

2025-09-03 20:26:18.196 | INFO     | python_scraper:select_date:223 - 已选择日期: 2025-09-03 (使用选择器: input[placeholder*='日期'], 方法2)
2025-09-03 20:26:23.368 | INFO     | python_scraper:select_date:257 - 未找到查询按钮，已按回车键尝试触发更新
2025-09-03 20:26:23.378 | INFO     | python_scraper:scrape_all_pages:826 - 正在抓取第 1 页数据
2025-09-03 20:26:23.390 | INFO     | python_scraper:extract_lottery_data:484 - 第1页找到 3 个表格
2025-09-03 20:26:23.427 | INFO     | python_scraper:extract_lottery_data:498 - 第1页选择表格 2，包含 50 行
2025-09-03 20:26:23.436 | INFO     | python_scraper:extract_lottery_data:510 - 第1页找到 50 行数据
2025-09-03 20:26:23.452 | INFO     | python_scraper:extract_lottery_data:524 - 第1页第一行包含有效数据，从第一行开始读取
2025-09-03 20:26:25.290 | INFO     | python_scraper:extract_lottery_data:572 - 第1页成功提取 50 条数据
2025-09-03 20:26:25.292 | INFO     | python_scraper:scrape_all_pages:845 - 第 1 页获取到 50 条新数据
2025-09-03 20:26:30.225 | INFO     | python_scraper:navigate_to_next_page:797 - 已成功翻页: <button type="button" class="btn-next is-last" aria-label="下一页" aria-disabled="false"><i class="el-i
2025-09-03 20:26:32.234 | INFO     | python_scraper:scrape_all_pages:826 - 正在抓取第 2 页数据
2025-09-03 20:26:32.244 | INFO     | python_scraper:extract_lottery_data:484 - 第2页找到 3 个表格
2025-09-03 20:26:32.276 | INFO     | python_scraper:extract_lottery_data:498 - 第2页选择表格 2，包含 50 行
2025-09-03 20:26:32.286 | INFO     | python_scraper:extract_lottery_data:510 - 第2页找到 50 行数据
2025-09-03 20:26:32.302 | INFO     | python_scraper:extract_lottery_data:524 - 第2页第一行包含有效数据，从第一行开始读取
2025-09-03 20:26:34.087 | INFO     | python_scraper:extract_lottery_data:572 - 第2页成功提取 50 条数据
2025-09-03 20:26:34.089 | INFO     | python_scraper:scrape_all_pages:845 - 第 2 页获取到 49 条新数据
2025-09-03 20:26:34.091 | INFO     | python_scraper:scrape_all_pages:847 - 第 2 页跳过 1 条重复数据
2025-09-03 20:26:39.039 | INFO     | python_scraper:navigate_to_next_page:797 - 已成功翻页: <button type="button" class="btn-next is-last" aria-label="下一页" aria-disabled="false"><i class="el-i
2025-09-03 20:26:41.051 | INFO     | python_scraper:scrape_all_pages:826 - 正在抓取第 3 页数据
2025-09-03 20:26:41.062 | INFO     | python_scraper:extract_lottery_data:484 - 第3页找到 3 个表格
2025-09-03 20:26:41.094 | INFO     | python_scraper:extract_lottery_data:498 - 第3页选择表格 2，包含 50 行
2025-09-03 20:26:41.105 | INFO     | python_scraper:extract_lottery_data:510 - 第3页找到 50 行数据
2025-09-03 20:26:41.119 | INFO     | python_scraper:extract_lottery_data:524 - 第3页第一行包含有效数据，从第一行开始读取
2025-09-03 20:26:42.828 | INFO     | python_scraper:extract_lottery_data:572 - 第3页成功提取 50 条数据
2025-09-03 20:26:42.829 | INFO     | python_scraper:scrape_all_pages:845 - 第 3 页获取到 50 条新数据
2025-09-03 20:26:47.406 | INFO     | python_scraper:navigate_to_next_page:797 - 已成功翻页: <button type="button" class="btn-next is-last" aria-label="下一页" aria-disabled="true" disabled=""><i 
2025-09-03 20:26:49.417 | INFO     | python_scraper:scrape_all_pages:826 - 正在抓取第 4 页数据
2025-09-03 20:26:49.426 | INFO     | python_scraper:extract_lottery_data:484 - 第4页找到 3 个表格
2025-09-03 20:26:49.458 | INFO     | python_scraper:extract_lottery_data:498 - 第4页选择表格 2，包含 11 行
2025-09-03 20:26:49.467 | INFO     | python_scraper:extract_lottery_data:510 - 第4页找到 11 行数据
2025-09-03 20:26:49.482 | INFO     | python_scraper:extract_lottery_data:524 - 第4页第一行包含有效数据，从第一行开始读取
2025-09-03 20:26:49.849 | INFO     | python_scraper:extract_lottery_data:572 - 第4页成功提取 11 条数据
2025-09-03 20:26:49.850 | INFO     | python_scraper:scrape_all_pages:845 - 第 4 页获取到 11 条新数据
2025-09-03 20:26:50.105 | INFO     | python_scraper:navigate_to_next_page:810 - 没有找到可用的下一页按钮，已到达最后一页
2025-09-03 20:26:50.107 | INFO     | python_scraper:scrape_all_pages:873 - 第 4 页后没有更多页面，抓取完成
2025-09-03 20:26:50.108 | INFO     | python_scraper:scrape_all_pages:879 - 总共抓取了 4 页，获得 160 条唯一数据
2025-09-03 20:26:50.109 | INFO     | python_scraper:run_scraper:956 - 数据验证完成，有效数据: 160/160 条
2025-09-03 20:26:50.124 | INFO     | python_scraper:save_to_json:919 - 数据已保存到: data/taiwan_pk10_data_20250903_202650.json
2025-09-03 20:26:50.125 | INFO     | python_scraper:save_to_json:920 - 最新数据已保存到: data/latest_taiwan_pk10_data.json
2025-09-03 20:26:50.131 | INFO     | python_scraper:connect_mongodb:1102 - 成功连接到MongoDB数据库: taiwan_pk10
2025-09-03 20:26:50.184 | INFO     | python_scraper:save_to_mongodb:1151 - 成功保存 160 条数据到MongoDB
2025-09-03 20:26:50.188 | INFO     | python_scraper:save_to_mongodb:1163 - 格式化数据已保存，共 160 条记录
2025-09-03 20:26:50.191 | INFO     | python_scraper:run_scraper:967 - 数据已成功保存到MongoDB数据库
2025-09-03 20:26:50.193 | INFO     | python_scraper:run_scraper:972 - 格式化数据样本（前5条）:
2025-09-03 20:26:50.203 | INFO     | python_scraper:run_scraper:974 -   1: 114049895 7,4,3,9,1,8,10,5,6,2
2025-09-03 20:26:50.209 | INFO     | python_scraper:run_scraper:974 -   2: 114049894 9,1,4,10,3,7,8,5,6,2
2025-09-03 20:26:50.210 | INFO     | python_scraper:run_scraper:974 -   3: 114049893 7,1,9,10,2,6,4,3,5,8
2025-09-03 20:26:50.218 | INFO     | python_scraper:run_scraper:974 -   4: 114049892 4,10,6,3,2,9,7,1,8,5
2025-09-03 20:26:50.220 | INFO     | python_scraper:run_scraper:974 -   5: 114049891 4,9,6,3,7,8,1,5,2,10
2025-09-03 20:26:50.223 | INFO     | python_scraper:run_scraper:975 - 总计 160 条格式化数据可用于网页导入
2025-09-03 20:26:50.226 | INFO     | python_scraper:run_scraper:981 - 抓取完成，共获得 160 条有效数据
2025-09-03 20:26:50.348 | INFO     | python_scraper:cleanup:1087 - 浏览器驱动已关闭
2025-09-03 20:26:50.360 | INFO     | python_scraper:cleanup:1087 - 浏览器驱动已关闭
2025-09-03 20:27:50.385 | INFO     | python_scraper:run_scraper:931 - 开始运行台湾PK10数据抓取器
2025-09-03 20:27:51.731 | INFO     | python_scraper:setup_driver:86 - Chrome浏览器驱动设置完成
2025-09-03 20:27:51.735 | INFO     | python_scraper:navigate_to_page:95 - 正在访问: https://xn--kpro5poukl1g.com/#/
2025-09-03 20:27:58.930 | INFO     | python_scraper:navigate_to_page:102 - 页面加载完成
2025-09-03 20:27:58.992 | INFO     | python_scraper:click_pk10_option:148 - 找到台湾PK10选项: 台湾PK10
2025-09-03 20:28:01.064 | INFO     | python_scraper:click_pk10_option:152 - 成功点击台湾PK10选项
2025-09-03 20:28:01.071 | INFO     | python_scraper:navigate_to_page:106 - 成功切换到台湾PK10数据
2025-09-03 20:28:01.251 | INFO     | python_scraper:select_date:197 - 找到日期选择器: input[placeholder*='日期']
2025-09-03 20:28:01.274 | DEBUG    | python_scraper:select_date:264 - 日期输入方法1失败: Message: invalid element state
  (Session info: chrome=139.0.7258.155)
Stacktrace:
0   chromedriver                        0x0000000105033668 chromedriver + 5928552
1   chromedriver                        0x000000010502ac0a chromedriver + 5893130
2   chromedriver                        0x0000000104af4c43 chromedriver + 429123
3   chromedriver                        0x0000000104b3d50e chromedriver + 726286
4   chromedriver                        0x0000000104b6d062 chromedriver + 921698
5   chromedriver                        0x0000000104b3ab48 chromedriver + 715592
6   chromedriver                        0x0000000104b6d21e chromedriver + 922142
7   chromedriver                        0x0000000104b941d4 chromedriver + 1081812
8   chromedriver                        0x0000000104b6ce33 chromedriver + 921139
9   chromedriver                        0x0000000104b3937b chromedriver + 709499
10  chromedriver                        0x0000000104b3a061 chromedriver + 712801
11  chromedriver                        0x0000000104ff10e0 chromedriver + 5656800
12  chromedriver                        0x0000000104ff4fa4 chromedriver + 5672868
13  chromedriver                        0x0000000104fcc052 chromedriver + 5505106
14  chromedriver                        0x0000000104ff5a4f chromedriver + 5675599
15  chromedriver                        0x0000000104fbb004 chromedriver + 5435396
16  chromedriver                        0x0000000105017d88 chromedriver + 5815688
17  chromedriver                        0x0000000105017f50 chromedriver + 5816144
18  chromedriver                        0x000000010502a7e1 chromedriver + 5892065
19  libsystem_pthread.dylib             0x00007ff814eba1d3 _pthread_start + 125
20  libsystem_pthread.dylib             0x00007ff814eb5bd3 thread_start + 15

2025-09-03 20:28:03.298 | INFO     | python_scraper:select_date:223 - 已选择日期: 2025-09-03 (使用选择器: input[placeholder*='日期'], 方法2)
2025-09-03 20:28:08.470 | INFO     | python_scraper:select_date:257 - 未找到查询按钮，已按回车键尝试触发更新
2025-09-03 20:28:08.473 | INFO     | python_scraper:scrape_all_pages:826 - 正在抓取第 1 页数据
2025-09-03 20:28:08.490 | INFO     | python_scraper:extract_lottery_data:484 - 第1页找到 3 个表格
2025-09-03 20:28:08.533 | INFO     | python_scraper:extract_lottery_data:498 - 第1页选择表格 2，包含 50 行
2025-09-03 20:28:08.543 | INFO     | python_scraper:extract_lottery_data:510 - 第1页找到 50 行数据
2025-09-03 20:28:08.558 | INFO     | python_scraper:extract_lottery_data:524 - 第1页第一行包含有效数据，从第一行开始读取
2025-09-03 20:28:10.370 | INFO     | python_scraper:extract_lottery_data:572 - 第1页成功提取 50 条数据
2025-09-03 20:28:10.371 | INFO     | python_scraper:scrape_all_pages:845 - 第 1 页获取到 50 条新数据
2025-09-03 20:28:15.271 | INFO     | python_scraper:navigate_to_next_page:797 - 已成功翻页: <button type="button" class="btn-next is-last" aria-label="下一页" aria-disabled="false"><i class="el-i
2025-09-03 20:28:17.282 | INFO     | python_scraper:scrape_all_pages:826 - 正在抓取第 2 页数据
2025-09-03 20:28:17.290 | INFO     | python_scraper:extract_lottery_data:484 - 第2页找到 3 个表格
2025-09-03 20:28:17.321 | INFO     | python_scraper:extract_lottery_data:498 - 第2页选择表格 2，包含 50 行
2025-09-03 20:28:17.333 | INFO     | python_scraper:extract_lottery_data:510 - 第2页找到 50 行数据
2025-09-03 20:28:17.349 | INFO     | python_scraper:extract_lottery_data:524 - 第2页第一行包含有效数据，从第一行开始读取
2025-09-03 20:28:19.075 | INFO     | python_scraper:extract_lottery_data:572 - 第2页成功提取 50 条数据
2025-09-03 20:28:19.077 | INFO     | python_scraper:scrape_all_pages:845 - 第 2 页获取到 50 条新数据
2025-09-03 20:28:24.261 | INFO     | python_scraper:navigate_to_next_page:797 - 已成功翻页: <button type="button" class="btn-next is-last" aria-label="下一页" aria-disabled="false"><i class="el-i
2025-09-03 20:28:26.276 | INFO     | python_scraper:scrape_all_pages:826 - 正在抓取第 3 页数据
2025-09-03 20:28:26.286 | INFO     | python_scraper:extract_lottery_data:484 - 第3页找到 3 个表格
2025-09-03 20:28:26.325 | INFO     | python_scraper:extract_lottery_data:498 - 第3页选择表格 2，包含 50 行
2025-09-03 20:28:26.340 | INFO     | python_scraper:extract_lottery_data:510 - 第3页找到 50 行数据
2025-09-03 20:28:26.359 | INFO     | python_scraper:extract_lottery_data:524 - 第3页第一行包含有效数据，从第一行开始读取
2025-09-03 20:28:28.250 | INFO     | python_scraper:extract_lottery_data:572 - 第3页成功提取 50 条数据
2025-09-03 20:28:28.252 | INFO     | python_scraper:scrape_all_pages:845 - 第 3 页获取到 50 条新数据
2025-09-03 20:28:32.910 | INFO     | python_scraper:navigate_to_next_page:797 - 已成功翻页: <button type="button" class="btn-next is-last" aria-label="下一页" aria-disabled="true" disabled=""><i 
2025-09-03 20:28:34.915 | INFO     | python_scraper:scrape_all_pages:826 - 正在抓取第 4 页数据
2025-09-03 20:28:34.923 | INFO     | python_scraper:extract_lottery_data:484 - 第4页找到 3 个表格
2025-09-03 20:28:34.954 | INFO     | python_scraper:extract_lottery_data:498 - 第4页选择表格 2，包含 11 行
2025-09-03 20:28:34.965 | INFO     | python_scraper:extract_lottery_data:510 - 第4页找到 11 行数据
2025-09-03 20:28:34.981 | INFO     | python_scraper:extract_lottery_data:524 - 第4页第一行包含有效数据，从第一行开始读取
2025-09-03 20:28:35.456 | INFO     | python_scraper:extract_lottery_data:572 - 第4页成功提取 11 条数据
2025-09-03 20:28:35.459 | INFO     | python_scraper:scrape_all_pages:845 - 第 4 页获取到 11 条新数据
2025-09-03 20:28:35.806 | INFO     | python_scraper:navigate_to_next_page:810 - 没有找到可用的下一页按钮，已到达最后一页
2025-09-03 20:28:35.808 | INFO     | python_scraper:scrape_all_pages:873 - 第 4 页后没有更多页面，抓取完成
2025-09-03 20:28:35.810 | INFO     | python_scraper:scrape_all_pages:879 - 总共抓取了 4 页，获得 161 条唯一数据
2025-09-03 20:28:35.812 | INFO     | python_scraper:run_scraper:956 - 数据验证完成，有效数据: 161/161 条
2025-09-03 20:28:35.825 | INFO     | python_scraper:save_to_json:919 - 数据已保存到: data/taiwan_pk10_data_20250903_202835.json
2025-09-03 20:28:35.827 | INFO     | python_scraper:save_to_json:920 - 最新数据已保存到: data/latest_taiwan_pk10_data.json
2025-09-03 20:28:35.836 | INFO     | python_scraper:connect_mongodb:1102 - 成功连接到MongoDB数据库: taiwan_pk10
2025-09-03 20:28:35.853 | INFO     | python_scraper:save_to_mongodb:1151 - 成功保存 161 条数据到MongoDB
2025-09-03 20:28:35.856 | INFO     | python_scraper:save_to_mongodb:1163 - 格式化数据已保存，共 161 条记录
2025-09-03 20:28:35.859 | INFO     | python_scraper:run_scraper:967 - 数据已成功保存到MongoDB数据库
2025-09-03 20:28:35.862 | INFO     | python_scraper:run_scraper:972 - 格式化数据样本（前5条）:
2025-09-03 20:28:35.863 | INFO     | python_scraper:run_scraper:974 -   1: 114049896 9,5,2,10,3,4,1,8,7,6
2025-09-03 20:28:35.865 | INFO     | python_scraper:run_scraper:974 -   2: 114049895 7,4,3,9,1,8,10,5,6,2
2025-09-03 20:28:35.868 | INFO     | python_scraper:run_scraper:974 -   3: 114049894 9,1,4,10,3,7,8,5,6,2
2025-09-03 20:28:35.871 | INFO     | python_scraper:run_scraper:974 -   4: 114049893 7,1,9,10,2,6,4,3,5,8
2025-09-03 20:28:35.873 | INFO     | python_scraper:run_scraper:974 -   5: 114049892 4,10,6,3,2,9,7,1,8,5
2025-09-03 20:28:35.875 | INFO     | python_scraper:run_scraper:975 - 总计 161 条格式化数据可用于网页导入
2025-09-03 20:28:35.878 | INFO     | python_scraper:run_scraper:981 - 抓取完成，共获得 161 条有效数据
2025-09-03 20:28:36.040 | INFO     | python_scraper:cleanup:1087 - 浏览器驱动已关闭
2025-09-03 20:28:36.048 | INFO     | python_scraper:cleanup:1087 - 浏览器驱动已关闭
2025-09-03 20:29:36.086 | INFO     | python_scraper:run_scraper:931 - 开始运行台湾PK10数据抓取器
2025-09-03 20:29:37.540 | INFO     | python_scraper:setup_driver:86 - Chrome浏览器驱动设置完成
2025-09-03 20:29:37.546 | INFO     | python_scraper:navigate_to_page:95 - 正在访问: https://xn--kpro5poukl1g.com/#/
2025-09-03 20:29:44.800 | INFO     | python_scraper:navigate_to_page:102 - 页面加载完成
2025-09-03 20:29:44.843 | INFO     | python_scraper:click_pk10_option:148 - 找到台湾PK10选项: 台湾PK10
2025-09-03 20:29:46.908 | INFO     | python_scraper:click_pk10_option:152 - 成功点击台湾PK10选项
2025-09-03 20:29:46.909 | INFO     | python_scraper:navigate_to_page:106 - 成功切换到台湾PK10数据
2025-09-03 20:29:47.012 | INFO     | python_scraper:select_date:197 - 找到日期选择器: input[placeholder*='日期']
2025-09-03 20:29:47.038 | DEBUG    | python_scraper:select_date:264 - 日期输入方法1失败: Message: invalid element state
  (Session info: chrome=139.0.7258.155)
Stacktrace:
0   chromedriver                        0x0000000104e84668 chromedriver + 5928552
1   chromedriver                        0x0000000104e7bc0a chromedriver + 5893130
2   chromedriver                        0x0000000104945c43 chromedriver + 429123
3   chromedriver                        0x000000010498e50e chromedriver + 726286
4   chromedriver                        0x00000001049be062 chromedriver + 921698
5   chromedriver                        0x000000010498bb48 chromedriver + 715592
6   chromedriver                        0x00000001049be21e chromedriver + 922142
7   chromedriver                        0x00000001049e51d4 chromedriver + 1081812
8   chromedriver                        0x00000001049bde33 chromedriver + 921139
9   chromedriver                        0x000000010498a37b chromedriver + 709499
10  chromedriver                        0x000000010498b061 chromedriver + 712801
11  chromedriver                        0x0000000104e420e0 chromedriver + 5656800
12  chromedriver                        0x0000000104e45fa4 chromedriver + 5672868
13  chromedriver                        0x0000000104e1d052 chromedriver + 5505106
14  chromedriver                        0x0000000104e46a4f chromedriver + 5675599
15  chromedriver                        0x0000000104e0c004 chromedriver + 5435396
16  chromedriver                        0x0000000104e68d88 chromedriver + 5815688
17  chromedriver                        0x0000000104e68f50 chromedriver + 5816144
18  chromedriver                        0x0000000104e7b7e1 chromedriver + 5892065
19  libsystem_pthread.dylib             0x00007ff814eba1d3 _pthread_start + 125
20  libsystem_pthread.dylib             0x00007ff814eb5bd3 thread_start + 15

2025-09-03 20:29:49.055 | INFO     | python_scraper:select_date:223 - 已选择日期: 2025-09-03 (使用选择器: input[placeholder*='日期'], 方法2)
2025-09-03 20:29:54.314 | INFO     | python_scraper:select_date:257 - 未找到查询按钮，已按回车键尝试触发更新
2025-09-03 20:29:54.317 | INFO     | python_scraper:scrape_all_pages:826 - 正在抓取第 1 页数据
2025-09-03 20:29:54.331 | INFO     | python_scraper:extract_lottery_data:484 - 第1页找到 3 个表格
2025-09-03 20:29:54.388 | INFO     | python_scraper:extract_lottery_data:498 - 第1页选择表格 2，包含 50 行
2025-09-03 20:29:54.413 | INFO     | python_scraper:extract_lottery_data:510 - 第1页找到 50 行数据
2025-09-03 20:29:54.435 | INFO     | python_scraper:extract_lottery_data:524 - 第1页第一行包含有效数据，从第一行开始读取
2025-09-03 20:29:56.792 | INFO     | python_scraper:extract_lottery_data:572 - 第1页成功提取 50 条数据
2025-09-03 20:29:56.794 | INFO     | python_scraper:scrape_all_pages:845 - 第 1 页获取到 50 条新数据
2025-09-03 20:30:02.134 | INFO     | python_scraper:navigate_to_next_page:797 - 已成功翻页: <button type="button" class="btn-next is-last" aria-label="下一页" aria-disabled="false"><i class="el-i
2025-09-03 20:30:04.142 | INFO     | python_scraper:scrape_all_pages:826 - 正在抓取第 2 页数据
2025-09-03 20:30:04.155 | INFO     | python_scraper:extract_lottery_data:484 - 第2页找到 3 个表格
2025-09-03 20:30:04.189 | INFO     | python_scraper:extract_lottery_data:498 - 第2页选择表格 2，包含 50 行
2025-09-03 20:30:04.201 | INFO     | python_scraper:extract_lottery_data:510 - 第2页找到 50 行数据
2025-09-03 20:30:04.223 | INFO     | python_scraper:extract_lottery_data:524 - 第2页第一行包含有效数据，从第一行开始读取
2025-09-03 20:30:06.672 | INFO     | python_scraper:extract_lottery_data:572 - 第2页成功提取 50 条数据
2025-09-03 20:30:06.681 | INFO     | python_scraper:scrape_all_pages:845 - 第 2 页获取到 50 条新数据
2025-09-03 20:30:12.493 | INFO     | python_scraper:navigate_to_next_page:797 - 已成功翻页: <button type="button" class="btn-next is-last" aria-label="下一页" aria-disabled="false"><i class="el-i
2025-09-03 20:30:14.499 | INFO     | python_scraper:scrape_all_pages:826 - 正在抓取第 3 页数据
2025-09-03 20:30:14.511 | INFO     | python_scraper:extract_lottery_data:484 - 第3页找到 3 个表格
2025-09-03 20:30:14.573 | INFO     | python_scraper:extract_lottery_data:498 - 第3页选择表格 2，包含 50 行
2025-09-03 20:30:14.588 | INFO     | python_scraper:extract_lottery_data:510 - 第3页找到 50 行数据
2025-09-03 20:30:14.608 | INFO     | python_scraper:extract_lottery_data:524 - 第3页第一行包含有效数据，从第一行开始读取
2025-09-03 20:30:16.573 | INFO     | python_scraper:extract_lottery_data:572 - 第3页成功提取 50 条数据
2025-09-03 20:30:16.635 | INFO     | python_scraper:scrape_all_pages:845 - 第 3 页获取到 50 条新数据
2025-09-03 20:30:21.794 | INFO     | python_scraper:navigate_to_next_page:797 - 已成功翻页: <button type="button" class="btn-next is-last" aria-label="下一页" aria-disabled="true" disabled=""><i 
2025-09-03 20:30:23.802 | INFO     | python_scraper:scrape_all_pages:826 - 正在抓取第 4 页数据
2025-09-03 20:30:23.812 | INFO     | python_scraper:extract_lottery_data:484 - 第4页找到 3 个表格
2025-09-03 20:30:23.841 | INFO     | python_scraper:extract_lottery_data:498 - 第4页选择表格 2，包含 11 行
2025-09-03 20:30:23.849 | INFO     | python_scraper:extract_lottery_data:510 - 第4页找到 11 行数据
2025-09-03 20:30:23.863 | INFO     | python_scraper:extract_lottery_data:524 - 第4页第一行包含有效数据，从第一行开始读取
2025-09-03 20:30:24.349 | INFO     | python_scraper:extract_lottery_data:572 - 第4页成功提取 11 条数据
2025-09-03 20:30:24.351 | INFO     | python_scraper:scrape_all_pages:845 - 第 4 页获取到 11 条新数据
2025-09-03 20:30:25.028 | INFO     | python_scraper:navigate_to_next_page:810 - 没有找到可用的下一页按钮，已到达最后一页
2025-09-03 20:30:25.030 | INFO     | python_scraper:scrape_all_pages:873 - 第 4 页后没有更多页面，抓取完成
2025-09-03 20:30:25.032 | INFO     | python_scraper:scrape_all_pages:879 - 总共抓取了 4 页，获得 161 条唯一数据
2025-09-03 20:30:25.034 | INFO     | python_scraper:run_scraper:956 - 数据验证完成，有效数据: 161/161 条
2025-09-03 20:30:25.044 | INFO     | python_scraper:save_to_json:919 - 数据已保存到: data/taiwan_pk10_data_20250903_203025.json
2025-09-03 20:30:25.046 | INFO     | python_scraper:save_to_json:920 - 最新数据已保存到: data/latest_taiwan_pk10_data.json
2025-09-03 20:30:25.054 | INFO     | python_scraper:connect_mongodb:1102 - 成功连接到MongoDB数据库: taiwan_pk10
2025-09-03 20:30:25.197 | INFO     | python_scraper:save_to_mongodb:1151 - 成功保存 161 条数据到MongoDB
2025-09-03 20:30:25.208 | INFO     | python_scraper:save_to_mongodb:1163 - 格式化数据已保存，共 161 条记录
2025-09-03 20:30:25.212 | INFO     | python_scraper:run_scraper:967 - 数据已成功保存到MongoDB数据库
2025-09-03 20:30:25.216 | INFO     | python_scraper:run_scraper:972 - 格式化数据样本（前5条）:
2025-09-03 20:30:25.218 | INFO     | python_scraper:run_scraper:974 -   1: 114049896 9,5,2,10,3,4,1,8,7,6
2025-09-03 20:30:25.221 | INFO     | python_scraper:run_scraper:974 -   2: 114049895 7,4,3,9,1,8,10,5,6,2
2025-09-03 20:30:25.224 | INFO     | python_scraper:run_scraper:974 -   3: 114049894 9,1,4,10,3,7,8,5,6,2
2025-09-03 20:30:25.227 | INFO     | python_scraper:run_scraper:974 -   4: 114049893 7,1,9,10,2,6,4,3,5,8
2025-09-03 20:30:25.230 | INFO     | python_scraper:run_scraper:974 -   5: 114049892 4,10,6,3,2,9,7,1,8,5
2025-09-03 20:30:25.233 | INFO     | python_scraper:run_scraper:975 - 总计 161 条格式化数据可用于网页导入
2025-09-03 20:30:25.236 | INFO     | python_scraper:run_scraper:981 - 抓取完成，共获得 161 条有效数据
2025-09-03 20:30:25.370 | INFO     | python_scraper:cleanup:1087 - 浏览器驱动已关闭
2025-09-03 20:30:25.379 | INFO     | python_scraper:cleanup:1087 - 浏览器驱动已关闭
2025-09-03 20:31:15.449 | INFO     | python_scraper:run_scraper:931 - 开始运行台湾PK10数据抓取器
2025-09-03 20:31:17.183 | INFO     | python_scraper:setup_driver:86 - Chrome浏览器驱动设置完成
2025-09-03 20:31:17.186 | INFO     | python_scraper:navigate_to_page:95 - 正在访问: https://xn--kpro5poukl1g.com/#/
2025-09-03 20:31:24.184 | INFO     | python_scraper:navigate_to_page:102 - 页面加载完成
2025-09-03 20:31:24.230 | INFO     | python_scraper:click_pk10_option:148 - 找到台湾PK10选项: 台湾PK10
2025-09-03 20:31:26.288 | INFO     | python_scraper:click_pk10_option:152 - 成功点击台湾PK10选项
2025-09-03 20:31:26.290 | INFO     | python_scraper:navigate_to_page:106 - 成功切换到台湾PK10数据
2025-09-03 20:31:26.397 | INFO     | python_scraper:select_date:197 - 找到日期选择器: input[placeholder*='日期']
2025-09-03 20:31:26.433 | DEBUG    | python_scraper:select_date:264 - 日期输入方法1失败: Message: invalid element state
  (Session info: chrome=139.0.7258.155)
Stacktrace:
0   chromedriver                        0x0000000109a41668 chromedriver + 5928552
1   chromedriver                        0x0000000109a38c0a chromedriver + 5893130
2   chromedriver                        0x0000000109502c43 chromedriver + 429123
3   chromedriver                        0x000000010954b50e chromedriver + 726286
4   chromedriver                        0x000000010957b062 chromedriver + 921698
5   chromedriver                        0x0000000109548b48 chromedriver + 715592
6   chromedriver                        0x000000010957b21e chromedriver + 922142
7   chromedriver                        0x00000001095a21d4 chromedriver + 1081812
8   chromedriver                        0x000000010957ae33 chromedriver + 921139
9   chromedriver                        0x000000010954737b chromedriver + 709499
10  chromedriver                        0x0000000109548061 chromedriver + 712801
11  chromedriver                        0x00000001099ff0e0 chromedriver + 5656800
12  chromedriver                        0x0000000109a02fa4 chromedriver + 5672868
13  chromedriver                        0x00000001099da052 chromedriver + 5505106
14  chromedriver                        0x0000000109a03a4f chromedriver + 5675599
15  chromedriver                        0x00000001099c9004 chromedriver + 5435396
16  chromedriver                        0x0000000109a25d88 chromedriver + 5815688
17  chromedriver                        0x0000000109a25f50 chromedriver + 5816144
18  chromedriver                        0x0000000109a387e1 chromedriver + 5892065
19  libsystem_pthread.dylib             0x00007ff814eba1d3 _pthread_start + 125
20  libsystem_pthread.dylib             0x00007ff814eb5bd3 thread_start + 15

2025-09-03 20:31:28.476 | INFO     | python_scraper:select_date:223 - 已选择日期: 2025-09-03 (使用选择器: input[placeholder*='日期'], 方法2)
2025-09-03 20:31:33.647 | INFO     | python_scraper:select_date:257 - 未找到查询按钮，已按回车键尝试触发更新
2025-09-03 20:31:33.650 | INFO     | python_scraper:scrape_all_pages:826 - 正在抓取第 1 页数据
2025-09-03 20:31:33.670 | INFO     | python_scraper:extract_lottery_data:484 - 第1页找到 3 个表格
2025-09-03 20:31:33.721 | INFO     | python_scraper:extract_lottery_data:498 - 第1页选择表格 2，包含 50 行
2025-09-03 20:31:33.734 | INFO     | python_scraper:extract_lottery_data:510 - 第1页找到 50 行数据
2025-09-03 20:31:33.754 | INFO     | python_scraper:extract_lottery_data:524 - 第1页第一行包含有效数据，从第一行开始读取
2025-09-03 20:31:36.133 | INFO     | python_scraper:extract_lottery_data:572 - 第1页成功提取 50 条数据
2025-09-03 20:31:36.135 | INFO     | python_scraper:scrape_all_pages:845 - 第 1 页获取到 50 条新数据
2025-09-03 20:31:41.149 | INFO     | python_scraper:navigate_to_next_page:797 - 已成功翻页: <button type="button" class="btn-next is-last" aria-label="下一页" aria-disabled="false"><i class="el-i
2025-09-03 20:31:43.154 | INFO     | python_scraper:scrape_all_pages:826 - 正在抓取第 2 页数据
2025-09-03 20:31:43.165 | INFO     | python_scraper:extract_lottery_data:484 - 第2页找到 3 个表格
2025-09-03 20:31:43.211 | INFO     | python_scraper:extract_lottery_data:498 - 第2页选择表格 2，包含 50 行
2025-09-03 20:31:43.228 | INFO     | python_scraper:extract_lottery_data:510 - 第2页找到 50 行数据
2025-09-03 20:31:43.253 | INFO     | python_scraper:extract_lottery_data:524 - 第2页第一行包含有效数据，从第一行开始读取
2025-09-03 20:31:45.602 | INFO     | python_scraper:extract_lottery_data:572 - 第2页成功提取 50 条数据
2025-09-03 20:31:45.605 | INFO     | python_scraper:scrape_all_pages:845 - 第 2 页获取到 50 条新数据
2025-09-03 20:31:50.702 | INFO     | python_scraper:navigate_to_next_page:797 - 已成功翻页: <button type="button" class="btn-next is-last" aria-label="下一页" aria-disabled="false"><i class="el-i
2025-09-03 20:31:52.706 | INFO     | python_scraper:scrape_all_pages:826 - 正在抓取第 3 页数据
2025-09-03 20:31:52.718 | INFO     | python_scraper:extract_lottery_data:484 - 第3页找到 3 个表格
2025-09-03 20:31:52.764 | INFO     | python_scraper:extract_lottery_data:498 - 第3页选择表格 2，包含 50 行
2025-09-03 20:31:52.797 | INFO     | python_scraper:extract_lottery_data:510 - 第3页找到 50 行数据
2025-09-03 20:31:52.880 | INFO     | python_scraper:extract_lottery_data:524 - 第3页第一行包含有效数据，从第一行开始读取
2025-09-03 20:31:57.278 | INFO     | python_scraper:extract_lottery_data:572 - 第3页成功提取 50 条数据
2025-09-03 20:31:57.288 | INFO     | python_scraper:scrape_all_pages:845 - 第 3 页获取到 50 条新数据
2025-09-03 20:32:02.876 | INFO     | python_scraper:navigate_to_next_page:797 - 已成功翻页: <button type="button" class="btn-next is-last" aria-label="下一页" aria-disabled="true" disabled=""><i 
2025-09-03 20:32:04.882 | INFO     | python_scraper:scrape_all_pages:826 - 正在抓取第 4 页数据
2025-09-03 20:32:04.892 | INFO     | python_scraper:extract_lottery_data:484 - 第4页找到 3 个表格
2025-09-03 20:32:04.927 | INFO     | python_scraper:extract_lottery_data:498 - 第4页选择表格 2，包含 50 行
2025-09-03 20:32:04.937 | INFO     | python_scraper:extract_lottery_data:510 - 第4页找到 50 行数据
2025-09-03 20:32:04.953 | INFO     | python_scraper:extract_lottery_data:524 - 第4页第一行包含有效数据，从第一行开始读取
2025-09-03 20:32:07.714 | INFO     | python_scraper:extract_lottery_data:572 - 第4页成功提取 50 条数据
2025-09-03 20:32:07.717 | WARNING  | python_scraper:scrape_all_pages:850 - 第 4 页全部为重复数据，可能已到达最后一页
2025-09-03 20:32:08.341 | INFO     | python_scraper:navigate_to_next_page:810 - 没有找到可用的下一页按钮，已到达最后一页
2025-09-03 20:32:08.345 | INFO     | python_scraper:scrape_all_pages:873 - 第 4 页后没有更多页面，抓取完成
2025-09-03 20:32:08.348 | INFO     | python_scraper:scrape_all_pages:879 - 总共抓取了 4 页，获得 150 条唯一数据
2025-09-03 20:32:08.350 | INFO     | python_scraper:run_scraper:956 - 数据验证完成，有效数据: 150/150 条
2025-09-03 20:32:08.361 | INFO     | python_scraper:save_to_json:919 - 数据已保存到: data/taiwan_pk10_data_20250903_203208.json
2025-09-03 20:32:08.364 | INFO     | python_scraper:save_to_json:920 - 最新数据已保存到: data/latest_taiwan_pk10_data.json
2025-09-03 20:32:08.427 | INFO     | python_scraper:connect_mongodb:1102 - 成功连接到MongoDB数据库: taiwan_pk10
2025-09-03 20:32:08.454 | INFO     | python_scraper:save_to_mongodb:1151 - 成功保存 150 条数据到MongoDB
2025-09-03 20:32:08.462 | INFO     | python_scraper:save_to_mongodb:1163 - 格式化数据已保存，共 150 条记录
2025-09-03 20:32:08.465 | INFO     | python_scraper:run_scraper:967 - 数据已成功保存到MongoDB数据库
2025-09-03 20:32:08.469 | INFO     | python_scraper:run_scraper:972 - 格式化数据样本（前5条）:
2025-09-03 20:32:08.471 | INFO     | python_scraper:run_scraper:974 -   1: 114049897 9,10,1,5,7,3,6,8,2,4
2025-09-03 20:32:08.473 | INFO     | python_scraper:run_scraper:974 -   2: 114049896 9,5,2,10,3,4,1,8,7,6
2025-09-03 20:32:08.476 | INFO     | python_scraper:run_scraper:974 -   3: 114049895 7,4,3,9,1,8,10,5,6,2
2025-09-03 20:32:08.479 | INFO     | python_scraper:run_scraper:974 -   4: 114049894 9,1,4,10,3,7,8,5,6,2
2025-09-03 20:32:08.481 | INFO     | python_scraper:run_scraper:974 -   5: 114049893 7,1,9,10,2,6,4,3,5,8
2025-09-03 20:32:08.483 | INFO     | python_scraper:run_scraper:975 - 总计 150 条格式化数据可用于网页导入
2025-09-03 20:32:08.485 | INFO     | python_scraper:run_scraper:981 - 抓取完成，共获得 150 条有效数据
2025-09-03 20:32:08.608 | INFO     | python_scraper:cleanup:1087 - 浏览器驱动已关闭
2025-09-03 20:32:08.620 | INFO     | python_scraper:cleanup:1087 - 浏览器驱动已关闭
2025-09-03 20:33:58.669 | INFO     | python_scraper:run_scraper:931 - 开始运行台湾PK10数据抓取器
2025-09-03 20:34:00.411 | INFO     | python_scraper:setup_driver:86 - Chrome浏览器驱动设置完成
2025-09-03 20:34:00.414 | INFO     | python_scraper:navigate_to_page:95 - 正在访问: https://xn--kpro5poukl1g.com/#/
2025-09-03 20:34:07.694 | INFO     | python_scraper:navigate_to_page:102 - 页面加载完成
2025-09-03 20:34:07.741 | INFO     | python_scraper:click_pk10_option:148 - 找到台湾PK10选项: 台湾PK10
2025-09-03 20:34:09.800 | INFO     | python_scraper:click_pk10_option:152 - 成功点击台湾PK10选项
2025-09-03 20:34:09.803 | INFO     | python_scraper:navigate_to_page:106 - 成功切换到台湾PK10数据
2025-09-03 20:34:10.064 | INFO     | python_scraper:select_date:197 - 找到日期选择器: input[placeholder*='日期']
2025-09-03 20:34:10.094 | DEBUG    | python_scraper:select_date:264 - 日期输入方法1失败: Message: invalid element state
  (Session info: chrome=139.0.7258.155)
Stacktrace:
0   chromedriver                        0x000000010d6b7668 chromedriver + 5928552
1   chromedriver                        0x000000010d6aec0a chromedriver + 5893130
2   chromedriver                        0x000000010d178c43 chromedriver + 429123
3   chromedriver                        0x000000010d1c150e chromedriver + 726286
4   chromedriver                        0x000000010d1f1062 chromedriver + 921698
5   chromedriver                        0x000000010d1beb48 chromedriver + 715592
6   chromedriver                        0x000000010d1f121e chromedriver + 922142
7   chromedriver                        0x000000010d2181d4 chromedriver + 1081812
8   chromedriver                        0x000000010d1f0e33 chromedriver + 921139
9   chromedriver                        0x000000010d1bd37b chromedriver + 709499
10  chromedriver                        0x000000010d1be061 chromedriver + 712801
11  chromedriver                        0x000000010d6750e0 chromedriver + 5656800
12  chromedriver                        0x000000010d678fa4 chromedriver + 5672868
13  chromedriver                        0x000000010d650052 chromedriver + 5505106
14  chromedriver                        0x000000010d679a4f chromedriver + 5675599
15  chromedriver                        0x000000010d63f004 chromedriver + 5435396
16  chromedriver                        0x000000010d69bd88 chromedriver + 5815688
17  chromedriver                        0x000000010d69bf50 chromedriver + 5816144
18  chromedriver                        0x000000010d6ae7e1 chromedriver + 5892065
19  libsystem_pthread.dylib             0x00007ff814eba1d3 _pthread_start + 125
20  libsystem_pthread.dylib             0x00007ff814eb5bd3 thread_start + 15

2025-09-03 20:34:12.116 | INFO     | python_scraper:select_date:223 - 已选择日期: 2025-09-03 (使用选择器: input[placeholder*='日期'], 方法2)
2025-09-03 20:34:17.291 | INFO     | python_scraper:select_date:257 - 未找到查询按钮，已按回车键尝试触发更新
2025-09-03 20:34:17.296 | INFO     | python_scraper:scrape_all_pages:826 - 正在抓取第 1 页数据
2025-09-03 20:34:17.314 | INFO     | python_scraper:extract_lottery_data:484 - 第1页找到 3 个表格
2025-09-03 20:34:17.372 | INFO     | python_scraper:extract_lottery_data:498 - 第1页选择表格 2，包含 50 行
2025-09-03 20:34:17.389 | INFO     | python_scraper:extract_lottery_data:510 - 第1页找到 50 行数据
2025-09-03 20:34:17.415 | INFO     | python_scraper:extract_lottery_data:524 - 第1页第一行包含有效数据，从第一行开始读取
2025-09-03 20:34:19.893 | INFO     | python_scraper:extract_lottery_data:572 - 第1页成功提取 50 条数据
2025-09-03 20:34:19.897 | INFO     | python_scraper:scrape_all_pages:845 - 第 1 页获取到 50 条新数据
2025-09-03 20:34:25.837 | INFO     | python_scraper:navigate_to_next_page:797 - 已成功翻页: <button type="button" class="btn-next is-last" aria-label="下一页" aria-disabled="false"><i class="el-i
2025-09-03 20:34:27.852 | INFO     | python_scraper:scrape_all_pages:826 - 正在抓取第 2 页数据
2025-09-03 20:34:27.882 | INFO     | python_scraper:extract_lottery_data:484 - 第2页找到 3 个表格
2025-09-03 20:34:27.945 | INFO     | python_scraper:extract_lottery_data:498 - 第2页选择表格 2，包含 50 行
2025-09-03 20:34:27.963 | INFO     | python_scraper:extract_lottery_data:510 - 第2页找到 50 行数据
2025-09-03 20:34:27.988 | INFO     | python_scraper:extract_lottery_data:524 - 第2页第一行包含有效数据，从第一行开始读取
2025-09-03 20:34:31.297 | INFO     | python_scraper:extract_lottery_data:572 - 第2页成功提取 50 条数据
2025-09-03 20:34:31.300 | INFO     | python_scraper:scrape_all_pages:845 - 第 2 页获取到 50 条新数据
2025-09-03 20:34:36.209 | INFO     | python_scraper:navigate_to_next_page:797 - 已成功翻页: <button type="button" class="btn-next is-last" aria-label="下一页" aria-disabled="false"><i class="el-i
2025-09-03 20:34:38.222 | INFO     | python_scraper:scrape_all_pages:826 - 正在抓取第 3 页数据
2025-09-03 20:34:38.231 | INFO     | python_scraper:extract_lottery_data:484 - 第3页找到 3 个表格
2025-09-03 20:34:38.271 | INFO     | python_scraper:extract_lottery_data:498 - 第3页选择表格 2，包含 50 行
2025-09-03 20:34:38.282 | INFO     | python_scraper:extract_lottery_data:510 - 第3页找到 50 行数据
2025-09-03 20:34:38.309 | INFO     | python_scraper:extract_lottery_data:524 - 第3页第一行包含有效数据，从第一行开始读取
2025-09-03 20:34:40.463 | INFO     | python_scraper:extract_lottery_data:572 - 第3页成功提取 50 条数据
2025-09-03 20:34:40.465 | WARNING  | python_scraper:scrape_all_pages:850 - 第 3 页全部为重复数据，可能已到达最后一页
2025-09-03 20:34:45.140 | INFO     | python_scraper:navigate_to_next_page:797 - 已成功翻页: <button type="button" class="btn-next is-last" aria-label="下一页" aria-disabled="true" disabled=""><i 
2025-09-03 20:34:47.151 | INFO     | python_scraper:scrape_all_pages:826 - 正在抓取第 4 页数据
2025-09-03 20:34:47.162 | INFO     | python_scraper:extract_lottery_data:484 - 第4页找到 3 个表格
2025-09-03 20:34:47.197 | INFO     | python_scraper:extract_lottery_data:498 - 第4页选择表格 2，包含 12 行
2025-09-03 20:34:47.208 | INFO     | python_scraper:extract_lottery_data:510 - 第4页找到 12 行数据
2025-09-03 20:34:47.225 | INFO     | python_scraper:extract_lottery_data:524 - 第4页第一行包含有效数据，从第一行开始读取
2025-09-03 20:34:47.670 | INFO     | python_scraper:extract_lottery_data:572 - 第4页成功提取 12 条数据
2025-09-03 20:34:47.678 | INFO     | python_scraper:scrape_all_pages:845 - 第 4 页获取到 12 条新数据
2025-09-03 20:34:47.930 | INFO     | python_scraper:navigate_to_next_page:810 - 没有找到可用的下一页按钮，已到达最后一页
2025-09-03 20:34:47.931 | INFO     | python_scraper:scrape_all_pages:873 - 第 4 页后没有更多页面，抓取完成
2025-09-03 20:34:47.933 | INFO     | python_scraper:scrape_all_pages:879 - 总共抓取了 4 页，获得 112 条唯一数据
2025-09-03 20:34:47.935 | INFO     | python_scraper:run_scraper:956 - 数据验证完成，有效数据: 112/112 条
2025-09-03 20:34:47.943 | INFO     | python_scraper:save_to_json:919 - 数据已保存到: data/taiwan_pk10_data_20250903_203447.json
2025-09-03 20:34:47.945 | INFO     | python_scraper:save_to_json:920 - 最新数据已保存到: data/latest_taiwan_pk10_data.json
2025-09-03 20:34:47.952 | INFO     | python_scraper:connect_mongodb:1102 - 成功连接到MongoDB数据库: taiwan_pk10
2025-09-03 20:34:48.027 | INFO     | python_scraper:save_to_mongodb:1151 - 成功保存 112 条数据到MongoDB
2025-09-03 20:34:48.032 | INFO     | python_scraper:save_to_mongodb:1163 - 格式化数据已保存，共 112 条记录
2025-09-03 20:34:48.035 | INFO     | python_scraper:run_scraper:967 - 数据已成功保存到MongoDB数据库
2025-09-03 20:34:48.038 | INFO     | python_scraper:run_scraper:972 - 格式化数据样本（前5条）:
2025-09-03 20:34:48.041 | INFO     | python_scraper:run_scraper:974 -   1: 114049897 9,10,1,5,7,3,6,8,2,4
2025-09-03 20:34:48.043 | INFO     | python_scraper:run_scraper:974 -   2: 114049896 9,5,2,10,3,4,1,8,7,6
2025-09-03 20:34:48.045 | INFO     | python_scraper:run_scraper:974 -   3: 114049895 7,4,3,9,1,8,10,5,6,2
2025-09-03 20:34:48.047 | INFO     | python_scraper:run_scraper:974 -   4: 114049894 9,1,4,10,3,7,8,5,6,2
2025-09-03 20:34:48.049 | INFO     | python_scraper:run_scraper:974 -   5: 114049893 7,1,9,10,2,6,4,3,5,8
2025-09-03 20:34:48.051 | INFO     | python_scraper:run_scraper:975 - 总计 112 条格式化数据可用于网页导入
2025-09-03 20:34:48.053 | INFO     | python_scraper:run_scraper:981 - 抓取完成，共获得 112 条有效数据
2025-09-03 20:34:48.163 | INFO     | python_scraper:cleanup:1087 - 浏览器驱动已关闭
2025-09-03 20:34:48.171 | INFO     | python_scraper:cleanup:1087 - 浏览器驱动已关闭
2025-09-03 20:35:48.224 | INFO     | python_scraper:run_scraper:931 - 开始运行台湾PK10数据抓取器
2025-09-03 20:35:49.938 | INFO     | python_scraper:setup_driver:86 - Chrome浏览器驱动设置完成
2025-09-03 20:35:49.943 | INFO     | python_scraper:navigate_to_page:95 - 正在访问: https://xn--kpro5poukl1g.com/#/
2025-09-03 20:35:57.646 | INFO     | python_scraper:navigate_to_page:102 - 页面加载完成
2025-09-03 20:35:57.700 | INFO     | python_scraper:click_pk10_option:148 - 找到台湾PK10选项: 台湾PK10
2025-09-03 20:35:59.756 | INFO     | python_scraper:click_pk10_option:152 - 成功点击台湾PK10选项
2025-09-03 20:35:59.759 | INFO     | python_scraper:navigate_to_page:106 - 成功切换到台湾PK10数据
2025-09-03 20:35:59.997 | INFO     | python_scraper:select_date:197 - 找到日期选择器: input[placeholder*='日期']
2025-09-03 20:36:00.051 | DEBUG    | python_scraper:select_date:264 - 日期输入方法1失败: Message: invalid element state
  (Session info: chrome=139.0.7258.155)
Stacktrace:
0   chromedriver                        0x000000010fedf668 chromedriver + 5928552
1   chromedriver                        0x000000010fed6c0a chromedriver + 5893130
2   chromedriver                        0x000000010f9a0c43 chromedriver + 429123
3   chromedriver                        0x000000010f9e950e chromedriver + 726286
4   chromedriver                        0x000000010fa19062 chromedriver + 921698
5   chromedriver                        0x000000010f9e6b48 chromedriver + 715592
6   chromedriver                        0x000000010fa1921e chromedriver + 922142
7   chromedriver                        0x000000010fa401d4 chromedriver + 1081812
8   chromedriver                        0x000000010fa18e33 chromedriver + 921139
9   chromedriver                        0x000000010f9e537b chromedriver + 709499
10  chromedriver                        0x000000010f9e6061 chromedriver + 712801
11  chromedriver                        0x000000010fe9d0e0 chromedriver + 5656800
12  chromedriver                        0x000000010fea0fa4 chromedriver + 5672868
13  chromedriver                        0x000000010fe78052 chromedriver + 5505106
14  chromedriver                        0x000000010fea1a4f chromedriver + 5675599
15  chromedriver                        0x000000010fe67004 chromedriver + 5435396
16  chromedriver                        0x000000010fec3d88 chromedriver + 5815688
17  chromedriver                        0x000000010fec3f50 chromedriver + 5816144
18  chromedriver                        0x000000010fed67e1 chromedriver + 5892065
19  libsystem_pthread.dylib             0x00007ff814eba1d3 _pthread_start + 125
20  libsystem_pthread.dylib             0x00007ff814eb5bd3 thread_start + 15

2025-09-03 20:36:02.074 | INFO     | python_scraper:select_date:223 - 已选择日期: 2025-09-03 (使用选择器: input[placeholder*='日期'], 方法2)
2025-09-03 20:36:07.313 | INFO     | python_scraper:select_date:257 - 未找到查询按钮，已按回车键尝试触发更新
2025-09-03 20:36:07.321 | INFO     | python_scraper:scrape_all_pages:826 - 正在抓取第 1 页数据
2025-09-03 20:36:07.334 | INFO     | python_scraper:extract_lottery_data:484 - 第1页找到 3 个表格
2025-09-03 20:36:07.375 | INFO     | python_scraper:extract_lottery_data:498 - 第1页选择表格 2，包含 50 行
2025-09-03 20:36:07.387 | INFO     | python_scraper:extract_lottery_data:510 - 第1页找到 50 行数据
2025-09-03 20:36:07.408 | INFO     | python_scraper:extract_lottery_data:524 - 第1页第一行包含有效数据，从第一行开始读取
2025-09-03 20:36:09.130 | INFO     | python_scraper:extract_lottery_data:572 - 第1页成功提取 50 条数据
2025-09-03 20:36:09.133 | INFO     | python_scraper:scrape_all_pages:845 - 第 1 页获取到 50 条新数据
2025-09-03 20:36:14.115 | INFO     | python_scraper:navigate_to_next_page:797 - 已成功翻页: <button type="button" class="btn-next is-last" aria-label="下一页" aria-disabled="false"><i class="el-i
2025-09-03 20:36:16.120 | INFO     | python_scraper:scrape_all_pages:826 - 正在抓取第 2 页数据
2025-09-03 20:36:16.138 | INFO     | python_scraper:extract_lottery_data:484 - 第2页找到 3 个表格
2025-09-03 20:36:16.172 | INFO     | python_scraper:extract_lottery_data:498 - 第2页选择表格 2，包含 50 行
2025-09-03 20:36:16.186 | INFO     | python_scraper:extract_lottery_data:510 - 第2页找到 50 行数据
2025-09-03 20:36:16.210 | INFO     | python_scraper:extract_lottery_data:524 - 第2页第一行包含有效数据，从第一行开始读取
2025-09-03 20:36:18.252 | INFO     | python_scraper:extract_lottery_data:572 - 第2页成功提取 50 条数据
2025-09-03 20:36:18.255 | INFO     | python_scraper:scrape_all_pages:845 - 第 2 页获取到 50 条新数据
2025-09-03 20:36:23.134 | INFO     | python_scraper:navigate_to_next_page:797 - 已成功翻页: <button type="button" class="btn-next is-last" aria-label="下一页" aria-disabled="false"><i class="el-i
2025-09-03 20:36:25.143 | INFO     | python_scraper:scrape_all_pages:826 - 正在抓取第 3 页数据
2025-09-03 20:36:25.218 | INFO     | python_scraper:extract_lottery_data:484 - 第3页找到 3 个表格
2025-09-03 20:36:25.309 | INFO     | python_scraper:extract_lottery_data:498 - 第3页选择表格 2，包含 50 行
2025-09-03 20:36:25.332 | INFO     | python_scraper:extract_lottery_data:510 - 第3页找到 50 行数据
2025-09-03 20:36:25.360 | INFO     | python_scraper:extract_lottery_data:524 - 第3页第一行包含有效数据，从第一行开始读取
2025-09-03 20:36:27.533 | INFO     | python_scraper:extract_lottery_data:572 - 第3页成功提取 50 条数据
2025-09-03 20:36:27.535 | INFO     | python_scraper:scrape_all_pages:845 - 第 3 页获取到 50 条新数据
2025-09-03 20:36:32.182 | INFO     | python_scraper:navigate_to_next_page:797 - 已成功翻页: <button type="button" class="btn-next is-last" aria-label="下一页" aria-disabled="true" disabled=""><i 
2025-09-03 20:36:34.195 | INFO     | python_scraper:scrape_all_pages:826 - 正在抓取第 4 页数据
2025-09-03 20:36:34.206 | INFO     | python_scraper:extract_lottery_data:484 - 第4页找到 3 个表格
2025-09-03 20:36:34.233 | INFO     | python_scraper:extract_lottery_data:498 - 第4页选择表格 2，包含 13 行
2025-09-03 20:36:34.242 | INFO     | python_scraper:extract_lottery_data:510 - 第4页找到 13 行数据
2025-09-03 20:36:34.260 | INFO     | python_scraper:extract_lottery_data:524 - 第4页第一行包含有效数据，从第一行开始读取
2025-09-03 20:36:34.747 | INFO     | python_scraper:extract_lottery_data:572 - 第4页成功提取 13 条数据
2025-09-03 20:36:34.749 | INFO     | python_scraper:scrape_all_pages:845 - 第 4 页获取到 13 条新数据
2025-09-03 20:36:35.013 | INFO     | python_scraper:navigate_to_next_page:810 - 没有找到可用的下一页按钮，已到达最后一页
2025-09-03 20:36:35.015 | INFO     | python_scraper:scrape_all_pages:873 - 第 4 页后没有更多页面，抓取完成
2025-09-03 20:36:35.017 | INFO     | python_scraper:scrape_all_pages:879 - 总共抓取了 4 页，获得 163 条唯一数据
2025-09-03 20:36:35.019 | INFO     | python_scraper:run_scraper:956 - 数据验证完成，有效数据: 163/163 条
2025-09-03 20:36:35.029 | INFO     | python_scraper:save_to_json:919 - 数据已保存到: data/taiwan_pk10_data_20250903_203635.json
2025-09-03 20:36:35.031 | INFO     | python_scraper:save_to_json:920 - 最新数据已保存到: data/latest_taiwan_pk10_data.json
2025-09-03 20:36:35.038 | INFO     | python_scraper:connect_mongodb:1102 - 成功连接到MongoDB数据库: taiwan_pk10
2025-09-03 20:36:35.056 | INFO     | python_scraper:save_to_mongodb:1151 - 成功保存 163 条数据到MongoDB
2025-09-03 20:36:35.061 | INFO     | python_scraper:save_to_mongodb:1163 - 格式化数据已保存，共 163 条记录
2025-09-03 20:36:35.064 | INFO     | python_scraper:run_scraper:967 - 数据已成功保存到MongoDB数据库
2025-09-03 20:36:35.066 | INFO     | python_scraper:run_scraper:972 - 格式化数据样本（前5条）:
2025-09-03 20:36:35.068 | INFO     | python_scraper:run_scraper:974 -   1: 114049898 8,10,1,4,5,2,3,9,6,7
2025-09-03 20:36:35.071 | INFO     | python_scraper:run_scraper:974 -   2: 114049897 9,10,1,5,7,3,6,8,2,4
2025-09-03 20:36:35.072 | INFO     | python_scraper:run_scraper:974 -   3: 114049896 9,5,2,10,3,4,1,8,7,6
2025-09-03 20:36:35.074 | INFO     | python_scraper:run_scraper:974 -   4: 114049895 7,4,3,9,1,8,10,5,6,2
2025-09-03 20:36:35.077 | INFO     | python_scraper:run_scraper:974 -   5: 114049894 9,1,4,10,3,7,8,5,6,2
2025-09-03 20:36:35.079 | INFO     | python_scraper:run_scraper:975 - 总计 163 条格式化数据可用于网页导入
2025-09-03 20:36:35.080 | INFO     | python_scraper:run_scraper:981 - 抓取完成，共获得 163 条有效数据
2025-09-03 20:36:35.199 | INFO     | python_scraper:cleanup:1087 - 浏览器驱动已关闭
2025-09-03 20:36:35.209 | INFO     | python_scraper:cleanup:1087 - 浏览器驱动已关闭
2025-09-03 20:37:25.244 | INFO     | python_scraper:run_scraper:931 - 开始运行台湾PK10数据抓取器
2025-09-03 20:37:26.853 | INFO     | python_scraper:setup_driver:86 - Chrome浏览器驱动设置完成
2025-09-03 20:37:26.863 | INFO     | python_scraper:navigate_to_page:95 - 正在访问: https://xn--kpro5poukl1g.com/#/
2025-09-03 20:37:34.822 | INFO     | python_scraper:navigate_to_page:102 - 页面加载完成
2025-09-03 20:37:34.993 | INFO     | python_scraper:click_pk10_option:148 - 找到台湾PK10选项: 台湾PK10
2025-09-03 20:37:37.096 | INFO     | python_scraper:click_pk10_option:152 - 成功点击台湾PK10选项
2025-09-03 20:37:37.100 | INFO     | python_scraper:navigate_to_page:106 - 成功切换到台湾PK10数据
2025-09-03 20:37:37.358 | INFO     | python_scraper:select_date:197 - 找到日期选择器: input[placeholder*='日期']
2025-09-03 20:37:37.399 | DEBUG    | python_scraper:select_date:264 - 日期输入方法1失败: Message: invalid element state
  (Session info: chrome=139.0.7258.155)
Stacktrace:
0   chromedriver                        0x0000000107e41668 chromedriver + 5928552
1   chromedriver                        0x0000000107e38c0a chromedriver + 5893130
2   chromedriver                        0x0000000107902c43 chromedriver + 429123
3   chromedriver                        0x000000010794b50e chromedriver + 726286
4   chromedriver                        0x000000010797b062 chromedriver + 921698
5   chromedriver                        0x0000000107948b48 chromedriver + 715592
6   chromedriver                        0x000000010797b21e chromedriver + 922142
7   chromedriver                        0x00000001079a21d4 chromedriver + 1081812
8   chromedriver                        0x000000010797ae33 chromedriver + 921139
9   chromedriver                        0x000000010794737b chromedriver + 709499
10  chromedriver                        0x0000000107948061 chromedriver + 712801
11  chromedriver                        0x0000000107dff0e0 chromedriver + 5656800
12  chromedriver                        0x0000000107e02fa4 chromedriver + 5672868
13  chromedriver                        0x0000000107dda052 chromedriver + 5505106
14  chromedriver                        0x0000000107e03a4f chromedriver + 5675599
15  chromedriver                        0x0000000107dc9004 chromedriver + 5435396
16  chromedriver                        0x0000000107e25d88 chromedriver + 5815688
17  chromedriver                        0x0000000107e25f50 chromedriver + 5816144
18  chromedriver                        0x0000000107e387e1 chromedriver + 5892065
19  libsystem_pthread.dylib             0x00007ff814eba1d3 _pthread_start + 125
20  libsystem_pthread.dylib             0x00007ff814eb5bd3 thread_start + 15

2025-09-03 20:37:39.428 | INFO     | python_scraper:select_date:223 - 已选择日期: 2025-09-03 (使用选择器: input[placeholder*='日期'], 方法2)
2025-09-03 20:37:44.638 | INFO     | python_scraper:select_date:257 - 未找到查询按钮，已按回车键尝试触发更新
2025-09-03 20:37:44.642 | INFO     | python_scraper:scrape_all_pages:826 - 正在抓取第 1 页数据
2025-09-03 20:37:44.665 | INFO     | python_scraper:extract_lottery_data:484 - 第1页找到 3 个表格
2025-09-03 20:37:44.722 | INFO     | python_scraper:extract_lottery_data:498 - 第1页选择表格 2，包含 50 行
2025-09-03 20:37:44.741 | INFO     | python_scraper:extract_lottery_data:510 - 第1页找到 50 行数据
2025-09-03 20:37:44.771 | INFO     | python_scraper:extract_lottery_data:524 - 第1页第一行包含有效数据，从第一行开始读取
2025-09-03 20:37:47.632 | INFO     | python_scraper:extract_lottery_data:572 - 第1页成功提取 50 条数据
2025-09-03 20:37:47.637 | INFO     | python_scraper:scrape_all_pages:845 - 第 1 页获取到 50 条新数据
2025-09-03 20:37:53.057 | INFO     | python_scraper:navigate_to_next_page:797 - 已成功翻页: <button type="button" class="btn-next is-last" aria-label="下一页" aria-disabled="false"><i class="el-i
2025-09-03 20:37:55.062 | INFO     | python_scraper:scrape_all_pages:826 - 正在抓取第 2 页数据
2025-09-03 20:37:55.077 | INFO     | python_scraper:extract_lottery_data:484 - 第2页找到 3 个表格
2025-09-03 20:37:55.123 | INFO     | python_scraper:extract_lottery_data:498 - 第2页选择表格 2，包含 50 行
2025-09-03 20:37:55.134 | INFO     | python_scraper:extract_lottery_data:510 - 第2页找到 50 行数据
2025-09-03 20:37:55.154 | INFO     | python_scraper:extract_lottery_data:524 - 第2页第一行包含有效数据，从第一行开始读取
2025-09-03 20:37:57.216 | INFO     | python_scraper:extract_lottery_data:572 - 第2页成功提取 50 条数据
2025-09-03 20:37:57.220 | WARNING  | python_scraper:scrape_all_pages:850 - 第 2 页全部为重复数据，可能已到达最后一页
2025-09-03 20:38:02.834 | INFO     | python_scraper:navigate_to_next_page:797 - 已成功翻页: <button type="button" class="btn-next is-last" aria-label="下一页" aria-disabled="false"><i class="el-i
2025-09-03 20:38:04.844 | INFO     | python_scraper:scrape_all_pages:826 - 正在抓取第 3 页数据
2025-09-03 20:38:04.872 | INFO     | python_scraper:extract_lottery_data:484 - 第3页找到 3 个表格
2025-09-03 20:38:04.934 | INFO     | python_scraper:extract_lottery_data:498 - 第3页选择表格 2，包含 50 行
2025-09-03 20:38:04.951 | INFO     | python_scraper:extract_lottery_data:510 - 第3页找到 50 行数据
2025-09-03 20:38:04.970 | INFO     | python_scraper:extract_lottery_data:524 - 第3页第一行包含有效数据，从第一行开始读取
2025-09-03 20:38:07.614 | INFO     | python_scraper:extract_lottery_data:572 - 第3页成功提取 50 条数据
2025-09-03 20:38:07.621 | INFO     | python_scraper:scrape_all_pages:845 - 第 3 页获取到 50 条新数据
2025-09-03 20:38:12.682 | INFO     | python_scraper:navigate_to_next_page:797 - 已成功翻页: <button type="button" class="btn-next is-last" aria-label="下一页" aria-disabled="true" disabled=""><i 
2025-09-03 20:38:14.689 | INFO     | python_scraper:scrape_all_pages:826 - 正在抓取第 4 页数据
2025-09-03 20:38:14.700 | INFO     | python_scraper:extract_lottery_data:484 - 第4页找到 3 个表格
2025-09-03 20:38:14.734 | INFO     | python_scraper:extract_lottery_data:498 - 第4页选择表格 2，包含 13 行
2025-09-03 20:38:14.745 | INFO     | python_scraper:extract_lottery_data:510 - 第4页找到 13 行数据
2025-09-03 20:38:14.766 | INFO     | python_scraper:extract_lottery_data:524 - 第4页第一行包含有效数据，从第一行开始读取
2025-09-03 20:38:15.322 | INFO     | python_scraper:extract_lottery_data:572 - 第4页成功提取 13 条数据
2025-09-03 20:38:15.326 | INFO     | python_scraper:scrape_all_pages:845 - 第 4 页获取到 13 条新数据
2025-09-03 20:38:15.612 | INFO     | python_scraper:navigate_to_next_page:810 - 没有找到可用的下一页按钮，已到达最后一页
2025-09-03 20:38:15.614 | INFO     | python_scraper:scrape_all_pages:873 - 第 4 页后没有更多页面，抓取完成
2025-09-03 20:38:15.616 | INFO     | python_scraper:scrape_all_pages:879 - 总共抓取了 4 页，获得 113 条唯一数据
2025-09-03 20:38:15.619 | INFO     | python_scraper:run_scraper:956 - 数据验证完成，有效数据: 113/113 条
2025-09-03 20:38:15.627 | INFO     | python_scraper:save_to_json:919 - 数据已保存到: data/taiwan_pk10_data_20250903_203815.json
2025-09-03 20:38:15.630 | INFO     | python_scraper:save_to_json:920 - 最新数据已保存到: data/latest_taiwan_pk10_data.json
2025-09-03 20:38:15.639 | INFO     | python_scraper:connect_mongodb:1102 - 成功连接到MongoDB数据库: taiwan_pk10
2025-09-03 20:38:15.694 | INFO     | python_scraper:save_to_mongodb:1151 - 成功保存 113 条数据到MongoDB
2025-09-03 20:38:15.698 | INFO     | python_scraper:save_to_mongodb:1163 - 格式化数据已保存，共 113 条记录
2025-09-03 20:38:15.700 | INFO     | python_scraper:run_scraper:967 - 数据已成功保存到MongoDB数据库
2025-09-03 20:38:15.704 | INFO     | python_scraper:run_scraper:972 - 格式化数据样本（前5条）:
2025-09-03 20:38:15.707 | INFO     | python_scraper:run_scraper:974 -   1: 114049898 8,10,1,4,5,2,3,9,6,7
2025-09-03 20:38:15.708 | INFO     | python_scraper:run_scraper:974 -   2: 114049897 9,10,1,5,7,3,6,8,2,4
2025-09-03 20:38:15.710 | INFO     | python_scraper:run_scraper:974 -   3: 114049896 9,5,2,10,3,4,1,8,7,6
2025-09-03 20:38:15.712 | INFO     | python_scraper:run_scraper:974 -   4: 114049895 7,4,3,9,1,8,10,5,6,2
2025-09-03 20:38:15.714 | INFO     | python_scraper:run_scraper:974 -   5: 114049894 9,1,4,10,3,7,8,5,6,2
2025-09-03 20:38:15.716 | INFO     | python_scraper:run_scraper:975 - 总计 113 条格式化数据可用于网页导入
2025-09-03 20:38:15.718 | INFO     | python_scraper:run_scraper:981 - 抓取完成，共获得 113 条有效数据
2025-09-03 20:38:15.829 | INFO     | python_scraper:cleanup:1087 - 浏览器驱动已关闭
2025-09-03 20:38:15.839 | INFO     | python_scraper:cleanup:1087 - 浏览器驱动已关闭
