2025-09-04 13:13:37.162 | INFO     | __main__:run_scraper:931 - 开始运行台湾PK10数据抓取器
2025-09-04 13:13:38.870 | INFO     | __main__:setup_driver:86 - Chrome浏览器驱动设置完成
2025-09-04 13:13:38.876 | INFO     | __main__:navigate_to_page:95 - 正在访问: https://xn--kpro5poukl1g.com/#/
2025-09-04 13:13:46.211 | INFO     | __main__:navigate_to_page:102 - 页面加载完成
2025-09-04 13:13:46.310 | INFO     | __main__:click_pk10_option:148 - 找到台湾PK10选项: 台湾PK10
2025-09-04 13:13:48.382 | INFO     | __main__:click_pk10_option:152 - 成功点击台湾PK10选项
2025-09-04 13:13:48.382 | INFO     | __main__:navigate_to_page:106 - 成功切换到台湾PK10数据
2025-09-04 13:13:48.496 | INFO     | __main__:select_date:197 - 找到日期选择器: input[placeholder*='日期']
2025-09-04 13:13:48.517 | DEBUG    | __main__:select_date:264 - 日期输入方法1失败: Message: invalid element state
  (Session info: chrome=139.0.7258.155)
Stacktrace:
0   chromedriver                        0x0000000101d63668 chromedriver + 5928552
1   chromedriver                        0x0000000101d5ac0a chromedriver + 5893130
2   chromedriver                        0x0000000101824c43 chromedriver + 429123
3   chromedriver                        0x000000010186d50e chromedriver + 726286
4   chromedriver                        0x000000010189d062 chromedriver + 921698
5   chromedriver                        0x000000010186ab48 chromedriver + 715592
6   chromedriver                        0x000000010189d21e chromedriver + 922142
7   chromedriver                        0x00000001018c41d4 chromedriver + 1081812
8   chromedriver                        0x000000010189ce33 chromedriver + 921139
9   chromedriver                        0x000000010186937b chromedriver + 709499
10  chromedriver                        0x000000010186a061 chromedriver + 712801
11  chromedriver                        0x0000000101d210e0 chromedriver + 5656800
12  chromedriver                        0x0000000101d24fa4 chromedriver + 5672868
13  chromedriver                        0x0000000101cfc052 chromedriver + 5505106
14  chromedriver                        0x0000000101d25a4f chromedriver + 5675599
15  chromedriver                        0x0000000101ceb004 chromedriver + 5435396
16  chromedriver                        0x0000000101d47d88 chromedriver + 5815688
17  chromedriver                        0x0000000101d47f50 chromedriver + 5816144
18  chromedriver                        0x0000000101d5a7e1 chromedriver + 5892065
19  libsystem_pthread.dylib             0x00007ff814eba1d3 _pthread_start + 125
20  libsystem_pthread.dylib             0x00007ff814eb5bd3 thread_start + 15

2025-09-04 13:13:50.544 | INFO     | __main__:select_date:223 - 已选择日期: 2025-09-04 (使用选择器: input[placeholder*='日期'], 方法2)
2025-09-04 13:13:55.713 | INFO     | __main__:select_date:257 - 未找到查询按钮，已按回车键尝试触发更新
2025-09-04 13:13:55.713 | INFO     | __main__:scrape_all_pages:826 - 正在抓取第 1 页数据
2025-09-04 13:13:55.723 | INFO     | __main__:extract_lottery_data:484 - 第1页找到 3 个表格
2025-09-04 13:13:55.785 | INFO     | __main__:extract_lottery_data:498 - 第1页选择表格 2，包含 50 行
2025-09-04 13:13:55.805 | INFO     | __main__:extract_lottery_data:510 - 第1页找到 50 行数据
2025-09-04 13:13:55.844 | INFO     | __main__:extract_lottery_data:524 - 第1页第一行包含有效数据，从第一行开始读取
2025-09-04 13:13:57.919 | INFO     | __main__:extract_lottery_data:572 - 第1页成功提取 50 条数据
2025-09-04 13:13:57.920 | INFO     | __main__:scrape_all_pages:845 - 第 1 页获取到 50 条新数据
2025-09-04 13:14:02.749 | INFO     | __main__:navigate_to_next_page:797 - 已成功翻页: <button type="button" class="btn-next is-last" aria-label="下一页" aria-disabled="true" disabled=""><i 
2025-09-04 13:14:04.755 | INFO     | __main__:scrape_all_pages:826 - 正在抓取第 2 页数据
2025-09-04 13:14:04.761 | INFO     | __main__:extract_lottery_data:484 - 第2页找到 3 个表格
2025-09-04 13:14:04.787 | INFO     | __main__:extract_lottery_data:498 - 第2页选择表格 2，包含 24 行
2025-09-04 13:14:04.797 | INFO     | __main__:extract_lottery_data:510 - 第2页找到 24 行数据
2025-09-04 13:14:04.824 | INFO     | __main__:extract_lottery_data:524 - 第2页第一行包含有效数据，从第一行开始读取
2025-09-04 13:14:05.754 | INFO     | __main__:extract_lottery_data:572 - 第2页成功提取 24 条数据
2025-09-04 13:14:05.760 | INFO     | __main__:scrape_all_pages:845 - 第 2 页获取到 24 条新数据
2025-09-04 13:14:06.141 | INFO     | __main__:navigate_to_next_page:810 - 没有找到可用的下一页按钮，已到达最后一页
2025-09-04 13:14:06.141 | INFO     | __main__:scrape_all_pages:873 - 第 2 页后没有更多页面，抓取完成
2025-09-04 13:14:06.142 | INFO     | __main__:scrape_all_pages:879 - 总共抓取了 2 页，获得 74 条唯一数据
2025-09-04 13:14:06.142 | INFO     | __main__:run_scraper:956 - 数据验证完成，有效数据: 74/74 条
2025-09-04 13:14:06.152 | INFO     | __main__:save_to_json:919 - 数据已保存到: data/taiwan_pk10_data_20250904_131406.json
2025-09-04 13:14:06.152 | INFO     | __main__:save_to_json:920 - 最新数据已保存到: data/latest_taiwan_pk10_data.json
2025-09-04 13:14:06.201 | INFO     | __main__:connect_mongodb:1102 - 成功连接到MongoDB数据库: taiwan_pk10
2025-09-04 13:14:06.247 | INFO     | __main__:save_to_mongodb:1151 - 成功保存 74 条数据到MongoDB
2025-09-04 13:14:06.251 | INFO     | __main__:save_to_mongodb:1163 - 格式化数据已保存，共 74 条记录
2025-09-04 13:14:06.252 | INFO     | __main__:run_scraper:967 - 数据已成功保存到MongoDB数据库
2025-09-04 13:14:06.253 | INFO     | __main__:run_scraper:972 - 格式化数据样本（前5条）:
2025-09-04 13:14:06.253 | INFO     | __main__:run_scraper:974 -   1: 114050012 1,9,5,3,7,6,10,2,4,8
2025-09-04 13:14:06.254 | INFO     | __main__:run_scraper:974 -   2: 114050011 9,10,4,3,8,1,5,6,7,2
2025-09-04 13:14:06.255 | INFO     | __main__:run_scraper:974 -   3: 114050010 5,6,3,8,9,7,10,2,1,4
2025-09-04 13:14:06.256 | INFO     | __main__:run_scraper:974 -   4: 114050009 10,7,8,5,6,9,4,3,1,2
2025-09-04 13:14:06.256 | INFO     | __main__:run_scraper:974 -   5: 114050008 4,2,8,3,1,9,10,7,6,5
2025-09-04 13:14:06.257 | INFO     | __main__:run_scraper:975 - 总计 74 条格式化数据可用于网页导入
2025-09-04 13:14:06.257 | INFO     | __main__:run_scraper:981 - 抓取完成，共获得 74 条有效数据
2025-09-04 13:14:06.383 | INFO     | __main__:cleanup:1087 - 浏览器驱动已关闭
