2025-09-03 18:40:42.356 | INFO     | python_scraper:scrape_latest_single_record:1025 - 开始抓取最新一期台湾PK10数据
2025-09-03 18:40:44.243 | INFO     | python_scraper:setup_driver:86 - Chrome浏览器驱动设置完成
2025-09-03 18:40:44.246 | INFO     | python_scraper:navigate_to_page:95 - 正在访问: https://xn--kpro5poukl1g.com/#/
2025-09-03 18:40:57.138 | INFO     | python_scraper:navigate_to_page:102 - 页面加载完成
2025-09-03 18:40:57.193 | INFO     | python_scraper:click_pk10_option:148 - 找到台湾PK10选项: 台湾PK10
2025-09-03 18:40:59.281 | INFO     | python_scraper:click_pk10_option:152 - 成功点击台湾PK10选项
2025-09-03 18:40:59.282 | INFO     | python_scraper:navigate_to_page:106 - 成功切换到台湾PK10数据
2025-09-03 18:41:02.297 | INFO     | python_scraper:extract_lottery_data:484 - 第1页找到 3 个表格
2025-09-03 18:41:02.334 | INFO     | python_scraper:extract_lottery_data:498 - 第1页选择表格 2，包含 50 行
2025-09-03 18:41:02.345 | INFO     | python_scraper:extract_lottery_data:510 - 第1页找到 50 行数据
2025-09-03 18:41:02.365 | INFO     | python_scraper:extract_lottery_data:524 - 第1页第一行包含有效数据，从第一行开始读取
2025-09-03 18:41:02.417 | INFO     | python_scraper:extract_lottery_data:534 - 第1页已达到最大记录数限制: 1
2025-09-03 18:41:02.418 | INFO     | python_scraper:extract_lottery_data:572 - 第1页成功提取 1 条数据
2025-09-03 18:41:02.418 | INFO     | python_scraper:scrape_latest_single_record:1053 - 成功抓取最新数据: 期号=114049874
2025-09-03 18:41:02.434 | INFO     | python_scraper:connect_mongodb:1102 - 成功连接到MongoDB数据库: taiwan_pk10
2025-09-03 18:41:02.442 | INFO     | python_scraper:save_to_mongodb:1151 - 成功保存 1 条数据到MongoDB
2025-09-03 18:41:02.446 | INFO     | python_scraper:save_to_mongodb:1163 - 格式化数据已保存，共 1 条记录
2025-09-03 18:41:02.447 | INFO     | python_scraper:scrape_latest_single_record:1069 - 最新数据已保存到MongoDB数据库
2025-09-03 18:41:02.552 | INFO     | python_scraper:cleanup:1087 - 浏览器驱动已关闭
2025-09-03 18:41:02.581 | INFO     | python_scraper:cleanup:1087 - 浏览器驱动已关闭
2025-09-03 18:42:02.602 | INFO     | python_scraper:scrape_latest_single_record:1025 - 开始抓取最新一期台湾PK10数据
2025-09-03 18:42:04.151 | INFO     | python_scraper:setup_driver:86 - Chrome浏览器驱动设置完成
2025-09-03 18:42:04.153 | INFO     | python_scraper:navigate_to_page:95 - 正在访问: https://xn--kpro5poukl1g.com/#/
2025-09-03 18:42:41.756 | INFO     | python_scraper:navigate_to_page:102 - 页面加载完成
2025-09-03 18:42:41.808 | INFO     | python_scraper:click_pk10_option:148 - 找到台湾PK10选项: 台湾PK10
2025-09-03 18:42:43.863 | INFO     | python_scraper:click_pk10_option:152 - 成功点击台湾PK10选项
2025-09-03 18:42:43.863 | INFO     | python_scraper:navigate_to_page:106 - 成功切换到台湾PK10数据
2025-09-03 18:42:46.875 | INFO     | python_scraper:extract_lottery_data:484 - 第1页找到 3 个表格
2025-09-03 18:42:46.909 | INFO     | python_scraper:extract_lottery_data:498 - 第1页选择表格 2，包含 50 行
2025-09-03 18:42:46.918 | INFO     | python_scraper:extract_lottery_data:510 - 第1页找到 50 行数据
2025-09-03 18:42:46.932 | INFO     | python_scraper:extract_lottery_data:524 - 第1页第一行包含有效数据，从第一行开始读取
2025-09-03 18:42:46.970 | INFO     | python_scraper:extract_lottery_data:534 - 第1页已达到最大记录数限制: 1
2025-09-03 18:42:46.971 | INFO     | python_scraper:extract_lottery_data:572 - 第1页成功提取 1 条数据
2025-09-03 18:42:46.971 | INFO     | python_scraper:scrape_latest_single_record:1053 - 成功抓取最新数据: 期号=114049875
2025-09-03 18:42:46.978 | INFO     | python_scraper:connect_mongodb:1102 - 成功连接到MongoDB数据库: taiwan_pk10
2025-09-03 18:42:46.985 | INFO     | python_scraper:save_to_mongodb:1151 - 成功保存 1 条数据到MongoDB
2025-09-03 18:42:46.987 | INFO     | python_scraper:save_to_mongodb:1163 - 格式化数据已保存，共 1 条记录
2025-09-03 18:42:46.989 | INFO     | python_scraper:scrape_latest_single_record:1069 - 最新数据已保存到MongoDB数据库
2025-09-03 18:42:47.109 | INFO     | python_scraper:cleanup:1087 - 浏览器驱动已关闭
2025-09-03 18:42:47.122 | INFO     | python_scraper:cleanup:1087 - 浏览器驱动已关闭
2025-09-03 18:43:47.139 | INFO     | python_scraper:scrape_latest_single_record:1025 - 开始抓取最新一期台湾PK10数据
2025-09-03 18:43:48.550 | INFO     | python_scraper:setup_driver:86 - Chrome浏览器驱动设置完成
2025-09-03 18:43:48.556 | INFO     | python_scraper:navigate_to_page:95 - 正在访问: https://xn--kpro5poukl1g.com/#/
2025-09-03 18:43:55.769 | INFO     | python_scraper:navigate_to_page:102 - 页面加载完成
2025-09-03 18:43:55.817 | INFO     | python_scraper:click_pk10_option:148 - 找到台湾PK10选项: 台湾PK10
2025-09-03 18:43:57.876 | INFO     | python_scraper:click_pk10_option:152 - 成功点击台湾PK10选项
2025-09-03 18:43:57.876 | INFO     | python_scraper:navigate_to_page:106 - 成功切换到台湾PK10数据
2025-09-03 18:44:00.892 | INFO     | python_scraper:extract_lottery_data:484 - 第1页找到 3 个表格
2025-09-03 18:44:00.929 | INFO     | python_scraper:extract_lottery_data:498 - 第1页选择表格 2，包含 50 行
2025-09-03 18:44:00.939 | INFO     | python_scraper:extract_lottery_data:510 - 第1页找到 50 行数据
2025-09-03 18:44:00.956 | INFO     | python_scraper:extract_lottery_data:524 - 第1页第一行包含有效数据，从第一行开始读取
2025-09-03 18:44:00.996 | INFO     | python_scraper:extract_lottery_data:534 - 第1页已达到最大记录数限制: 1
2025-09-03 18:44:00.997 | INFO     | python_scraper:extract_lottery_data:572 - 第1页成功提取 1 条数据
2025-09-03 18:44:00.998 | INFO     | python_scraper:scrape_latest_single_record:1053 - 成功抓取最新数据: 期号=114049875
2025-09-03 18:44:01.004 | INFO     | python_scraper:connect_mongodb:1102 - 成功连接到MongoDB数据库: taiwan_pk10
2025-09-03 18:44:01.009 | INFO     | python_scraper:save_to_mongodb:1151 - 成功保存 1 条数据到MongoDB
2025-09-03 18:44:01.011 | INFO     | python_scraper:save_to_mongodb:1163 - 格式化数据已保存，共 1 条记录
2025-09-03 18:44:01.012 | INFO     | python_scraper:scrape_latest_single_record:1069 - 最新数据已保存到MongoDB数据库
2025-09-03 18:44:01.109 | INFO     | python_scraper:cleanup:1087 - 浏览器驱动已关闭
2025-09-03 18:44:01.115 | INFO     | python_scraper:cleanup:1087 - 浏览器驱动已关闭
2025-09-03 18:45:01.137 | INFO     | python_scraper:scrape_latest_single_record:1025 - 开始抓取最新一期台湾PK10数据
2025-09-03 18:45:02.500 | INFO     | python_scraper:setup_driver:86 - Chrome浏览器驱动设置完成
2025-09-03 18:45:02.502 | INFO     | python_scraper:navigate_to_page:95 - 正在访问: https://xn--kpro5poukl1g.com/#/
2025-09-03 18:45:09.062 | INFO     | python_scraper:navigate_to_page:102 - 页面加载完成
2025-09-03 18:45:09.107 | INFO     | python_scraper:click_pk10_option:148 - 找到台湾PK10选项: 台湾PK10
2025-09-03 18:45:11.177 | INFO     | python_scraper:click_pk10_option:152 - 成功点击台湾PK10选项
2025-09-03 18:45:11.178 | INFO     | python_scraper:navigate_to_page:106 - 成功切换到台湾PK10数据
2025-09-03 18:45:14.216 | INFO     | python_scraper:extract_lottery_data:484 - 第1页找到 3 个表格
2025-09-03 18:45:14.267 | INFO     | python_scraper:extract_lottery_data:498 - 第1页选择表格 2，包含 50 行
2025-09-03 18:45:14.281 | INFO     | python_scraper:extract_lottery_data:510 - 第1页找到 50 行数据
2025-09-03 18:45:14.299 | INFO     | python_scraper:extract_lottery_data:524 - 第1页第一行包含有效数据，从第一行开始读取
2025-09-03 18:45:14.346 | INFO     | python_scraper:extract_lottery_data:534 - 第1页已达到最大记录数限制: 1
2025-09-03 18:45:14.348 | INFO     | python_scraper:extract_lottery_data:572 - 第1页成功提取 1 条数据
2025-09-03 18:45:14.349 | INFO     | python_scraper:scrape_latest_single_record:1053 - 成功抓取最新数据: 期号=114049875
2025-09-03 18:45:14.415 | INFO     | python_scraper:connect_mongodb:1102 - 成功连接到MongoDB数据库: taiwan_pk10
2025-09-03 18:45:14.429 | INFO     | python_scraper:save_to_mongodb:1151 - 成功保存 1 条数据到MongoDB
2025-09-03 18:45:14.433 | INFO     | python_scraper:save_to_mongodb:1163 - 格式化数据已保存，共 1 条记录
2025-09-03 18:45:14.437 | INFO     | python_scraper:scrape_latest_single_record:1069 - 最新数据已保存到MongoDB数据库
2025-09-03 18:45:14.562 | INFO     | python_scraper:cleanup:1087 - 浏览器驱动已关闭
2025-09-03 18:45:14.569 | INFO     | python_scraper:cleanup:1087 - 浏览器驱动已关闭
2025-09-03 18:46:14.632 | INFO     | python_scraper:scrape_latest_single_record:1025 - 开始抓取最新一期台湾PK10数据
2025-09-03 18:46:15.913 | INFO     | python_scraper:setup_driver:86 - Chrome浏览器驱动设置完成
2025-09-03 18:46:15.915 | INFO     | python_scraper:navigate_to_page:95 - 正在访问: https://xn--kpro5poukl1g.com/#/
2025-09-03 18:46:22.308 | INFO     | python_scraper:navigate_to_page:102 - 页面加载完成
2025-09-03 18:46:22.371 | INFO     | python_scraper:click_pk10_option:148 - 找到台湾PK10选项: 台湾PK10
2025-09-03 18:46:24.432 | INFO     | python_scraper:click_pk10_option:152 - 成功点击台湾PK10选项
2025-09-03 18:46:24.434 | INFO     | python_scraper:navigate_to_page:106 - 成功切换到台湾PK10数据
2025-09-03 18:46:27.447 | INFO     | python_scraper:extract_lottery_data:484 - 第1页找到 3 个表格
2025-09-03 18:46:27.494 | INFO     | python_scraper:extract_lottery_data:498 - 第1页选择表格 2，包含 50 行
2025-09-03 18:46:27.506 | INFO     | python_scraper:extract_lottery_data:510 - 第1页找到 50 行数据
2025-09-03 18:46:27.565 | INFO     | python_scraper:extract_lottery_data:524 - 第1页第一行包含有效数据，从第一行开始读取
2025-09-03 18:46:27.617 | INFO     | python_scraper:extract_lottery_data:534 - 第1页已达到最大记录数限制: 1
2025-09-03 18:46:27.618 | INFO     | python_scraper:extract_lottery_data:572 - 第1页成功提取 1 条数据
2025-09-03 18:46:27.619 | INFO     | python_scraper:scrape_latest_single_record:1053 - 成功抓取最新数据: 期号=114049875
2025-09-03 18:46:27.627 | INFO     | python_scraper:connect_mongodb:1102 - 成功连接到MongoDB数据库: taiwan_pk10
2025-09-03 18:46:27.632 | INFO     | python_scraper:save_to_mongodb:1151 - 成功保存 1 条数据到MongoDB
2025-09-03 18:46:27.635 | INFO     | python_scraper:save_to_mongodb:1163 - 格式化数据已保存，共 1 条记录
2025-09-03 18:46:27.637 | INFO     | python_scraper:scrape_latest_single_record:1069 - 最新数据已保存到MongoDB数据库
2025-09-03 18:46:27.744 | INFO     | python_scraper:cleanup:1087 - 浏览器驱动已关闭
2025-09-03 18:46:27.756 | INFO     | python_scraper:cleanup:1087 - 浏览器驱动已关闭
2025-09-03 18:47:27.776 | INFO     | python_scraper:scrape_latest_single_record:1025 - 开始抓取最新一期台湾PK10数据
2025-09-03 18:47:29.356 | INFO     | python_scraper:setup_driver:86 - Chrome浏览器驱动设置完成
2025-09-03 18:47:29.358 | INFO     | python_scraper:navigate_to_page:95 - 正在访问: https://xn--kpro5poukl1g.com/#/
2025-09-03 18:47:37.242 | INFO     | python_scraper:navigate_to_page:102 - 页面加载完成
2025-09-03 18:47:37.348 | INFO     | python_scraper:click_pk10_option:148 - 找到台湾PK10选项: 台湾PK10
2025-09-03 18:47:39.417 | INFO     | python_scraper:click_pk10_option:152 - 成功点击台湾PK10选项
2025-09-03 18:47:39.420 | INFO     | python_scraper:navigate_to_page:106 - 成功切换到台湾PK10数据
2025-09-03 18:47:42.438 | INFO     | python_scraper:extract_lottery_data:484 - 第1页找到 3 个表格
2025-09-03 18:47:42.478 | INFO     | python_scraper:extract_lottery_data:498 - 第1页选择表格 2，包含 50 行
2025-09-03 18:47:42.488 | INFO     | python_scraper:extract_lottery_data:510 - 第1页找到 50 行数据
2025-09-03 18:47:42.502 | INFO     | python_scraper:extract_lottery_data:524 - 第1页第一行包含有效数据，从第一行开始读取
2025-09-03 18:47:42.555 | INFO     | python_scraper:extract_lottery_data:534 - 第1页已达到最大记录数限制: 1
2025-09-03 18:47:42.558 | INFO     | python_scraper:extract_lottery_data:572 - 第1页成功提取 1 条数据
2025-09-03 18:47:42.559 | INFO     | python_scraper:scrape_latest_single_record:1053 - 成功抓取最新数据: 期号=114049876
2025-09-03 18:47:42.573 | INFO     | python_scraper:connect_mongodb:1102 - 成功连接到MongoDB数据库: taiwan_pk10
2025-09-03 18:47:42.584 | INFO     | python_scraper:save_to_mongodb:1151 - 成功保存 1 条数据到MongoDB
2025-09-03 18:47:42.589 | INFO     | python_scraper:save_to_mongodb:1163 - 格式化数据已保存，共 1 条记录
2025-09-03 18:47:42.591 | INFO     | python_scraper:scrape_latest_single_record:1069 - 最新数据已保存到MongoDB数据库
2025-09-03 18:47:42.702 | INFO     | python_scraper:cleanup:1087 - 浏览器驱动已关闭
2025-09-03 18:47:42.711 | INFO     | python_scraper:cleanup:1087 - 浏览器驱动已关闭
2025-09-03 18:48:42.737 | INFO     | python_scraper:scrape_latest_single_record:1025 - 开始抓取最新一期台湾PK10数据
2025-09-03 18:48:44.353 | INFO     | python_scraper:setup_driver:86 - Chrome浏览器驱动设置完成
2025-09-03 18:48:44.359 | INFO     | python_scraper:navigate_to_page:95 - 正在访问: https://xn--kpro5poukl1g.com/#/
2025-09-03 18:48:51.672 | INFO     | python_scraper:navigate_to_page:102 - 页面加载完成
2025-09-03 18:48:51.725 | INFO     | python_scraper:click_pk10_option:148 - 找到台湾PK10选项: 台湾PK10
2025-09-03 18:48:53.782 | INFO     | python_scraper:click_pk10_option:152 - 成功点击台湾PK10选项
2025-09-03 18:48:53.783 | INFO     | python_scraper:navigate_to_page:106 - 成功切换到台湾PK10数据
2025-09-03 18:48:56.797 | INFO     | python_scraper:extract_lottery_data:484 - 第1页找到 3 个表格
2025-09-03 18:48:56.836 | INFO     | python_scraper:extract_lottery_data:498 - 第1页选择表格 2，包含 50 行
2025-09-03 18:48:56.845 | INFO     | python_scraper:extract_lottery_data:510 - 第1页找到 50 行数据
2025-09-03 18:48:56.859 | INFO     | python_scraper:extract_lottery_data:524 - 第1页第一行包含有效数据，从第一行开始读取
2025-09-03 18:48:56.899 | INFO     | python_scraper:extract_lottery_data:534 - 第1页已达到最大记录数限制: 1
2025-09-03 18:48:56.900 | INFO     | python_scraper:extract_lottery_data:572 - 第1页成功提取 1 条数据
2025-09-03 18:48:56.901 | INFO     | python_scraper:scrape_latest_single_record:1053 - 成功抓取最新数据: 期号=114049876
2025-09-03 18:48:56.906 | INFO     | python_scraper:connect_mongodb:1102 - 成功连接到MongoDB数据库: taiwan_pk10
2025-09-03 18:48:56.913 | INFO     | python_scraper:save_to_mongodb:1151 - 成功保存 1 条数据到MongoDB
2025-09-03 18:48:56.915 | INFO     | python_scraper:save_to_mongodb:1163 - 格式化数据已保存，共 1 条记录
2025-09-03 18:48:56.917 | INFO     | python_scraper:scrape_latest_single_record:1069 - 最新数据已保存到MongoDB数据库
2025-09-03 18:48:57.020 | INFO     | python_scraper:cleanup:1087 - 浏览器驱动已关闭
2025-09-03 18:48:57.026 | INFO     | python_scraper:cleanup:1087 - 浏览器驱动已关闭
2025-09-03 18:49:57.047 | INFO     | python_scraper:scrape_latest_single_record:1025 - 开始抓取最新一期台湾PK10数据
2025-09-03 18:49:58.813 | INFO     | python_scraper:setup_driver:86 - Chrome浏览器驱动设置完成
2025-09-03 18:49:58.815 | INFO     | python_scraper:navigate_to_page:95 - 正在访问: https://xn--kpro5poukl1g.com/#/
2025-09-03 18:50:08.405 | INFO     | python_scraper:navigate_to_page:102 - 页面加载完成
2025-09-03 18:50:08.464 | INFO     | python_scraper:click_pk10_option:148 - 找到台湾PK10选项: 台湾PK10
2025-09-03 18:50:10.531 | INFO     | python_scraper:click_pk10_option:152 - 成功点击台湾PK10选项
2025-09-03 18:50:10.532 | INFO     | python_scraper:navigate_to_page:106 - 成功切换到台湾PK10数据
2025-09-03 18:50:13.551 | INFO     | python_scraper:extract_lottery_data:484 - 第1页找到 3 个表格
2025-09-03 18:50:13.609 | INFO     | python_scraper:extract_lottery_data:498 - 第1页选择表格 2，包含 50 行
2025-09-03 18:50:13.621 | INFO     | python_scraper:extract_lottery_data:510 - 第1页找到 50 行数据
2025-09-03 18:50:13.664 | INFO     | python_scraper:extract_lottery_data:524 - 第1页第一行包含有效数据，从第一行开始读取
2025-09-03 18:50:13.740 | INFO     | python_scraper:extract_lottery_data:534 - 第1页已达到最大记录数限制: 1
2025-09-03 18:50:13.742 | INFO     | python_scraper:extract_lottery_data:572 - 第1页成功提取 1 条数据
2025-09-03 18:50:13.743 | INFO     | python_scraper:scrape_latest_single_record:1053 - 成功抓取最新数据: 期号=114049876
2025-09-03 18:50:13.754 | INFO     | python_scraper:connect_mongodb:1102 - 成功连接到MongoDB数据库: taiwan_pk10
2025-09-03 18:50:13.769 | INFO     | python_scraper:save_to_mongodb:1151 - 成功保存 1 条数据到MongoDB
2025-09-03 18:50:13.774 | INFO     | python_scraper:save_to_mongodb:1163 - 格式化数据已保存，共 1 条记录
2025-09-03 18:50:13.778 | INFO     | python_scraper:scrape_latest_single_record:1069 - 最新数据已保存到MongoDB数据库
2025-09-03 18:50:13.958 | INFO     | python_scraper:cleanup:1087 - 浏览器驱动已关闭
2025-09-03 18:50:13.968 | INFO     | python_scraper:cleanup:1087 - 浏览器驱动已关闭
