2025-09-03 18:58:44.136 | INFO     | python_scraper:run_scraper:931 - 开始运行台湾PK10数据抓取器
2025-09-03 18:58:45.806 | INFO     | python_scraper:setup_driver:86 - Chrome浏览器驱动设置完成
2025-09-03 18:58:45.809 | INFO     | python_scraper:navigate_to_page:95 - 正在访问: https://xn--kpro5poukl1g.com/#/
2025-09-03 18:58:53.732 | INFO     | python_scraper:navigate_to_page:102 - 页面加载完成
2025-09-03 18:58:53.783 | INFO     | python_scraper:click_pk10_option:148 - 找到台湾PK10选项: 台湾PK10
2025-09-03 18:58:55.845 | INFO     | python_scraper:click_pk10_option:152 - 成功点击台湾PK10选项
2025-09-03 18:58:55.847 | INFO     | python_scraper:navigate_to_page:106 - 成功切换到台湾PK10数据
2025-09-03 18:58:56.028 | INFO     | python_scraper:select_date:197 - 找到日期选择器: input[placeholder*='日期']
2025-09-03 18:58:56.098 | DEBUG    | python_scraper:select_date:264 - 日期输入方法1失败: Message: invalid element state
  (Session info: chrome=139.0.7258.155)
Stacktrace:
0   chromedriver                        0x000000010a4d5668 chromedriver + 5928552
1   chromedriver                        0x000000010a4ccc0a chromedriver + 5893130
2   chromedriver                        0x0000000109f96c43 chromedriver + 429123
3   chromedriver                        0x0000000109fdf50e chromedriver + 726286
4   chromedriver                        0x000000010a00f062 chromedriver + 921698
5   chromedriver                        0x0000000109fdcb48 chromedriver + 715592
6   chromedriver                        0x000000010a00f21e chromedriver + 922142
7   chromedriver                        0x000000010a0361d4 chromedriver + 1081812
8   chromedriver                        0x000000010a00ee33 chromedriver + 921139
9   chromedriver                        0x0000000109fdb37b chromedriver + 709499
10  chromedriver                        0x0000000109fdc061 chromedriver + 712801
11  chromedriver                        0x000000010a4930e0 chromedriver + 5656800
12  chromedriver                        0x000000010a496fa4 chromedriver + 5672868
13  chromedriver                        0x000000010a46e052 chromedriver + 5505106
14  chromedriver                        0x000000010a497a4f chromedriver + 5675599
15  chromedriver                        0x000000010a45d004 chromedriver + 5435396
16  chromedriver                        0x000000010a4b9d88 chromedriver + 5815688
17  chromedriver                        0x000000010a4b9f50 chromedriver + 5816144
18  chromedriver                        0x000000010a4cc7e1 chromedriver + 5892065
19  libsystem_pthread.dylib             0x00007ff814eba1d3 _pthread_start + 125
20  libsystem_pthread.dylib             0x00007ff814eb5bd3 thread_start + 15

2025-09-03 18:58:58.128 | INFO     | python_scraper:select_date:223 - 已选择日期: 2025-09-03 (使用选择器: input[placeholder*='日期'], 方法2)
2025-09-03 18:59:03.352 | INFO     | python_scraper:select_date:257 - 未找到查询按钮，已按回车键尝试触发更新
2025-09-03 18:59:03.354 | INFO     | python_scraper:scrape_all_pages:826 - 正在抓取第 1 页数据
2025-09-03 18:59:03.417 | INFO     | python_scraper:extract_lottery_data:484 - 第1页找到 3 个表格
2025-09-03 18:59:03.471 | INFO     | python_scraper:extract_lottery_data:498 - 第1页选择表格 2，包含 50 行
2025-09-03 18:59:03.491 | INFO     | python_scraper:extract_lottery_data:510 - 第1页找到 50 行数据
2025-09-03 18:59:03.511 | INFO     | python_scraper:extract_lottery_data:524 - 第1页第一行包含有效数据，从第一行开始读取
2025-09-03 18:59:05.237 | INFO     | python_scraper:extract_lottery_data:572 - 第1页成功提取 50 条数据
2025-09-03 18:59:05.238 | INFO     | python_scraper:scrape_all_pages:845 - 第 1 页获取到 50 条新数据
2025-09-03 18:59:10.284 | INFO     | python_scraper:navigate_to_next_page:797 - 已成功翻页: <button type="button" class="btn-next is-last" aria-label="下一页" aria-disabled="false"><i class="el-i
2025-09-03 18:59:12.289 | INFO     | python_scraper:scrape_all_pages:826 - 正在抓取第 2 页数据
2025-09-03 18:59:12.296 | INFO     | python_scraper:extract_lottery_data:484 - 第2页找到 3 个表格
2025-09-03 18:59:12.325 | INFO     | python_scraper:extract_lottery_data:498 - 第2页选择表格 2，包含 50 行
2025-09-03 18:59:12.335 | INFO     | python_scraper:extract_lottery_data:510 - 第2页找到 50 行数据
2025-09-03 18:59:12.351 | INFO     | python_scraper:extract_lottery_data:524 - 第2页第一行包含有效数据，从第一行开始读取
2025-09-03 18:59:14.581 | INFO     | python_scraper:extract_lottery_data:572 - 第2页成功提取 50 条数据
2025-09-03 18:59:14.582 | INFO     | python_scraper:scrape_all_pages:845 - 第 2 页获取到 50 条新数据
2025-09-03 18:59:19.657 | INFO     | python_scraper:navigate_to_next_page:797 - 已成功翻页: <button type="button" class="btn-next is-last" aria-label="下一页" aria-disabled="true" disabled=""><i 
2025-09-03 18:59:21.658 | INFO     | python_scraper:scrape_all_pages:826 - 正在抓取第 3 页数据
2025-09-03 18:59:21.667 | INFO     | python_scraper:extract_lottery_data:484 - 第3页找到 3 个表格
2025-09-03 18:59:21.694 | INFO     | python_scraper:extract_lottery_data:498 - 第3页选择表格 2，包含 43 行
2025-09-03 18:59:21.702 | INFO     | python_scraper:extract_lottery_data:510 - 第3页找到 43 行数据
2025-09-03 18:59:21.717 | INFO     | python_scraper:extract_lottery_data:524 - 第3页第一行包含有效数据，从第一行开始读取
2025-09-03 18:59:23.943 | INFO     | python_scraper:extract_lottery_data:572 - 第3页成功提取 43 条数据
2025-09-03 18:59:23.944 | INFO     | python_scraper:scrape_all_pages:845 - 第 3 页获取到 43 条新数据
2025-09-03 18:59:24.551 | INFO     | python_scraper:navigate_to_next_page:810 - 没有找到可用的下一页按钮，已到达最后一页
2025-09-03 18:59:24.552 | INFO     | python_scraper:scrape_all_pages:873 - 第 3 页后没有更多页面，抓取完成
2025-09-03 18:59:24.553 | INFO     | python_scraper:scrape_all_pages:879 - 总共抓取了 3 页，获得 143 条唯一数据
2025-09-03 18:59:24.553 | INFO     | python_scraper:run_scraper:956 - 数据验证完成，有效数据: 143/143 条
2025-09-03 18:59:24.560 | INFO     | python_scraper:save_to_json:919 - 数据已保存到: data/taiwan_pk10_data_20250903_185924.json
2025-09-03 18:59:24.561 | INFO     | python_scraper:save_to_json:920 - 最新数据已保存到: data/latest_taiwan_pk10_data.json
2025-09-03 18:59:24.566 | INFO     | python_scraper:connect_mongodb:1102 - 成功连接到MongoDB数据库: taiwan_pk10
2025-09-03 18:59:24.574 | INFO     | python_scraper:save_to_mongodb:1151 - 成功保存 143 条数据到MongoDB
2025-09-03 18:59:24.576 | INFO     | python_scraper:save_to_mongodb:1163 - 格式化数据已保存，共 143 条记录
2025-09-03 18:59:24.577 | INFO     | python_scraper:run_scraper:967 - 数据已成功保存到MongoDB数据库
2025-09-03 18:59:24.579 | INFO     | python_scraper:run_scraper:972 - 格式化数据样本（前5条）:
2025-09-03 18:59:24.579 | INFO     | python_scraper:run_scraper:974 -   1: 114049878 10,7,4,2,8,5,3,6,9,1
2025-09-03 18:59:24.580 | INFO     | python_scraper:run_scraper:974 -   2: 114049877 1,10,4,5,2,8,9,6,3,7
2025-09-03 18:59:24.581 | INFO     | python_scraper:run_scraper:974 -   3: 114049876 4,3,1,10,5,2,9,8,6,7
2025-09-03 18:59:24.582 | INFO     | python_scraper:run_scraper:974 -   4: 114049875 6,8,3,2,5,7,1,4,9,10
2025-09-03 18:59:24.582 | INFO     | python_scraper:run_scraper:974 -   5: 114049874 9,7,2,10,1,5,3,4,8,6
2025-09-03 18:59:24.583 | INFO     | python_scraper:run_scraper:975 - 总计 143 条格式化数据可用于网页导入
2025-09-03 18:59:24.583 | INFO     | python_scraper:run_scraper:981 - 抓取完成，共获得 143 条有效数据
2025-09-03 18:59:24.703 | INFO     | python_scraper:cleanup:1087 - 浏览器驱动已关闭
2025-09-03 18:59:24.716 | INFO     | python_scraper:cleanup:1087 - 浏览器驱动已关闭
2025-09-03 19:00:24.736 | INFO     | python_scraper:run_scraper:931 - 开始运行台湾PK10数据抓取器
2025-09-03 19:00:26.169 | INFO     | python_scraper:setup_driver:86 - Chrome浏览器驱动设置完成
2025-09-03 19:00:26.170 | INFO     | python_scraper:navigate_to_page:95 - 正在访问: https://xn--kpro5poukl1g.com/#/
2025-09-03 19:00:35.752 | INFO     | python_scraper:navigate_to_page:102 - 页面加载完成
2025-09-03 19:00:35.885 | INFO     | python_scraper:click_pk10_option:148 - 找到台湾PK10选项: 台湾PK10
2025-09-03 19:00:38.035 | INFO     | python_scraper:click_pk10_option:152 - 成功点击台湾PK10选项
2025-09-03 19:00:38.039 | INFO     | python_scraper:navigate_to_page:106 - 成功切换到台湾PK10数据
2025-09-03 19:00:38.228 | INFO     | python_scraper:select_date:197 - 找到日期选择器: input[placeholder*='日期']
2025-09-03 19:00:38.257 | DEBUG    | python_scraper:select_date:264 - 日期输入方法1失败: Message: invalid element state
  (Session info: chrome=139.0.7258.155)
Stacktrace:
0   chromedriver                        0x000000010bf23668 chromedriver + 5928552
1   chromedriver                        0x000000010bf1ac0a chromedriver + 5893130
2   chromedriver                        0x000000010b9e4c43 chromedriver + 429123
3   chromedriver                        0x000000010ba2d50e chromedriver + 726286
4   chromedriver                        0x000000010ba5d062 chromedriver + 921698
5   chromedriver                        0x000000010ba2ab48 chromedriver + 715592
6   chromedriver                        0x000000010ba5d21e chromedriver + 922142
7   chromedriver                        0x000000010ba841d4 chromedriver + 1081812
8   chromedriver                        0x000000010ba5ce33 chromedriver + 921139
9   chromedriver                        0x000000010ba2937b chromedriver + 709499
10  chromedriver                        0x000000010ba2a061 chromedriver + 712801
11  chromedriver                        0x000000010bee10e0 chromedriver + 5656800
12  chromedriver                        0x000000010bee4fa4 chromedriver + 5672868
13  chromedriver                        0x000000010bebc052 chromedriver + 5505106
14  chromedriver                        0x000000010bee5a4f chromedriver + 5675599
15  chromedriver                        0x000000010beab004 chromedriver + 5435396
16  chromedriver                        0x000000010bf07d88 chromedriver + 5815688
17  chromedriver                        0x000000010bf07f50 chromedriver + 5816144
18  chromedriver                        0x000000010bf1a7e1 chromedriver + 5892065
19  libsystem_pthread.dylib             0x00007ff814eba1d3 _pthread_start + 125
20  libsystem_pthread.dylib             0x00007ff814eb5bd3 thread_start + 15

2025-09-03 19:00:40.278 | INFO     | python_scraper:select_date:223 - 已选择日期: 2025-09-03 (使用选择器: input[placeholder*='日期'], 方法2)
2025-09-03 19:00:45.517 | INFO     | python_scraper:select_date:257 - 未找到查询按钮，已按回车键尝试触发更新
2025-09-03 19:00:45.518 | INFO     | python_scraper:scrape_all_pages:826 - 正在抓取第 1 页数据
2025-09-03 19:00:45.532 | INFO     | python_scraper:extract_lottery_data:484 - 第1页找到 3 个表格
2025-09-03 19:00:45.576 | INFO     | python_scraper:extract_lottery_data:498 - 第1页选择表格 2，包含 50 行
2025-09-03 19:00:45.594 | INFO     | python_scraper:extract_lottery_data:510 - 第1页找到 50 行数据
2025-09-03 19:00:45.610 | INFO     | python_scraper:extract_lottery_data:524 - 第1页第一行包含有效数据，从第一行开始读取
2025-09-03 19:00:47.974 | INFO     | python_scraper:extract_lottery_data:572 - 第1页成功提取 50 条数据
2025-09-03 19:00:47.976 | INFO     | python_scraper:scrape_all_pages:845 - 第 1 页获取到 50 条新数据
2025-09-03 19:00:49.486 | INFO     | python_scraper:cleanup:1087 - 浏览器驱动已关闭
2025-09-03 19:00:49.528 | INFO     | python_scraper:cleanup:1087 - 浏览器驱动已关闭
