2025-09-12 13:20:58.620 | INFO     | python_scraper:run_scraper:926 - 开始运行台湾PK10数据抓取器
2025-09-12 13:21:09.378 | INFO     | python_scraper:setup_driver:86 - Chrome浏览器驱动设置完成
2025-09-12 13:21:09.379 | INFO     | python_scraper:navigate_to_page:95 - 正在访问: https://xn--kpro5poukl1g.com/#/
2025-09-12 13:21:21.181 | INFO     | python_scraper:navigate_to_page:102 - 页面加载完成
2025-09-12 13:21:21.240 | INFO     | python_scraper:click_pk10_option:148 - 找到台湾PK10选项: 台湾PK10
2025-09-12 13:21:23.375 | INFO     | python_scraper:click_pk10_option:152 - 成功点击台湾PK10选项
2025-09-12 13:21:23.376 | INFO     | python_scraper:navigate_to_page:106 - 成功切换到台湾PK10数据
2025-09-12 13:21:23.527 | INFO     | python_scraper:select_date:197 - 找到日期选择器: input[placeholder*='日期']
2025-09-12 13:21:23.563 | DEBUG    | python_scraper:select_date:264 - 日期输入方法1失败: Message: invalid element state
  (Session info: chrome=140.0.7339.133)
Stacktrace:
0   chromedriver                        0x000000010bf60668 chromedriver + 5928552
1   chromedriver                        0x000000010bf57c0a chromedriver + 5893130
2   chromedriver                        0x000000010ba21c43 chromedriver + 429123
3   chromedriver                        0x000000010ba6a50e chromedriver + 726286
4   chromedriver                        0x000000010ba9a062 chromedriver + 921698
5   chromedriver                        0x000000010ba67b48 chromedriver + 715592
6   chromedriver                        0x000000010ba9a21e chromedriver + 922142
7   chromedriver                        0x000000010bac11d4 chromedriver + 1081812
8   chromedriver                        0x000000010ba99e33 chromedriver + 921139
9   chromedriver                        0x000000010ba6637b chromedriver + 709499
10  chromedriver                        0x000000010ba67061 chromedriver + 712801
11  chromedriver                        0x000000010bf1e0e0 chromedriver + 5656800
12  chromedriver                        0x000000010bf21fa4 chromedriver + 5672868
13  chromedriver                        0x000000010bef9052 chromedriver + 5505106
14  chromedriver                        0x000000010bf22a4f chromedriver + 5675599
15  chromedriver                        0x000000010bee8004 chromedriver + 5435396
16  chromedriver                        0x000000010bf44d88 chromedriver + 5815688
17  chromedriver                        0x000000010bf44f50 chromedriver + 5816144
18  chromedriver                        0x000000010bf577e1 chromedriver + 5892065
19  libsystem_pthread.dylib             0x00007ff814eba1d3 _pthread_start + 125
20  libsystem_pthread.dylib             0x00007ff814eb5bd3 thread_start + 15

2025-09-12 13:21:25.624 | INFO     | python_scraper:select_date:223 - 已选择日期: 2025-09-11 (使用选择器: input[placeholder*='日期'], 方法2)
2025-09-12 13:21:30.756 | INFO     | python_scraper:select_date:257 - 未找到查询按钮，已按回车键尝试触发更新
2025-09-12 13:21:30.756 | INFO     | python_scraper:scrape_all_pages:826 - 正在抓取第 1 页数据
2025-09-12 13:21:30.767 | INFO     | python_scraper:extract_lottery_data:484 - 第1页找到 3 个表格
2025-09-12 13:21:30.819 | INFO     | python_scraper:extract_lottery_data:498 - 第1页选择表格 2，包含 50 行
2025-09-12 13:21:30.829 | INFO     | python_scraper:extract_lottery_data:510 - 第1页找到 50 行数据
2025-09-12 13:21:30.851 | INFO     | python_scraper:extract_lottery_data:524 - 第1页第一行包含有效数据，从第一行开始读取
2025-09-12 13:21:32.651 | INFO     | python_scraper:extract_lottery_data:572 - 第1页成功提取 50 条数据
2025-09-12 13:21:32.652 | INFO     | python_scraper:scrape_all_pages:845 - 第 1 页获取到 50 条新数据
2025-09-12 13:21:37.994 | INFO     | python_scraper:navigate_to_next_page:797 - 已成功翻页: <button type="button" class="btn-next is-last" aria-label="下一页" aria-disabled="false"><i class="el-i
2025-09-12 13:21:39.999 | INFO     | python_scraper:scrape_all_pages:826 - 正在抓取第 2 页数据
2025-09-12 13:21:40.007 | INFO     | python_scraper:extract_lottery_data:484 - 第2页找到 3 个表格
2025-09-12 13:21:40.067 | INFO     | python_scraper:extract_lottery_data:498 - 第2页选择表格 2，包含 50 行
2025-09-12 13:21:40.083 | INFO     | python_scraper:extract_lottery_data:510 - 第2页找到 50 行数据
2025-09-12 13:21:40.107 | INFO     | python_scraper:extract_lottery_data:524 - 第2页第一行包含有效数据，从第一行开始读取
2025-09-12 13:21:42.135 | INFO     | python_scraper:extract_lottery_data:572 - 第2页成功提取 50 条数据
2025-09-12 13:21:42.136 | INFO     | python_scraper:scrape_all_pages:845 - 第 2 页获取到 50 条新数据
2025-09-12 13:21:47.108 | INFO     | python_scraper:navigate_to_next_page:797 - 已成功翻页: <button type="button" class="btn-next is-last" aria-label="下一页" aria-disabled="false"><i class="el-i
2025-09-12 13:21:49.111 | INFO     | python_scraper:scrape_all_pages:826 - 正在抓取第 3 页数据
2025-09-12 13:21:49.117 | INFO     | python_scraper:extract_lottery_data:484 - 第3页找到 3 个表格
2025-09-12 13:21:49.168 | INFO     | python_scraper:extract_lottery_data:498 - 第3页选择表格 2，包含 50 行
2025-09-12 13:21:49.183 | INFO     | python_scraper:extract_lottery_data:510 - 第3页找到 50 行数据
2025-09-12 13:21:49.221 | INFO     | python_scraper:extract_lottery_data:524 - 第3页第一行包含有效数据，从第一行开始读取
2025-09-12 13:21:51.182 | INFO     | python_scraper:extract_lottery_data:572 - 第3页成功提取 50 条数据
2025-09-12 13:21:51.182 | INFO     | python_scraper:scrape_all_pages:845 - 第 3 页获取到 50 条新数据
2025-09-12 13:21:56.141 | INFO     | python_scraper:navigate_to_next_page:797 - 已成功翻页: <button type="button" class="btn-next is-last" aria-label="下一页" aria-disabled="false"><i class="el-i
2025-09-12 13:21:58.144 | INFO     | python_scraper:scrape_all_pages:826 - 正在抓取第 4 页数据
2025-09-12 13:21:58.152 | INFO     | python_scraper:extract_lottery_data:484 - 第4页找到 3 个表格
2025-09-12 13:21:58.201 | INFO     | python_scraper:extract_lottery_data:498 - 第4页选择表格 2，包含 50 行
2025-09-12 13:21:58.220 | INFO     | python_scraper:extract_lottery_data:510 - 第4页找到 50 行数据
2025-09-12 13:21:58.257 | INFO     | python_scraper:extract_lottery_data:524 - 第4页第一行包含有效数据，从第一行开始读取
2025-09-12 13:22:00.408 | INFO     | python_scraper:extract_lottery_data:572 - 第4页成功提取 50 条数据
2025-09-12 13:22:00.408 | INFO     | python_scraper:scrape_all_pages:845 - 第 4 页获取到 50 条新数据
2025-09-12 13:22:05.112 | INFO     | python_scraper:navigate_to_next_page:797 - 已成功翻页: <button type="button" class="btn-next is-last" aria-label="下一页" aria-disabled="true" disabled=""><i 
2025-09-12 13:22:07.113 | INFO     | python_scraper:scrape_all_pages:826 - 正在抓取第 5 页数据
2025-09-12 13:22:07.119 | INFO     | python_scraper:extract_lottery_data:484 - 第5页找到 3 个表格
2025-09-12 13:22:07.173 | INFO     | python_scraper:extract_lottery_data:498 - 第5页选择表格 2，包含 3 行
2025-09-12 13:22:07.184 | INFO     | python_scraper:extract_lottery_data:510 - 第5页找到 3 行数据
2025-09-12 13:22:07.205 | INFO     | python_scraper:extract_lottery_data:524 - 第5页第一行包含有效数据，从第一行开始读取
2025-09-12 13:22:07.342 | INFO     | python_scraper:extract_lottery_data:572 - 第5页成功提取 3 条数据
2025-09-12 13:22:07.342 | INFO     | python_scraper:scrape_all_pages:845 - 第 5 页获取到 3 条新数据
2025-09-12 13:22:07.552 | INFO     | python_scraper:navigate_to_next_page:810 - 没有找到可用的下一页按钮，已到达最后一页
2025-09-12 13:22:07.553 | INFO     | python_scraper:scrape_all_pages:873 - 第 5 页后没有更多页面，抓取完成
2025-09-12 13:22:07.553 | INFO     | python_scraper:scrape_all_pages:879 - 总共抓取了 5 页，获得 203 条唯一数据
2025-09-12 13:22:07.553 | INFO     | python_scraper:run_scraper:951 - 数据验证完成，有效数据: 203/203 条
2025-09-12 13:22:07.560 | INFO     | python_scraper:save_to_json:914 - 数据已保存到: data/taiwan_pk10_data_20250912_132207.json
2025-09-12 13:22:37.829 | ERROR    | python_scraper:connect_mongodb:1100 - 连接MongoDB失败: localhost:27017: [Errno 61] Connection refused (configured timeouts: socketTimeoutMS: 20000.0ms, connectTimeoutMS: 20000.0ms), Timeout: 30s, Topology Description: <TopologyDescription id: 68c3adffdd82c80cd2e94bb7, topology_type: Unknown, servers: [<ServerDescription ('localhost', 27017) server_type: Unknown, rtt: None, error=AutoReconnect('localhost:27017: [Errno 61] Connection refused (configured timeouts: socketTimeoutMS: 20000.0ms, connectTimeoutMS: 20000.0ms)')>]>
2025-09-12 13:22:37.830 | ERROR    | python_scraper:run_scraper:972 - 保存到MongoDB失败
2025-09-12 13:22:37.830 | INFO     | python_scraper:run_scraper:976 - 抓取完成，共获得 203 条有效数据
2025-09-12 13:22:38.014 | INFO     | python_scraper:cleanup:1082 - 浏览器驱动已关闭
2025-09-12 13:22:43.027 | INFO     | python_scraper:run_scraper:926 - 开始运行台湾PK10数据抓取器
2025-09-12 13:22:44.921 | INFO     | python_scraper:setup_driver:86 - Chrome浏览器驱动设置完成
2025-09-12 13:22:44.922 | INFO     | python_scraper:navigate_to_page:95 - 正在访问: https://xn--kpro5poukl1g.com/#/
2025-09-12 13:24:51.497 | INFO     | python_scraper:navigate_to_page:102 - 页面加载完成
2025-09-12 13:24:51.574 | INFO     | python_scraper:click_pk10_option:148 - 找到台湾PK10选项: 台湾PK10
2025-09-12 13:24:53.653 | INFO     | python_scraper:click_pk10_option:152 - 成功点击台湾PK10选项
2025-09-12 13:24:53.654 | INFO     | python_scraper:navigate_to_page:106 - 成功切换到台湾PK10数据
2025-09-12 13:24:53.814 | INFO     | python_scraper:select_date:197 - 找到日期选择器: input[placeholder*='日期']
2025-09-12 13:24:53.854 | DEBUG    | python_scraper:select_date:264 - 日期输入方法1失败: Message: invalid element state
  (Session info: chrome=140.0.7339.133)
Stacktrace:
0   chromedriver                        0x000000010ed5b668 chromedriver + 5928552
1   chromedriver                        0x000000010ed52c0a chromedriver + 5893130
2   chromedriver                        0x000000010e81cc43 chromedriver + 429123
3   chromedriver                        0x000000010e86550e chromedriver + 726286
4   chromedriver                        0x000000010e895062 chromedriver + 921698
5   chromedriver                        0x000000010e862b48 chromedriver + 715592
6   chromedriver                        0x000000010e89521e chromedriver + 922142
7   chromedriver                        0x000000010e8bc1d4 chromedriver + 1081812
8   chromedriver                        0x000000010e894e33 chromedriver + 921139
9   chromedriver                        0x000000010e86137b chromedriver + 709499
10  chromedriver                        0x000000010e862061 chromedriver + 712801
11  chromedriver                        0x000000010ed190e0 chromedriver + 5656800
12  chromedriver                        0x000000010ed1cfa4 chromedriver + 5672868
13  chromedriver                        0x000000010ecf4052 chromedriver + 5505106
14  chromedriver                        0x000000010ed1da4f chromedriver + 5675599
15  chromedriver                        0x000000010ece3004 chromedriver + 5435396
16  chromedriver                        0x000000010ed3fd88 chromedriver + 5815688
17  chromedriver                        0x000000010ed3ff50 chromedriver + 5816144
18  chromedriver                        0x000000010ed527e1 chromedriver + 5892065
19  libsystem_pthread.dylib             0x00007ff814eba1d3 _pthread_start + 125
20  libsystem_pthread.dylib             0x00007ff814eb5bd3 thread_start + 15

2025-09-12 13:24:55.889 | INFO     | python_scraper:select_date:223 - 已选择日期: 2025-09-12 (使用选择器: input[placeholder*='日期'], 方法2)
2025-09-12 13:25:01.063 | INFO     | python_scraper:select_date:257 - 未找到查询按钮，已按回车键尝试触发更新
2025-09-12 13:25:01.065 | INFO     | python_scraper:scrape_all_pages:826 - 正在抓取第 1 页数据
2025-09-12 13:25:01.081 | INFO     | python_scraper:extract_lottery_data:484 - 第1页找到 3 个表格
2025-09-12 13:25:01.139 | INFO     | python_scraper:extract_lottery_data:498 - 第1页选择表格 2，包含 50 行
2025-09-12 13:25:01.152 | INFO     | python_scraper:extract_lottery_data:510 - 第1页找到 50 行数据
2025-09-12 13:25:01.174 | INFO     | python_scraper:extract_lottery_data:524 - 第1页第一行包含有效数据，从第一行开始读取
2025-09-12 13:25:03.306 | INFO     | python_scraper:extract_lottery_data:572 - 第1页成功提取 50 条数据
2025-09-12 13:25:03.307 | INFO     | python_scraper:scrape_all_pages:845 - 第 1 页获取到 50 条新数据
2025-09-12 13:25:08.448 | INFO     | python_scraper:navigate_to_next_page:797 - 已成功翻页: <button type="button" class="btn-next is-last" aria-label="下一页" aria-disabled="true" disabled=""><i 
2025-09-12 13:25:10.452 | INFO     | python_scraper:scrape_all_pages:826 - 正在抓取第 2 页数据
2025-09-12 13:25:10.463 | INFO     | python_scraper:extract_lottery_data:484 - 第2页找到 3 个表格
2025-09-12 13:25:10.511 | INFO     | python_scraper:extract_lottery_data:498 - 第2页选择表格 2，包含 26 行
2025-09-12 13:25:10.521 | INFO     | python_scraper:extract_lottery_data:510 - 第2页找到 26 行数据
2025-09-12 13:25:10.542 | INFO     | python_scraper:extract_lottery_data:524 - 第2页第一行包含有效数据，从第一行开始读取
2025-09-12 13:25:11.597 | INFO     | python_scraper:extract_lottery_data:572 - 第2页成功提取 26 条数据
2025-09-12 13:25:11.598 | INFO     | python_scraper:scrape_all_pages:845 - 第 2 页获取到 26 条新数据
2025-09-12 13:25:12.167 | INFO     | python_scraper:navigate_to_next_page:810 - 没有找到可用的下一页按钮，已到达最后一页
2025-09-12 13:25:12.168 | INFO     | python_scraper:scrape_all_pages:873 - 第 2 页后没有更多页面，抓取完成
2025-09-12 13:25:12.169 | INFO     | python_scraper:scrape_all_pages:879 - 总共抓取了 2 页，获得 76 条唯一数据
2025-09-12 13:25:12.169 | INFO     | python_scraper:run_scraper:951 - 数据验证完成，有效数据: 76/76 条
2025-09-12 13:25:12.173 | INFO     | python_scraper:save_to_json:914 - 数据已保存到: data/taiwan_pk10_data_20250912_132512.json
2025-09-12 13:25:42.238 | ERROR    | python_scraper:connect_mongodb:1100 - 连接MongoDB失败: localhost:27017: [Errno 61] Connection refused (configured timeouts: socketTimeoutMS: 20000.0ms, connectTimeoutMS: 20000.0ms), Timeout: 30s, Topology Description: <TopologyDescription id: 68c3aeb8dd82c80cd2e94bb8, topology_type: Unknown, servers: [<ServerDescription ('localhost', 27017) server_type: Unknown, rtt: None, error=AutoReconnect('localhost:27017: [Errno 61] Connection refused (configured timeouts: socketTimeoutMS: 20000.0ms, connectTimeoutMS: 20000.0ms)')>]>
2025-09-12 13:25:42.241 | ERROR    | python_scraper:run_scraper:972 - 保存到MongoDB失败
2025-09-12 13:25:42.241 | INFO     | python_scraper:run_scraper:976 - 抓取完成，共获得 76 条有效数据
2025-09-12 13:25:42.394 | INFO     | python_scraper:cleanup:1082 - 浏览器驱动已关闭
