2025-09-10 19:57:05.786 | INFO     | python_scraper:run_scraper:926 - 开始运行台湾PK10数据抓取器
2025-09-10 19:57:07.306 | INFO     | python_scraper:setup_driver:86 - Chrome浏览器驱动设置完成
2025-09-10 19:57:07.322 | INFO     | python_scraper:navigate_to_page:95 - 正在访问: https://xn--kpro5poukl1g.com/#/
2025-09-10 19:57:12.930 | INFO     | python_scraper:navigate_to_page:102 - 页面加载完成
2025-09-10 19:57:13.000 | INFO     | python_scraper:click_pk10_option:148 - 找到台湾PK10选项: 台湾PK10
2025-09-10 19:57:15.076 | INFO     | python_scraper:click_pk10_option:152 - 成功点击台湾PK10选项
2025-09-10 19:57:15.086 | INFO     | python_scraper:navigate_to_page:106 - 成功切换到台湾PK10数据
2025-09-10 19:57:15.192 | INFO     | python_scraper:select_date:197 - 找到日期选择器: input[placeholder*='日期']
2025-09-10 19:57:15.228 | DEBUG    | python_scraper:select_date:264 - 日期输入方法1失败: Message: invalid element state
  (Session info: chrome=139.0.7258.155)
Stacktrace:
0   chromedriver                        0x000000010a503668 chromedriver + 5928552
1   chromedriver                        0x000000010a4fac0a chromedriver + 5893130
2   chromedriver                        0x0000000109fc4c43 chromedriver + 429123
3   chromedriver                        0x000000010a00d50e chromedriver + 726286
4   chromedriver                        0x000000010a03d062 chromedriver + 921698
5   chromedriver                        0x000000010a00ab48 chromedriver + 715592
6   chromedriver                        0x000000010a03d21e chromedriver + 922142
7   chromedriver                        0x000000010a0641d4 chromedriver + 1081812
8   chromedriver                        0x000000010a03ce33 chromedriver + 921139
9   chromedriver                        0x000000010a00937b chromedriver + 709499
10  chromedriver                        0x000000010a00a061 chromedriver + 712801
11  chromedriver                        0x000000010a4c10e0 chromedriver + 5656800
12  chromedriver                        0x000000010a4c4fa4 chromedriver + 5672868
13  chromedriver                        0x000000010a49c052 chromedriver + 5505106
14  chromedriver                        0x000000010a4c5a4f chromedriver + 5675599
15  chromedriver                        0x000000010a48b004 chromedriver + 5435396
16  chromedriver                        0x000000010a4e7d88 chromedriver + 5815688
17  chromedriver                        0x000000010a4e7f50 chromedriver + 5816144
18  chromedriver                        0x000000010a4fa7e1 chromedriver + 5892065
19  libsystem_pthread.dylib             0x00007ff814eba1d3 _pthread_start + 125
20  libsystem_pthread.dylib             0x00007ff814eb5bd3 thread_start + 15

2025-09-10 19:57:17.264 | INFO     | python_scraper:select_date:223 - 已选择日期: 2025-09-10 (使用选择器: input[placeholder*='日期'], 方法2)
2025-09-10 19:57:22.438 | INFO     | python_scraper:select_date:257 - 未找到查询按钮，已按回车键尝试触发更新
2025-09-10 19:57:22.448 | INFO     | python_scraper:scrape_all_pages:826 - 正在抓取第 1 页数据
2025-09-10 19:57:22.467 | INFO     | python_scraper:extract_lottery_data:484 - 第1页找到 3 个表格
2025-09-10 19:57:22.511 | INFO     | python_scraper:extract_lottery_data:498 - 第1页选择表格 2，包含 50 行
2025-09-10 19:57:22.528 | INFO     | python_scraper:extract_lottery_data:510 - 第1页找到 50 行数据
2025-09-10 19:57:22.555 | INFO     | python_scraper:extract_lottery_data:524 - 第1页第一行包含有效数据，从第一行开始读取
2025-09-10 19:57:24.232 | INFO     | python_scraper:extract_lottery_data:572 - 第1页成功提取 50 条数据
2025-09-10 19:57:24.247 | INFO     | python_scraper:scrape_all_pages:845 - 第 1 页获取到 50 条新数据
2025-09-10 19:57:29.142 | INFO     | python_scraper:navigate_to_next_page:797 - 已成功翻页: <button type="button" class="btn-next is-last" aria-label="下一页" aria-disabled="false"><i class="el-i
2025-09-10 19:57:31.186 | INFO     | python_scraper:scrape_all_pages:826 - 正在抓取第 2 页数据
2025-09-10 19:57:31.202 | INFO     | python_scraper:extract_lottery_data:484 - 第2页找到 3 个表格
2025-09-10 19:57:31.238 | INFO     | python_scraper:extract_lottery_data:498 - 第2页选择表格 2，包含 50 行
2025-09-10 19:57:31.254 | INFO     | python_scraper:extract_lottery_data:510 - 第2页找到 50 行数据
2025-09-10 19:57:31.277 | INFO     | python_scraper:extract_lottery_data:524 - 第2页第一行包含有效数据，从第一行开始读取
2025-09-10 19:57:33.206 | WARNING  | python_scraper:extract_lottery_data:569 - 第2页解析行数据失败: Message: invalid session id: session deleted as the browser has closed the connection
from disconnected: Unable to receive message from renderer
  (Session info: chrome=139.0.7258.155)
Stacktrace:
0   chromedriver                        0x000000010a503668 chromedriver + 5928552
1   chromedriver                        0x000000010a4fac0a chromedriver + 5893130
2   chromedriver                        0x0000000109fc4e00 chromedriver + 429568
3   chromedriver                        0x0000000109face12 chromedriver + 331282
4   chromedriver                        0x0000000109facb4b chromedriver + 330571
5   chromedriver                        0x0000000109faaa04 chromedriver + 322052
6   chromedriver                        0x0000000109fab33f chromedriver + 324415
7   chromedriver                        0x0000000109fc96e5 chromedriver + 448229
8   chromedriver                        0x0000000109fca0d9 chromedriver + 450777
9   chromedriver                        0x0000000109fce573 chromedriver + 468339
10  chromedriver                        0x0000000109fce623 chromedriver + 468515
11  chromedriver                        0x000000010a016a29 chromedriver + 764457
12  chromedriver                        0x000000010a017211 chromedriver + 766481
13  chromedriver                        0x000000010a00b0b3 chromedriver + 716979
14  chromedriver                        0x000000010a03d08d chromedriver + 921741
15  chromedriver                        0x000000010a00ab48 chromedriver + 715592
16  chromedriver                        0x000000010a03d21e chromedriver + 922142
17  chromedriver                        0x000000010a0641d4 chromedriver + 1081812
18  chromedriver                        0x000000010a03ce33 chromedriver + 921139
19  chromedriver                        0x000000010a00937b chromedriver + 709499
20  chromedriver                        0x000000010a00a061 chromedriver + 712801
21  chromedriver                        0x000000010a4c10e0 chromedriver + 5656800
22  chromedriver                        0x000000010a4c4fa4 chromedriver + 5672868
23  chromedriver                        0x000000010a49c052 chromedriver + 5505106
24  chromedriver                        0x000000010a4c5a4f chromedriver + 5675599
25  chromedriver                        0x000000010a48b004 chromedriver + 5435396
26  chromedriver                        0x000000010a4e7d88 chromedriver + 5815688
27  chromedriver                        0x000000010a4e7f50 chromedriver + 5816144
28  chromedriver                        0x000000010a4fa7e1 chromedriver + 5892065
29  libsystem_pthread.dylib             0x00007ff814eba1d3 _pthread_start + 125
30  libsystem_pthread.dylib             0x00007ff814eb5bd3 thread_start + 15

2025-09-10 19:57:33.730 | WARNING  | python_scraper:extract_lottery_data:569 - 第2页解析行数据失败: Message: invalid session id
Stacktrace:
0   chromedriver                        0x000000010a503668 chromedriver + 5928552
1   chromedriver                        0x000000010a4fac0a chromedriver + 5893130
2   chromedriver                        0x0000000109fc4c43 chromedriver + 429123
3   chromedriver                        0x000000010a0085af chromedriver + 705967
4   chromedriver                        0x000000010a03cf66 chromedriver + 921446
5   chromedriver                        0x000000010a037b0d chromedriver + 899853
6   chromedriver                        0x000000010a036ca7 chromedriver + 896167
7   chromedriver                        0x0000000109f8d17f chromedriver + 201087
8   chromedriver                        0x000000010a4c10e0 chromedriver + 5656800
9   chromedriver                        0x000000010a4c4fa4 chromedriver + 5672868
10  chromedriver                        0x000000010a49c052 chromedriver + 5505106
11  chromedriver                        0x000000010a4c5a4f chromedriver + 5675599
12  chromedriver                        0x000000010a48b004 chromedriver + 5435396
13  chromedriver                        0x0000000109f8b311 chromedriver + 193297
14  dyld                                0x00007ff814b5f418 start + 1896

2025-09-10 19:57:33.782 | WARNING  | python_scraper:extract_lottery_data:569 - 第2页解析行数据失败: Message: invalid session id
Stacktrace:
0   chromedriver                        0x000000010a503668 chromedriver + 5928552
1   chromedriver                        0x000000010a4fac0a chromedriver + 5893130
2   chromedriver                        0x0000000109fc4c43 chromedriver + 429123
3   chromedriver                        0x000000010a0085af chromedriver + 705967
4   chromedriver                        0x000000010a03cf66 chromedriver + 921446
5   chromedriver                        0x000000010a037b0d chromedriver + 899853
6   chromedriver                        0x000000010a036ca7 chromedriver + 896167
7   chromedriver                        0x0000000109f8d17f chromedriver + 201087
8   chromedriver                        0x000000010a4c10e0 chromedriver + 5656800
9   chromedriver                        0x000000010a4c4fa4 chromedriver + 5672868
10  chromedriver                        0x000000010a49c052 chromedriver + 5505106
11  chromedriver                        0x000000010a4c5a4f chromedriver + 5675599
12  chromedriver                        0x000000010a48b004 chromedriver + 5435396
13  chromedriver                        0x0000000109f8b311 chromedriver + 193297
14  dyld                                0x00007ff814b5f418 start + 1896

2025-09-10 19:57:33.878 | WARNING  | python_scraper:extract_lottery_data:569 - 第2页解析行数据失败: Message: invalid session id
Stacktrace:
0   chromedriver                        0x000000010a503668 chromedriver + 5928552
1   chromedriver                        0x000000010a4fac0a chromedriver + 5893130
2   chromedriver                        0x0000000109fc4c43 chromedriver + 429123
3   chromedriver                        0x000000010a0085af chromedriver + 705967
4   chromedriver                        0x000000010a03cf66 chromedriver + 921446
5   chromedriver                        0x000000010a037b0d chromedriver + 899853
6   chromedriver                        0x000000010a036ca7 chromedriver + 896167
7   chromedriver                        0x0000000109f8d17f chromedriver + 201087
8   chromedriver                        0x000000010a4c10e0 chromedriver + 5656800
9   chromedriver                        0x000000010a4c4fa4 chromedriver + 5672868
10  chromedriver                        0x000000010a49c052 chromedriver + 5505106
11  chromedriver                        0x000000010a4c5a4f chromedriver + 5675599
12  chromedriver                        0x000000010a48b004 chromedriver + 5435396
13  chromedriver                        0x0000000109f8b311 chromedriver + 193297
14  dyld                                0x00007ff814b5f418 start + 1896

2025-09-10 19:57:33.919 | WARNING  | python_scraper:extract_lottery_data:569 - 第2页解析行数据失败: Message: invalid session id
Stacktrace:
0   chromedriver                        0x000000010a503668 chromedriver + 5928552
1   chromedriver                        0x000000010a4fac0a chromedriver + 5893130
2   chromedriver                        0x0000000109fc4c43 chromedriver + 429123
3   chromedriver                        0x000000010a0085af chromedriver + 705967
4   chromedriver                        0x000000010a03cf66 chromedriver + 921446
5   chromedriver                        0x000000010a037b0d chromedriver + 899853
6   chromedriver                        0x000000010a036ca7 chromedriver + 896167
7   chromedriver                        0x0000000109f8d17f chromedriver + 201087
8   chromedriver                        0x000000010a4c10e0 chromedriver + 5656800
9   chromedriver                        0x000000010a4c4fa4 chromedriver + 5672868
10  chromedriver                        0x000000010a49c052 chromedriver + 5505106
11  chromedriver                        0x000000010a4c5a4f chromedriver + 5675599
12  chromedriver                        0x000000010a48b004 chromedriver + 5435396
13  chromedriver                        0x0000000109f8b311 chromedriver + 193297
14  dyld                                0x00007ff814b5f418 start + 1896

2025-09-10 19:57:33.951 | INFO     | python_scraper:extract_lottery_data:572 - 第2页成功提取 45 条数据
2025-09-10 19:57:33.975 | INFO     | python_scraper:scrape_all_pages:845 - 第 2 页获取到 45 条新数据
2025-09-10 19:57:34.011 | ERROR    | python_scraper:navigate_to_next_page:814 - 导航到下一页失败: Message: invalid session id
Stacktrace:
0   chromedriver                        0x000000010a503668 chromedriver + 5928552
1   chromedriver                        0x000000010a4fac0a chromedriver + 5893130
2   chromedriver                        0x0000000109fc4c43 chromedriver + 429123
3   chromedriver                        0x000000010a0085af chromedriver + 705967
4   chromedriver                        0x000000010a03cf66 chromedriver + 921446
5   chromedriver                        0x000000010a037b0d chromedriver + 899853
6   chromedriver                        0x000000010a036ca7 chromedriver + 896167
7   chromedriver                        0x0000000109f8d17f chromedriver + 201087
8   chromedriver                        0x000000010a4c10e0 chromedriver + 5656800
9   chromedriver                        0x000000010a4c4fa4 chromedriver + 5672868
10  chromedriver                        0x000000010a49c052 chromedriver + 5505106
11  chromedriver                        0x000000010a4c5a4f chromedriver + 5675599
12  chromedriver                        0x000000010a48b004 chromedriver + 5435396
13  chromedriver                        0x0000000109f8b311 chromedriver + 193297
14  dyld                                0x00007ff814b5f418 start + 1896

2025-09-10 19:57:34.039 | INFO     | python_scraper:scrape_all_pages:873 - 第 2 页后没有更多页面，抓取完成
2025-09-10 19:57:34.070 | INFO     | python_scraper:scrape_all_pages:879 - 总共抓取了 2 页，获得 95 条唯一数据
2025-09-10 19:57:34.097 | INFO     | python_scraper:run_scraper:951 - 数据验证完成，有效数据: 95/95 条
2025-09-10 19:57:34.121 | INFO     | python_scraper:save_to_json:914 - 数据已保存到: data/taiwan_pk10_data_20250910_195734.json
2025-09-10 19:57:38.036 | ERROR    | python_scraper:connect_mongodb:1100 - 连接MongoDB失败: bad auth : authentication failed, full error: {'ok': 0, 'errmsg': 'bad auth : authentication failed', 'code': 8000, 'codeName': 'AtlasError'}
2025-09-10 19:57:38.080 | ERROR    | python_scraper:run_scraper:972 - 保存到MongoDB失败
2025-09-10 19:57:38.099 | INFO     | python_scraper:run_scraper:976 - 抓取完成，共获得 95 条有效数据
2025-09-10 19:57:38.127 | INFO     | python_scraper:cleanup:1082 - 浏览器驱动已关闭
2025-09-10 19:57:38.169 | INFO     | python_scraper:cleanup:1082 - 浏览器驱动已关闭
2025-09-10 19:57:43.189 | INFO     | python_scraper:run_scraper:926 - 开始运行台湾PK10数据抓取器
2025-09-10 19:57:45.941 | INFO     | python_scraper:setup_driver:86 - Chrome浏览器驱动设置完成
2025-09-10 19:57:45.963 | INFO     | python_scraper:navigate_to_page:95 - 正在访问: https://xn--kpro5poukl1g.com/#/
2025-09-10 19:57:51.758 | INFO     | python_scraper:navigate_to_page:102 - 页面加载完成
2025-09-10 19:57:51.929 | INFO     | python_scraper:click_pk10_option:148 - 找到台湾PK10选项: 台湾PK10
2025-09-10 19:57:54.071 | INFO     | python_scraper:click_pk10_option:152 - 成功点击台湾PK10选项
2025-09-10 19:57:54.145 | INFO     | python_scraper:navigate_to_page:106 - 成功切换到台湾PK10数据
2025-09-10 19:57:54.418 | INFO     | python_scraper:select_date:197 - 找到日期选择器: input[placeholder*='日期']
2025-09-10 19:57:54.491 | DEBUG    | python_scraper:select_date:264 - 日期输入方法1失败: Message: invalid element state
  (Session info: chrome=139.0.7258.155)
Stacktrace:
0   chromedriver                        0x0000000102fba668 chromedriver + 5928552
1   chromedriver                        0x0000000102fb1c0a chromedriver + 5893130
2   chromedriver                        0x0000000102a7bc43 chromedriver + 429123
3   chromedriver                        0x0000000102ac450e chromedriver + 726286
4   chromedriver                        0x0000000102af4062 chromedriver + 921698
5   chromedriver                        0x0000000102ac1b48 chromedriver + 715592
6   chromedriver                        0x0000000102af421e chromedriver + 922142
7   chromedriver                        0x0000000102b1b1d4 chromedriver + 1081812
8   chromedriver                        0x0000000102af3e33 chromedriver + 921139
9   chromedriver                        0x0000000102ac037b chromedriver + 709499
10  chromedriver                        0x0000000102ac1061 chromedriver + 712801
11  chromedriver                        0x0000000102f780e0 chromedriver + 5656800
12  chromedriver                        0x0000000102f7bfa4 chromedriver + 5672868
13  chromedriver                        0x0000000102f53052 chromedriver + 5505106
14  chromedriver                        0x0000000102f7ca4f chromedriver + 5675599
15  chromedriver                        0x0000000102f42004 chromedriver + 5435396
16  chromedriver                        0x0000000102f9ed88 chromedriver + 5815688
17  chromedriver                        0x0000000102f9ef50 chromedriver + 5816144
18  chromedriver                        0x0000000102fb17e1 chromedriver + 5892065
19  libsystem_pthread.dylib             0x00007ff814eba1d3 _pthread_start + 125
20  libsystem_pthread.dylib             0x00007ff814eb5bd3 thread_start + 15

2025-09-10 21:57:48.094 | INFO     | python_scraper:select_date:223 - 已选择日期: 2025-09-10 (使用选择器: input[placeholder*='日期'], 方法2)
2025-09-10 21:57:55.388 | INFO     | python_scraper:select_date:257 - 未找到查询按钮，已按回车键尝试触发更新
2025-09-10 21:57:55.515 | INFO     | python_scraper:scrape_all_pages:826 - 正在抓取第 1 页数据
2025-09-10 21:57:56.062 | INFO     | python_scraper:extract_lottery_data:484 - 第1页找到 3 个表格
2025-09-10 21:57:56.649 | INFO     | python_scraper:extract_lottery_data:498 - 第1页选择表格 2，包含 50 行
2025-09-10 21:57:57.211 | INFO     | python_scraper:extract_lottery_data:510 - 第1页找到 50 行数据
2025-09-10 21:57:57.867 | INFO     | python_scraper:extract_lottery_data:524 - 第1页第一行包含有效数据，从第一行开始读取
2025-09-10 21:58:12.359 | INFO     | python_scraper:extract_lottery_data:572 - 第1页成功提取 50 条数据
2025-09-10 21:58:12.445 | INFO     | python_scraper:scrape_all_pages:845 - 第 1 页获取到 50 条新数据
2025-09-11 01:32:49.051 | INFO     | python_scraper:navigate_to_next_page:797 - 已成功翻页: <button type="button" class="btn-next is-last" aria-label="下一页" aria-disabled="false"><i class="el-i
2025-09-11 01:32:51.147 | INFO     | python_scraper:scrape_all_pages:826 - 正在抓取第 2 页数据
2025-09-11 01:32:51.177 | INFO     | python_scraper:extract_lottery_data:484 - 第2页找到 3 个表格
2025-09-11 01:32:51.231 | INFO     | python_scraper:extract_lottery_data:498 - 第2页选择表格 2，包含 50 行
2025-09-11 01:32:51.258 | INFO     | python_scraper:extract_lottery_data:510 - 第2页找到 50 行数据
2025-09-11 01:32:51.291 | INFO     | python_scraper:extract_lottery_data:524 - 第2页第一行包含有效数据，从第一行开始读取
2025-09-11 01:33:01.206 | INFO     | python_scraper:extract_lottery_data:572 - 第2页成功提取 50 条数据
2025-09-11 01:33:01.292 | WARNING  | python_scraper:scrape_all_pages:850 - 第 2 页全部为重复数据，可能已到达最后一页
2025-09-11 01:33:12.454 | INFO     | python_scraper:navigate_to_next_page:797 - 已成功翻页: <button type="button" class="btn-next is-last" aria-label="下一页" aria-disabled="false"><i class="el-i
2025-09-11 01:33:14.569 | INFO     | python_scraper:scrape_all_pages:826 - 正在抓取第 3 页数据
2025-09-11 01:33:15.433 | INFO     | python_scraper:extract_lottery_data:484 - 第3页找到 3 个表格
2025-09-11 01:33:16.313 | INFO     | python_scraper:extract_lottery_data:498 - 第3页选择表格 2，包含 50 行
2025-09-11 01:33:16.439 | INFO     | python_scraper:extract_lottery_data:510 - 第3页找到 50 行数据
2025-09-11 01:33:16.598 | INFO     | python_scraper:extract_lottery_data:524 - 第3页第一行包含有效数据，从第一行开始读取
2025-09-11 01:33:25.814 | INFO     | python_scraper:extract_lottery_data:572 - 第3页成功提取 50 条数据
2025-09-11 01:33:25.875 | WARNING  | python_scraper:scrape_all_pages:850 - 第 3 页全部为重复数据，可能已到达最后一页
2025-09-11 01:33:25.955 | INFO     | python_scraper:scrape_all_pages:855 - 连续遇到重复数据页面，停止抓取
2025-09-11 01:33:26.049 | INFO     | python_scraper:scrape_all_pages:879 - 总共抓取了 3 页，获得 50 条唯一数据
2025-09-11 01:33:26.152 | INFO     | python_scraper:run_scraper:951 - 数据验证完成，有效数据: 50/50 条
2025-09-11 01:33:26.241 | INFO     | python_scraper:save_to_json:914 - 数据已保存到: data/taiwan_pk10_data_20250911_013326.json
2025-09-11 01:33:26.328 | ERROR    | python_scraper:connect_mongodb:1100 - 连接MongoDB失败: All nameservers failed to answer the query _mongodb._tcp.cluster0.p4yg8ug.mongodb.net. IN SRV: Server Do53:192.168.31.1@53 answered [Errno 51] Network is unreachable
2025-09-11 01:33:26.409 | ERROR    | python_scraper:run_scraper:972 - 保存到MongoDB失败
2025-09-11 01:33:26.489 | INFO     | python_scraper:run_scraper:976 - 抓取完成，共获得 50 条有效数据
2025-09-11 01:33:28.318 | INFO     | python_scraper:cleanup:1082 - 浏览器驱动已关闭
2025-09-11 01:33:32.504 | INFO     | python_scraper:cleanup:1082 - 浏览器驱动已关闭
