2025-09-03 19:37:26.363 | INFO     | python_scraper:run_scraper:931 - 开始运行台湾PK10数据抓取器
2025-09-03 19:37:27.985 | INFO     | python_scraper:setup_driver:86 - Chrome浏览器驱动设置完成
2025-09-03 19:37:27.989 | INFO     | python_scraper:navigate_to_page:95 - 正在访问: https://xn--kpro5poukl1g.com/#/
2025-09-03 19:37:36.199 | INFO     | python_scraper:navigate_to_page:102 - 页面加载完成
2025-09-03 19:37:36.257 | INFO     | python_scraper:click_pk10_option:148 - 找到台湾PK10选项: 台湾PK10
2025-09-03 19:37:38.345 | INFO     | python_scraper:click_pk10_option:152 - 成功点击台湾PK10选项
2025-09-03 19:37:38.378 | INFO     | python_scraper:navigate_to_page:106 - 成功切换到台湾PK10数据
2025-09-03 19:37:38.532 | INFO     | python_scraper:select_date:197 - 找到日期选择器: input[placeholder*='日期']
2025-09-03 19:37:38.561 | DEBUG    | python_scraper:select_date:264 - 日期输入方法1失败: Message: invalid element state
  (Session info: chrome=139.0.7258.155)
Stacktrace:
0   chromedriver                        0x000000010125a668 chromedriver + 5928552
1   chromedriver                        0x0000000101251c0a chromedriver + 5893130
2   chromedriver                        0x0000000100d1bc43 chromedriver + 429123
3   chromedriver                        0x0000000100d6450e chromedriver + 726286
4   chromedriver                        0x0000000100d94062 chromedriver + 921698
5   chromedriver                        0x0000000100d61b48 chromedriver + 715592
6   chromedriver                        0x0000000100d9421e chromedriver + 922142
7   chromedriver                        0x0000000100dbb1d4 chromedriver + 1081812
8   chromedriver                        0x0000000100d93e33 chromedriver + 921139
9   chromedriver                        0x0000000100d6037b chromedriver + 709499
10  chromedriver                        0x0000000100d61061 chromedriver + 712801
11  chromedriver                        0x00000001012180e0 chromedriver + 5656800
12  chromedriver                        0x000000010121bfa4 chromedriver + 5672868
13  chromedriver                        0x00000001011f3052 chromedriver + 5505106
14  chromedriver                        0x000000010121ca4f chromedriver + 5675599
15  chromedriver                        0x00000001011e2004 chromedriver + 5435396
16  chromedriver                        0x000000010123ed88 chromedriver + 5815688
17  chromedriver                        0x000000010123ef50 chromedriver + 5816144
18  chromedriver                        0x00000001012517e1 chromedriver + 5892065
19  libsystem_pthread.dylib             0x00007ff814eba1d3 _pthread_start + 125
20  libsystem_pthread.dylib             0x00007ff814eb5bd3 thread_start + 15

2025-09-03 19:37:40.581 | INFO     | python_scraper:select_date:223 - 已选择日期: 2025-09-03 (使用选择器: input[placeholder*='日期'], 方法2)
2025-09-03 19:37:45.868 | INFO     | python_scraper:select_date:257 - 未找到查询按钮，已按回车键尝试触发更新
2025-09-03 19:37:45.872 | INFO     | python_scraper:scrape_all_pages:826 - 正在抓取第 1 页数据
2025-09-03 19:37:45.912 | INFO     | python_scraper:extract_lottery_data:484 - 第1页找到 3 个表格
2025-09-03 19:37:45.961 | INFO     | python_scraper:extract_lottery_data:498 - 第1页选择表格 2，包含 50 行
2025-09-03 19:37:45.977 | INFO     | python_scraper:extract_lottery_data:510 - 第1页找到 50 行数据
2025-09-03 19:37:45.997 | INFO     | python_scraper:extract_lottery_data:524 - 第1页第一行包含有效数据，从第一行开始读取
2025-09-03 19:37:48.096 | INFO     | python_scraper:extract_lottery_data:572 - 第1页成功提取 50 条数据
2025-09-03 19:37:48.098 | INFO     | python_scraper:scrape_all_pages:845 - 第 1 页获取到 50 条新数据
2025-09-03 19:37:53.081 | INFO     | python_scraper:navigate_to_next_page:797 - 已成功翻页: <button type="button" class="btn-next is-last" aria-label="下一页" aria-disabled="false"><i class="el-i
2025-09-03 19:37:55.084 | INFO     | python_scraper:scrape_all_pages:826 - 正在抓取第 2 页数据
2025-09-03 19:37:55.104 | INFO     | python_scraper:extract_lottery_data:484 - 第2页找到 3 个表格
2025-09-03 19:37:55.161 | INFO     | python_scraper:extract_lottery_data:498 - 第2页选择表格 2，包含 50 行
2025-09-03 19:37:55.184 | INFO     | python_scraper:extract_lottery_data:510 - 第2页找到 50 行数据
2025-09-03 19:37:55.206 | INFO     | python_scraper:extract_lottery_data:524 - 第2页第一行包含有效数据，从第一行开始读取
2025-09-03 19:37:57.395 | INFO     | python_scraper:extract_lottery_data:572 - 第2页成功提取 50 条数据
2025-09-03 19:37:57.397 | INFO     | python_scraper:scrape_all_pages:845 - 第 2 页获取到 50 条新数据
2025-09-03 19:38:02.317 | INFO     | python_scraper:navigate_to_next_page:797 - 已成功翻页: <button type="button" class="btn-next is-last" aria-label="下一页" aria-disabled="false"><i class="el-i
2025-09-03 19:38:04.321 | INFO     | python_scraper:scrape_all_pages:826 - 正在抓取第 3 页数据
2025-09-03 19:38:04.333 | INFO     | python_scraper:extract_lottery_data:484 - 第3页找到 3 个表格
2025-09-03 19:38:04.368 | INFO     | python_scraper:extract_lottery_data:498 - 第3页选择表格 2，包含 50 行
2025-09-03 19:38:04.378 | INFO     | python_scraper:extract_lottery_data:510 - 第3页找到 50 行数据
2025-09-03 19:38:04.394 | INFO     | python_scraper:extract_lottery_data:524 - 第3页第一行包含有效数据，从第一行开始读取
2025-09-03 19:38:05.982 | INFO     | python_scraper:extract_lottery_data:572 - 第3页成功提取 50 条数据
2025-09-03 19:38:05.984 | INFO     | python_scraper:scrape_all_pages:845 - 第 3 页获取到 50 条新数据
2025-09-03 19:38:09.337 | INFO     | python_scraper:cleanup:1087 - 浏览器驱动已关闭
2025-09-03 19:38:09.350 | INFO     | python_scraper:cleanup:1087 - 浏览器驱动已关闭
