2025-09-03 20:44:18.520 | INFO     | python_scraper:run_scraper:931 - 开始运行台湾PK10数据抓取器
2025-09-03 20:44:20.224 | INFO     | python_scraper:setup_driver:86 - Chrome浏览器驱动设置完成
2025-09-03 20:44:20.225 | INFO     | python_scraper:navigate_to_page:95 - 正在访问: https://xn--kpro5poukl1g.com/#/
2025-09-03 20:44:33.270 | INFO     | python_scraper:navigate_to_page:102 - 页面加载完成
2025-09-03 20:44:33.333 | INFO     | python_scraper:click_pk10_option:148 - 找到台湾PK10选项: 台湾PK10
2025-09-03 20:44:35.402 | INFO     | python_scraper:click_pk10_option:152 - 成功点击台湾PK10选项
2025-09-03 20:44:35.403 | INFO     | python_scraper:navigate_to_page:106 - 成功切换到台湾PK10数据
2025-09-03 20:44:35.543 | INFO     | python_scraper:select_date:197 - 找到日期选择器: input[placeholder*='日期']
2025-09-03 20:44:35.567 | DEBUG    | python_scraper:select_date:264 - 日期输入方法1失败: Message: invalid element state
  (Session info: chrome=139.0.7258.155)
Stacktrace:
0   chromedriver                        0x00000001006b9668 chromedriver + 5928552
1   chromedriver                        0x00000001006b0c0a chromedriver + 5893130
2   chromedriver                        0x000000010017ac43 chromedriver + 429123
3   chromedriver                        0x00000001001c350e chromedriver + 726286
4   chromedriver                        0x00000001001f3062 chromedriver + 921698
5   chromedriver                        0x00000001001c0b48 chromedriver + 715592
6   chromedriver                        0x00000001001f321e chromedriver + 922142
7   chromedriver                        0x000000010021a1d4 chromedriver + 1081812
8   chromedriver                        0x00000001001f2e33 chromedriver + 921139
9   chromedriver                        0x00000001001bf37b chromedriver + 709499
10  chromedriver                        0x00000001001c0061 chromedriver + 712801
11  chromedriver                        0x00000001006770e0 chromedriver + 5656800
12  chromedriver                        0x000000010067afa4 chromedriver + 5672868
13  chromedriver                        0x0000000100652052 chromedriver + 5505106
14  chromedriver                        0x000000010067ba4f chromedriver + 5675599
15  chromedriver                        0x0000000100641004 chromedriver + 5435396
16  chromedriver                        0x000000010069dd88 chromedriver + 5815688
17  chromedriver                        0x000000010069df50 chromedriver + 5816144
18  chromedriver                        0x00000001006b07e1 chromedriver + 5892065
19  libsystem_pthread.dylib             0x00007ff814eba1d3 _pthread_start + 125
20  libsystem_pthread.dylib             0x00007ff814eb5bd3 thread_start + 15

2025-09-03 20:44:37.584 | INFO     | python_scraper:select_date:223 - 已选择日期: 2025-09-03 (使用选择器: input[placeholder*='日期'], 方法2)
2025-09-03 20:44:42.820 | INFO     | python_scraper:select_date:257 - 未找到查询按钮，已按回车键尝试触发更新
2025-09-03 20:44:42.821 | INFO     | python_scraper:scrape_all_pages:826 - 正在抓取第 1 页数据
2025-09-03 20:44:42.833 | INFO     | python_scraper:extract_lottery_data:484 - 第1页找到 3 个表格
2025-09-03 20:44:42.942 | INFO     | python_scraper:extract_lottery_data:498 - 第1页选择表格 2，包含 50 行
2025-09-03 20:44:42.957 | INFO     | python_scraper:extract_lottery_data:510 - 第1页找到 50 行数据
2025-09-03 20:44:42.997 | INFO     | python_scraper:extract_lottery_data:524 - 第1页第一行包含有效数据，从第一行开始读取
2025-09-03 20:44:45.226 | INFO     | python_scraper:extract_lottery_data:572 - 第1页成功提取 50 条数据
2025-09-03 20:44:45.227 | INFO     | python_scraper:scrape_all_pages:845 - 第 1 页获取到 50 条新数据
2025-09-03 20:44:50.168 | INFO     | python_scraper:navigate_to_next_page:797 - 已成功翻页: <button type="button" class="btn-next is-last" aria-label="下一页" aria-disabled="false"><i class="el-i
2025-09-03 20:44:52.173 | INFO     | python_scraper:scrape_all_pages:826 - 正在抓取第 2 页数据
2025-09-03 20:44:52.182 | INFO     | python_scraper:extract_lottery_data:484 - 第2页找到 3 个表格
2025-09-03 20:44:52.212 | INFO     | python_scraper:extract_lottery_data:498 - 第2页选择表格 2，包含 50 行
2025-09-03 20:44:52.220 | INFO     | python_scraper:extract_lottery_data:510 - 第2页找到 50 行数据
2025-09-03 20:44:52.234 | INFO     | python_scraper:extract_lottery_data:524 - 第2页第一行包含有效数据，从第一行开始读取
2025-09-03 20:44:54.520 | INFO     | python_scraper:extract_lottery_data:572 - 第2页成功提取 50 条数据
2025-09-03 20:44:54.521 | WARNING  | python_scraper:scrape_all_pages:850 - 第 2 页全部为重复数据，可能已到达最后一页
2025-09-03 20:44:59.410 | INFO     | python_scraper:navigate_to_next_page:797 - 已成功翻页: <button type="button" class="btn-next is-last" aria-label="下一页" aria-disabled="false"><i class="el-i
2025-09-03 20:45:01.415 | INFO     | python_scraper:scrape_all_pages:826 - 正在抓取第 3 页数据
2025-09-03 20:45:01.423 | INFO     | python_scraper:extract_lottery_data:484 - 第3页找到 3 个表格
2025-09-03 20:45:01.455 | INFO     | python_scraper:extract_lottery_data:498 - 第3页选择表格 2，包含 50 行
2025-09-03 20:45:01.464 | INFO     | python_scraper:extract_lottery_data:510 - 第3页找到 50 行数据
2025-09-03 20:45:01.490 | INFO     | python_scraper:extract_lottery_data:524 - 第3页第一行包含有效数据，从第一行开始读取
2025-09-03 20:45:03.835 | INFO     | python_scraper:extract_lottery_data:572 - 第3页成功提取 50 条数据
2025-09-03 20:45:03.836 | INFO     | python_scraper:scrape_all_pages:845 - 第 3 页获取到 50 条新数据
